  ▲ Next.js 14.2.28
  - Local:        http://localhost:3000
  - Environments: .env
  - Experiments (use with caution):
    · outputFileTracingRoot

 ✓ Starting...
 ✓ Ready in 1832ms
 ○ Compiling / ...
 ✓ Compiled / in 2.4s (1173 modules)
 GET / 200 in 2735ms
 GET / 200 in 2972ms
 ✓ Compiled in 531ms (592 modules)
 GET / 200 in 49ms
 ✓ Compiled /api/auth/me in 478ms (700 modules)
🔵 [AUTH-BACKEND] Auth check request received
🔵 [AUTH-BACKEND] Request headers: {
  accept: '*/*',
  'accept-encoding': 'gzip, br',
  'accept-language': 'en-GB,en;q=0.9,en-US;q=0.8',
  'cdn-loop': 'cloudflare; loops=1',
  'cf-connecting-ip': '176.35.55.181',
  'cf-ipcountry': 'GB',
  'cf-ray': '950ada106afe88b0-LHR',
  'cf-visitor': '{"scheme":"https"}',
  'content-type': 'application/json',
  host: 'chatllm-computer-601b330f-vnc.default.svc.cluster.local:3000',
  priority: 'u=1, i',
  referer: 'https://601b330f.preview.abacusai.app/',
  'sec-ch-ua': '"Microsoft Edge";v="137", "Chromium";v="137", "Not/A)Brand";v="24"',
  'sec-ch-ua-mobile': '?0',
  'sec-ch-ua-platform': '"Windows"',
  'sec-fetch-dest': 'empty',
  'sec-fetch-mode': 'cors',
  'sec-fetch-site': 'same-origin',
  'sec-fetch-storage-access': 'active',
  'user-agent': 'Mozilla/5.0 (Windows NT 10.0; Win64; x64) AppleWebKit/537.36 (KHTML, like Gecko) Chrome/137.0.0.0 Safari/537.36 Edg/137.0.0.0',
  'x-abacus-service': 'chatllm-computer-601b330f-vnc.default.svc.cluster.local:3000',
  'x-envoy-expected-rq-timeout-ms': '3620000',
  'x-forwarded-for': '176.35.55.181',
  'x-forwarded-host': '601b330f.preview.abacusai.app',
  'x-forwarded-port': '3000',
  'x-forwarded-proto': 'https',
  'x-request-id': '2e2e8b95-8d86-46a3-9c44-7a9243a170ff'
}
🔵 [AUTH-LIB] Getting session
🔵 [AUTH-LIB] Token from cookies: No token found
🔵 [AUTH-LIB] No auth token found in cookies
🔵 [AUTH-BACKEND] Auth check request received
🔵 [AUTH-BACKEND] Request headers: {
  accept: '*/*',
  'accept-encoding': 'gzip, br',
  'accept-language': 'en-GB,en;q=0.9,en-US;q=0.8',
  'cdn-loop': 'cloudflare; loops=1',
  'cf-connecting-ip': '176.35.55.181',
  'cf-ipcountry': 'GB',
  'cf-ray': '950ada106b0088b0-LHR',
  'cf-visitor': '{"scheme":"https"}',
  'content-type': 'application/json',
  host: 'chatllm-computer-601b330f-vnc.default.svc.cluster.local:3000',
  priority: 'u=1, i',
  referer: 'https://601b330f.preview.abacusai.app/',
  'sec-ch-ua': '"Microsoft Edge";v="137", "Chromium";v="137", "Not/A)Brand";v="24"',
  'sec-ch-ua-mobile': '?0',
  'sec-ch-ua-platform': '"Windows"',
  'sec-fetch-dest': 'empty',
  'sec-fetch-mode': 'cors',
  'sec-fetch-site': 'same-origin',
  'sec-fetch-storage-access': 'active',
  'user-agent': 'Mozilla/5.0 (Windows NT 10.0; Win64; x64) AppleWebKit/537.36 (KHTML, like Gecko) Chrome/137.0.0.0 Safari/537.36 Edg/137.0.0.0',
  'x-abacus-service': 'chatllm-computer-601b330f-vnc.default.svc.cluster.local:3000',
  'x-envoy-expected-rq-timeout-ms': '3620000',
  'x-forwarded-for': '176.35.55.181',
  'x-forwarded-host': '601b330f.preview.abacusai.app',
  'x-forwarded-port': '3000',
  'x-forwarded-proto': 'https',
  'x-request-id': '3b90645e-12aa-432e-a9d9-f34de249daae'
}
🔵 [AUTH-LIB] Getting session
🔵 [AUTH-LIB] Token from cookies: No token found
🔵 [AUTH-LIB] No auth token found in cookies
🔵 [AUTH-BACKEND] Session check result: No user session
🟢 [AUTH-BACKEND] Auth check completed successfully
🔵 [AUTH-BACKEND] Session check result: No user session
🟢 [AUTH-BACKEND] Auth check completed successfully
 GET /api/auth/me 200 in 654ms
 GET /api/auth/me 200 in 657ms
 ✓ Compiled /api/upload in 129ms (704 modules)
 POST /api/upload 200 in 185ms
 ✓ Compiled /api/public/venues/[id] in 187ms (706 modules)
 GET /api/public/venues/cmbz2opys0004m394xnbedkf8 200 in 596ms
 ○ Compiling /widget/[venueId] ...
 ✓ Compiled /widget/[venueId] in 882ms (1455 modules)
 GET /widget/cmbz2opys0004m394xnbedkf8 200 in 1347ms
 ✓ Compiled /api/public/venues in 161ms (793 modules)
 GET /api/public/venues 200 in 220ms
 GET / 200 in 72ms
 GET / 200 in 39ms
🔵 [AUTH-BACKEND] Auth check request received
🔵 [AUTH-BACKEND] Request headers: {
  accept: '*/*',
  'accept-encoding': 'gzip, br',
  'accept-language': 'en-GB,en;q=0.9,en-US;q=0.8',
  'cdn-loop': 'cloudflare; loops=1',
  'cf-connecting-ip': '176.35.55.181',
  'cf-ipcountry': 'GB',
  'cf-ray': '950ada4fb82088b0-LHR',
  'cf-visitor': '{"scheme":"https"}',
  'content-type': 'application/json',
  host: 'chatllm-computer-601b330f-vnc.default.svc.cluster.local:3000',
  priority: 'u=1, i',
  referer: 'https://601b330f.preview.abacusai.app/',
  'sec-ch-ua': '"Microsoft Edge";v="137", "Chromium";v="137", "Not/A)Brand";v="24"',
  'sec-ch-ua-mobile': '?0',
  'sec-ch-ua-platform': '"Windows"',
  'sec-fetch-dest': 'empty',
  'sec-fetch-mode': 'cors',
  'sec-fetch-site': 'same-origin',
  'sec-fetch-storage-access': 'active',
  'user-agent': 'Mozilla/5.0 (Windows NT 10.0; Win64; x64) AppleWebKit/537.36 (KHTML, like Gecko) Chrome/137.0.0.0 Safari/537.36 Edg/137.0.0.0',
  'x-abacus-service': 'chatllm-computer-601b330f-vnc.default.svc.cluster.local:3000',
  'x-envoy-expected-rq-timeout-ms': '3620000',
  'x-forwarded-for': '176.35.55.181',
  'x-forwarded-host': '601b330f.preview.abacusai.app',
  'x-forwarded-port': '3000',
  'x-forwarded-proto': 'https',
  'x-request-id': 'df0594fa-70e0-4734-8d82-dfc95dc1b387'
}
🔵 [AUTH-LIB] Getting session
🔵 [AUTH-LIB] Token from cookies: No token found
🔵 [AUTH-LIB] No auth token found in cookies
🔵 [AUTH-BACKEND] Session check result: No user session
🟢 [AUTH-BACKEND] Auth check completed successfully
 GET /api/auth/me 200 in 49ms
🔵 [AUTH-BACKEND] Auth check request received
🔵 [AUTH-BACKEND] Request headers: {
  accept: '*/*',
  'accept-encoding': 'gzip, br',
  'accept-language': 'en-GB,en;q=0.9,en-US;q=0.8',
  'cdn-loop': 'cloudflare; loops=1',
  'cf-connecting-ip': '176.35.55.181',
  'cf-ipcountry': 'GB',
  'cf-ray': '950ada4fb81e88b0-LHR',
  'cf-visitor': '{"scheme":"https"}',
  'content-type': 'application/json',
  host: 'chatllm-computer-601b330f-vnc.default.svc.cluster.local:3000',
  priority: 'u=1, i',
  referer: 'https://601b330f.preview.abacusai.app/',
  'sec-ch-ua': '"Microsoft Edge";v="137", "Chromium";v="137", "Not/A)Brand";v="24"',
  'sec-ch-ua-mobile': '?0',
  'sec-ch-ua-platform': '"Windows"',
  'sec-fetch-dest': 'empty',
  'sec-fetch-mode': 'cors',
  'sec-fetch-site': 'same-origin',
  'sec-fetch-storage-access': 'active',
  'user-agent': 'Mozilla/5.0 (Windows NT 10.0; Win64; x64) AppleWebKit/537.36 (KHTML, like Gecko) Chrome/137.0.0.0 Safari/537.36 Edg/137.0.0.0',
  'x-abacus-service': 'chatllm-computer-601b330f-vnc.default.svc.cluster.local:3000',
  'x-envoy-expected-rq-timeout-ms': '3620000',
  'x-forwarded-for': '176.35.55.181',
  'x-forwarded-host': '601b330f.preview.abacusai.app',
  'x-forwarded-port': '3000',
  'x-forwarded-proto': 'https',
  'x-request-id': '4cf023d5-b8cc-461c-a84f-10e11f953e78'
}
🔵 [AUTH-LIB] Getting session
🔵 [AUTH-LIB] Token from cookies: No token found
🔵 [AUTH-LIB] No auth token found in cookies
🔵 [AUTH-BACKEND] Session check result: No user session
🟢 [AUTH-BACKEND] Auth check completed successfully
 GET /api/auth/me 200 in 57ms
 GET / 200 in 35ms
🔵 [AUTH-BACKEND] Auth check request received
🔵 [AUTH-BACKEND] Request headers: {
  accept: '*/*',
  'accept-encoding': 'gzip, br',
  'accept-language': 'en-GB,en;q=0.9,en-US;q=0.8',
  'cdn-loop': 'cloudflare; loops=1',
  'cf-connecting-ip': '176.35.55.181',
  'cf-ipcountry': 'GB',
  'cf-ray': '950ada589f7e88b0-LHR',
  'cf-visitor': '{"scheme":"https"}',
  'content-type': 'application/json',
  host: 'chatllm-computer-601b330f-vnc.default.svc.cluster.local:3000',
  priority: 'u=1, i',
  referer: 'https://601b330f.preview.abacusai.app/',
  'sec-ch-ua': '"Microsoft Edge";v="137", "Chromium";v="137", "Not/A)Brand";v="24"',
  'sec-ch-ua-mobile': '?0',
  'sec-ch-ua-platform': '"Windows"',
  'sec-fetch-dest': 'empty',
  'sec-fetch-mode': 'cors',
  'sec-fetch-site': 'same-origin',
  'sec-fetch-storage-access': 'active',
  'user-agent': 'Mozilla/5.0 (Windows NT 10.0; Win64; x64) AppleWebKit/537.36 (KHTML, like Gecko) Chrome/137.0.0.0 Safari/537.36 Edg/137.0.0.0',
  'x-abacus-service': 'chatllm-computer-601b330f-vnc.default.svc.cluster.local:3000',
  'x-envoy-expected-rq-timeout-ms': '3620000',
  'x-forwarded-for': '176.35.55.181',
  'x-forwarded-host': '601b330f.preview.abacusai.app',
  'x-forwarded-port': '3000',
  'x-forwarded-proto': 'https',
  'x-request-id': '5924faf0-4dc1-4541-b643-9d02e6214c43'
}
🔵 [AUTH-LIB] Getting session
🔵 [AUTH-LIB] Token from cookies: No token found
🔵 [AUTH-LIB] No auth token found in cookies
🔵 [AUTH-BACKEND] Session check result: No user session
🟢 [AUTH-BACKEND] Auth check completed successfully
 GET /api/auth/me 200 in 28ms
🔵 [AUTH-BACKEND] Auth check request received
🔵 [AUTH-BACKEND] Request headers: {
  accept: '*/*',
  'accept-encoding': 'gzip, br',
  'accept-language': 'en-GB,en;q=0.9,en-US;q=0.8',
  'cdn-loop': 'cloudflare; loops=1',
  'cf-connecting-ip': '176.35.55.181',
  'cf-ipcountry': 'GB',
  'cf-ray': '950ada589f7b88b0-LHR',
  'cf-visitor': '{"scheme":"https"}',
  'content-type': 'application/json',
  host: 'chatllm-computer-601b330f-vnc.default.svc.cluster.local:3000',
  priority: 'u=1, i',
  referer: 'https://601b330f.preview.abacusai.app/',
  'sec-ch-ua': '"Microsoft Edge";v="137", "Chromium";v="137", "Not/A)Brand";v="24"',
  'sec-ch-ua-mobile': '?0',
  'sec-ch-ua-platform': '"Windows"',
  'sec-fetch-dest': 'empty',
  'sec-fetch-mode': 'cors',
  'sec-fetch-site': 'same-origin',
  'sec-fetch-storage-access': 'active',
  'user-agent': 'Mozilla/5.0 (Windows NT 10.0; Win64; x64) AppleWebKit/537.36 (KHTML, like Gecko) Chrome/137.0.0.0 Safari/537.36 Edg/137.0.0.0',
  'x-abacus-service': 'chatllm-computer-601b330f-vnc.default.svc.cluster.local:3000',
  'x-envoy-expected-rq-timeout-ms': '3620000',
  'x-forwarded-for': '176.35.55.181',
  'x-forwarded-host': '601b330f.preview.abacusai.app',
  'x-forwarded-port': '3000',
  'x-forwarded-proto': 'https',
  'x-request-id': '5441007c-4b2f-4e4d-947b-97e5067be39f'
}
🔵 [AUTH-LIB] Getting session
🔵 [AUTH-LIB] Token from cookies: No token found
🔵 [AUTH-LIB] No auth token found in cookies
🔵 [AUTH-BACKEND] Session check result: No user session
🟢 [AUTH-BACKEND] Auth check completed successfully
 GET /api/auth/me 200 in 42ms
 GET / 200 in 40ms
 GET / 200 in 37ms
🔵 [AUTH-BACKEND] Auth check request received
🔵 [AUTH-BACKEND] Request headers: {
  accept: '*/*',
  'accept-encoding': 'gzip, br',
  'accept-language': 'en-GB,en;q=0.9,en-US;q=0.8',
  'cdn-loop': 'cloudflare; loops=1',
  'cf-connecting-ip': '176.35.55.181',
  'cf-ipcountry': 'GB',
  'cf-ray': '950adb7fced134ed-LHR',
  'cf-visitor': '{"scheme":"https"}',
  'content-type': 'application/json',
  host: 'chatllm-computer-601b330f-vnc.default.svc.cluster.local:3000',
  priority: 'u=1, i',
  referer: 'https://601b330f.preview.abacusai.app/',
  'sec-ch-ua': '"Microsoft Edge";v="137", "Chromium";v="137", "Not/A)Brand";v="24"',
  'sec-ch-ua-mobile': '?0',
  'sec-ch-ua-platform': '"Windows"',
  'sec-fetch-dest': 'empty',
  'sec-fetch-mode': 'cors',
  'sec-fetch-site': 'same-origin',
  'sec-fetch-storage-access': 'active',
  'user-agent': 'Mozilla/5.0 (Windows NT 10.0; Win64; x64) AppleWebKit/537.36 (KHTML, like Gecko) Chrome/137.0.0.0 Safari/537.36 Edg/137.0.0.0',
  'x-abacus-service': 'chatllm-computer-601b330f-vnc.default.svc.cluster.local:3000',
  'x-envoy-expected-rq-timeout-ms': '3620000',
  'x-forwarded-for': '176.35.55.181',
  'x-forwarded-host': '601b330f.preview.abacusai.app',
  'x-forwarded-port': '3000',
  'x-forwarded-proto': 'https',
  'x-request-id': '0cb1c2b3-c440-4ed4-ac7d-6d6f28ef1005'
}
🔵 [AUTH-LIB] Getting session
🔵 [AUTH-LIB] Token from cookies: No token found
🔵 [AUTH-LIB] No auth token found in cookies
🔵 [AUTH-BACKEND] Session check result: No user session
🟢 [AUTH-BACKEND] Auth check completed successfully
 GET /api/auth/me 200 in 38ms
🔵 [AUTH-BACKEND] Auth check request received
🔵 [AUTH-BACKEND] Request headers: {
  accept: '*/*',
  'accept-encoding': 'gzip, br',
  'accept-language': 'en-GB,en;q=0.9,en-US;q=0.8',
  'cdn-loop': 'cloudflare; loops=1',
  'cf-connecting-ip': '176.35.55.181',
  'cf-ipcountry': 'GB',
  'cf-ray': '950adb7fced834ed-LHR',
  'cf-visitor': '{"scheme":"https"}',
  'content-type': 'application/json',
  host: 'chatllm-computer-601b330f-vnc.default.svc.cluster.local:3000',
  priority: 'u=1, i',
  referer: 'https://601b330f.preview.abacusai.app/',
  'sec-ch-ua': '"Microsoft Edge";v="137", "Chromium";v="137", "Not/A)Brand";v="24"',
  'sec-ch-ua-mobile': '?0',
  'sec-ch-ua-platform': '"Windows"',
  'sec-fetch-dest': 'empty',
  'sec-fetch-mode': 'cors',
  'sec-fetch-site': 'same-origin',
  'sec-fetch-storage-access': 'active',
  'user-agent': 'Mozilla/5.0 (Windows NT 10.0; Win64; x64) AppleWebKit/537.36 (KHTML, like Gecko) Chrome/137.0.0.0 Safari/537.36 Edg/137.0.0.0',
  'x-abacus-service': 'chatllm-computer-601b330f-vnc.default.svc.cluster.local:3000',
  'x-envoy-expected-rq-timeout-ms': '3620000',
  'x-forwarded-for': '176.35.55.181',
  'x-forwarded-host': '601b330f.preview.abacusai.app',
  'x-forwarded-port': '3000',
  'x-forwarded-proto': 'https',
  'x-request-id': '7ef7a464-1efa-458c-9308-d3752d8f3779'
}
🔵 [AUTH-LIB] Getting session
🔵 [AUTH-LIB] Token from cookies: No token found
🔵 [AUTH-LIB] No auth token found in cookies
🔵 [AUTH-BACKEND] Session check result: No user session
🟢 [AUTH-BACKEND] Auth check completed successfully
 GET /api/auth/me 200 in 41ms
 GET / 200 in 39ms
🔵 [AUTH-BACKEND] Auth check request received
🔵 [AUTH-BACKEND] Request headers: {
  accept: '*/*',
  'accept-encoding': 'gzip, br',
  'accept-language': 'en-GB,en;q=0.9,en-US;q=0.8',
  'cdn-loop': 'cloudflare; loops=1',
  'cf-connecting-ip': '176.35.55.181',
  'cf-ipcountry': 'GB',
  'cf-ray': '950adb88a81934ed-LHR',
  'cf-visitor': '{"scheme":"https"}',
  'content-type': 'application/json',
  host: 'chatllm-computer-601b330f-vnc.default.svc.cluster.local:3000',
  priority: 'u=1, i',
  referer: 'https://601b330f.preview.abacusai.app/',
  'sec-ch-ua': '"Microsoft Edge";v="137", "Chromium";v="137", "Not/A)Brand";v="24"',
  'sec-ch-ua-mobile': '?0',
  'sec-ch-ua-platform': '"Windows"',
  'sec-fetch-dest': 'empty',
  'sec-fetch-mode': 'cors',
  'sec-fetch-site': 'same-origin',
  'sec-fetch-storage-access': 'active',
  'user-agent': 'Mozilla/5.0 (Windows NT 10.0; Win64; x64) AppleWebKit/537.36 (KHTML, like Gecko) Chrome/137.0.0.0 Safari/537.36 Edg/137.0.0.0',
  'x-abacus-service': 'chatllm-computer-601b330f-vnc.default.svc.cluster.local:3000',
  'x-envoy-expected-rq-timeout-ms': '3620000',
  'x-forwarded-for': '176.35.55.181',
  'x-forwarded-host': '601b330f.preview.abacusai.app',
  'x-forwarded-port': '3000',
  'x-forwarded-proto': 'https',
  'x-request-id': '5738e515-fc1d-40cf-919f-f671b0b9dd22'
}
🔵 [AUTH-LIB] Getting session
🔵 [AUTH-LIB] Token from cookies: No token found
🔵 [AUTH-LIB] No auth token found in cookies
🔵 [AUTH-BACKEND] Session check result: No user session
🟢 [AUTH-BACKEND] Auth check completed successfully
 GET /api/auth/me 200 in 47ms
🔵 [AUTH-BACKEND] Auth check request received
🔵 [AUTH-BACKEND] Request headers: {
  accept: '*/*',
  'accept-encoding': 'gzip, br',
  'accept-language': 'en-GB,en;q=0.9,en-US;q=0.8',
  'cdn-loop': 'cloudflare; loops=1',
  'cf-connecting-ip': '176.35.55.181',
  'cf-ipcountry': 'GB',
  'cf-ray': '950adb88b82b34ed-LHR',
  'cf-visitor': '{"scheme":"https"}',
  'content-type': 'application/json',
  host: 'chatllm-computer-601b330f-vnc.default.svc.cluster.local:3000',
  priority: 'u=1, i',
  referer: 'https://601b330f.preview.abacusai.app/',
  'sec-ch-ua': '"Microsoft Edge";v="137", "Chromium";v="137", "Not/A)Brand";v="24"',
  'sec-ch-ua-mobile': '?0',
  'sec-ch-ua-platform': '"Windows"',
  'sec-fetch-dest': 'empty',
  'sec-fetch-mode': 'cors',
  'sec-fetch-site': 'same-origin',
  'sec-fetch-storage-access': 'active',
  'user-agent': 'Mozilla/5.0 (Windows NT 10.0; Win64; x64) AppleWebKit/537.36 (KHTML, like Gecko) Chrome/137.0.0.0 Safari/537.36 Edg/137.0.0.0',
  'x-abacus-service': 'chatllm-computer-601b330f-vnc.default.svc.cluster.local:3000',
  'x-envoy-expected-rq-timeout-ms': '3620000',
  'x-forwarded-for': '176.35.55.181',
  'x-forwarded-host': '601b330f.preview.abacusai.app',
  'x-forwarded-port': '3000',
  'x-forwarded-proto': 'https',
  'x-request-id': '552229b3-075e-48f2-bac4-ac75cfd7f7a6'
}
🔵 [AUTH-LIB] Getting session
🔵 [AUTH-LIB] Token from cookies: No token found
🔵 [AUTH-LIB] No auth token found in cookies
🔵 [AUTH-BACKEND] Session check result: No user session
🟢 [AUTH-BACKEND] Auth check completed successfully
 GET /api/auth/me 200 in 43ms
 GET / 200 in 43ms
🔵 [AUTH-BACKEND] Auth check request received
🔵 [AUTH-BACKEND] Request headers: {
  accept: '*/*',
  'accept-encoding': 'gzip, br',
  'accept-language': 'en-GB,en;q=0.9,en-US;q=0.8',
  'cdn-loop': 'cloudflare; loops=1',
  'cf-connecting-ip': '176.35.55.181',
  'cf-ipcountry': 'GB',
  'cf-ray': '950add804ea2950f-LHR',
  'cf-visitor': '{"scheme":"https"}',
  'content-type': 'application/json',
  cookie: 'auth-token=eyJhbGciOiJIUzI1NiIsInR5cCI6IkpXVCJ9.eyJ1c2VySWQiOiJjbWJ5d2pkYWQwMDAwbTMxeWZ5MTQ5a21tIiwiaWF0IjoxNzUwMDY2NzE3LCJleHAiOjE3NTA2NzE1MTd9.kTUGbeDyBBEqQVAHcTIybni4S2H4cfh1_YJkpQn4ai8',
  host: 'chatllm-computer-601b330f-vnc.default.svc.cluster.local:3000',
  priority: 'u=1, i',
  referer: 'https://601b330f.preview.abacusai.app/',
  'sec-ch-ua': '"Microsoft Edge";v="137", "Chromium";v="137", "Not/A)Brand";v="24"',
  'sec-ch-ua-mobile': '?0',
  'sec-ch-ua-platform': '"Windows"',
  'sec-fetch-dest': 'empty',
  'sec-fetch-mode': 'cors',
  'sec-fetch-site': 'same-origin',
  'user-agent': 'Mozilla/5.0 (Windows NT 10.0; Win64; x64) AppleWebKit/537.36 (KHTML, like Gecko) Chrome/137.0.0.0 Safari/537.36 Edg/137.0.0.0',
  'x-abacus-service': 'chatllm-computer-601b330f-vnc.default.svc.cluster.local:3000',
  'x-envoy-expected-rq-timeout-ms': '3620000',
  'x-forwarded-for': '176.35.55.181',
  'x-forwarded-host': '601b330f.preview.abacusai.app',
  'x-forwarded-port': '3000',
  'x-forwarded-proto': 'https',
  'x-request-id': '6ce0fb09-6ea8-45bb-9da6-efbbf4cd14f6'
}
🔵 [AUTH-LIB] Getting session
🔵 [AUTH-LIB] Token from cookies: Token found (eyJhbGciOiJIUzI1NiIs...)
🔵 [AUTH-LIB] Looking up session in database
🔵 [AUTH-BACKEND] Auth check request received
🔵 [AUTH-BACKEND] Request headers: {
  accept: '*/*',
  'accept-encoding': 'gzip, br',
  'accept-language': 'en-GB,en;q=0.9,en-US;q=0.8',
  'cdn-loop': 'cloudflare; loops=1',
  'cf-connecting-ip': '176.35.55.181',
  'cf-ipcountry': 'GB',
  'cf-ray': '950add804e9c950f-LHR',
  'cf-visitor': '{"scheme":"https"}',
  'content-type': 'application/json',
  cookie: 'auth-token=eyJhbGciOiJIUzI1NiIsInR5cCI6IkpXVCJ9.eyJ1c2VySWQiOiJjbWJ5d2pkYWQwMDAwbTMxeWZ5MTQ5a21tIiwiaWF0IjoxNzUwMDY2NzE3LCJleHAiOjE3NTA2NzE1MTd9.kTUGbeDyBBEqQVAHcTIybni4S2H4cfh1_YJkpQn4ai8',
  host: 'chatllm-computer-601b330f-vnc.default.svc.cluster.local:3000',
  priority: 'u=1, i',
  referer: 'https://601b330f.preview.abacusai.app/',
  'sec-ch-ua': '"Microsoft Edge";v="137", "Chromium";v="137", "Not/A)Brand";v="24"',
  'sec-ch-ua-mobile': '?0',
  'sec-ch-ua-platform': '"Windows"',
  'sec-fetch-dest': 'empty',
  'sec-fetch-mode': 'cors',
  'sec-fetch-site': 'same-origin',
  'user-agent': 'Mozilla/5.0 (Windows NT 10.0; Win64; x64) AppleWebKit/537.36 (KHTML, like Gecko) Chrome/137.0.0.0 Safari/537.36 Edg/137.0.0.0',
  'x-abacus-service': 'chatllm-computer-601b330f-vnc.default.svc.cluster.local:3000',
  'x-envoy-expected-rq-timeout-ms': '3620000',
  'x-forwarded-for': '176.35.55.181',
  'x-forwarded-host': '601b330f.preview.abacusai.app',
  'x-forwarded-port': '3000',
  'x-forwarded-proto': 'https',
  'x-request-id': 'be8f3db4-b636-44e5-a3b6-1cc007165a75'
}
🔵 [AUTH-LIB] Getting session
🔵 [AUTH-LIB] Token from cookies: Token found (eyJhbGciOiJIUzI1NiIs...)
🔵 [AUTH-LIB] Looking up session in database
🔴 [AUTH-LIB] No session found in database for token
🔵 [AUTH-BACKEND] Session check result: No user session
🟢 [AUTH-BACKEND] Auth check completed successfully
 GET /api/auth/me 200 in 63ms
🔴 [AUTH-LIB] No session found in database for token
🔵 [AUTH-BACKEND] Session check result: No user session
🟢 [AUTH-BACKEND] Auth check completed successfully
 GET /api/auth/me 200 in 62ms
 ○ Compiling /auth/login ...
 ✓ Compiled /auth/login in 514ms (1379 modules)
 ✓ Compiled /api/auth/login in 243ms (714 modules)
 POST /api/auth/login 200 in 412ms
 ✓ Compiled /dashboard in 488ms (1415 modules)
 ✓ Compiled /api/notifications in 204ms (734 modules)
 ✓ Compiled (737 modules)
🔵 [AUTH-LIB] Getting session
🔵 [AUTH-LIB] Token from cookies: Token found (eyJhbGciOiJIUzI1NiIs...)
🔵 [AUTH-LIB] Looking up session in database
🔵 [AUTH-LIB] Getting session
🔵 [AUTH-LIB] Token from cookies: Token found (eyJhbGciOiJIUzI1NiIs...)
🔵 [AUTH-LIB] Looking up session in database
🔵 [AUTH-LIB] Session found, checking expiration
🟢 [AUTH-LIB] Valid session found for user: joncalvert2018@outlook.com
🔵 [AUTH-LIB] Session found, checking expiration
🟢 [AUTH-LIB] Valid session found for user: joncalvert2018@outlook.com
🔵 [AUTH-LIB] Getting session
🔵 [AUTH-LIB] Token from cookies: Token found (eyJhbGciOiJIUzI1NiIs...)
🔵 [AUTH-LIB] Looking up session in database
 GET /api/venues 200 in 533ms
 GET /api/venues 200 in 525ms
🔵 [AUTH-LIB] Session found, checking expiration
🟢 [AUTH-LIB] Valid session found for user: joncalvert2018@outlook.com
 GET /api/notifications?limit=5 200 in 528ms
🔵 [AUTH-LIB] Getting session
🔵 [AUTH-LIB] Token from cookies: Token found (eyJhbGciOiJIUzI1NiIs...)
🔵 [AUTH-LIB] Looking up session in database
🔵 [AUTH-LIB] Session found, checking expiration
🟢 [AUTH-LIB] Valid session found for user: joncalvert2018@outlook.com
 GET /api/notifications?limit=5 200 in 29ms
 ✓ Compiled /_not-found in 432ms (1423 modules)
 GET /_next/static/chunks/static-generation-async-storage-instance.js.map 404 in 549ms
 GET /_next/static/chunks/app/bundle-mjs.mjs.map 404 in 534ms
 GET /_next/static/chunks/handle-smooth-scroll.js.map 404 in 462ms
 GET /_next/static/chunks/app/dashboard/bundle-mjs.mjs.map 404 in 528ms
 GET /_next/static/chunks/app/auth/login/bundle-mjs.mjs.map 404 in 458ms
 GET /_next/static/chunks/app/dashboard/bundle-mjs.mjs.map 404 in 21ms
 GET /_next/static/chunks/app/bundle-mjs.mjs.map 404 in 15ms
 ○ Compiling /dashboard/bookings ...
 ✓ Compiled /dashboard/bookings in 604ms (1498 modules)
 GET /_next/static/chunks/app/dashboard/bookings/bundle-mjs.mjs.map 404 in 41ms
🔵 [AUTH-LIB] Getting session
🔵 [AUTH-LIB] Token from cookies: Token found (eyJhbGciOiJIUzI1NiIs...)
🔵 [AUTH-LIB] Looking up session in database
🔵 [AUTH-LIB] Session found, checking expiration
🟢 [AUTH-LIB] Valid session found for user: joncalvert2018@outlook.com
 GET /api/venues 200 in 52ms
 ✓ Compiled /api/bookings in 219ms (810 modules)
🔵 [AUTH-LIB] Getting session
🔵 [AUTH-LIB] Token from cookies: Token found (eyJhbGciOiJIUzI1NiIs...)
🔵 [AUTH-LIB] Looking up session in database
🔵 [AUTH-LIB] Session found, checking expiration
🟢 [AUTH-LIB] Valid session found for user: joncalvert2018@outlook.com
 GET /api/bookings?page=1&limit=10 200 in 294ms
🔵 [AUTH-LIB] Getting session
🔵 [AUTH-LIB] Token from cookies: Token found (eyJhbGciOiJIUzI1NiIs...)
🔵 [AUTH-LIB] Looking up session in database
🔵 [AUTH-LIB] Session found, checking expiration
🟢 [AUTH-LIB] Valid session found for user: joncalvert2018@outlook.com
 GET /api/venues 200 in 72ms
 ○ Compiling /dashboard/venues ...
 ✓ Compiled /dashboard/venues in 588ms (1528 modules)
🔵 [AUTH-LIB] Getting session
🔵 [AUTH-LIB] Token from cookies: Token found (eyJhbGciOiJIUzI1NiIs...)
🔵 [AUTH-LIB] Looking up session in database
🔵 [AUTH-LIB] Session found, checking expiration
🟢 [AUTH-LIB] Valid session found for user: joncalvert2018@outlook.com
 GET /api/bookings?page=1&limit=10 200 in 500ms
 GET /_next/static/chunks/app/dashboard/venues/bundle-mjs.mjs.map 404 in 54ms
🔵 [AUTH-LIB] Getting session
🔵 [AUTH-LIB] Token from cookies: Token found (eyJhbGciOiJIUzI1NiIs...)
🔵 [AUTH-LIB] Looking up session in database
🔵 [AUTH-LIB] Session found, checking expiration
🟢 [AUTH-LIB] Valid session found for user: joncalvert2018@outlook.com
 GET /api/venues 200 in 52ms
🔵 [AUTH-LIB] Getting session
🔵 [AUTH-LIB] Token from cookies: Token found (eyJhbGciOiJIUzI1NiIs...)
🔵 [AUTH-LIB] Looking up session in database
🔵 [AUTH-LIB] Session found, checking expiration
🟢 [AUTH-LIB] Valid session found for user: joncalvert2018@outlook.com
 GET /api/venues 200 in 59ms
 ○ Compiling /dashboard/widgets ...
 ✓ Compiled /dashboard/widgets in 895ms (1554 modules)
 GET /_next/static/chunks/app/dashboard/widgets/bundle-mjs.mjs.map 404 in 44ms
🔵 [AUTH-LIB] Getting session
🔵 [AUTH-LIB] Token from cookies: Token found (eyJhbGciOiJIUzI1NiIs...)
🔵 [AUTH-LIB] Looking up session in database
🔵 [AUTH-LIB] Session found, checking expiration
🟢 [AUTH-LIB] Valid session found for user: joncalvert2018@outlook.com
 GET /api/venues 200 in 55ms
 ○ Compiling /api/widgets ...
 ✓ Compiled /api/widgets in 630ms (848 modules)
🔵 [AUTH-LIB] Getting session
🔵 [AUTH-LIB] Token from cookies: Token found (eyJhbGciOiJIUzI1NiIs...)
🔵 [AUTH-LIB] Looking up session in database
🔵 [AUTH-LIB] Getting session
🔵 [AUTH-LIB] Token from cookies: Token found (eyJhbGciOiJIUzI1NiIs...)
🔵 [AUTH-LIB] Looking up session in database
🔵 [AUTH-LIB] Session found, checking expiration
🟢 [AUTH-LIB] Valid session found for user: joncalvert2018@outlook.com
🔵 [AUTH-LIB] Session found, checking expiration
🟢 [AUTH-LIB] Valid session found for user: joncalvert2018@outlook.com
 GET /api/venues 200 in 689ms
 GET /api/widgets 200 in 938ms
🔵 [AUTH-LIB] Getting session
🔵 [AUTH-LIB] Token from cookies: Token found (eyJhbGciOiJIUzI1NiIs...)
🔵 [AUTH-LIB] Looking up session in database
🔵 [AUTH-LIB] Session found, checking expiration
🟢 [AUTH-LIB] Valid session found for user: joncalvert2018@outlook.com
 GET /api/widgets 200 in 30ms
 ✓ Compiled /api/widgets/[id]/embed in 289ms (848 modules)
 GET /api/widgets/cmbz3jynu000gqn01ymau80lo/embed 200 in 640ms
🔵 [AUTH-LIB] Getting session
🔵 [AUTH-LIB] Token from cookies: Token found (eyJhbGciOiJIUzI1NiIs...)
🔵 [AUTH-LIB] Looking up session in database
🔵 [AUTH-LIB] Session found, checking expiration
🟢 [AUTH-LIB] Valid session found for user: joncalvert2018@outlook.com
 GET /api/venues 200 in 39ms
🔵 [AUTH-LIB] Getting session
🔵 [AUTH-LIB] Token from cookies: Token found (eyJhbGciOiJIUzI1NiIs...)
🔵 [AUTH-LIB] Looking up session in database
🔵 [AUTH-LIB] Session found, checking expiration
🟢 [AUTH-LIB] Valid session found for user: joncalvert2018@outlook.com
 GET /api/venues 200 in 35ms
 ○ Compiling /dashboard/venues/[id] ...
 ✓ Compiled /dashboard/venues/[id] in 1121ms (1619 modules)
 GET /_next/static/chunks/app/dashboard/venues/%5Bid%5D/bundle-mjs.mjs.map 404 in 72ms
 ✓ Compiled /api/venues/[id] in 361ms (881 modules)
🔵 [AUTH-LIB] Getting session
🔵 [AUTH-LIB] Token from cookies: Token found (eyJhbGciOiJIUzI1NiIs...)
🔵 [AUTH-LIB] Looking up session in database
🔵 [AUTH-LIB] Session found, checking expiration
🟢 [AUTH-LIB] Valid session found for user: joncalvert2018@outlook.com
 GET /api/venues/cmbz3igfd0005qn018j1uu311 200 in 788ms
 ✓ Compiled /api/venues/[id]/opening-hours in 292ms (883 modules)
🔵 [AUTH-LIB] Getting session
🔵 [AUTH-LIB] Token from cookies: Token found (eyJhbGciOiJIUzI1NiIs...)
🔵 [AUTH-LIB] Looking up session in database
🔵 [AUTH-LIB] Session found, checking expiration
🟢 [AUTH-LIB] Valid session found for user: joncalvert2018@outlook.com
 GET /api/venues/cmbz3igfd0005qn018j1uu311 200 in 643ms
🔵 [AUTH-LIB] Getting session
🔵 [AUTH-LIB] Token from cookies: Token found (eyJhbGciOiJIUzI1NiIs...)
🔵 [AUTH-LIB] Looking up session in database
🔵 [AUTH-LIB] Session found, checking expiration
🟢 [AUTH-LIB] Valid session found for user: joncalvert2018@outlook.com
 GET /api/venues/cmbz3igfd0005qn018j1uu311/opening-hours 200 in 959ms
🔵 [AUTH-LIB] Getting session
🔵 [AUTH-LIB] Token from cookies: Token found (eyJhbGciOiJIUzI1NiIs...)
🔵 [AUTH-LIB] Looking up session in database
🔵 [AUTH-LIB] Session found, checking expiration
🟢 [AUTH-LIB] Valid session found for user: joncalvert2018@outlook.com
 GET /api/venues/cmbz3igfd0005qn018j1uu311 200 in 49ms
🔵 [AUTH-LIB] Getting session
🔵 [AUTH-LIB] Token from cookies: Token found (eyJhbGciOiJIUzI1NiIs...)
🔵 [AUTH-LIB] Looking up session in database
🔵 [AUTH-LIB] Session found, checking expiration
🟢 [AUTH-LIB] Valid session found for user: joncalvert2018@outlook.com
 GET /api/venues/cmbz3igfd0005qn018j1uu311/opening-hours 200 in 49ms
🔵 [AUTH-LIB] Getting session
🔵 [AUTH-LIB] Token from cookies: Token found (eyJhbGciOiJIUzI1NiIs...)
🔵 [AUTH-LIB] Looking up session in database
🔵 [AUTH-LIB] Session found, checking expiration
🟢 [AUTH-LIB] Valid session found for user: joncalvert2018@outlook.com
 GET /api/venues/cmbz3igfd0005qn018j1uu311 200 in 36ms
 ✓ Compiled /api/venues/[id]/logo in 338ms (871 modules)
 DELETE /api/venues/cmbz3igfd0005qn018j1uu311/logo 200 in 682ms
 ✓ Compiled /api/upload in 297ms (869 modules)
 POST /api/upload 200 in 806ms
 PUT /api/venues/cmbz3igfd0005qn018j1uu311/logo 200 in 62ms
 ✓ Compiled /api/venues/[id]/header-image in 238ms (871 modules)
 DELETE /api/venues/cmbz3igfd0005qn018j1uu311/header-image 200 in 583ms
 POST /api/upload 200 in 510ms
 PUT /api/venues/cmbz3igfd0005qn018j1uu311/header-image 200 in 54ms
🔵 [AUTH-LIB] Getting session
🔵 [AUTH-LIB] Token from cookies: Token found (eyJhbGciOiJIUzI1NiIs...)
🔵 [AUTH-LIB] Looking up session in database
🔵 [AUTH-LIB] Session found, checking expiration
🟢 [AUTH-LIB] Valid session found for user: joncalvert2018@outlook.com
 PUT /api/venues/cmbz3igfd0005qn018j1uu311 200 in 78ms
 ○ Compiling /book ...
 ✓ Compiled /book in 904ms (1619 modules)
 GET /_next/static/chunks/app/book/bundle-mjs.mjs.map 404 in 63ms
 ✓ Compiled /api/public/venues in 342ms (877 modules)
 GET /api/public/venues?page=1&limit=12 200 in 398ms
 GET /api/public/venues?page=1&limit=12 200 in 28ms
 GET / 200 in 74ms
 GET /_next/static/chunks/handle-smooth-scroll.js.map 404 in 19ms
 GET /_next/static/chunks/static-generation-async-storage-instance.js.map 404 in 17ms
 GET /_next/static/chunks/app/bundle-mjs.mjs.map 404 in 18ms
 GET /_next/static/chunks/app/bundle-mjs.mjs.map 404 in 19ms
 ✓ Compiled /api/auth/me in 287ms (872 modules)
🔵 [AUTH-BACKEND] Auth check request received
🔵 [AUTH-BACKEND] Request headers: {
  accept: '*/*',
  'accept-encoding': 'gzip, br',
  'accept-language': 'en-GB,en;q=0.9,en-US;q=0.8',
  'cdn-loop': 'cloudflare; loops=1',
  'cf-connecting-ip': '176.35.55.181',
  'cf-ipcountry': 'GB',
  'cf-ray': '950ae16008bbb6d8-LHR',
  'cf-visitor': '{"scheme":"https"}',
  'content-type': 'application/json',
  cookie: 'auth-token=eyJhbGciOiJIUzI1NiIsInR5cCI6IkpXVCJ9.eyJ1c2VySWQiOiJjbWJ6MzUxNTEwMDAwcW4wMWF5amlrNDMzIiwiaWF0IjoxNzUwMDgyNzc4LCJleHAiOjE3NTA2ODc1Nzh9.QHk-Ld1eskopHEj5VO_l0T_UJ6NXb-iH2qpT3uCs5kM',
  host: 'chatllm-computer-601b330f-vnc.default.svc.cluster.local:3000',
  priority: 'u=1, i',
  referer: 'https://601b330f.preview.abacusai.app/',
  'sec-ch-ua': '"Microsoft Edge";v="137", "Chromium";v="137", "Not/A)Brand";v="24"',
  'sec-ch-ua-mobile': '?0',
  'sec-ch-ua-platform': '"Windows"',
  'sec-fetch-dest': 'empty',
  'sec-fetch-mode': 'cors',
  'sec-fetch-site': 'same-origin',
  'user-agent': 'Mozilla/5.0 (Windows NT 10.0; Win64; x64) AppleWebKit/537.36 (KHTML, like Gecko) Chrome/137.0.0.0 Safari/537.36 Edg/137.0.0.0',
  'x-abacus-service': 'chatllm-computer-601b330f-vnc.default.svc.cluster.local:3000',
  'x-envoy-expected-rq-timeout-ms': '3620000',
  'x-forwarded-for': '176.35.55.181',
  'x-forwarded-host': '601b330f.preview.abacusai.app',
  'x-forwarded-port': '3000',
  'x-forwarded-proto': 'https',
  'x-request-id': '5530658d-76c2-4fa7-b87b-3c9173d05783'
}
🔵 [AUTH-LIB] Getting session
🔵 [AUTH-LIB] Token from cookies: Token found (eyJhbGciOiJIUzI1NiIs...)
🔵 [AUTH-LIB] Looking up session in database
🔵 [AUTH-BACKEND] Auth check request received
🔵 [AUTH-BACKEND] Request headers: {
  accept: '*/*',
  'accept-encoding': 'gzip, br',
  'accept-language': 'en-GB,en;q=0.9,en-US;q=0.8',
  'cdn-loop': 'cloudflare; loops=1',
  'cf-connecting-ip': '176.35.55.181',
  'cf-ipcountry': 'GB',
  'cf-ray': '950ae15ff8a6b6d8-LHR',
  'cf-visitor': '{"scheme":"https"}',
  'content-type': 'application/json',
  cookie: 'auth-token=eyJhbGciOiJIUzI1NiIsInR5cCI6IkpXVCJ9.eyJ1c2VySWQiOiJjbWJ6MzUxNTEwMDAwcW4wMWF5amlrNDMzIiwiaWF0IjoxNzUwMDgyNzc4LCJleHAiOjE3NTA2ODc1Nzh9.QHk-Ld1eskopHEj5VO_l0T_UJ6NXb-iH2qpT3uCs5kM',
  host: 'chatllm-computer-601b330f-vnc.default.svc.cluster.local:3000',
  priority: 'u=1, i',
  referer: 'https://601b330f.preview.abacusai.app/',
  'sec-ch-ua': '"Microsoft Edge";v="137", "Chromium";v="137", "Not/A)Brand";v="24"',
  'sec-ch-ua-mobile': '?0',
  'sec-ch-ua-platform': '"Windows"',
  'sec-fetch-dest': 'empty',
  'sec-fetch-mode': 'cors',
  'sec-fetch-site': 'same-origin',
  'user-agent': 'Mozilla/5.0 (Windows NT 10.0; Win64; x64) AppleWebKit/537.36 (KHTML, like Gecko) Chrome/137.0.0.0 Safari/537.36 Edg/137.0.0.0',
  'x-abacus-service': 'chatllm-computer-601b330f-vnc.default.svc.cluster.local:3000',
  'x-envoy-expected-rq-timeout-ms': '3620000',
  'x-forwarded-for': '176.35.55.181',
  'x-forwarded-host': '601b330f.preview.abacusai.app',
  'x-forwarded-port': '3000',
  'x-forwarded-proto': 'https',
  'x-request-id': '7826500f-2313-4e98-af3b-4409061b7116'
}
🔵 [AUTH-LIB] Getting session
🔵 [AUTH-LIB] Token from cookies: Token found (eyJhbGciOiJIUzI1NiIs...)
🔵 [AUTH-LIB] Looking up session in database
🔵 [AUTH-LIB] Session found, checking expiration
🟢 [AUTH-LIB] Valid session found for user: joncalvert2018@outlook.com
🔵 [AUTH-LIB] Session found, checking expiration
🟢 [AUTH-LIB] Valid session found for user: joncalvert2018@outlook.com
🔵 [AUTH-BACKEND] Session check result: User found: joncalvert2018@outlook.com
🟢 [AUTH-BACKEND] Auth check completed successfully
🔵 [AUTH-BACKEND] Session check result: User found: joncalvert2018@outlook.com
🟢 [AUTH-BACKEND] Auth check completed successfully
 GET /api/auth/me 200 in 354ms
 GET /api/auth/me 200 in 358ms
 ✓ Compiled /dashboard in 248ms (877 modules)
 GET /_next/static/chunks/app/dashboard/bundle-mjs.mjs.map 404 in 24ms
 GET /_next/static/chunks/app/dashboard/bundle-mjs.mjs.map 404 in 18ms
 ✓ Compiled /api/notifications in 222ms (879 modules)
 ✓ Compiled (882 modules)
🔵 [AUTH-LIB] Getting session
🔵 [AUTH-LIB] Token from cookies: Token found (eyJhbGciOiJIUzI1NiIs...)
🔵 [AUTH-LIB] Looking up session in database
🔵 [AUTH-LIB] Getting session
🔵 [AUTH-LIB] Token from cookies: Token found (eyJhbGciOiJIUzI1NiIs...)
🔵 [AUTH-LIB] Looking up session in database
🔵 [AUTH-LIB] Getting session
🔵 [AUTH-LIB] Token from cookies: Token found (eyJhbGciOiJIUzI1NiIs...)
🔵 [AUTH-LIB] Looking up session in database
🔵 [AUTH-LIB] Session found, checking expiration
🟢 [AUTH-LIB] Valid session found for user: joncalvert2018@outlook.com
🔵 [AUTH-LIB] Session found, checking expiration
🟢 [AUTH-LIB] Valid session found for user: joncalvert2018@outlook.com
🔵 [AUTH-LIB] Session found, checking expiration
🟢 [AUTH-LIB] Valid session found for user: joncalvert2018@outlook.com
 GET /api/venues 200 in 591ms
 GET /api/notifications?limit=5 200 in 602ms
 GET /api/venues 200 in 622ms
🔵 [AUTH-LIB] Getting session
🔵 [AUTH-LIB] Token from cookies: Token found (eyJhbGciOiJIUzI1NiIs...)
🔵 [AUTH-LIB] Looking up session in database
🔵 [AUTH-LIB] Session found, checking expiration
🟢 [AUTH-LIB] Valid session found for user: joncalvert2018@outlook.com
 GET /api/notifications?limit=5 200 in 32ms
 GET /_next/static/chunks/app/dashboard/venues/bundle-mjs.mjs.map 404 in 32ms
🔵 [AUTH-LIB] Getting session
🔵 [AUTH-LIB] Token from cookies: Token found (eyJhbGciOiJIUzI1NiIs...)
🔵 [AUTH-LIB] Looking up session in database
🔵 [AUTH-LIB] Session found, checking expiration
🟢 [AUTH-LIB] Valid session found for user: joncalvert2018@outlook.com
🔵 [AUTH-LIB] Getting session
🔵 [AUTH-LIB] Token from cookies: Token found (eyJhbGciOiJIUzI1NiIs...)
🔵 [AUTH-LIB] Looking up session in database
 GET /api/venues 200 in 47ms
🔵 [AUTH-LIB] Session found, checking expiration
🟢 [AUTH-LIB] Valid session found for user: joncalvert2018@outlook.com
 GET /api/venues 200 in 48ms
 GET / 200 in 47ms
 GET /_next/static/chunks/handle-smooth-scroll.js.map 404 in 18ms
 GET /_next/static/chunks/app/bundle-mjs.mjs.map 404 in 18ms
 GET /_next/static/chunks/app/bundle-mjs.mjs.map 404 in 19ms
 GET /_next/static/chunks/static-generation-async-storage-instance.js.map 404 in 18ms
🔵 [AUTH-BACKEND] Auth check request received
🔵 [AUTH-BACKEND] Request headers: {
  accept: '*/*',
  'accept-encoding': 'gzip, br',
  'accept-language': 'en-GB,en;q=0.9,en-US;q=0.8',
  'cdn-loop': 'cloudflare; loops=1',
  'cf-connecting-ip': '176.35.55.181',
  'cf-ipcountry': 'GB',
  'cf-ray': '950ae252ebe8b6d8-LHR',
  'cf-visitor': '{"scheme":"https"}',
  'content-type': 'application/json',
  cookie: 'auth-token=eyJhbGciOiJIUzI1NiIsInR5cCI6IkpXVCJ9.eyJ1c2VySWQiOiJjbWJ6MzUxNTEwMDAwcW4wMWF5amlrNDMzIiwiaWF0IjoxNzUwMDgyNzc4LCJleHAiOjE3NTA2ODc1Nzh9.QHk-Ld1eskopHEj5VO_l0T_UJ6NXb-iH2qpT3uCs5kM',
  host: 'chatllm-computer-601b330f-vnc.default.svc.cluster.local:3000',
  priority: 'u=1, i',
  referer: 'https://601b330f.preview.abacusai.app/',
  'sec-ch-ua': '"Microsoft Edge";v="137", "Chromium";v="137", "Not/A)Brand";v="24"',
  'sec-ch-ua-mobile': '?0',
  'sec-ch-ua-platform': '"Windows"',
  'sec-fetch-dest': 'empty',
  'sec-fetch-mode': 'cors',
  'sec-fetch-site': 'same-origin',
  'user-agent': 'Mozilla/5.0 (Windows NT 10.0; Win64; x64) AppleWebKit/537.36 (KHTML, like Gecko) Chrome/137.0.0.0 Safari/537.36 Edg/137.0.0.0',
  'x-abacus-service': 'chatllm-computer-601b330f-vnc.default.svc.cluster.local:3000',
  'x-envoy-expected-rq-timeout-ms': '3620000',
  'x-forwarded-for': '176.35.55.181',
  'x-forwarded-host': '601b330f.preview.abacusai.app',
  'x-forwarded-port': '3000',
  'x-forwarded-proto': 'https',
  'x-request-id': 'b8f0ef38-fa8f-4f49-a316-7ade28b2afd5'
}
🔵 [AUTH-LIB] Getting session
🔵 [AUTH-LIB] Token from cookies: Token found (eyJhbGciOiJIUzI1NiIs...)
🔵 [AUTH-LIB] Looking up session in database
🔵 [AUTH-LIB] Session found, checking expiration
🟢 [AUTH-LIB] Valid session found for user: joncalvert2018@outlook.com
🔵 [AUTH-BACKEND] Session check result: User found: joncalvert2018@outlook.com
🟢 [AUTH-BACKEND] Auth check completed successfully
 GET /api/auth/me 200 in 31ms
🔵 [AUTH-BACKEND] Auth check request received
🔵 [AUTH-BACKEND] Request headers: {
  accept: '*/*',
  'accept-encoding': 'gzip, br',
  'accept-language': 'en-GB,en;q=0.9,en-US;q=0.8',
  'cdn-loop': 'cloudflare; loops=1',
  'cf-connecting-ip': '176.35.55.181',
  'cf-ipcountry': 'GB',
  'cf-ray': '950ae2530c0fb6d8-LHR',
  'cf-visitor': '{"scheme":"https"}',
  'content-type': 'application/json',
  cookie: 'auth-token=eyJhbGciOiJIUzI1NiIsInR5cCI6IkpXVCJ9.eyJ1c2VySWQiOiJjbWJ6MzUxNTEwMDAwcW4wMWF5amlrNDMzIiwiaWF0IjoxNzUwMDgyNzc4LCJleHAiOjE3NTA2ODc1Nzh9.QHk-Ld1eskopHEj5VO_l0T_UJ6NXb-iH2qpT3uCs5kM',
  host: 'chatllm-computer-601b330f-vnc.default.svc.cluster.local:3000',
  priority: 'u=1, i',
  referer: 'https://601b330f.preview.abacusai.app/',
  'sec-ch-ua': '"Microsoft Edge";v="137", "Chromium";v="137", "Not/A)Brand";v="24"',
  'sec-ch-ua-mobile': '?0',
  'sec-ch-ua-platform': '"Windows"',
  'sec-fetch-dest': 'empty',
  'sec-fetch-mode': 'cors',
  'sec-fetch-site': 'same-origin',
  'user-agent': 'Mozilla/5.0 (Windows NT 10.0; Win64; x64) AppleWebKit/537.36 (KHTML, like Gecko) Chrome/137.0.0.0 Safari/537.36 Edg/137.0.0.0',
  'x-abacus-service': 'chatllm-computer-601b330f-vnc.default.svc.cluster.local:3000',
  'x-envoy-expected-rq-timeout-ms': '3620000',
  'x-forwarded-for': '176.35.55.181',
  'x-forwarded-host': '601b330f.preview.abacusai.app',
  'x-forwarded-port': '3000',
  'x-forwarded-proto': 'https',
  'x-request-id': 'f1247e1a-eabe-46a9-8a2d-3ad284c514b2'
}
🔵 [AUTH-LIB] Getting session
🔵 [AUTH-LIB] Token from cookies: Token found (eyJhbGciOiJIUzI1NiIs...)
🔵 [AUTH-LIB] Looking up session in database
🔵 [AUTH-LIB] Session found, checking expiration
🟢 [AUTH-LIB] Valid session found for user: joncalvert2018@outlook.com
🔵 [AUTH-BACKEND] Session check result: User found: joncalvert2018@outlook.com
🟢 [AUTH-BACKEND] Auth check completed successfully
 GET /api/auth/me 200 in 30ms
 GET /_next/static/chunks/app/dashboard/bundle-mjs.mjs.map 404 in 20ms
 GET /_next/static/chunks/app/dashboard/bundle-mjs.mjs.map 404 in 18ms
🔵 [AUTH-LIB] Getting session
🔵 [AUTH-LIB] Token from cookies: Token found (eyJhbGciOiJIUzI1NiIs...)
🔵 [AUTH-LIB] Looking up session in database
🔵 [AUTH-LIB] Session found, checking expiration
🟢 [AUTH-LIB] Valid session found for user: joncalvert2018@outlook.com
 GET /api/venues 200 in 45ms
🔵 [AUTH-LIB] Getting session
🔵 [AUTH-LIB] Token from cookies: Token found (eyJhbGciOiJIUzI1NiIs...)
🔵 [AUTH-LIB] Looking up session in database
🔵 [AUTH-LIB] Session found, checking expiration
🟢 [AUTH-LIB] Valid session found for user: joncalvert2018@outlook.com
🔵 [AUTH-LIB] Getting session
🔵 [AUTH-LIB] Token from cookies: Token found (eyJhbGciOiJIUzI1NiIs...)
🔵 [AUTH-LIB] Looking up session in database
 GET /api/venues 200 in 64ms
🔵 [AUTH-LIB] Session found, checking expiration
🟢 [AUTH-LIB] Valid session found for user: joncalvert2018@outlook.com
 GET /api/notifications?limit=5 200 in 54ms
🔵 [AUTH-LIB] Getting session
🔵 [AUTH-LIB] Token from cookies: Token found (eyJhbGciOiJIUzI1NiIs...)
🔵 [AUTH-LIB] Looking up session in database
🔵 [AUTH-LIB] Session found, checking expiration
🟢 [AUTH-LIB] Valid session found for user: joncalvert2018@outlook.com
 GET /api/notifications?limit=5 200 in 32ms
 ✓ Compiled /api/auth/logout in 337ms (866 modules)
 POST /api/auth/logout 200 in 395ms
 ✓ Compiled /auth/login in 421ms (873 modules)
 GET /_next/static/chunks/app/auth/login/bundle-mjs.mjs.map 404 in 32ms
 ✓ Compiled /api/auth/login in 258ms (873 modules)
 POST /api/auth/login 401 in 619ms
 POST /api/auth/login 200 in 114ms
🔵 [AUTH-LIB] Getting session
🔵 [AUTH-LIB] Token from cookies: Token found (eyJhbGciOiJIUzI1NiIs...)
🔵 [AUTH-LIB] Looking up session in database
🔵 [AUTH-LIB] Session found, checking expiration
🟢 [AUTH-LIB] Valid session found for user: joncalvert2018@outlook.com
🔵 [AUTH-LIB] Getting session
🔵 [AUTH-LIB] Token from cookies: Token found (eyJhbGciOiJIUzI1NiIs...)
🔵 [AUTH-LIB] Looking up session in database
 GET /api/venues 200 in 60ms
🔵 [AUTH-LIB] Getting session
🔵 [AUTH-LIB] Token from cookies: Token found (eyJhbGciOiJIUzI1NiIs...)
🔵 [AUTH-LIB] Looking up session in database
🔵 [AUTH-LIB] Session found, checking expiration
🟢 [AUTH-LIB] Valid session found for user: joncalvert2018@outlook.com
🔵 [AUTH-LIB] Session found, checking expiration
🟢 [AUTH-LIB] Valid session found for user: joncalvert2018@outlook.com
 GET /api/notifications?limit=5 200 in 58ms
 GET /api/venues 200 in 69ms
🔵 [AUTH-LIB] Getting session
🔵 [AUTH-LIB] Token from cookies: Token found (eyJhbGciOiJIUzI1NiIs...)
🔵 [AUTH-LIB] Looking up session in database
🔵 [AUTH-LIB] Session found, checking expiration
🟢 [AUTH-LIB] Valid session found for user: joncalvert2018@outlook.com
 GET /api/notifications?limit=5 200 in 31ms
 POST /api/auth/logout 200 in 34ms
 ○ Compiling /venues ...
 ✓ Compiled /venues in 758ms (1584 modules)
 GET /_next/static/chunks/app/venues/bundle-mjs.mjs.map 404 in 64ms
 ✓ Compiled /api/public/venues in 203ms (837 modules)
 GET /api/public/venues 200 in 258ms
 GET /api/public/venues 200 in 31ms
 ✓ Compiled /widget/[venueId] in 334ms (843 modules)
 GET /_next/static/chunks/app/widget/%5BvenueId%5D/bundle-mjs.mjs.map 404 in 36ms
 ✓ Compiled /api/public/venues/[id] in 225ms (845 modules)
 GET /api/public/venues/cmbz3igfd0005qn018j1uu311 200 in 317ms
 GET /api/public/venues/cmbz3igfd0005qn018j1uu311 200 in 40ms
 GET / 200 in 115ms
 GET /_next/static/chunks/handle-smooth-scroll.js.map 404 in 23ms
 GET /_next/static/chunks/app/bundle-mjs.mjs.map 404 in 18ms
 GET /_next/static/chunks/app/bundle-mjs.mjs.map 404 in 20ms
 GET /_next/static/chunks/static-generation-async-storage-instance.js.map 404 in 18ms
🔵 [AUTH-BACKEND] Auth check request received
🔵 [AUTH-BACKEND] Request headers: {
  accept: '*/*',
  'accept-encoding': 'gzip, br',
  'accept-language': 'en-GB,en;q=0.9,en-US;q=0.8',
  'cdn-loop': 'cloudflare; loops=1',
  'cf-connecting-ip': '176.35.55.181',
  'cf-ipcountry': 'GB',
  'cf-ray': '950af675295d63e4-LHR',
  'cf-visitor': '{"scheme":"https"}',
  'content-type': 'application/json',
  host: 'chatllm-computer-601b330f-vnc.default.svc.cluster.local:3000',
  priority: 'u=1, i',
  referer: 'https://601b330f.preview.abacusai.app/',
  'sec-ch-ua': '"Microsoft Edge";v="137", "Chromium";v="137", "Not/A)Brand";v="24"',
  'sec-ch-ua-mobile': '?0',
  'sec-ch-ua-platform': '"Windows"',
  'sec-fetch-dest': 'empty',
  'sec-fetch-mode': 'cors',
  'sec-fetch-site': 'same-origin',
  'user-agent': 'Mozilla/5.0 (Windows NT 10.0; Win64; x64) AppleWebKit/537.36 (KHTML, like Gecko) Chrome/137.0.0.0 Safari/537.36 Edg/137.0.0.0',
  'x-abacus-service': 'chatllm-computer-601b330f-vnc.default.svc.cluster.local:3000',
  'x-envoy-expected-rq-timeout-ms': '3620000',
  'x-forwarded-for': '176.35.55.181',
  'x-forwarded-host': '601b330f.preview.abacusai.app',
  'x-forwarded-port': '3000',
  'x-forwarded-proto': 'https',
  'x-request-id': '528aa209-2d22-458e-aa48-404ac95abd05'
}
🔵 [AUTH-LIB] Getting session
🔵 [AUTH-LIB] Token from cookies: No token found
🔵 [AUTH-LIB] No auth token found in cookies
🔵 [AUTH-BACKEND] Session check result: No user session
🟢 [AUTH-BACKEND] Auth check completed successfully
 GET /api/auth/me 200 in 55ms
🔵 [AUTH-BACKEND] Auth check request received
🔵 [AUTH-BACKEND] Request headers: {
  accept: '*/*',
  'accept-encoding': 'gzip, br',
  'accept-language': 'en-GB,en;q=0.9,en-US;q=0.8',
  'cdn-loop': 'cloudflare; loops=1',
  'cf-connecting-ip': '176.35.55.181',
  'cf-ipcountry': 'GB',
  'cf-ray': '950af675296163e4-LHR',
  'cf-visitor': '{"scheme":"https"}',
  'content-type': 'application/json',
  host: 'chatllm-computer-601b330f-vnc.default.svc.cluster.local:3000',
  priority: 'u=1, i',
  referer: 'https://601b330f.preview.abacusai.app/',
  'sec-ch-ua': '"Microsoft Edge";v="137", "Chromium";v="137", "Not/A)Brand";v="24"',
  'sec-ch-ua-mobile': '?0',
  'sec-ch-ua-platform': '"Windows"',
  'sec-fetch-dest': 'empty',
  'sec-fetch-mode': 'cors',
  'sec-fetch-site': 'same-origin',
  'user-agent': 'Mozilla/5.0 (Windows NT 10.0; Win64; x64) AppleWebKit/537.36 (KHTML, like Gecko) Chrome/137.0.0.0 Safari/537.36 Edg/137.0.0.0',
  'x-abacus-service': 'chatllm-computer-601b330f-vnc.default.svc.cluster.local:3000',
  'x-envoy-expected-rq-timeout-ms': '3620000',
  'x-forwarded-for': '176.35.55.181',
  'x-forwarded-host': '601b330f.preview.abacusai.app',
  'x-forwarded-port': '3000',
  'x-forwarded-proto': 'https',
  'x-request-id': 'd4339317-2e1b-433c-b807-2218d68ffefb'
}
🔵 [AUTH-LIB] Getting session
🔵 [AUTH-LIB] Token from cookies: No token found
🔵 [AUTH-LIB] No auth token found in cookies
🔵 [AUTH-BACKEND] Session check result: No user session
🟢 [AUTH-BACKEND] Auth check completed successfully
 GET /api/auth/me 200 in 59ms
 GET / 200 in 48ms
 GET / 200 in 40ms
 GET / 200 in 40ms
🔵 [AUTH-BACKEND] Auth check request received
🔵 [AUTH-BACKEND] Request headers: {
  accept: '*/*',
  'accept-encoding': 'gzip, br',
  'accept-language': 'en-GB,en;q=0.9,en-US;q=0.8',
  'cdn-loop': 'cloudflare; loops=1',
  'cf-connecting-ip': '176.35.55.181',
  'cf-ipcountry': 'GB',
  'cf-ray': '950af841a8f81f67-LHR',
  'cf-visitor': '{"scheme":"https"}',
  'content-type': 'application/json',
  host: 'chatllm-computer-601b330f-vnc.default.svc.cluster.local:3000',
  priority: 'u=1, i',
  referer: 'https://601b330f.preview.abacusai.app/',
  'sec-ch-ua': '"Microsoft Edge";v="137", "Chromium";v="137", "Not/A)Brand";v="24"',
  'sec-ch-ua-mobile': '?0',
  'sec-ch-ua-platform': '"Windows"',
  'sec-fetch-dest': 'empty',
  'sec-fetch-mode': 'cors',
  'sec-fetch-site': 'same-origin',
  'sec-fetch-storage-access': 'active',
  'user-agent': 'Mozilla/5.0 (Windows NT 10.0; Win64; x64) AppleWebKit/537.36 (KHTML, like Gecko) Chrome/137.0.0.0 Safari/537.36 Edg/137.0.0.0',
  'x-abacus-service': 'chatllm-computer-601b330f-vnc.default.svc.cluster.local:3000',
  'x-envoy-expected-rq-timeout-ms': '3620000',
  'x-forwarded-for': '176.35.55.181',
  'x-forwarded-host': '601b330f.preview.abacusai.app',
  'x-forwarded-port': '3000',
  'x-forwarded-proto': 'https',
  'x-request-id': 'd3c95a13-b29e-4789-8d32-89cbbc0a7a13'
}
🔵 [AUTH-LIB] Getting session
🔵 [AUTH-LIB] Token from cookies: No token found
🔵 [AUTH-LIB] No auth token found in cookies
🔵 [AUTH-BACKEND] Session check result: No user session
🟢 [AUTH-BACKEND] Auth check completed successfully
 GET /api/auth/me 200 in 50ms
🔵 [AUTH-BACKEND] Auth check request received
🔵 [AUTH-BACKEND] Request headers: {
  accept: '*/*',
  'accept-encoding': 'gzip, br',
  'accept-language': 'en-GB,en;q=0.9,en-US;q=0.8',
  'cdn-loop': 'cloudflare; loops=1',
  'cf-connecting-ip': '176.35.55.181',
  'cf-ipcountry': 'GB',
  'cf-ray': '950af841a8ff1f67-LHR',
  'cf-visitor': '{"scheme":"https"}',
  'content-type': 'application/json',
  host: 'chatllm-computer-601b330f-vnc.default.svc.cluster.local:3000',
  priority: 'u=1, i',
  referer: 'https://601b330f.preview.abacusai.app/',
  'sec-ch-ua': '"Microsoft Edge";v="137", "Chromium";v="137", "Not/A)Brand";v="24"',
  'sec-ch-ua-mobile': '?0',
  'sec-ch-ua-platform': '"Windows"',
  'sec-fetch-dest': 'empty',
  'sec-fetch-mode': 'cors',
  'sec-fetch-site': 'same-origin',
  'sec-fetch-storage-access': 'active',
  'user-agent': 'Mozilla/5.0 (Windows NT 10.0; Win64; x64) AppleWebKit/537.36 (KHTML, like Gecko) Chrome/137.0.0.0 Safari/537.36 Edg/137.0.0.0',
  'x-abacus-service': 'chatllm-computer-601b330f-vnc.default.svc.cluster.local:3000',
  'x-envoy-expected-rq-timeout-ms': '3620000',
  'x-forwarded-for': '176.35.55.181',
  'x-forwarded-host': '601b330f.preview.abacusai.app',
  'x-forwarded-port': '3000',
  'x-forwarded-proto': 'https',
  'x-request-id': 'f4ba5815-f91c-4745-befa-f6d52b1d7089'
}
🔵 [AUTH-LIB] Getting session
🔵 [AUTH-LIB] Token from cookies: No token found
🔵 [AUTH-LIB] No auth token found in cookies
🔵 [AUTH-BACKEND] Session check result: No user session
🟢 [AUTH-BACKEND] Auth check completed successfully
 GET /api/auth/me 200 in 54ms
 ✓ Compiled in 980ms (1459 modules)
 ✓ Compiled in 650ms (1459 modules)
[?25h
