  ▲ Next.js 14.2.28
  - Local:        http://localhost:3000
  - Environments: .env
  - Experiments (use with caution):
    · outputFileTracingRoot

 ✓ Starting...
 ✓ Ready in 1763ms
 ○ Compiling / ...
 ✓ Compiled / in 3.2s (1180 modules)
 GET / 200 in 3643ms
 ✓ Compiled in 512ms (592 modules)
 ✓ Compiled /api/auth/me in 334ms (700 modules)
 GET /api/auth/me 401 in 498ms
 GET /api/auth/me 401 in 30ms
 ○ Compiling /auth/register ...
 ✓ Compiled /auth/register in 1211ms (1307 modules)
 GET /demo 404 in 1305ms
 GET /auth/login 200 in 1399ms
 GET /auth/register 200 in 1398ms
 GET /api/auth/me 401 in 39ms
 GET /api/auth/me 401 in 39ms
 GET /api/auth/me 401 in 47ms
 GET /api/auth/me 401 in 35ms
 GET /api/auth/me 401 in 34ms
 GET /api/auth/me 401 in 34ms
 GET / 200 in 38ms
 GET /api/auth/me 401 in 23ms
 GET /api/auth/me 401 in 19ms
 GET /demo 404 in 27ms
 GET / 200 in 53ms
 GET /auth/register 200 in 59ms
 GET /auth/login 200 in 59ms
 GET / 200 in 51ms
 GET /api/auth/me 401 in 22ms
 GET /api/auth/me 401 in 21ms
 GET /api/auth/me 401 in 21ms
 ✓ Compiled in 645ms (1319 modules)
 ✓ Compiled in 839ms (1319 modules)
 ✓ Compiled in 862ms (1319 modules)
 GET / 200 in 128ms
 GET /api/auth/me 200 in 57ms
 GET /api/auth/me 200 in 35ms
 GET /api/auth/me 200 in 19ms
[?25h
