  ▲ Next.js 14.2.28
  - Local:        http://localhost:3000
  - Environments: .env
  - Experiments (use with caution):
    · outputFileTracingRoot

 ✓ Starting...
 ✓ Ready in 1881ms
 ○ Compiling / ...
 ✓ Compiled / in 3s (1180 modules)
 GET / 200 in 3668ms
 ✓ Compiled in 639ms (595 modules)
 ○ Compiling /api/auth/me ...
🔵 [AUTH-BACKEND] Auth check request received
🔵 [AUTH-BACKEND] Request headers: {
  accept: '*/*',
  'accept-encoding': 'gzip, deflate, br, zstd',
  'accept-language': 'en-US,en;q=0.9',
  connection: 'keep-alive',
  'content-type': 'application/json',
  host: 'localhost:3000',
  referer: 'http://localhost:3000/',
  'sec-ch-ua': '"Google Chrome";v="135", "Not-A.Brand";v="8", "Chromium";v="135"',
  'sec-ch-ua-mobile': '?0',
  'sec-ch-ua-platform': '"Linux"',
  'sec-fetch-dest': 'empty',
  'sec-fetch-mode': 'cors',
  'sec-fetch-site': 'same-origin',
  'user-agent': 'Mozilla/5.0 (X11; Linux x86_64) AppleWebKit/537.36 (KHTML, like Gecko) HeadlessChrome/135.0.0.0 Safari/537.36',
  'x-forwarded-for': '::ffff:127.0.0.1',
  'x-forwarded-host': 'localhost:3000',
  'x-forwarded-port': '3000',
  'x-forwarded-proto': 'http'
}
🔵 [AUTH-LIB] Getting session
🔵 [AUTH-LIB] Token from cookies: No token found
🔵 [AUTH-LIB] No auth token found in cookies
🔵 [AUTH-BACKEND] Auth check request received
🔵 [AUTH-BACKEND] Request headers: {
  accept: '*/*',
  'accept-encoding': 'gzip, deflate, br, zstd',
  'accept-language': 'en-US,en;q=0.9',
  connection: 'keep-alive',
  'content-type': 'application/json',
  host: 'localhost:3000',
  referer: 'http://localhost:3000/',
  'sec-ch-ua': '"Google Chrome";v="135", "Not-A.Brand";v="8", "Chromium";v="135"',
  'sec-ch-ua-mobile': '?0',
  'sec-ch-ua-platform': '"Linux"',
  'sec-fetch-dest': 'empty',
  'sec-fetch-mode': 'cors',
  'sec-fetch-site': 'same-origin',
  'user-agent': 'Mozilla/5.0 (X11; Linux x86_64) AppleWebKit/537.36 (KHTML, like Gecko) HeadlessChrome/135.0.0.0 Safari/537.36',
  'x-forwarded-for': '::ffff:127.0.0.1',
  'x-forwarded-host': 'localhost:3000',
  'x-forwarded-port': '3000',
  'x-forwarded-proto': 'http'
}
🔵 [AUTH-LIB] Getting session
🔵 [AUTH-LIB] Token from cookies: No token found
🔵 [AUTH-LIB] No auth token found in cookies
🔵 [AUTH-BACKEND] Session check result: No user session
🟢 [AUTH-BACKEND] Auth check completed successfully
🔵 [AUTH-BACKEND] Session check result: No user session
🟢 [AUTH-BACKEND] Auth check completed successfully
 GET /api/auth/me 200 in 819ms
 GET /api/auth/me 200 in 823ms
 GET /api/venues/featured 500 in 844ms
 GET /api/venues/featured 500 in 207ms
 GET /my-bookings 200 in 1855ms
 GET /book 200 in 1856ms
 GET /auth/register 200 in 1866ms
 GET /auth/login 200 in 1869ms
 GET /venues 200 in 1902ms
🔵 [AUTH-BACKEND] Auth check request received
🔵 [AUTH-BACKEND] Request headers: {
  accept: '*/*',
  'accept-encoding': 'gzip, deflate, br, zstd',
  'accept-language': 'en-US,en;q=0.9',
  connection: 'keep-alive',
  'content-type': 'application/json',
  host: 'localhost:3000',
  referer: 'http://localhost:3000/auth/login',
  'sec-ch-ua': '"Google Chrome";v="135", "Not-A.Brand";v="8", "Chromium";v="135"',
  'sec-ch-ua-mobile': '?0',
  'sec-ch-ua-platform': '"Linux"',
  'sec-fetch-dest': 'empty',
  'sec-fetch-mode': 'cors',
  'sec-fetch-site': 'same-origin',
  'user-agent': 'Mozilla/5.0 (X11; Linux x86_64) AppleWebKit/537.36 (KHTML, like Gecko) HeadlessChrome/135.0.0.0 Safari/537.36',
  'x-forwarded-for': '::ffff:127.0.0.1',
  'x-forwarded-host': 'localhost:3000',
  'x-forwarded-port': '3000',
  'x-forwarded-proto': 'http'
}
🔵 [AUTH-LIB] Getting session
🔵 [AUTH-LIB] Token from cookies: No token found
🔵 [AUTH-LIB] No auth token found in cookies
🔵 [AUTH-BACKEND] Session check result: No user session
🟢 [AUTH-BACKEND] Auth check completed successfully
 GET /api/auth/me 200 in 117ms
🔵 [AUTH-BACKEND] Auth check request received
🔵 [AUTH-BACKEND] Request headers: {
  accept: '*/*',
  'accept-encoding': 'gzip, deflate, br, zstd',
  'accept-language': 'en-US,en;q=0.9',
  connection: 'keep-alive',
  'content-type': 'application/json',
  host: 'localhost:3000',
  referer: 'http://localhost:3000/book',
  'sec-ch-ua': '"Google Chrome";v="135", "Not-A.Brand";v="8", "Chromium";v="135"',
  'sec-ch-ua-mobile': '?0',
  'sec-ch-ua-platform': '"Linux"',
  'sec-fetch-dest': 'empty',
  'sec-fetch-mode': 'cors',
  'sec-fetch-site': 'same-origin',
  'user-agent': 'Mozilla/5.0 (X11; Linux x86_64) AppleWebKit/537.36 (KHTML, like Gecko) HeadlessChrome/135.0.0.0 Safari/537.36',
  'x-forwarded-for': '::ffff:127.0.0.1',
  'x-forwarded-host': 'localhost:3000',
  'x-forwarded-port': '3000',
  'x-forwarded-proto': 'http'
}
🔵 [AUTH-LIB] Getting session
🔵 [AUTH-LIB] Token from cookies: No token found
🔵 [AUTH-LIB] No auth token found in cookies
🔵 [AUTH-BACKEND] Auth check request received
🔵 [AUTH-BACKEND] Request headers: {
  accept: '*/*',
  'accept-encoding': 'gzip, deflate, br, zstd',
  'accept-language': 'en-US,en;q=0.9',
  connection: 'keep-alive',
  'content-type': 'application/json',
  host: 'localhost:3000',
  referer: 'http://localhost:3000/book',
  'sec-ch-ua': '"Google Chrome";v="135", "Not-A.Brand";v="8", "Chromium";v="135"',
  'sec-ch-ua-mobile': '?0',
  'sec-ch-ua-platform': '"Linux"',
  'sec-fetch-dest': 'empty',
  'sec-fetch-mode': 'cors',
  'sec-fetch-site': 'same-origin',
  'user-agent': 'Mozilla/5.0 (X11; Linux x86_64) AppleWebKit/537.36 (KHTML, like Gecko) HeadlessChrome/135.0.0.0 Safari/537.36',
  'x-forwarded-for': '::ffff:127.0.0.1',
  'x-forwarded-host': 'localhost:3000',
  'x-forwarded-port': '3000',
  'x-forwarded-proto': 'http'
}
🔵 [AUTH-LIB] Getting session
🔵 [AUTH-LIB] Token from cookies: No token found
🔵 [AUTH-LIB] No auth token found in cookies
🔵 [AUTH-BACKEND] Auth check request received
🔵 [AUTH-BACKEND] Request headers: {
  accept: '*/*',
  'accept-encoding': 'gzip, deflate, br, zstd',
  'accept-language': 'en-US,en;q=0.9',
  connection: 'keep-alive',
  'content-type': 'application/json',
  host: 'localhost:3000',
  referer: 'http://localhost:3000/auth/register',
  'sec-ch-ua': '"Google Chrome";v="135", "Not-A.Brand";v="8", "Chromium";v="135"',
  'sec-ch-ua-mobile': '?0',
  'sec-ch-ua-platform': '"Linux"',
  'sec-fetch-dest': 'empty',
  'sec-fetch-mode': 'cors',
  'sec-fetch-site': 'same-origin',
  'user-agent': 'Mozilla/5.0 (X11; Linux x86_64) AppleWebKit/537.36 (KHTML, like Gecko) HeadlessChrome/135.0.0.0 Safari/537.36',
  'x-forwarded-for': '::ffff:127.0.0.1',
  'x-forwarded-host': 'localhost:3000',
  'x-forwarded-port': '3000',
  'x-forwarded-proto': 'http'
}
🔵 [AUTH-LIB] Getting session
🔵 [AUTH-LIB] Token from cookies: No token found
🔵 [AUTH-LIB] No auth token found in cookies
🔵 [AUTH-BACKEND] Auth check request received
🔵 [AUTH-BACKEND] Request headers: {
  accept: '*/*',
  'accept-encoding': 'gzip, deflate, br, zstd',
  'accept-language': 'en-US,en;q=0.9',
  connection: 'keep-alive',
  'content-type': 'application/json',
  host: 'localhost:3000',
  referer: 'http://localhost:3000/my-bookings',
  'sec-ch-ua': '"Google Chrome";v="135", "Not-A.Brand";v="8", "Chromium";v="135"',
  'sec-ch-ua-mobile': '?0',
  'sec-ch-ua-platform': '"Linux"',
  'sec-fetch-dest': 'empty',
  'sec-fetch-mode': 'cors',
  'sec-fetch-site': 'same-origin',
  'user-agent': 'Mozilla/5.0 (X11; Linux x86_64) AppleWebKit/537.36 (KHTML, like Gecko) HeadlessChrome/135.0.0.0 Safari/537.36',
  'x-forwarded-for': '::ffff:127.0.0.1',
  'x-forwarded-host': 'localhost:3000',
  'x-forwarded-port': '3000',
  'x-forwarded-proto': 'http'
}
🔵 [AUTH-LIB] Getting session
🔵 [AUTH-LIB] Token from cookies: No token found
🔵 [AUTH-LIB] No auth token found in cookies
🔵 [AUTH-BACKEND] Auth check request received
🔵 [AUTH-BACKEND] Request headers: {
  accept: '*/*',
  'accept-encoding': 'gzip, deflate, br, zstd',
  'accept-language': 'en-US,en;q=0.9',
  connection: 'keep-alive',
  'content-type': 'application/json',
  host: 'localhost:3000',
  referer: 'http://localhost:3000/auth/register',
  'sec-ch-ua': '"Google Chrome";v="135", "Not-A.Brand";v="8", "Chromium";v="135"',
  'sec-ch-ua-mobile': '?0',
  'sec-ch-ua-platform': '"Linux"',
  'sec-fetch-dest': 'empty',
  'sec-fetch-mode': 'cors',
  'sec-fetch-site': 'same-origin',
  'user-agent': 'Mozilla/5.0 (X11; Linux x86_64) AppleWebKit/537.36 (KHTML, like Gecko) HeadlessChrome/135.0.0.0 Safari/537.36',
  'x-forwarded-for': '::ffff:127.0.0.1',
  'x-forwarded-host': 'localhost:3000',
  'x-forwarded-port': '3000',
  'x-forwarded-proto': 'http'
}
🔵 [AUTH-LIB] Getting session
🔵 [AUTH-LIB] Token from cookies: No token found
🔵 [AUTH-LIB] No auth token found in cookies
🔵 [AUTH-BACKEND] Auth check request received
🔵 [AUTH-BACKEND] Request headers: {
  accept: '*/*',
  'accept-encoding': 'gzip, deflate, br, zstd',
  'accept-language': 'en-US,en;q=0.9',
  connection: 'keep-alive',
  'content-type': 'application/json',
  host: 'localhost:3000',
  referer: 'http://localhost:3000/my-bookings',
  'sec-ch-ua': '"Google Chrome";v="135", "Not-A.Brand";v="8", "Chromium";v="135"',
  'sec-ch-ua-mobile': '?0',
  'sec-ch-ua-platform': '"Linux"',
  'sec-fetch-dest': 'empty',
  'sec-fetch-mode': 'cors',
  'sec-fetch-site': 'same-origin',
  'user-agent': 'Mozilla/5.0 (X11; Linux x86_64) AppleWebKit/537.36 (KHTML, like Gecko) HeadlessChrome/135.0.0.0 Safari/537.36',
  'x-forwarded-for': '::ffff:127.0.0.1',
  'x-forwarded-host': 'localhost:3000',
  'x-forwarded-port': '3000',
  'x-forwarded-proto': 'http'
}
🔵 [AUTH-LIB] Getting session
🔵 [AUTH-LIB] Token from cookies: No token found
🔵 [AUTH-LIB] No auth token found in cookies
🔵 [AUTH-BACKEND] Auth check request received
🔵 [AUTH-BACKEND] Request headers: {
  accept: '*/*',
  'accept-encoding': 'gzip, deflate, br, zstd',
  'accept-language': 'en-US,en;q=0.9',
  connection: 'keep-alive',
  'content-type': 'application/json',
  host: 'localhost:3000',
  referer: 'http://localhost:3000/venues',
  'sec-ch-ua': '"Google Chrome";v="135", "Not-A.Brand";v="8", "Chromium";v="135"',
  'sec-ch-ua-mobile': '?0',
  'sec-ch-ua-platform': '"Linux"',
  'sec-fetch-dest': 'empty',
  'sec-fetch-mode': 'cors',
  'sec-fetch-site': 'same-origin',
  'user-agent': 'Mozilla/5.0 (X11; Linux x86_64) AppleWebKit/537.36 (KHTML, like Gecko) HeadlessChrome/135.0.0.0 Safari/537.36',
  'x-forwarded-for': '::ffff:127.0.0.1',
  'x-forwarded-host': 'localhost:3000',
  'x-forwarded-port': '3000',
  'x-forwarded-proto': 'http'
}
🔵 [AUTH-LIB] Getting session
🔵 [AUTH-LIB] Token from cookies: No token found
🔵 [AUTH-LIB] No auth token found in cookies
🔵 [AUTH-BACKEND] Auth check request received
🔵 [AUTH-BACKEND] Request headers: {
  accept: '*/*',
  'accept-encoding': 'gzip, deflate, br, zstd',
  'accept-language': 'en-US,en;q=0.9',
  connection: 'keep-alive',
  'content-type': 'application/json',
  host: 'localhost:3000',
  referer: 'http://localhost:3000/venues',
  'sec-ch-ua': '"Google Chrome";v="135", "Not-A.Brand";v="8", "Chromium";v="135"',
  'sec-ch-ua-mobile': '?0',
  'sec-ch-ua-platform': '"Linux"',
  'sec-fetch-dest': 'empty',
  'sec-fetch-mode': 'cors',
  'sec-fetch-site': 'same-origin',
  'user-agent': 'Mozilla/5.0 (X11; Linux x86_64) AppleWebKit/537.36 (KHTML, like Gecko) HeadlessChrome/135.0.0.0 Safari/537.36',
  'x-forwarded-for': '::ffff:127.0.0.1',
  'x-forwarded-host': 'localhost:3000',
  'x-forwarded-port': '3000',
  'x-forwarded-proto': 'http'
}
🔵 [AUTH-LIB] Getting session
🔵 [AUTH-LIB] Token from cookies: No token found
🔵 [AUTH-LIB] No auth token found in cookies
🔵 [AUTH-BACKEND] Auth check request received
🔵 [AUTH-BACKEND] Request headers: {
  accept: '*/*',
  'accept-encoding': 'gzip, deflate, br, zstd',
  'accept-language': 'en-US,en;q=0.9',
  connection: 'keep-alive',
  'content-type': 'application/json',
  host: 'localhost:3000',
  referer: 'http://localhost:3000/auth/login',
  'sec-ch-ua': '"Google Chrome";v="135", "Not-A.Brand";v="8", "Chromium";v="135"',
  'sec-ch-ua-mobile': '?0',
  'sec-ch-ua-platform': '"Linux"',
  'sec-fetch-dest': 'empty',
  'sec-fetch-mode': 'cors',
  'sec-fetch-site': 'same-origin',
  'user-agent': 'Mozilla/5.0 (X11; Linux x86_64) AppleWebKit/537.36 (KHTML, like Gecko) HeadlessChrome/135.0.0.0 Safari/537.36',
  'x-forwarded-for': '::ffff:127.0.0.1',
  'x-forwarded-host': 'localhost:3000',
  'x-forwarded-port': '3000',
  'x-forwarded-proto': 'http'
}
🔵 [AUTH-LIB] Getting session
🔵 [AUTH-LIB] Token from cookies: No token found
🔵 [AUTH-LIB] No auth token found in cookies
🔵 [AUTH-BACKEND] Session check result: No user session
🟢 [AUTH-BACKEND] Auth check completed successfully
🔵 [AUTH-BACKEND] Session check result: No user session
🟢 [AUTH-BACKEND] Auth check completed successfully
🔵 [AUTH-BACKEND] Session check result: No user session
🟢 [AUTH-BACKEND] Auth check completed successfully
🔵 [AUTH-BACKEND] Session check result: No user session
🟢 [AUTH-BACKEND] Auth check completed successfully
🔵 [AUTH-BACKEND] Session check result: No user session
🟢 [AUTH-BACKEND] Auth check completed successfully
🔵 [AUTH-BACKEND] Session check result: No user session
🟢 [AUTH-BACKEND] Auth check completed successfully
🔵 [AUTH-BACKEND] Session check result: No user session
🟢 [AUTH-BACKEND] Auth check completed successfully
🔵 [AUTH-BACKEND] Session check result: No user session
🟢 [AUTH-BACKEND] Auth check completed successfully
🔵 [AUTH-BACKEND] Session check result: No user session
🟢 [AUTH-BACKEND] Auth check completed successfully
 GET /api/auth/me 200 in 636ms
 GET /api/auth/me 200 in 627ms
 GET /api/auth/me 200 in 623ms
 GET /api/auth/me 200 in 623ms
 GET /api/auth/me 200 in 622ms
 GET /api/auth/me 200 in 622ms
 GET /api/auth/me 200 in 618ms
 GET /api/auth/me 200 in 616ms
 GET /api/auth/me 200 in 668ms
 GET /api/public/venues 200 in 744ms
 GET /api/public/venues?page=1&limit=12 200 in 770ms
 GET /api/public/venues 200 in 57ms
 GET /api/public/venues?page=1&limit=12 200 in 71ms
 GET / 200 in 1099ms
 GET /api/venues/featured 500 in 67ms
🔵 [AUTH-BACKEND] Auth check request received
🔵 [AUTH-BACKEND] Request headers: {
  accept: '*/*',
  'accept-encoding': 'gzip, deflate, br, zstd',
  'accept-language': 'en-US,en;q=0.9',
  connection: 'keep-alive',
  'content-type': 'application/json',
  host: 'localhost:3000',
  referer: 'http://localhost:3000/',
  'sec-ch-ua': '"Google Chrome";v="135", "Not-A.Brand";v="8", "Chromium";v="135"',
  'sec-ch-ua-mobile': '?0',
  'sec-ch-ua-platform': '"Linux"',
  'sec-fetch-dest': 'empty',
  'sec-fetch-mode': 'cors',
  'sec-fetch-site': 'same-origin',
  'user-agent': 'Mozilla/5.0 (X11; Linux x86_64) AppleWebKit/537.36 (KHTML, like Gecko) HeadlessChrome/135.0.0.0 Safari/537.36',
  'x-forwarded-for': '::ffff:127.0.0.1',
  'x-forwarded-host': 'localhost:3000',
  'x-forwarded-port': '3000',
  'x-forwarded-proto': 'http'
}
🔵 [AUTH-LIB] Getting session
🔵 [AUTH-LIB] Token from cookies: No token found
🔵 [AUTH-LIB] No auth token found in cookies
🔵 [AUTH-BACKEND] Auth check request received
🔵 [AUTH-BACKEND] Request headers: {
  accept: '*/*',
  'accept-encoding': 'gzip, deflate, br, zstd',
  'accept-language': 'en-US,en;q=0.9',
  connection: 'keep-alive',
  'content-type': 'application/json',
  host: 'localhost:3000',
  referer: 'http://localhost:3000/',
  'sec-ch-ua': '"Google Chrome";v="135", "Not-A.Brand";v="8", "Chromium";v="135"',
  'sec-ch-ua-mobile': '?0',
  'sec-ch-ua-platform': '"Linux"',
  'sec-fetch-dest': 'empty',
  'sec-fetch-mode': 'cors',
  'sec-fetch-site': 'same-origin',
  'user-agent': 'Mozilla/5.0 (X11; Linux x86_64) AppleWebKit/537.36 (KHTML, like Gecko) HeadlessChrome/135.0.0.0 Safari/537.36',
  'x-forwarded-for': '::ffff:127.0.0.1',
  'x-forwarded-host': 'localhost:3000',
  'x-forwarded-port': '3000',
  'x-forwarded-proto': 'http'
}
🔵 [AUTH-LIB] Getting session
🔵 [AUTH-LIB] Token from cookies: No token found
🔵 [AUTH-LIB] No auth token found in cookies
🔵 [AUTH-BACKEND] Session check result: No user session
🟢 [AUTH-BACKEND] Auth check completed successfully
🔵 [AUTH-BACKEND] Session check result: No user session
🟢 [AUTH-BACKEND] Auth check completed successfully
 GET /api/auth/me 200 in 100ms
 GET /api/auth/me 200 in 95ms
 GET /widget/cmbz2opym0002m394a8xjeeiy 200 in 1472ms
 GET /book/cmbz2opym0002m394a8xjeeiy 200 in 1501ms
 GET /api/venues/featured 500 in 112ms
🔵 [AUTH-BACKEND] Auth check request received
🔵 [AUTH-BACKEND] Request headers: {
  accept: '*/*',
  'accept-encoding': 'gzip, deflate, br, zstd',
  'accept-language': 'en-US,en;q=0.9',
  connection: 'keep-alive',
  'content-type': 'application/json',
  host: 'localhost:3000',
  referer: 'http://localhost:3000/widget/cmbz2opym0002m394a8xjeeiy',
  'sec-ch-ua': '"Google Chrome";v="135", "Not-A.Brand";v="8", "Chromium";v="135"',
  'sec-ch-ua-mobile': '?0',
  'sec-ch-ua-platform': '"Linux"',
  'sec-fetch-dest': 'empty',
  'sec-fetch-mode': 'cors',
  'sec-fetch-site': 'same-origin',
  'user-agent': 'Mozilla/5.0 (X11; Linux x86_64) AppleWebKit/537.36 (KHTML, like Gecko) HeadlessChrome/135.0.0.0 Safari/537.36',
  'x-forwarded-for': '::ffff:127.0.0.1',
  'x-forwarded-host': 'localhost:3000',
  'x-forwarded-port': '3000',
  'x-forwarded-proto': 'http'
}
🔵 [AUTH-LIB] Getting session
🔵 [AUTH-LIB] Token from cookies: No token found
🔵 [AUTH-LIB] No auth token found in cookies
🔵 [AUTH-BACKEND] Auth check request received
🔵 [AUTH-BACKEND] Request headers: {
  accept: '*/*',
  'accept-encoding': 'gzip, deflate, br, zstd',
  'accept-language': 'en-US,en;q=0.9',
  connection: 'keep-alive',
  'content-type': 'application/json',
  host: 'localhost:3000',
  referer: 'http://localhost:3000/book/cmbz2opym0002m394a8xjeeiy',
  'sec-ch-ua': '"Google Chrome";v="135", "Not-A.Brand";v="8", "Chromium";v="135"',
  'sec-ch-ua-mobile': '?0',
  'sec-ch-ua-platform': '"Linux"',
  'sec-fetch-dest': 'empty',
  'sec-fetch-mode': 'cors',
  'sec-fetch-site': 'same-origin',
  'user-agent': 'Mozilla/5.0 (X11; Linux x86_64) AppleWebKit/537.36 (KHTML, like Gecko) HeadlessChrome/135.0.0.0 Safari/537.36',
  'x-forwarded-for': '::ffff:127.0.0.1',
  'x-forwarded-host': 'localhost:3000',
  'x-forwarded-port': '3000',
  'x-forwarded-proto': 'http'
}
🔵 [AUTH-LIB] Getting session
🔵 [AUTH-LIB] Token from cookies: No token found
🔵 [AUTH-LIB] No auth token found in cookies
🔵 [AUTH-BACKEND] Auth check request received
🔵 [AUTH-BACKEND] Request headers: {
  accept: '*/*',
  'accept-encoding': 'gzip, deflate, br, zstd',
  'accept-language': 'en-US,en;q=0.9',
  connection: 'keep-alive',
  'content-type': 'application/json',
  host: 'localhost:3000',
  referer: 'http://localhost:3000/book/cmbz2opym0002m394a8xjeeiy',
  'sec-ch-ua': '"Google Chrome";v="135", "Not-A.Brand";v="8", "Chromium";v="135"',
  'sec-ch-ua-mobile': '?0',
  'sec-ch-ua-platform': '"Linux"',
  'sec-fetch-dest': 'empty',
  'sec-fetch-mode': 'cors',
  'sec-fetch-site': 'same-origin',
  'user-agent': 'Mozilla/5.0 (X11; Linux x86_64) AppleWebKit/537.36 (KHTML, like Gecko) HeadlessChrome/135.0.0.0 Safari/537.36',
  'x-forwarded-for': '::ffff:127.0.0.1',
  'x-forwarded-host': 'localhost:3000',
  'x-forwarded-port': '3000',
  'x-forwarded-proto': 'http'
}
🔵 [AUTH-LIB] Getting session
🔵 [AUTH-LIB] Token from cookies: No token found
🔵 [AUTH-LIB] No auth token found in cookies
🔵 [AUTH-BACKEND] Auth check request received
🔵 [AUTH-BACKEND] Request headers: {
  accept: '*/*',
  'accept-encoding': 'gzip, deflate, br, zstd',
  'accept-language': 'en-US,en;q=0.9',
  connection: 'keep-alive',
  'content-type': 'application/json',
  host: 'localhost:3000',
  referer: 'http://localhost:3000/widget/cmbz2opym0002m394a8xjeeiy',
  'sec-ch-ua': '"Google Chrome";v="135", "Not-A.Brand";v="8", "Chromium";v="135"',
  'sec-ch-ua-mobile': '?0',
  'sec-ch-ua-platform': '"Linux"',
  'sec-fetch-dest': 'empty',
  'sec-fetch-mode': 'cors',
  'sec-fetch-site': 'same-origin',
  'user-agent': 'Mozilla/5.0 (X11; Linux x86_64) AppleWebKit/537.36 (KHTML, like Gecko) HeadlessChrome/135.0.0.0 Safari/537.36',
  'x-forwarded-for': '::ffff:127.0.0.1',
  'x-forwarded-host': 'localhost:3000',
  'x-forwarded-port': '3000',
  'x-forwarded-proto': 'http'
}
🔵 [AUTH-LIB] Getting session
🔵 [AUTH-LIB] Token from cookies: No token found
🔵 [AUTH-LIB] No auth token found in cookies
🔵 [AUTH-BACKEND] Session check result: No user session
🟢 [AUTH-BACKEND] Auth check completed successfully
🔵 [AUTH-BACKEND] Session check result: No user session
🟢 [AUTH-BACKEND] Auth check completed successfully
🔵 [AUTH-BACKEND] Session check result: No user session
🟢 [AUTH-BACKEND] Auth check completed successfully
🔵 [AUTH-BACKEND] Session check result: No user session
🟢 [AUTH-BACKEND] Auth check completed successfully
 GET /api/auth/me 200 in 631ms
 GET /api/auth/me 200 in 623ms
 GET /api/auth/me 200 in 619ms
 GET /api/auth/me 200 in 636ms
 GET /api/public/venues/cmbz2opym0002m394a8xjeeiy 200 in 901ms
 GET /api/public/venues/cmbz2opym0002m394a8xjeeiy 200 in 883ms
 GET /api/public/venues/cmbz2opym0002m394a8xjeeiy 200 in 83ms
 GET /api/public/venues/cmbz2opym0002m394a8xjeeiy 200 in 95ms
 GET /auth/register 200 in 223ms
 GET / 200 in 308ms
 GET /my-bookings 200 in 309ms
 GET /auth/login 200 in 314ms
 GET /venues 200 in 315ms
 GET /book 200 in 315ms
 GET /widget/cmbz2opym0002m394a8xjeeiy 200 in 316ms
 GET /book/cmbz2opym0002m394a8xjeeiy 200 in 316ms
 GET /api/venues/featured 500 in 37ms
 ✓ Compiled /api/public/venues/[id] in 957ms (1538 modules)
 ✓ Compiled in 786ms (1538 modules)
 ✓ Compiled in 375ms (705 modules)
 ✓ Compiled in 416ms (705 modules)
 ✓ Compiled in 454ms (705 modules)
 ✓ Compiled in 361ms (705 modules)
 ✓ Compiled in 336ms (705 modules)
 GET /api/venues/featured 200 in 69ms
 ✓ Compiled /api/auth/login in 110ms (153 modules)
🔵 [LOGIN-API] Login attempt started
🔵 [LOGIN-API] Request body parsed successfully
🔵 [LOGIN-API] Input validation successful for email: joncalvert2018@outlook.com
🔵 [LOGIN-API] Database query completed, user found: true
🔵 [LOGIN-API] Password verification completed: true
🔵 [LOGIN-API] Session created successfully
🟢 [LOGIN-API] Login successful for user: joncalvert2018@outlook.com
🔵 [LOGIN-API] Auth cookie set successfully
 POST /api/auth/login 200 in 308ms
 ✓ Compiled /api/admin/venues in 109ms (155 modules)
🔵 [AUTH-LIB] Getting session
🔵 [AUTH-LIB] Token from cookies: Token found (eyJhbGciOiJIUzI1NiIs...)
🔵 [AUTH-LIB] Looking up session in database
🔵 [AUTH-LIB] Session found, checking expiration
🟢 [AUTH-LIB] Valid session found for user: joncalvert2018@outlook.com
 GET /api/admin/venues 200 in 184ms
 ✓ Compiled /api/admin/venues/featured in 98ms (151 modules)
🔵 [AUTH-LIB] Getting session
🔵 [AUTH-LIB] Token from cookies: Token found (eyJhbGciOiJIUzI1NiIs...)
🔵 [AUTH-LIB] Looking up session in database
🔵 [AUTH-LIB] Session found, checking expiration
🟢 [AUTH-LIB] Valid session found for user: joncalvert2018@outlook.com
 POST /api/admin/venues/featured 500 in 168ms
 ✓ Compiled in 702ms (856 modules)
 ✓ Compiled in 460ms (856 modules)
🔵 [AUTH-LIB] Getting session
🔵 [AUTH-LIB] Token from cookies: Token found (eyJhbGciOiJIUzI1NiIs...)
🔵 [AUTH-LIB] Looking up session in database
🔵 [AUTH-LIB] Session found, checking expiration
🟢 [AUTH-LIB] Valid session found for user: joncalvert2018@outlook.com
 POST /api/admin/venues/featured 200 in 75ms
🔵 [AUTH-LIB] Getting session
🔵 [AUTH-LIB] Token from cookies: Token found (eyJhbGciOiJIUzI1NiIs...)
🔵 [AUTH-LIB] Looking up session in database
🔵 [AUTH-LIB] Session found, checking expiration
🟢 [AUTH-LIB] Valid session found for user: joncalvert2018@outlook.com
 POST /api/admin/venues/featured 200 in 49ms
🔵 [AUTH-LIB] Getting session
🔵 [AUTH-LIB] Token from cookies: Token found (eyJhbGciOiJIUzI1NiIs...)
🔵 [AUTH-LIB] Looking up session in database
🔵 [AUTH-LIB] Session found, checking expiration
🟢 [AUTH-LIB] Valid session found for user: joncalvert2018@outlook.com
 POST /api/admin/venues/featured 200 in 46ms
 ✓ Compiled /api/venues/featured in 76ms (151 modules)
 GET /api/venues/featured 200 in 135ms
🔵 [AUTH-LIB] Getting session
🔵 [AUTH-LIB] Token from cookies: Token found (eyJhbGciOiJIUzI1NiIs...)
🔵 [AUTH-LIB] Looking up session in database
🔵 [AUTH-LIB] Session found, checking expiration
🟢 [AUTH-LIB] Valid session found for user: joncalvert2018@outlook.com
 POST /api/admin/venues/featured 400 in 50ms
 ○ Compiling / ...
 ✓ Compiled / in 742ms (706 modules)
 GET / 200 in 990ms
 GET /api/venues/featured 200 in 68ms
 ✓ Compiled /api/auth/me in 157ms (708 modules)
🔵 [AUTH-BACKEND] Auth check request received
🔵 [AUTH-BACKEND] Request headers: {
  accept: '*/*',
  'accept-encoding': 'gzip, deflate, br, zstd',
  'accept-language': 'en-US,en;q=0.9',
  connection: 'keep-alive',
  'content-type': 'application/json',
  cookie: 'next-auth.callback-url=http%3A%2F%2Flocalhost%3A3000%2Fdashboard; next-auth.csrf-token=35444b04df4a9254400521b3a0a4d4269741131fd0d0ced23c8087cf287afc69%7C63151685019b9da549ce8eb3263a26e6027aba835f01e64916ca1173bb4c5dac; __stripe_mid=8eaac037-ff88-48a4-a002-3ce6bffc7970f2b296; auth-token=eyJhbGciOiJIUzI1NiIsInR5cCI6IkpXVCJ9.eyJ1c2VySWQiOiJjbWJ6MzUxNTEwMDAwcW4wMWF5amlrNDMzIiwiaWF0IjoxNzUwMTU1NjEzLCJleHAiOjE3NTA3NjA0MTN9.JJqlaJhiaUR5NNnJF6UGklwoqZZMnPPFU_2VRz7noAE',
  host: 'localhost:3000',
  referer: 'http://localhost:3000/',
  'sec-ch-ua': '"Google Chrome";v="135", "Not-A.Brand";v="8", "Chromium";v="135"',
  'sec-ch-ua-mobile': '?0',
  'sec-ch-ua-platform': '"Linux"',
  'sec-fetch-dest': 'empty',
  'sec-fetch-mode': 'cors',
  'sec-fetch-site': 'same-origin',
  'user-agent': 'Mozilla/5.0 (X11; Linux x86_64) AppleWebKit/537.36 (KHTML, like Gecko) Chrome/135.0.0.0 Safari/537.36',
  'x-forwarded-for': '::ffff:127.0.0.1',
  'x-forwarded-host': 'localhost:3000',
  'x-forwarded-port': '3000',
  'x-forwarded-proto': 'http'
}
🔵 [AUTH-LIB] Getting session
🔵 [AUTH-LIB] Token from cookies: Token found (eyJhbGciOiJIUzI1NiIs...)
🔵 [AUTH-LIB] Looking up session in database
🔵 [AUTH-BACKEND] Auth check request received
🔵 [AUTH-BACKEND] Request headers: {
  accept: '*/*',
  'accept-encoding': 'gzip, deflate, br, zstd',
  'accept-language': 'en-US,en;q=0.9',
  connection: 'keep-alive',
  'content-type': 'application/json',
  cookie: 'next-auth.callback-url=http%3A%2F%2Flocalhost%3A3000%2Fdashboard; next-auth.csrf-token=35444b04df4a9254400521b3a0a4d4269741131fd0d0ced23c8087cf287afc69%7C63151685019b9da549ce8eb3263a26e6027aba835f01e64916ca1173bb4c5dac; __stripe_mid=8eaac037-ff88-48a4-a002-3ce6bffc7970f2b296; auth-token=eyJhbGciOiJIUzI1NiIsInR5cCI6IkpXVCJ9.eyJ1c2VySWQiOiJjbWJ6MzUxNTEwMDAwcW4wMWF5amlrNDMzIiwiaWF0IjoxNzUwMTU1NjEzLCJleHAiOjE3NTA3NjA0MTN9.JJqlaJhiaUR5NNnJF6UGklwoqZZMnPPFU_2VRz7noAE',
  host: 'localhost:3000',
  referer: 'http://localhost:3000/',
  'sec-ch-ua': '"Google Chrome";v="135", "Not-A.Brand";v="8", "Chromium";v="135"',
  'sec-ch-ua-mobile': '?0',
  'sec-ch-ua-platform': '"Linux"',
  'sec-fetch-dest': 'empty',
  'sec-fetch-mode': 'cors',
  'sec-fetch-site': 'same-origin',
  'user-agent': 'Mozilla/5.0 (X11; Linux x86_64) AppleWebKit/537.36 (KHTML, like Gecko) Chrome/135.0.0.0 Safari/537.36',
  'x-forwarded-for': '::ffff:127.0.0.1',
  'x-forwarded-host': 'localhost:3000',
  'x-forwarded-port': '3000',
  'x-forwarded-proto': 'http'
}
🔵 [AUTH-LIB] Getting session
🔵 [AUTH-LIB] Token from cookies: Token found (eyJhbGciOiJIUzI1NiIs...)
🔵 [AUTH-LIB] Looking up session in database
🔵 [AUTH-LIB] Session found, checking expiration
🟢 [AUTH-LIB] Valid session found for user: joncalvert2018@outlook.com
🔵 [AUTH-LIB] Session found, checking expiration
🟢 [AUTH-LIB] Valid session found for user: joncalvert2018@outlook.com
🔵 [AUTH-BACKEND] Session check result: User found: joncalvert2018@outlook.com
🟢 [AUTH-BACKEND] Auth check completed successfully
🔵 [AUTH-BACKEND] Session check result: User found: joncalvert2018@outlook.com
🟢 [AUTH-BACKEND] Auth check completed successfully
 GET /api/auth/me 200 in 458ms
 GET /api/auth/me 200 in 446ms
 GET /api/venues/featured 200 in 379ms
 ○ Compiling /admin ...
 ✓ Compiled /admin in 558ms (1419 modules)
 ✓ Compiled /api/admin/stats in 196ms (720 modules)
🔵 [AUTH-LIB] Getting session
🔵 [AUTH-LIB] Token from cookies: Token found (eyJhbGciOiJIUzI1NiIs...)
🔵 [AUTH-LIB] Looking up session in database
🔵 [AUTH-LIB] Session found, checking expiration
🟢 [AUTH-LIB] Valid session found for user: joncalvert2018@outlook.com
 GET /api/admin/stats 200 in 320ms
🔵 [AUTH-LIB] Getting session
🔵 [AUTH-LIB] Token from cookies: Token found (eyJhbGciOiJIUzI1NiIs...)
🔵 [AUTH-LIB] Looking up session in database
🔵 [AUTH-LIB] Session found, checking expiration
🟢 [AUTH-LIB] Valid session found for user: joncalvert2018@outlook.com
 GET /api/admin/stats 200 in 51ms
 GET /admin 200 in 76ms
🔵 [AUTH-BACKEND] Auth check request received
🔵 [AUTH-BACKEND] Request headers: {
  accept: '*/*',
  'accept-encoding': 'gzip, deflate, br, zstd',
  'accept-language': 'en-US,en;q=0.9',
  connection: 'keep-alive',
  'content-type': 'application/json',
  cookie: 'next-auth.callback-url=http%3A%2F%2Flocalhost%3A3000%2Fdashboard; next-auth.csrf-token=35444b04df4a9254400521b3a0a4d4269741131fd0d0ced23c8087cf287afc69%7C63151685019b9da549ce8eb3263a26e6027aba835f01e64916ca1173bb4c5dac; __stripe_mid=8eaac037-ff88-48a4-a002-3ce6bffc7970f2b296; auth-token=eyJhbGciOiJIUzI1NiIsInR5cCI6IkpXVCJ9.eyJ1c2VySWQiOiJjbWJ6MzUxNTEwMDAwcW4wMWF5amlrNDMzIiwiaWF0IjoxNzUwMTU1NjEzLCJleHAiOjE3NTA3NjA0MTN9.JJqlaJhiaUR5NNnJF6UGklwoqZZMnPPFU_2VRz7noAE',
  host: 'localhost:3000',
  referer: 'http://localhost:3000/admin',
  'sec-ch-ua': '"Google Chrome";v="135", "Not-A.Brand";v="8", "Chromium";v="135"',
  'sec-ch-ua-mobile': '?0',
  'sec-ch-ua-platform': '"Linux"',
  'sec-fetch-dest': 'empty',
  'sec-fetch-mode': 'cors',
  'sec-fetch-site': 'same-origin',
  'user-agent': 'Mozilla/5.0 (X11; Linux x86_64) AppleWebKit/537.36 (KHTML, like Gecko) Chrome/135.0.0.0 Safari/537.36',
  'x-forwarded-for': '::ffff:127.0.0.1',
  'x-forwarded-host': 'localhost:3000',
  'x-forwarded-port': '3000',
  'x-forwarded-proto': 'http'
}
🔵 [AUTH-LIB] Getting session
🔵 [AUTH-LIB] Token from cookies: Token found (eyJhbGciOiJIUzI1NiIs...)
🔵 [AUTH-LIB] Looking up session in database
🔵 [AUTH-LIB] Session found, checking expiration
🟢 [AUTH-LIB] Valid session found for user: joncalvert2018@outlook.com
🔵 [AUTH-BACKEND] Session check result: User found: joncalvert2018@outlook.com
🟢 [AUTH-BACKEND] Auth check completed successfully
 GET /api/auth/me 200 in 68ms
🔵 [AUTH-BACKEND] Auth check request received
🔵 [AUTH-BACKEND] Request headers: {
  accept: '*/*',
  'accept-encoding': 'gzip, deflate, br, zstd',
  'accept-language': 'en-US,en;q=0.9',
  connection: 'keep-alive',
  'content-type': 'application/json',
  cookie: 'next-auth.callback-url=http%3A%2F%2Flocalhost%3A3000%2Fdashboard; next-auth.csrf-token=35444b04df4a9254400521b3a0a4d4269741131fd0d0ced23c8087cf287afc69%7C63151685019b9da549ce8eb3263a26e6027aba835f01e64916ca1173bb4c5dac; __stripe_mid=8eaac037-ff88-48a4-a002-3ce6bffc7970f2b296; auth-token=eyJhbGciOiJIUzI1NiIsInR5cCI6IkpXVCJ9.eyJ1c2VySWQiOiJjbWJ6MzUxNTEwMDAwcW4wMWF5amlrNDMzIiwiaWF0IjoxNzUwMTU1NjEzLCJleHAiOjE3NTA3NjA0MTN9.JJqlaJhiaUR5NNnJF6UGklwoqZZMnPPFU_2VRz7noAE',
  host: 'localhost:3000',
  referer: 'http://localhost:3000/admin',
  'sec-ch-ua': '"Google Chrome";v="135", "Not-A.Brand";v="8", "Chromium";v="135"',
  'sec-ch-ua-mobile': '?0',
  'sec-ch-ua-platform': '"Linux"',
  'sec-fetch-dest': 'empty',
  'sec-fetch-mode': 'cors',
  'sec-fetch-site': 'same-origin',
  'user-agent': 'Mozilla/5.0 (X11; Linux x86_64) AppleWebKit/537.36 (KHTML, like Gecko) Chrome/135.0.0.0 Safari/537.36',
  'x-forwarded-for': '::ffff:127.0.0.1',
  'x-forwarded-host': 'localhost:3000',
  'x-forwarded-port': '3000',
  'x-forwarded-proto': 'http'
}
🔵 [AUTH-LIB] Getting session
🔵 [AUTH-LIB] Token from cookies: Token found (eyJhbGciOiJIUzI1NiIs...)
🔵 [AUTH-LIB] Looking up session in database
🔵 [AUTH-LIB] Session found, checking expiration
🟢 [AUTH-LIB] Valid session found for user: joncalvert2018@outlook.com
🔵 [AUTH-BACKEND] Session check result: User found: joncalvert2018@outlook.com
🟢 [AUTH-BACKEND] Auth check completed successfully
 GET /api/auth/me 200 in 75ms
🔵 [AUTH-LIB] Getting session
🔵 [AUTH-LIB] Token from cookies: Token found (eyJhbGciOiJIUzI1NiIs...)
🔵 [AUTH-LIB] Looking up session in database
🔵 [AUTH-LIB] Session found, checking expiration
🟢 [AUTH-LIB] Valid session found for user: joncalvert2018@outlook.com
 GET /api/admin/stats 200 in 50ms
🔵 [AUTH-LIB] Getting session
🔵 [AUTH-LIB] Token from cookies: Token found (eyJhbGciOiJIUzI1NiIs...)
🔵 [AUTH-LIB] Looking up session in database
🔵 [AUTH-LIB] Session found, checking expiration
🟢 [AUTH-LIB] Valid session found for user: joncalvert2018@outlook.com
 GET /api/admin/stats 200 in 52ms
 ○ Compiling /admin/venues ...
 ✓ Compiled /admin/venues in 942ms (1510 modules)
 GET /admin/venues 200 in 1096ms
🔵 [AUTH-BACKEND] Auth check request received
🔵 [AUTH-BACKEND] Request headers: {
  accept: '*/*',
  'accept-encoding': 'gzip, deflate, br, zstd',
  'accept-language': 'en-US,en;q=0.9',
  connection: 'keep-alive',
  'content-type': 'application/json',
  cookie: 'next-auth.callback-url=http%3A%2F%2Flocalhost%3A3000%2Fdashboard; next-auth.csrf-token=35444b04df4a9254400521b3a0a4d4269741131fd0d0ced23c8087cf287afc69%7C63151685019b9da549ce8eb3263a26e6027aba835f01e64916ca1173bb4c5dac; __stripe_mid=8eaac037-ff88-48a4-a002-3ce6bffc7970f2b296; auth-token=eyJhbGciOiJIUzI1NiIsInR5cCI6IkpXVCJ9.eyJ1c2VySWQiOiJjbWJ6MzUxNTEwMDAwcW4wMWF5amlrNDMzIiwiaWF0IjoxNzUwMTU1NjEzLCJleHAiOjE3NTA3NjA0MTN9.JJqlaJhiaUR5NNnJF6UGklwoqZZMnPPFU_2VRz7noAE',
  host: 'localhost:3000',
  referer: 'http://localhost:3000/admin/venues',
  'sec-ch-ua': '"Google Chrome";v="135", "Not-A.Brand";v="8", "Chromium";v="135"',
  'sec-ch-ua-mobile': '?0',
  'sec-ch-ua-platform': '"Linux"',
  'sec-fetch-dest': 'empty',
  'sec-fetch-mode': 'cors',
  'sec-fetch-site': 'same-origin',
  'user-agent': 'Mozilla/5.0 (X11; Linux x86_64) AppleWebKit/537.36 (KHTML, like Gecko) Chrome/135.0.0.0 Safari/537.36',
  'x-forwarded-for': '::ffff:127.0.0.1',
  'x-forwarded-host': 'localhost:3000',
  'x-forwarded-port': '3000',
  'x-forwarded-proto': 'http'
}
🔵 [AUTH-LIB] Getting session
🔵 [AUTH-LIB] Token from cookies: Token found (eyJhbGciOiJIUzI1NiIs...)
🔵 [AUTH-LIB] Looking up session in database
🔵 [AUTH-LIB] Session found, checking expiration
🟢 [AUTH-LIB] Valid session found for user: joncalvert2018@outlook.com
🔵 [AUTH-BACKEND] Session check result: User found: joncalvert2018@outlook.com
🟢 [AUTH-BACKEND] Auth check completed successfully
 GET /api/auth/me 200 in 78ms
🔵 [AUTH-BACKEND] Auth check request received
🔵 [AUTH-BACKEND] Request headers: {
  accept: '*/*',
  'accept-encoding': 'gzip, deflate, br, zstd',
  'accept-language': 'en-US,en;q=0.9',
  connection: 'keep-alive',
  'content-type': 'application/json',
  cookie: 'next-auth.callback-url=http%3A%2F%2Flocalhost%3A3000%2Fdashboard; next-auth.csrf-token=35444b04df4a9254400521b3a0a4d4269741131fd0d0ced23c8087cf287afc69%7C63151685019b9da549ce8eb3263a26e6027aba835f01e64916ca1173bb4c5dac; __stripe_mid=8eaac037-ff88-48a4-a002-3ce6bffc7970f2b296; auth-token=eyJhbGciOiJIUzI1NiIsInR5cCI6IkpXVCJ9.eyJ1c2VySWQiOiJjbWJ6MzUxNTEwMDAwcW4wMWF5amlrNDMzIiwiaWF0IjoxNzUwMTU1NjEzLCJleHAiOjE3NTA3NjA0MTN9.JJqlaJhiaUR5NNnJF6UGklwoqZZMnPPFU_2VRz7noAE',
  host: 'localhost:3000',
  referer: 'http://localhost:3000/admin/venues',
  'sec-ch-ua': '"Google Chrome";v="135", "Not-A.Brand";v="8", "Chromium";v="135"',
  'sec-ch-ua-mobile': '?0',
  'sec-ch-ua-platform': '"Linux"',
  'sec-fetch-dest': 'empty',
  'sec-fetch-mode': 'cors',
  'sec-fetch-site': 'same-origin',
  'user-agent': 'Mozilla/5.0 (X11; Linux x86_64) AppleWebKit/537.36 (KHTML, like Gecko) Chrome/135.0.0.0 Safari/537.36',
  'x-forwarded-for': '::ffff:127.0.0.1',
  'x-forwarded-host': 'localhost:3000',
  'x-forwarded-port': '3000',
  'x-forwarded-proto': 'http'
}
🔵 [AUTH-LIB] Getting session
🔵 [AUTH-LIB] Token from cookies: Token found (eyJhbGciOiJIUzI1NiIs...)
🔵 [AUTH-LIB] Looking up session in database
🔵 [AUTH-LIB] Session found, checking expiration
🟢 [AUTH-LIB] Valid session found for user: joncalvert2018@outlook.com
🔵 [AUTH-BACKEND] Session check result: User found: joncalvert2018@outlook.com
🟢 [AUTH-BACKEND] Auth check completed successfully
 GET /api/auth/me 200 in 75ms
 ✓ Compiled /api/admin/venues in 280ms (799 modules)
🔵 [AUTH-LIB] Getting session
🔵 [AUTH-LIB] Token from cookies: Token found (eyJhbGciOiJIUzI1NiIs...)
🔵 [AUTH-LIB] Looking up session in database
🔵 [AUTH-LIB] Session found, checking expiration
🟢 [AUTH-LIB] Valid session found for user: joncalvert2018@outlook.com
 GET /api/admin/venues?page=1&limit=10 200 in 445ms
🔵 [AUTH-LIB] Getting session
🔵 [AUTH-LIB] Token from cookies: Token found (eyJhbGciOiJIUzI1NiIs...)
🔵 [AUTH-LIB] Looking up session in database
🔵 [AUTH-LIB] Session found, checking expiration
🟢 [AUTH-LIB] Valid session found for user: joncalvert2018@outlook.com
 GET /api/admin/venues?page=1&limit=10 200 in 54ms
 GET / 200 in 84ms
🔵 [AUTH-BACKEND] Auth check request received
🔵 [AUTH-BACKEND] Request headers: {
  accept: '*/*',
  'accept-encoding': 'gzip, deflate, br, zstd',
  'accept-language': 'en-US,en;q=0.9',
  connection: 'keep-alive',
  'content-type': 'application/json',
  cookie: 'next-auth.callback-url=http%3A%2F%2Flocalhost%3A3000%2Fdashboard; next-auth.csrf-token=35444b04df4a9254400521b3a0a4d4269741131fd0d0ced23c8087cf287afc69%7C63151685019b9da549ce8eb3263a26e6027aba835f01e64916ca1173bb4c5dac; __stripe_mid=8eaac037-ff88-48a4-a002-3ce6bffc7970f2b296; auth-token=eyJhbGciOiJIUzI1NiIsInR5cCI6IkpXVCJ9.eyJ1c2VySWQiOiJjbWJ6MzUxNTEwMDAwcW4wMWF5amlrNDMzIiwiaWF0IjoxNzUwMTU1NjEzLCJleHAiOjE3NTA3NjA0MTN9.JJqlaJhiaUR5NNnJF6UGklwoqZZMnPPFU_2VRz7noAE',
  host: 'localhost:3000',
  referer: 'http://localhost:3000/',
  'sec-ch-ua': '"Google Chrome";v="135", "Not-A.Brand";v="8", "Chromium";v="135"',
  'sec-ch-ua-mobile': '?0',
  'sec-ch-ua-platform': '"Linux"',
  'sec-fetch-dest': 'empty',
  'sec-fetch-mode': 'cors',
  'sec-fetch-site': 'same-origin',
  'user-agent': 'Mozilla/5.0 (X11; Linux x86_64) AppleWebKit/537.36 (KHTML, like Gecko) Chrome/135.0.0.0 Safari/537.36',
  'x-forwarded-for': '::ffff:127.0.0.1',
  'x-forwarded-host': 'localhost:3000',
  'x-forwarded-port': '3000',
  'x-forwarded-proto': 'http'
}
🔵 [AUTH-LIB] Getting session
🔵 [AUTH-LIB] Token from cookies: Token found (eyJhbGciOiJIUzI1NiIs...)
🔵 [AUTH-LIB] Looking up session in database
🔵 [AUTH-BACKEND] Auth check request received
🔵 [AUTH-BACKEND] Request headers: {
  accept: '*/*',
  'accept-encoding': 'gzip, deflate, br, zstd',
  'accept-language': 'en-US,en;q=0.9',
  connection: 'keep-alive',
  'content-type': 'application/json',
  cookie: 'next-auth.callback-url=http%3A%2F%2Flocalhost%3A3000%2Fdashboard; next-auth.csrf-token=35444b04df4a9254400521b3a0a4d4269741131fd0d0ced23c8087cf287afc69%7C63151685019b9da549ce8eb3263a26e6027aba835f01e64916ca1173bb4c5dac; __stripe_mid=8eaac037-ff88-48a4-a002-3ce6bffc7970f2b296; auth-token=eyJhbGciOiJIUzI1NiIsInR5cCI6IkpXVCJ9.eyJ1c2VySWQiOiJjbWJ6MzUxNTEwMDAwcW4wMWF5amlrNDMzIiwiaWF0IjoxNzUwMTU1NjEzLCJleHAiOjE3NTA3NjA0MTN9.JJqlaJhiaUR5NNnJF6UGklwoqZZMnPPFU_2VRz7noAE',
  host: 'localhost:3000',
  referer: 'http://localhost:3000/',
  'sec-ch-ua': '"Google Chrome";v="135", "Not-A.Brand";v="8", "Chromium";v="135"',
  'sec-ch-ua-mobile': '?0',
  'sec-ch-ua-platform': '"Linux"',
  'sec-fetch-dest': 'empty',
  'sec-fetch-mode': 'cors',
  'sec-fetch-site': 'same-origin',
  'user-agent': 'Mozilla/5.0 (X11; Linux x86_64) AppleWebKit/537.36 (KHTML, like Gecko) Chrome/135.0.0.0 Safari/537.36',
  'x-forwarded-for': '::ffff:127.0.0.1',
  'x-forwarded-host': 'localhost:3000',
  'x-forwarded-port': '3000',
  'x-forwarded-proto': 'http'
}
🔵 [AUTH-LIB] Getting session
🔵 [AUTH-LIB] Token from cookies: Token found (eyJhbGciOiJIUzI1NiIs...)
🔵 [AUTH-LIB] Looking up session in database
 GET /api/venues/featured 200 in 82ms
🔵 [AUTH-LIB] Session found, checking expiration
🟢 [AUTH-LIB] Valid session found for user: joncalvert2018@outlook.com
🔵 [AUTH-LIB] Session found, checking expiration
🟢 [AUTH-LIB] Valid session found for user: joncalvert2018@outlook.com
🔵 [AUTH-BACKEND] Session check result: User found: joncalvert2018@outlook.com
🟢 [AUTH-BACKEND] Auth check completed successfully
🔵 [AUTH-BACKEND] Session check result: User found: joncalvert2018@outlook.com
🟢 [AUTH-BACKEND] Auth check completed successfully
 GET /api/auth/me 200 in 80ms
 GET /api/auth/me 200 in 80ms
 GET /api/venues/featured 200 in 67ms
🔵 [AUTH-LIB] Getting session
🔵 [AUTH-LIB] Token from cookies: Token found (eyJhbGciOiJIUzI1NiIs...)
🔵 [AUTH-LIB] Looking up session in database
🔵 [AUTH-LIB] Session found, checking expiration
🟢 [AUTH-LIB] Valid session found for user: joncalvert2018@outlook.com
 GET /api/admin/stats 200 in 52ms
🔵 [AUTH-LIB] Getting session
🔵 [AUTH-LIB] Token from cookies: Token found (eyJhbGciOiJIUzI1NiIs...)
🔵 [AUTH-LIB] Looking up session in database
🔵 [AUTH-LIB] Session found, checking expiration
🟢 [AUTH-LIB] Valid session found for user: joncalvert2018@outlook.com
 GET /api/admin/stats 200 in 128ms
 ✓ Compiled /api/auth/logout in 194ms (801 modules)
 POST /api/auth/logout 200 in 259ms
 GET / 200 in 64ms
 GET /api/venues/featured 200 in 60ms
🔵 [AUTH-BACKEND] Auth check request received
🔵 [AUTH-BACKEND] Request headers: {
  accept: '*/*',
  'accept-encoding': 'gzip, deflate, br, zstd',
  'accept-language': 'en-US,en;q=0.9',
  connection: 'keep-alive',
  'content-type': 'application/json',
  cookie: 'next-auth.callback-url=http%3A%2F%2Flocalhost%3A3000%2Fdashboard; next-auth.csrf-token=35444b04df4a9254400521b3a0a4d4269741131fd0d0ced23c8087cf287afc69%7C63151685019b9da549ce8eb3263a26e6027aba835f01e64916ca1173bb4c5dac; __stripe_mid=8eaac037-ff88-48a4-a002-3ce6bffc7970f2b296; auth-token=eyJhbGciOiJIUzI1NiIsInR5cCI6IkpXVCJ9.eyJ1c2VySWQiOiJjbWJ6MzUxNTEwMDAwcW4wMWF5amlrNDMzIiwiaWF0IjoxNzUwMTU1NjEzLCJleHAiOjE3NTA3NjA0MTN9.JJqlaJhiaUR5NNnJF6UGklwoqZZMnPPFU_2VRz7noAE',
  host: 'localhost:3000',
  referer: 'http://localhost:3000/',
  'sec-ch-ua': '"Google Chrome";v="135", "Not-A.Brand";v="8", "Chromium";v="135"',
  'sec-ch-ua-mobile': '?0',
  'sec-ch-ua-platform': '"Linux"',
  'sec-fetch-dest': 'empty',
  'sec-fetch-mode': 'cors',
  'sec-fetch-site': 'same-origin',
  'user-agent': 'Mozilla/5.0 (X11; Linux x86_64) AppleWebKit/537.36 (KHTML, like Gecko) Chrome/135.0.0.0 Safari/537.36',
  'x-forwarded-for': '::ffff:127.0.0.1',
  'x-forwarded-host': 'localhost:3000',
  'x-forwarded-port': '3000',
  'x-forwarded-proto': 'http'
}
🔵 [AUTH-LIB] Getting session
🔵 [AUTH-LIB] Token from cookies: Token found (eyJhbGciOiJIUzI1NiIs...)
🔵 [AUTH-LIB] Looking up session in database
🔵 [AUTH-BACKEND] Auth check request received
🔵 [AUTH-BACKEND] Request headers: {
  accept: '*/*',
  'accept-encoding': 'gzip, deflate, br, zstd',
  'accept-language': 'en-US,en;q=0.9',
  connection: 'keep-alive',
  'content-type': 'application/json',
  cookie: 'next-auth.callback-url=http%3A%2F%2Flocalhost%3A3000%2Fdashboard; next-auth.csrf-token=35444b04df4a9254400521b3a0a4d4269741131fd0d0ced23c8087cf287afc69%7C63151685019b9da549ce8eb3263a26e6027aba835f01e64916ca1173bb4c5dac; __stripe_mid=8eaac037-ff88-48a4-a002-3ce6bffc7970f2b296; auth-token=eyJhbGciOiJIUzI1NiIsInR5cCI6IkpXVCJ9.eyJ1c2VySWQiOiJjbWJ6MzUxNTEwMDAwcW4wMWF5amlrNDMzIiwiaWF0IjoxNzUwMTU1NjEzLCJleHAiOjE3NTA3NjA0MTN9.JJqlaJhiaUR5NNnJF6UGklwoqZZMnPPFU_2VRz7noAE',
  host: 'localhost:3000',
  referer: 'http://localhost:3000/',
  'sec-ch-ua': '"Google Chrome";v="135", "Not-A.Brand";v="8", "Chromium";v="135"',
  'sec-ch-ua-mobile': '?0',
  'sec-ch-ua-platform': '"Linux"',
  'sec-fetch-dest': 'empty',
  'sec-fetch-mode': 'cors',
  'sec-fetch-site': 'same-origin',
  'user-agent': 'Mozilla/5.0 (X11; Linux x86_64) AppleWebKit/537.36 (KHTML, like Gecko) Chrome/135.0.0.0 Safari/537.36',
  'x-forwarded-for': '::ffff:127.0.0.1',
  'x-forwarded-host': 'localhost:3000',
  'x-forwarded-port': '3000',
  'x-forwarded-proto': 'http'
}
🔵 [AUTH-LIB] Getting session
🔵 [AUTH-LIB] Token from cookies: Token found (eyJhbGciOiJIUzI1NiIs...)
🔵 [AUTH-LIB] Looking up session in database
🔵 [AUTH-LIB] Session found, checking expiration
🟢 [AUTH-LIB] Valid session found for user: joncalvert2018@outlook.com
🔵 [AUTH-LIB] Session found, checking expiration
🟢 [AUTH-LIB] Valid session found for user: joncalvert2018@outlook.com
🔵 [AUTH-BACKEND] Session check result: User found: joncalvert2018@outlook.com
🟢 [AUTH-BACKEND] Auth check completed successfully
🔵 [AUTH-BACKEND] Session check result: User found: joncalvert2018@outlook.com
🟢 [AUTH-BACKEND] Auth check completed successfully
 GET /api/auth/me 200 in 77ms
 GET /api/auth/me 200 in 69ms
 GET /api/venues/featured 200 in 60ms
🔵 [AUTH-LIB] Getting session
🔵 [AUTH-LIB] Token from cookies: Token found (eyJhbGciOiJIUzI1NiIs...)
🔵 [AUTH-LIB] Looking up session in database
🔵 [AUTH-LIB] Session found, checking expiration
🟢 [AUTH-LIB] Valid session found for user: joncalvert2018@outlook.com
 GET /api/admin/stats 200 in 57ms
🔵 [AUTH-LIB] Getting session
🔵 [AUTH-LIB] Token from cookies: Token found (eyJhbGciOiJIUzI1NiIs...)
🔵 [AUTH-LIB] Looking up session in database
🔵 [AUTH-LIB] Session found, checking expiration
🟢 [AUTH-LIB] Valid session found for user: joncalvert2018@outlook.com
 GET /api/admin/stats 200 in 153ms
 GET / 200 in 49ms
 HEAD / 200 in 46ms
 GET /?nocache=1 200 in 94ms
 GET /api/venues/featured 200 in 106ms
🔵 [AUTH-BACKEND] Auth check request received
🔵 [AUTH-BACKEND] Request headers: {
  accept: '*/*',
  'accept-encoding': 'gzip, deflate, br, zstd',
  'accept-language': 'en-US,en;q=0.9',
  connection: 'keep-alive',
  'content-type': 'application/json',
  cookie: 'next-auth.callback-url=http%3A%2F%2Flocalhost%3A3000%2Fdashboard; next-auth.csrf-token=35444b04df4a9254400521b3a0a4d4269741131fd0d0ced23c8087cf287afc69%7C63151685019b9da549ce8eb3263a26e6027aba835f01e64916ca1173bb4c5dac; __stripe_mid=8eaac037-ff88-48a4-a002-3ce6bffc7970f2b296; auth-token=eyJhbGciOiJIUzI1NiIsInR5cCI6IkpXVCJ9.eyJ1c2VySWQiOiJjbWJ6MzUxNTEwMDAwcW4wMWF5amlrNDMzIiwiaWF0IjoxNzUwMTU1NjEzLCJleHAiOjE3NTA3NjA0MTN9.JJqlaJhiaUR5NNnJF6UGklwoqZZMnPPFU_2VRz7noAE',
  host: 'localhost:3000',
  referer: 'http://localhost:3000/?nocache=1',
  'sec-ch-ua': '"Google Chrome";v="135", "Not-A.Brand";v="8", "Chromium";v="135"',
  'sec-ch-ua-mobile': '?0',
  'sec-ch-ua-platform': '"Linux"',
  'sec-fetch-dest': 'empty',
  'sec-fetch-mode': 'cors',
  'sec-fetch-site': 'same-origin',
  'user-agent': 'Mozilla/5.0 (X11; Linux x86_64) AppleWebKit/537.36 (KHTML, like Gecko) Chrome/135.0.0.0 Safari/537.36',
  'x-forwarded-for': '::ffff:127.0.0.1',
  'x-forwarded-host': 'localhost:3000',
  'x-forwarded-port': '3000',
  'x-forwarded-proto': 'http'
}
🔵 [AUTH-LIB] Getting session
🔵 [AUTH-LIB] Token from cookies: Token found (eyJhbGciOiJIUzI1NiIs...)
🔵 [AUTH-LIB] Looking up session in database
🔵 [AUTH-BACKEND] Auth check request received
🔵 [AUTH-BACKEND] Request headers: {
  accept: '*/*',
  'accept-encoding': 'gzip, deflate, br, zstd',
  'accept-language': 'en-US,en;q=0.9',
  connection: 'keep-alive',
  'content-type': 'application/json',
  cookie: 'next-auth.callback-url=http%3A%2F%2Flocalhost%3A3000%2Fdashboard; next-auth.csrf-token=35444b04df4a9254400521b3a0a4d4269741131fd0d0ced23c8087cf287afc69%7C63151685019b9da549ce8eb3263a26e6027aba835f01e64916ca1173bb4c5dac; __stripe_mid=8eaac037-ff88-48a4-a002-3ce6bffc7970f2b296; auth-token=eyJhbGciOiJIUzI1NiIsInR5cCI6IkpXVCJ9.eyJ1c2VySWQiOiJjbWJ6MzUxNTEwMDAwcW4wMWF5amlrNDMzIiwiaWF0IjoxNzUwMTU1NjEzLCJleHAiOjE3NTA3NjA0MTN9.JJqlaJhiaUR5NNnJF6UGklwoqZZMnPPFU_2VRz7noAE',
  host: 'localhost:3000',
  referer: 'http://localhost:3000/?nocache=1',
  'sec-ch-ua': '"Google Chrome";v="135", "Not-A.Brand";v="8", "Chromium";v="135"',
  'sec-ch-ua-mobile': '?0',
  'sec-ch-ua-platform': '"Linux"',
  'sec-fetch-dest': 'empty',
  'sec-fetch-mode': 'cors',
  'sec-fetch-site': 'same-origin',
  'user-agent': 'Mozilla/5.0 (X11; Linux x86_64) AppleWebKit/537.36 (KHTML, like Gecko) Chrome/135.0.0.0 Safari/537.36',
  'x-forwarded-for': '::ffff:127.0.0.1',
  'x-forwarded-host': 'localhost:3000',
  'x-forwarded-port': '3000',
  'x-forwarded-proto': 'http'
}
🔵 [AUTH-LIB] Getting session
🔵 [AUTH-LIB] Token from cookies: Token found (eyJhbGciOiJIUzI1NiIs...)
🔵 [AUTH-LIB] Looking up session in database
🔵 [AUTH-LIB] Session found, checking expiration
🟢 [AUTH-LIB] Valid session found for user: joncalvert2018@outlook.com
🔵 [AUTH-LIB] Session found, checking expiration
🟢 [AUTH-LIB] Valid session found for user: joncalvert2018@outlook.com
🔵 [AUTH-BACKEND] Session check result: User found: joncalvert2018@outlook.com
🟢 [AUTH-BACKEND] Auth check completed successfully
🔵 [AUTH-BACKEND] Session check result: User found: joncalvert2018@outlook.com
🟢 [AUTH-BACKEND] Auth check completed successfully
 GET /api/auth/me 200 in 114ms
 GET /api/auth/me 200 in 108ms
 GET /api/venues/featured 200 in 92ms
🔵 [AUTH-LIB] Getting session
🔵 [AUTH-LIB] Token from cookies: Token found (eyJhbGciOiJIUzI1NiIs...)
🔵 [AUTH-LIB] Looking up session in database
🔵 [AUTH-LIB] Session found, checking expiration
🟢 [AUTH-LIB] Valid session found for user: joncalvert2018@outlook.com
 GET /api/admin/stats 200 in 84ms
🔵 [AUTH-LIB] Getting session
🔵 [AUTH-LIB] Token from cookies: Token found (eyJhbGciOiJIUzI1NiIs...)
🔵 [AUTH-LIB] Looking up session in database
🔵 [AUTH-LIB] Session found, checking expiration
🟢 [AUTH-LIB] Valid session found for user: joncalvert2018@outlook.com
 GET /api/admin/stats 200 in 77ms
[?25h
