  ▲ Next.js 14.2.28
  - Local:        http://localhost:3000
  - Environments: .env
  - Experiments (use with caution):
    · outputFileTracingRoot

 ✓ Starting...
 ✓ Ready in 1948ms
 ○ Compiling / ...
 ✓ Compiled / in 2.8s (1173 modules)
 GET / 200 in 3368ms
 ✓ Compiled in 557ms (592 modules)
 GET / 200 in 51ms
 GET / 200 in 41ms
 GET / 200 in 41ms
 ✓ Compiled /api/auth/me in 486ms (700 modules)
 ○ Compiling /_error ...
 ✓ Compiled /_error in 680ms (1507 modules)
 GET /api/auth/me 500 in 1597ms
 GET /api/auth/me 500 in 1605ms
 ○ Compiling /auth/login ...
 ✓ Compiled /auth/login in 843ms (1404 modules)
 ✓ Compiled /api/auth/login in 239ms (752 modules)
 ✓ Compiled /_error in 237ms (1527 modules)
 POST /api/auth/login 500 in 627ms
 GET / 200 in 136ms
 GET / 200 in 39ms
 GET / 200 in 38ms
 ✓ Compiled /api/auth/me in 206ms (750 modules)
 ✓ Compiled /_error in 291ms (1525 modules)
 GET /api/auth/me 500 in 614ms
 GET /api/auth/me 500 in 615ms
 ✓ Compiled in 1284ms (1416 modules)
 ✓ Compiled in 1146ms (1416 modules)
 ✓ Compiled in 484ms (785 modules)
 ✓ Compiled in 1506ms (1416 modules)
 ✓ Compiled in 696ms (1416 modules)
 ✓ Compiled in 635ms (1419 modules)
 ✓ Compiled in 270ms (1407 modules)
[?25h
