  ▲ Next.js 14.2.28
  - Local:        http://localhost:3000
  - Environments: .env
  - Experiments (use with caution):
    · outputFileTracingRoot

 ✓ Starting...
 ✓ Ready in 1642ms
 ○ Compiling / ...
 ✓ Compiled / in 2.2s (1173 modules)
 GET / 200 in 2701ms
 ✓ Compiled in 524ms (592 modules)
 ✓ Compiled /api/auth/me in 378ms (700 modules)
 GET /api/auth/me 200 in 541ms
 GET /api/auth/me 200 in 24ms
 ○ Compiling /auth/register ...
 ✓ Compiled /auth/register in 698ms (1304 modules)
 GET /auth/register 200 in 846ms
 GET /auth/login 200 in 857ms
 GET /api/auth/me 200 in 34ms
 GET /api/auth/me 200 in 45ms
 GET /api/auth/me 200 in 27ms
 GET /api/auth/me 200 in 25ms
 GET / 200 in 52ms
 GET /api/auth/me 200 in 21ms
 GET /api/auth/me 200 in 19ms
 GET /auth/register 200 in 52ms
 GET /auth/login 200 in 54ms
 GET / 200 in 54ms
 GET / 200 in 44ms
 GET /api/auth/me 200 in 50ms
 GET /api/auth/me 200 in 24ms
 GET /auth/login 200 in 44ms
 ✓ Compiled /api/auth/register in 190ms (718 modules)
 POST /api/auth/register 409 in 335ms
 ✓ Compiled /api/auth/login in 183ms (720 modules)
 POST /api/auth/login 200 in 562ms
 ✓ Compiled /api/venues in 227ms (722 modules)
 GET /api/venues 200 in 280ms
 GET /api/venues 401 in 20ms
 POST /api/auth/login 200 in 344ms
 GET /api/venues 200 in 25ms
 ○ Compiling /dashboard ...
 ✓ Compiled /dashboard in 560ms (1322 modules)
 GET /dashboard 200 in 673ms
 GET /api/auth/me 200 in 31ms
 GET /api/auth/me 200 in 38ms
 GET /api/auth/me 200 in 21ms
 GET /api/auth/me 200 in 18ms
 POST /api/auth/login 200 in 364ms
 GET /api/auth/me 200 in 19ms
 GET /api/venues 401 in 24ms
 POST /api/auth/login 200 in 340ms
 GET /api/auth/me 200 in 21ms
 GET /api/venues 200 in 25ms
 ✓ Compiled in 1002ms (1324 modules)
 GET /auth/login 200 in 175ms
 GET / 200 in 169ms
 GET /api/auth/me 200 in 37ms
 GET /api/auth/me 200 in 20ms
 GET /api/auth/me 200 in 20ms
 GET /api/auth/me 200 in 20ms
 ✓ Compiled in 600ms (1324 modules)
 GET /auth/login 200 in 421ms
 GET / 200 in 410ms
 GET /api/auth/me 200 in 29ms
 GET /api/auth/me 200 in 20ms
 GET /api/auth/me 200 in 19ms
 GET /api/auth/me 200 in 20ms
 ✓ Compiled in 477ms (1324 modules)
 GET / 200 in 120ms
 GET /auth/login 200 in 121ms
 GET /api/auth/me 200 in 30ms
 GET /api/auth/me 200 in 23ms
 GET /api/auth/me 200 in 20ms
 GET /api/auth/me 200 in 24ms
 ✓ Compiled in 468ms (1322 modules)
 GET / 200 in 114ms
 GET /auth/login 200 in 103ms
 GET /api/auth/me 200 in 29ms
 GET /api/auth/me 200 in 21ms
 GET /api/auth/me 200 in 20ms
 GET /api/auth/me 200 in 21ms
 ✓ Compiled in 517ms (608 modules)
 GET /auth/login 200 in 50ms
 GET /api/auth/me 200 in 39ms
 GET /api/auth/me 200 in 37ms
 GET /api/auth/me 200 in 23ms
 ✓ Compiled /api/auth/login in 154ms (714 modules)
 POST /api/auth/login 200 in 546ms
 GET /api/auth/me 200 in 24ms
 ✓ Compiled /api/venues in 194ms (716 modules)
 GET /api/venues 200 in 240ms
 POST /api/auth/login 200 in 342ms
 ✓ Compiled /dashboard in 318ms (724 modules)
 GET /dashboard 200 in 429ms
 GET /api/auth/me 200 in 32ms
 GET /api/auth/me 200 in 38ms
 ✓ Compiled in 459ms (608 modules)
 ✓ Compiled in 837ms (1320 modules)
 ✓ Compiled /test-auth in 424ms (1324 modules)
 GET /test-auth 200 in 527ms
 GET /api/auth/me 200 in 45ms
 POST /api/auth/login 200 in 415ms
 GET /api/auth/me 200 in 419ms
 GET /api/auth/me 200 in 28ms
 GET /api/auth/me 200 in 26ms
 POST /api/auth/login 400 in 360ms
 GET /api/auth/me 200 in 32ms
 ✓ Compiled /api/venues in 197ms (728 modules)
 GET /api/auth/me 200 in 390ms
 GET /api/venues 200 in 407ms
 GET /api/venues 200 in 28ms
 GET /test-auth 200 in 56ms
 GET /api/auth/me 200 in 25ms
 POST /api/auth/login 200 in 390ms
 GET /api/auth/me 200 in 390ms
 GET /api/auth/me 200 in 37ms
 GET /api/auth/me 200 in 52ms
 POST /api/auth/login 200 in 374ms
 GET /api/auth/me 200 in 24ms
 GET /api/auth/me 200 in 31ms
 GET /api/venues 200 in 37ms
 GET /api/venues 200 in 26ms
 GET /dashboard 200 in 79ms
 GET /api/auth/me 200 in 33ms
 GET /api/auth/me 200 in 31ms
 GET /api/venues 200 in 32ms
 GET /api/venues 200 in 27ms
 GET /api/venues 200 in 44ms
[?25h
