  ▲ Next.js 14.2.28
  - Local:        http://localhost:3000
  - Environments: .env
  - Experiments (use with caution):
    · outputFileTracingRoot

 ✓ Starting...
 ✓ Ready in 1651ms
 ○ Compiling / ...
 ✓ Compiled / in 2.3s (1173 modules)
 GET / 200 in 2749ms
 GET / 200 in 2802ms
 ✓ Compiled in 510ms (592 modules)
 GET / 200 in 39ms
 GET / 200 in 31ms
 GET / 200 in 38ms
 GET / 200 in 40ms
 GET / 200 in 29ms
 ✓ Compiled /_not-found in 369ms (1164 modules)
 GET /_next/static/chunks/app/bundle-mjs.mjs.map 404 in 421ms
 GET /_next/static/chunks/static-generation-async-storage-instance.js.map 404 in 19ms
 GET /_next/static/chunks/handle-smooth-scroll.js.map 404 in 17ms
 GET /_next/static/chunks/app/bundle-mjs.mjs.map 404 in 16ms
 GET / 200 in 50ms
 GET / 200 in 31ms
 GET / 200 in 30ms
 GET /_next/static/chunks/app/bundle-mjs.mjs.map 404 in 16ms
 GET /_next/static/chunks/static-generation-async-storage-instance.js.map 404 in 18ms
 GET /_next/static/chunks/handle-smooth-scroll.js.map 404 in 17ms
 GET /_next/static/chunks/app/bundle-mjs.mjs.map 404 in 32ms
 ✓ Compiled /api/auth/me in 447ms (701 modules)
 GET /api/auth/me 200 in 614ms
 GET /api/auth/me 200 in 24ms
 ✓ Compiled /auth/login in 416ms (1301 modules)
 GET /_next/static/chunks/app/auth/login/bundle-mjs.mjs.map 404 in 56ms
 ✓ Compiled /api/auth/login in 181ms (715 modules)
 POST /api/auth/login 200 in 659ms
 ✓ Compiled /dashboard in 487ms (1319 modules)
 GET /_next/static/chunks/app/dashboard/bundle-mjs.mjs.map 404 in 36ms
 ✓ Compiled /api/venues in 199ms (725 modules)
 GET /api/venues 401 in 252ms
 GET /api/venues 401 in 21ms
 ○ Compiling /dashboard/venues/new ...
 ✓ Compiled /dashboard/venues/new in 596ms (1449 modules)
 GET /_next/static/chunks/app/dashboard/venues/new/bundle-mjs.mjs.map 404 in 35ms
 POST /api/venues 401 in 35ms
[?25h
