  ▲ Next.js 14.2.28
  - Local:        http://localhost:3000
  - Environments: .env
  - Experiments (use with caution):
    · outputFileTracingRoot

 ✓ Starting...
 ✓ Ready in 1918ms
 ○ Compiling / ...
 ✓ Compiled / in 2.4s (1173 modules)
 GET / 200 in 2202ms
 GET / 200 in 2923ms
 ✓ Compiled in 533ms (592 modules)
 ○ Compiling /book/[venueId] ...
 ✓ Compiled /_not-found in 1045ms (1306 modules)
 GET /_next/static/chunks/handle-smooth-scroll.js.map 404 in 527ms
 GET /_next/static/chunks/app/bundle-mjs.mjs.map 404 in 276ms
 GET /_next/static/chunks/static-generation-async-storage-instance.js.map 404 in 223ms
 GET / 200 in 48ms
 GET /book/cmbz2opym0002m394a8xjeeiy 200 in 1485ms
 GET /_next/static/chunks/handle-smooth-scroll.js.map 404 in 15ms
 GET /_next/static/chunks/app/bundle-mjs.mjs.map 404 in 17ms
 GET /_next/static/chunks/static-generation-async-storage-instance.js.map 404 in 16ms
 GET /_next/static/chunks/app/bundle-mjs.mjs.map 404 in 16ms
 GET /_next/static/chunks/static-generation-async-storage-instance.js.map 404 in 14ms
 GET /_next/static/chunks/app/bundle-mjs.mjs.map 404 in 15ms
 GET /_next/static/chunks/handle-smooth-scroll.js.map 404 in 14ms
 GET /_next/static/chunks/app/bundle-mjs.mjs.map 404 in 15ms
 ✓ Compiled /api/auth/me in 275ms (773 modules)
🔵 [AUTH-BACKEND] Auth check request received
🔵 [AUTH-BACKEND] Request headers: {
  accept: '*/*',
  'accept-encoding': 'gzip, br',
  'accept-language': 'en-US,en;q=0.9,en-GB;q=0.8',
  'cdn-loop': 'cloudflare; loops=1',
  'cf-connecting-ip': '78.145.125.210',
  'cf-ipcountry': 'GB',
  'cf-ray': '950cdabcb91f1118-MAN',
  'cf-visitor': '{"scheme":"https"}',
  'content-type': 'application/json',
  host: 'chatllm-computer-601b330f-vnc.default.svc.cluster.local:3000',
  priority: 'u=1, i',
  referer: 'https://601b330f.preview.abacusai.app/',
  'sec-ch-ua': '"Microsoft Edge";v="137", "Chromium";v="137", "Not/A)Brand";v="24"',
  'sec-ch-ua-mobile': '?0',
  'sec-ch-ua-platform': '"Windows"',
  'sec-fetch-dest': 'empty',
  'sec-fetch-mode': 'cors',
  'sec-fetch-site': 'same-origin',
  'sec-fetch-storage-access': 'active',
  'user-agent': 'Mozilla/5.0 (Windows NT 10.0; Win64; x64) AppleWebKit/537.36 (KHTML, like Gecko) Chrome/137.0.0.0 Safari/537.36 Edg/137.0.0.0',
  'x-abacus-service': 'chatllm-computer-601b330f-vnc.default.svc.cluster.local:3000',
  'x-envoy-expected-rq-timeout-ms': '3620000',
  'x-forwarded-for': '78.145.125.210',
  'x-forwarded-host': '601b330f.preview.abacusai.app',
  'x-forwarded-port': '3000',
  'x-forwarded-proto': 'https',
  'x-request-id': '97398719-6ede-4602-8db3-e66cd4c88444'
}
🔵 [AUTH-LIB] Getting session
🔵 [AUTH-LIB] Token from cookies: No token found
🔵 [AUTH-LIB] No auth token found in cookies
🔵 [AUTH-BACKEND] Auth check request received
🔵 [AUTH-BACKEND] Request headers: {
  accept: '*/*',
  'accept-encoding': 'gzip, br',
  'accept-language': 'en-US,en;q=0.9,en-GB;q=0.8',
  'cdn-loop': 'cloudflare; loops=1',
  'cf-connecting-ip': '78.145.125.210',
  'cf-ipcountry': 'GB',
  'cf-ray': '950cdabcb8f91118-MAN',
  'cf-visitor': '{"scheme":"https"}',
  'content-type': 'application/json',
  host: 'chatllm-computer-601b330f-vnc.default.svc.cluster.local:3000',
  priority: 'u=1, i',
  referer: 'https://601b330f.preview.abacusai.app/',
  'sec-ch-ua': '"Microsoft Edge";v="137", "Chromium";v="137", "Not/A)Brand";v="24"',
  'sec-ch-ua-mobile': '?0',
  'sec-ch-ua-platform': '"Windows"',
  'sec-fetch-dest': 'empty',
  'sec-fetch-mode': 'cors',
  'sec-fetch-site': 'same-origin',
  'sec-fetch-storage-access': 'active',
  'user-agent': 'Mozilla/5.0 (Windows NT 10.0; Win64; x64) AppleWebKit/537.36 (KHTML, like Gecko) Chrome/137.0.0.0 Safari/537.36 Edg/137.0.0.0',
  'x-abacus-service': 'chatllm-computer-601b330f-vnc.default.svc.cluster.local:3000',
  'x-envoy-expected-rq-timeout-ms': '3620000',
  'x-forwarded-for': '78.145.125.210',
  'x-forwarded-host': '601b330f.preview.abacusai.app',
  'x-forwarded-port': '3000',
  'x-forwarded-proto': 'https',
  'x-request-id': '228c38d1-56e3-4543-923c-e56b173176d6'
}
🔵 [AUTH-LIB] Getting session
🔵 [AUTH-LIB] Token from cookies: No token found
🔵 [AUTH-LIB] No auth token found in cookies
🔵 [AUTH-BACKEND] Session check result: No user session
🟢 [AUTH-BACKEND] Auth check completed successfully
🔵 [AUTH-BACKEND] Session check result: No user session
🟢 [AUTH-BACKEND] Auth check completed successfully
 GET /api/auth/me 200 in 413ms
 GET /api/auth/me 200 in 429ms
 GET / 200 in 79ms
 GET / 200 in 46ms
 GET /_next/static/chunks/handle-smooth-scroll.js.map 404 in 17ms
 GET /_next/static/chunks/app/bundle-mjs.mjs.map 404 in 13ms
 GET /_next/static/chunks/static-generation-async-storage-instance.js.map 404 in 16ms
 GET /_next/static/chunks/app/bundle-mjs.mjs.map 404 in 15ms
🔵 [AUTH-BACKEND] Auth check request received
🔵 [AUTH-BACKEND] Request headers: {
  accept: '*/*',
  'accept-encoding': 'gzip, br',
  'accept-language': 'en-US,en;q=0.9,en-GB;q=0.8',
  'cdn-loop': 'cloudflare; loops=1',
  'cf-connecting-ip': '78.145.125.210',
  'cf-ipcountry': 'GB',
  'cf-ray': '950cdadf7a431118-MAN',
  'cf-visitor': '{"scheme":"https"}',
  'content-type': 'application/json',
  host: 'chatllm-computer-601b330f-vnc.default.svc.cluster.local:3000',
  priority: 'u=1, i',
  referer: 'https://601b330f.preview.abacusai.app/',
  'sec-ch-ua': '"Microsoft Edge";v="137", "Chromium";v="137", "Not/A)Brand";v="24"',
  'sec-ch-ua-mobile': '?0',
  'sec-ch-ua-platform': '"Windows"',
  'sec-fetch-dest': 'empty',
  'sec-fetch-mode': 'cors',
  'sec-fetch-site': 'same-origin',
  'sec-fetch-storage-access': 'active',
  'user-agent': 'Mozilla/5.0 (Windows NT 10.0; Win64; x64) AppleWebKit/537.36 (KHTML, like Gecko) Chrome/137.0.0.0 Safari/537.36 Edg/137.0.0.0',
  'x-abacus-service': 'chatllm-computer-601b330f-vnc.default.svc.cluster.local:3000',
  'x-envoy-expected-rq-timeout-ms': '3620000',
  'x-forwarded-for': '78.145.125.210',
  'x-forwarded-host': '601b330f.preview.abacusai.app',
  'x-forwarded-port': '3000',
  'x-forwarded-proto': 'https',
  'x-request-id': 'e019e96b-97cb-4e53-a3eb-ada231a9b2f1'
}
🔵 [AUTH-LIB] Getting session
🔵 [AUTH-LIB] Token from cookies: No token found
🔵 [AUTH-LIB] No auth token found in cookies
🔵 [AUTH-BACKEND] Session check result: No user session
🟢 [AUTH-BACKEND] Auth check completed successfully
 GET /api/auth/me 200 in 36ms
🔵 [AUTH-BACKEND] Auth check request received
🔵 [AUTH-BACKEND] Request headers: {
  accept: '*/*',
  'accept-encoding': 'gzip, br',
  'accept-language': 'en-US,en;q=0.9,en-GB;q=0.8',
  'cdn-loop': 'cloudflare; loops=1',
  'cf-connecting-ip': '78.145.125.210',
  'cf-ipcountry': 'GB',
  'cf-ray': '950cdadf7a341118-MAN',
  'cf-visitor': '{"scheme":"https"}',
  'content-type': 'application/json',
  host: 'chatllm-computer-601b330f-vnc.default.svc.cluster.local:3000',
  priority: 'u=1, i',
  referer: 'https://601b330f.preview.abacusai.app/',
  'sec-ch-ua': '"Microsoft Edge";v="137", "Chromium";v="137", "Not/A)Brand";v="24"',
  'sec-ch-ua-mobile': '?0',
  'sec-ch-ua-platform': '"Windows"',
  'sec-fetch-dest': 'empty',
  'sec-fetch-mode': 'cors',
  'sec-fetch-site': 'same-origin',
  'sec-fetch-storage-access': 'active',
  'user-agent': 'Mozilla/5.0 (Windows NT 10.0; Win64; x64) AppleWebKit/537.36 (KHTML, like Gecko) Chrome/137.0.0.0 Safari/537.36 Edg/137.0.0.0',
  'x-abacus-service': 'chatllm-computer-601b330f-vnc.default.svc.cluster.local:3000',
  'x-envoy-expected-rq-timeout-ms': '3620000',
  'x-forwarded-for': '78.145.125.210',
  'x-forwarded-host': '601b330f.preview.abacusai.app',
  'x-forwarded-port': '3000',
  'x-forwarded-proto': 'https',
  'x-request-id': 'aabd4cf8-1967-48dc-bd07-301f90d429c5'
}
🔵 [AUTH-LIB] Getting session
🔵 [AUTH-LIB] Token from cookies: No token found
🔵 [AUTH-LIB] No auth token found in cookies
🔵 [AUTH-BACKEND] Session check result: No user session
🟢 [AUTH-BACKEND] Auth check completed successfully
 GET /api/auth/me 200 in 37ms
 GET / 200 in 35ms
 GET /_next/static/chunks/handle-smooth-scroll.js.map 404 in 15ms
 GET /_next/static/chunks/static-generation-async-storage-instance.js.map 404 in 15ms
 GET /_next/static/chunks/app/bundle-mjs.mjs.map 404 in 16ms
🔵 [AUTH-BACKEND] Auth check request received
🔵 [AUTH-BACKEND] Request headers: {
  accept: '*/*',
  'accept-encoding': 'gzip, br',
  'accept-language': 'en-US,en;q=0.9,en-GB;q=0.8',
  'cdn-loop': 'cloudflare; loops=1',
  'cf-connecting-ip': '78.145.125.210',
  'cf-ipcountry': 'GB',
  'cf-ray': '950cdaef5ed71118-MAN',
  'cf-visitor': '{"scheme":"https"}',
  'content-type': 'application/json',
  host: 'chatllm-computer-601b330f-vnc.default.svc.cluster.local:3000',
  priority: 'u=1, i',
  referer: 'https://601b330f.preview.abacusai.app/',
  'sec-ch-ua': '"Microsoft Edge";v="137", "Chromium";v="137", "Not/A)Brand";v="24"',
  'sec-ch-ua-mobile': '?0',
  'sec-ch-ua-platform': '"Windows"',
  'sec-fetch-dest': 'empty',
  'sec-fetch-mode': 'cors',
  'sec-fetch-site': 'same-origin',
  'sec-fetch-storage-access': 'active',
  'user-agent': 'Mozilla/5.0 (Windows NT 10.0; Win64; x64) AppleWebKit/537.36 (KHTML, like Gecko) Chrome/137.0.0.0 Safari/537.36 Edg/137.0.0.0',
  'x-abacus-service': 'chatllm-computer-601b330f-vnc.default.svc.cluster.local:3000',
  'x-envoy-expected-rq-timeout-ms': '3620000',
  'x-forwarded-for': '78.145.125.210',
  'x-forwarded-host': '601b330f.preview.abacusai.app',
  'x-forwarded-port': '3000',
  'x-forwarded-proto': 'https',
  'x-request-id': '86097d7b-d30c-4813-bc48-f48854d24a37'
}
🔵 [AUTH-LIB] Getting session
🔵 [AUTH-LIB] Token from cookies: No token found
🔵 [AUTH-LIB] No auth token found in cookies
🔵 [AUTH-BACKEND] Session check result: No user session
🟢 [AUTH-BACKEND] Auth check completed successfully
 GET /api/auth/me 200 in 37ms
🔵 [AUTH-BACKEND] Auth check request received
🔵 [AUTH-BACKEND] Request headers: {
  accept: '*/*',
  'accept-encoding': 'gzip, br',
  'accept-language': 'en-US,en;q=0.9,en-GB;q=0.8',
  'cdn-loop': 'cloudflare; loops=1',
  'cf-connecting-ip': '78.145.125.210',
  'cf-ipcountry': 'GB',
  'cf-ray': '950cdaef5ed11118-MAN',
  'cf-visitor': '{"scheme":"https"}',
  'content-type': 'application/json',
  host: 'chatllm-computer-601b330f-vnc.default.svc.cluster.local:3000',
  priority: 'u=1, i',
  referer: 'https://601b330f.preview.abacusai.app/',
  'sec-ch-ua': '"Microsoft Edge";v="137", "Chromium";v="137", "Not/A)Brand";v="24"',
  'sec-ch-ua-mobile': '?0',
  'sec-ch-ua-platform': '"Windows"',
  'sec-fetch-dest': 'empty',
  'sec-fetch-mode': 'cors',
  'sec-fetch-site': 'same-origin',
  'sec-fetch-storage-access': 'active',
  'user-agent': 'Mozilla/5.0 (Windows NT 10.0; Win64; x64) AppleWebKit/537.36 (KHTML, like Gecko) Chrome/137.0.0.0 Safari/537.36 Edg/137.0.0.0',
  'x-abacus-service': 'chatllm-computer-601b330f-vnc.default.svc.cluster.local:3000',
  'x-envoy-expected-rq-timeout-ms': '3620000',
  'x-forwarded-for': '78.145.125.210',
  'x-forwarded-host': '601b330f.preview.abacusai.app',
  'x-forwarded-port': '3000',
  'x-forwarded-proto': 'https',
  'x-request-id': 'f1268512-e31b-4020-b74a-d34d36911565'
}
🔵 [AUTH-LIB] Getting session
🔵 [AUTH-LIB] Token from cookies: No token found
🔵 [AUTH-LIB] No auth token found in cookies
🔵 [AUTH-BACKEND] Session check result: No user session
🟢 [AUTH-BACKEND] Auth check completed successfully
 GET /api/auth/me 200 in 43ms
 GET /_next/static/chunks/app/bundle-mjs.mjs.map 404 in 15ms
 GET / 200 in 39ms
 GET / 200 in 33ms
 GET /_next/static/chunks/handle-smooth-scroll.js.map 404 in 17ms
 GET /_next/static/chunks/static-generation-async-storage-instance.js.map 404 in 14ms
 GET /_next/static/chunks/app/bundle-mjs.mjs.map 404 in 15ms
 GET /_next/static/chunks/app/bundle-mjs.mjs.map 404 in 15ms
🔵 [AUTH-BACKEND] Auth check request received
🔵 [AUTH-BACKEND] Request headers: {
  accept: '*/*',
  'accept-encoding': 'gzip, br',
  'accept-language': 'en-US,en;q=0.9,en-GB;q=0.8',
  'cdn-loop': 'cloudflare; loops=1',
  'cf-connecting-ip': '78.145.125.210',
  'cf-ipcountry': 'GB',
  'cf-ray': '950cdb8f9ad31118-MAN',
  'cf-visitor': '{"scheme":"https"}',
  'content-type': 'application/json',
  host: 'chatllm-computer-601b330f-vnc.default.svc.cluster.local:3000',
  priority: 'u=1, i',
  referer: 'https://601b330f.preview.abacusai.app/',
  'sec-ch-ua': '"Microsoft Edge";v="137", "Chromium";v="137", "Not/A)Brand";v="24"',
  'sec-ch-ua-mobile': '?0',
  'sec-ch-ua-platform': '"Windows"',
  'sec-fetch-dest': 'empty',
  'sec-fetch-mode': 'cors',
  'sec-fetch-site': 'same-origin',
  'sec-fetch-storage-access': 'active',
  'user-agent': 'Mozilla/5.0 (Windows NT 10.0; Win64; x64) AppleWebKit/537.36 (KHTML, like Gecko) Chrome/137.0.0.0 Safari/537.36 Edg/137.0.0.0',
  'x-abacus-service': 'chatllm-computer-601b330f-vnc.default.svc.cluster.local:3000',
  'x-envoy-expected-rq-timeout-ms': '3620000',
  'x-forwarded-for': '78.145.125.210',
  'x-forwarded-host': '601b330f.preview.abacusai.app',
  'x-forwarded-port': '3000',
  'x-forwarded-proto': 'https',
  'x-request-id': 'd2fa8262-1861-4056-9449-ee5d896b30d7'
}
🔵 [AUTH-LIB] Getting session
🔵 [AUTH-LIB] Token from cookies: No token found
🔵 [AUTH-LIB] No auth token found in cookies
🔵 [AUTH-BACKEND] Session check result: No user session
🟢 [AUTH-BACKEND] Auth check completed successfully
 GET /api/auth/me 200 in 36ms
🔵 [AUTH-BACKEND] Auth check request received
🔵 [AUTH-BACKEND] Request headers: {
  accept: '*/*',
  'accept-encoding': 'gzip, br',
  'accept-language': 'en-US,en;q=0.9,en-GB;q=0.8',
  'cdn-loop': 'cloudflare; loops=1',
  'cf-connecting-ip': '78.145.125.210',
  'cf-ipcountry': 'GB',
  'cf-ray': '950cdb8faadd1118-MAN',
  'cf-visitor': '{"scheme":"https"}',
  'content-type': 'application/json',
  host: 'chatllm-computer-601b330f-vnc.default.svc.cluster.local:3000',
  priority: 'u=1, i',
  referer: 'https://601b330f.preview.abacusai.app/',
  'sec-ch-ua': '"Microsoft Edge";v="137", "Chromium";v="137", "Not/A)Brand";v="24"',
  'sec-ch-ua-mobile': '?0',
  'sec-ch-ua-platform': '"Windows"',
  'sec-fetch-dest': 'empty',
  'sec-fetch-mode': 'cors',
  'sec-fetch-site': 'same-origin',
  'sec-fetch-storage-access': 'active',
  'user-agent': 'Mozilla/5.0 (Windows NT 10.0; Win64; x64) AppleWebKit/537.36 (KHTML, like Gecko) Chrome/137.0.0.0 Safari/537.36 Edg/137.0.0.0',
  'x-abacus-service': 'chatllm-computer-601b330f-vnc.default.svc.cluster.local:3000',
  'x-envoy-expected-rq-timeout-ms': '3620000',
  'x-forwarded-for': '78.145.125.210',
  'x-forwarded-host': '601b330f.preview.abacusai.app',
  'x-forwarded-port': '3000',
  'x-forwarded-proto': 'https',
  'x-request-id': 'ae800388-6f6b-4890-8b5c-b80725e3ded9'
}
🔵 [AUTH-LIB] Getting session
🔵 [AUTH-LIB] Token from cookies: No token found
🔵 [AUTH-LIB] No auth token found in cookies
🔵 [AUTH-BACKEND] Session check result: No user session
🟢 [AUTH-BACKEND] Auth check completed successfully
 GET /api/auth/me 200 in 40ms
 GET / 200 in 35ms
 GET /_next/static/chunks/handle-smooth-scroll.js.map 404 in 17ms
 GET /_next/static/chunks/static-generation-async-storage-instance.js.map 404 in 14ms
 GET /_next/static/chunks/app/bundle-mjs.mjs.map 404 in 15ms
🔵 [AUTH-BACKEND] Auth check request received
🔵 [AUTH-BACKEND] Request headers: {
  accept: '*/*',
  'accept-encoding': 'gzip, br',
  'accept-language': 'en-US,en;q=0.9,en-GB;q=0.8',
  'cdn-loop': 'cloudflare; loops=1',
  'cf-connecting-ip': '78.145.125.210',
  'cf-ipcountry': 'GB',
  'cf-ray': '950cdb9e9b441118-MAN',
  'cf-visitor': '{"scheme":"https"}',
  'content-type': 'application/json',
  host: 'chatllm-computer-601b330f-vnc.default.svc.cluster.local:3000',
  priority: 'u=1, i',
  referer: 'https://601b330f.preview.abacusai.app/',
  'sec-ch-ua': '"Microsoft Edge";v="137", "Chromium";v="137", "Not/A)Brand";v="24"',
  'sec-ch-ua-mobile': '?0',
  'sec-ch-ua-platform': '"Windows"',
  'sec-fetch-dest': 'empty',
  'sec-fetch-mode': 'cors',
  'sec-fetch-site': 'same-origin',
  'sec-fetch-storage-access': 'active',
  'user-agent': 'Mozilla/5.0 (Windows NT 10.0; Win64; x64) AppleWebKit/537.36 (KHTML, like Gecko) Chrome/137.0.0.0 Safari/537.36 Edg/137.0.0.0',
  'x-abacus-service': 'chatllm-computer-601b330f-vnc.default.svc.cluster.local:3000',
  'x-envoy-expected-rq-timeout-ms': '3620000',
  'x-forwarded-for': '78.145.125.210',
  'x-forwarded-host': '601b330f.preview.abacusai.app',
  'x-forwarded-port': '3000',
  'x-forwarded-proto': 'https',
  'x-request-id': 'f8522486-bc4a-47cb-ba2e-65d57938b403'
}
🔵 [AUTH-LIB] Getting session
🔵 [AUTH-LIB] Token from cookies: No token found
🔵 [AUTH-LIB] No auth token found in cookies
🔵 [AUTH-BACKEND] Session check result: No user session
🟢 [AUTH-BACKEND] Auth check completed successfully
 GET /api/auth/me 200 in 34ms
🔵 [AUTH-BACKEND] Auth check request received
🔵 [AUTH-BACKEND] Request headers: {
  accept: '*/*',
  'accept-encoding': 'gzip, br',
  'accept-language': 'en-US,en;q=0.9,en-GB;q=0.8',
  'cdn-loop': 'cloudflare; loops=1',
  'cf-connecting-ip': '78.145.125.210',
  'cf-ipcountry': 'GB',
  'cf-ray': '950cdb9eab4e1118-MAN',
  'cf-visitor': '{"scheme":"https"}',
  'content-type': 'application/json',
  host: 'chatllm-computer-601b330f-vnc.default.svc.cluster.local:3000',
  priority: 'u=1, i',
  referer: 'https://601b330f.preview.abacusai.app/',
  'sec-ch-ua': '"Microsoft Edge";v="137", "Chromium";v="137", "Not/A)Brand";v="24"',
  'sec-ch-ua-mobile': '?0',
  'sec-ch-ua-platform': '"Windows"',
  'sec-fetch-dest': 'empty',
  'sec-fetch-mode': 'cors',
  'sec-fetch-site': 'same-origin',
  'sec-fetch-storage-access': 'active',
  'user-agent': 'Mozilla/5.0 (Windows NT 10.0; Win64; x64) AppleWebKit/537.36 (KHTML, like Gecko) Chrome/137.0.0.0 Safari/537.36 Edg/137.0.0.0',
  'x-abacus-service': 'chatllm-computer-601b330f-vnc.default.svc.cluster.local:3000',
  'x-envoy-expected-rq-timeout-ms': '3620000',
  'x-forwarded-for': '78.145.125.210',
  'x-forwarded-host': '601b330f.preview.abacusai.app',
  'x-forwarded-port': '3000',
  'x-forwarded-proto': 'https',
  'x-request-id': 'c8391db7-a03e-4cf6-a847-bd2df7127ef8'
}
🔵 [AUTH-LIB] Getting session
🔵 [AUTH-LIB] Token from cookies: No token found
🔵 [AUTH-LIB] No auth token found in cookies
🔵 [AUTH-BACKEND] Session check result: No user session
🟢 [AUTH-BACKEND] Auth check completed successfully
 GET /api/auth/me 200 in 41ms
 GET /_next/static/chunks/app/bundle-mjs.mjs.map 404 in 15ms
 ✓ Compiled /auth/login in 494ms (1246 modules)
 ✓ Compiled /_not-found in 192ms (1249 modules)
 GET /_next/static/chunks/app/auth/login/bundle-mjs.mjs.map 404 in 260ms
 ✓ Compiled /api/auth/login in 232ms (713 modules)
🔵 [LOGIN-API] Login attempt started
🔵 [LOGIN-API] Request body parsed successfully
🔵 [LOGIN-API] Input validation successful for email: joncalvert2018@outlook.com
🔵 [LOGIN-API] Database query completed, user found: true
🔵 [LOGIN-API] Password verification completed: true
🔵 [LOGIN-API] Session created successfully
🟢 [LOGIN-API] Login successful for user: joncalvert2018@outlook.com
🔵 [LOGIN-API] Auth cookie set successfully
 POST /api/auth/login 200 in 533ms
 ○ Compiling /dashboard ...
 ✓ Compiled /dashboard in 684ms (1402 modules)
 GET /_next/static/chunks/app/dashboard/bundle-mjs.mjs.map 404 in 126ms
 ○ Compiling /api/notifications ...
 ✓ Compiled /api/notifications in 522ms (1407 modules)
 GET /_next/static/chunks/app/dashboard/bundle-mjs.mjs.map 404 in 374ms
🔵 [AUTH-LIB] Getting session
🔵 [AUTH-LIB] Token from cookies: No token found
🔵 [AUTH-LIB] No auth token found in cookies
 GET /api/notifications?limit=5 500 in 585ms
🔵 [AUTH-LIB] Getting session
🔵 [AUTH-LIB] Token from cookies: No token found
🔵 [AUTH-LIB] No auth token found in cookies
🔵 [AUTH-LIB] Getting session
🔵 [AUTH-LIB] Token from cookies: No token found
🔵 [AUTH-LIB] No auth token found in cookies
 GET /api/venues 401 in 597ms
 GET /api/venues 401 in 618ms
🔵 [AUTH-LIB] Getting session
🔵 [AUTH-LIB] Token from cookies: No token found
🔵 [AUTH-LIB] No auth token found in cookies
 GET /api/notifications?limit=5 500 in 30ms
 ○ Compiling /dashboard/venues ...
 ✓ Compiled /dashboard/venues in 580ms (1449 modules)
🔵 [AUTH-LIB] Getting session
🔵 [AUTH-LIB] Token from cookies: Token found (eyJhbGciOiJIUzI1NiIs...)
🔵 [AUTH-LIB] Looking up session in database
🔵 [AUTH-LIB] Session found, checking expiration
🟢 [AUTH-LIB] Valid session found for user: joncalvert2018@outlook.com
 GET /api/venues 200 in 52ms
🔵 [AUTH-LIB] Getting session
🔵 [AUTH-LIB] Token from cookies: Token found (eyJhbGciOiJIUzI1NiIs...)
🔵 [AUTH-LIB] Looking up session in database
🔵 [AUTH-LIB] Session found, checking expiration
🟢 [AUTH-LIB] Valid session found for user: joncalvert2018@outlook.com
 GET /api/venues 200 in 31ms
 ○ Compiling /book ...
 ✓ Compiled /book in 594ms (1518 modules)
 ✓ Compiled /api/public/venues in 205ms (825 modules)
 GET /api/public/venues?page=1&limit=12 200 in 267ms
 GET /api/public/venues?page=1&limit=12 200 in 31ms
 ✓ Compiled /book/[venueId] in 246ms (833 modules)
 ✓ Compiled /api/public/venues/[id] in 214ms (835 modules)
 GET /api/public/venues/cmbz3igfd0005qn018j1uu311 200 in 539ms
 GET /api/public/venues/cmbz3igfd0005qn018j1uu311 200 in 45ms
 GET /api/public/venues?page=1&limit=12 200 in 38ms
 GET /api/public/venues?page=1&limit=12 200 in 32ms
 GET /api/public/venues/cmbz3igfd0005qn018j1uu311 200 in 40ms
 GET /api/public/venues/cmbz3igfd0005qn018j1uu311 200 in 32ms
 GET /api/public/venues?page=1&limit=12 200 in 36ms
 GET /api/public/venues?page=1&limit=12 200 in 29ms
