  ▲ Next.js 14.2.28
  - Local:        http://localhost:3000
  - Environments: .env
  - Experiments (use with caution):
    · outputFileTracingRoot

 ✓ Starting...
 ✓ Ready in 2.1s
 ○ Compiling / ...
 ✓ Compiled / in 3.6s (1180 modules)
 GET / 200 in 3855ms
 GET / 200 in 4171ms
 ✓ Compiled in 562ms (592 modules)
 ○ Compiling /api/venues/[id]/analytics ...
 ✓ Compiled /api/venues/[id]/analytics in 519ms (700 modules)
 GET / 200 in 713ms
🔵 [AUTH-LIB] Getting session
🔵 [AUTH-LIB] Token from cookies: Token found (eyJhbGciOiJIUzI1NiIs...)
🔵 [AUTH-LIB] Looking up session in database
🔵 [AUTH-LIB] Session found, checking expiration
🟢 [AUTH-LIB] Valid session found for user: test@example.com
 GET /api/venues/cmbywqos30006m3fxrkk38a8z/analytics 200 in 1364ms
 GET / 200 in 39ms
 GET / 200 in 33ms
 GET / 200 in 35ms
 ✓ Compiled /api/auth/me in 196ms (702 modules)
🔵 [AUTH-BACKEND] Auth check request received
🔵 [AUTH-BACKEND] Request headers: {
  accept: '*/*',
  'accept-encoding': 'gzip, br',
  'accept-language': 'en-GB,en;q=0.9,en-US;q=0.8',
  'cdn-loop': 'cloudflare; loops=1',
  'cf-connecting-ip': '176.35.55.181',
  'cf-ipcountry': 'GB',
  'cf-ray': '9509a3f1ab854152-LHR',
  'cf-visitor': '{"scheme":"https"}',
  'content-type': 'application/json',
  host: 'chatllm-computer-601b330f-vnc.default.svc.cluster.local:3000',
  priority: 'u=1, i',
  referer: 'https://601b330f.preview.abacusai.app/',
  'sec-ch-ua': '"Microsoft Edge";v="137", "Chromium";v="137", "Not/A)Brand";v="24"',
  'sec-ch-ua-mobile': '?0',
  'sec-ch-ua-platform': '"Windows"',
  'sec-fetch-dest': 'empty',
  'sec-fetch-mode': 'cors',
  'sec-fetch-site': 'same-origin',
  'sec-fetch-storage-access': 'active',
  'user-agent': 'Mozilla/5.0 (Windows NT 10.0; Win64; x64) AppleWebKit/537.36 (KHTML, like Gecko) Chrome/137.0.0.0 Safari/537.36 Edg/137.0.0.0',
  'x-abacus-service': 'chatllm-computer-601b330f-vnc.default.svc.cluster.local:3000',
  'x-envoy-expected-rq-timeout-ms': '3620000',
  'x-forwarded-for': '176.35.55.181',
  'x-forwarded-host': '601b330f.preview.abacusai.app',
  'x-forwarded-port': '3000',
  'x-forwarded-proto': 'https',
  'x-request-id': 'c1df7697-a3bc-4c14-ba53-c117a959eead'
}
🔵 [AUTH-LIB] Getting session
🔵 [AUTH-LIB] Token from cookies: No token found
🔵 [AUTH-LIB] No auth token found in cookies
🔵 [AUTH-BACKEND] Auth check request received
🔵 [AUTH-BACKEND] Request headers: {
  accept: '*/*',
  'accept-encoding': 'gzip, br',
  'accept-language': 'en-GB,en;q=0.9,en-US;q=0.8',
  'cdn-loop': 'cloudflare; loops=1',
  'cf-connecting-ip': '176.35.55.181',
  'cf-ipcountry': 'GB',
  'cf-ray': '9509a3f1ab834152-LHR',
  'cf-visitor': '{"scheme":"https"}',
  'content-type': 'application/json',
  host: 'chatllm-computer-601b330f-vnc.default.svc.cluster.local:3000',
  priority: 'u=1, i',
  referer: 'https://601b330f.preview.abacusai.app/',
  'sec-ch-ua': '"Microsoft Edge";v="137", "Chromium";v="137", "Not/A)Brand";v="24"',
  'sec-ch-ua-mobile': '?0',
  'sec-ch-ua-platform': '"Windows"',
  'sec-fetch-dest': 'empty',
  'sec-fetch-mode': 'cors',
  'sec-fetch-site': 'same-origin',
  'sec-fetch-storage-access': 'active',
  'user-agent': 'Mozilla/5.0 (Windows NT 10.0; Win64; x64) AppleWebKit/537.36 (KHTML, like Gecko) Chrome/137.0.0.0 Safari/537.36 Edg/137.0.0.0',
  'x-abacus-service': 'chatllm-computer-601b330f-vnc.default.svc.cluster.local:3000',
  'x-envoy-expected-rq-timeout-ms': '3620000',
  'x-forwarded-for': '176.35.55.181',
  'x-forwarded-host': '601b330f.preview.abacusai.app',
  'x-forwarded-port': '3000',
  'x-forwarded-proto': 'https',
  'x-request-id': '0fd8117f-43fa-4921-91cd-9686d9a62aa1'
}
🔵 [AUTH-LIB] Getting session
🔵 [AUTH-LIB] Token from cookies: No token found
🔵 [AUTH-LIB] No auth token found in cookies
🔵 [AUTH-BACKEND] Session check result: No user session
🟢 [AUTH-BACKEND] Auth check completed successfully
🔵 [AUTH-BACKEND] Session check result: No user session
🟢 [AUTH-BACKEND] Auth check completed successfully
 GET /api/auth/me 200 in 236ms
 GET /api/auth/me 200 in 253ms
 GET / 200 in 58ms
 GET / 200 in 40ms
 ○ Compiling /dashboard/venues/[id]/analytics ...
 ✓ Compiled /dashboard/venues/[id]/analytics in 1410ms (1447 modules)
 GET / 200 in 1053ms
 GET /dashboard/venues/cmbywqos30006m3fxrkk38a8z/analytics 200 in 1940ms
🔵 [AUTH-BACKEND] Auth check request received
🔵 [AUTH-BACKEND] Request headers: {
  accept: '*/*',
  'accept-encoding': 'gzip, deflate, br, zstd',
  'accept-language': 'en-US,en;q=0.9',
  connection: 'keep-alive',
  'content-type': 'application/json',
  cookie: 'next-auth.callback-url=http%3A%2F%2Flocalhost%3A3000%2Fdashboard; next-auth.csrf-token=35444b04df4a9254400521b3a0a4d4269741131fd0d0ced23c8087cf287afc69%7C63151685019b9da549ce8eb3263a26e6027aba835f01e64916ca1173bb4c5dac; __stripe_mid=8eaac037-ff88-48a4-a002-3ce6bffc7970f2b296; auth-token=eyJhbGciOiJIUzI1NiIsInR5cCI6IkpXVCJ9.eyJ1c2VySWQiOiJjbWJ5dnl6MzcwMDAwbTNna3NsZDhrdGxpIiwiaWF0IjoxNzUwMDY1OTYwLCJleHAiOjE3NTA2NzA3NjB9.wMFJKGog3pVQ1nFfNGTjSlK635DdIRmGgx8UzY2emfM',
  host: 'localhost:3000',
  referer: 'http://localhost:3000/dashboard/venues/cmbywqos30006m3fxrkk38a8z/analytics',
  'sec-ch-ua': '"Google Chrome";v="135", "Not-A.Brand";v="8", "Chromium";v="135"',
  'sec-ch-ua-mobile': '?0',
  'sec-ch-ua-platform': '"Linux"',
  'sec-fetch-dest': 'empty',
  'sec-fetch-mode': 'cors',
  'sec-fetch-site': 'same-origin',
  'user-agent': 'Mozilla/5.0 (X11; Linux x86_64) AppleWebKit/537.36 (KHTML, like Gecko) Chrome/135.0.0.0 Safari/537.36',
  'x-forwarded-for': '::ffff:127.0.0.1',
  'x-forwarded-host': 'localhost:3000',
  'x-forwarded-port': '3000',
  'x-forwarded-proto': 'http'
}
🔵 [AUTH-LIB] Getting session
🔵 [AUTH-LIB] Token from cookies: Token found (eyJhbGciOiJIUzI1NiIs...)
🔵 [AUTH-LIB] Looking up session in database
🔵 [AUTH-LIB] Session found, checking expiration
🟢 [AUTH-LIB] Valid session found for user: test@example.com
🔵 [AUTH-BACKEND] Session check result: User found: test@example.com
🟢 [AUTH-BACKEND] Auth check completed successfully
 GET /api/auth/me 200 in 54ms
🔵 [AUTH-BACKEND] Auth check request received
🔵 [AUTH-BACKEND] Request headers: {
  accept: '*/*',
  'accept-encoding': 'gzip, deflate, br, zstd',
  'accept-language': 'en-US,en;q=0.9',
  connection: 'keep-alive',
  'content-type': 'application/json',
  cookie: 'next-auth.callback-url=http%3A%2F%2Flocalhost%3A3000%2Fdashboard; next-auth.csrf-token=35444b04df4a9254400521b3a0a4d4269741131fd0d0ced23c8087cf287afc69%7C63151685019b9da549ce8eb3263a26e6027aba835f01e64916ca1173bb4c5dac; __stripe_mid=8eaac037-ff88-48a4-a002-3ce6bffc7970f2b296; auth-token=eyJhbGciOiJIUzI1NiIsInR5cCI6IkpXVCJ9.eyJ1c2VySWQiOiJjbWJ5dnl6MzcwMDAwbTNna3NsZDhrdGxpIiwiaWF0IjoxNzUwMDY1OTYwLCJleHAiOjE3NTA2NzA3NjB9.wMFJKGog3pVQ1nFfNGTjSlK635DdIRmGgx8UzY2emfM',
  host: 'localhost:3000',
  referer: 'http://localhost:3000/dashboard/venues/cmbywqos30006m3fxrkk38a8z/analytics',
  'sec-ch-ua': '"Google Chrome";v="135", "Not-A.Brand";v="8", "Chromium";v="135"',
  'sec-ch-ua-mobile': '?0',
  'sec-ch-ua-platform': '"Linux"',
  'sec-fetch-dest': 'empty',
  'sec-fetch-mode': 'cors',
  'sec-fetch-site': 'same-origin',
  'user-agent': 'Mozilla/5.0 (X11; Linux x86_64) AppleWebKit/537.36 (KHTML, like Gecko) Chrome/135.0.0.0 Safari/537.36',
  'x-forwarded-for': '::ffff:127.0.0.1',
  'x-forwarded-host': 'localhost:3000',
  'x-forwarded-port': '3000',
  'x-forwarded-proto': 'http'
}
🔵 [AUTH-LIB] Getting session
🔵 [AUTH-LIB] Token from cookies: Token found (eyJhbGciOiJIUzI1NiIs...)
🔵 [AUTH-LIB] Looking up session in database
🔵 [AUTH-LIB] Session found, checking expiration
🟢 [AUTH-LIB] Valid session found for user: test@example.com
🔵 [AUTH-BACKEND] Session check result: User found: test@example.com
🟢 [AUTH-BACKEND] Auth check completed successfully
 GET /api/auth/me 200 in 62ms
 ✓ Compiled /api/notifications in 197ms (789 modules)
🔵 [AUTH-LIB] Getting session
🔵 [AUTH-LIB] Token from cookies: Token found (eyJhbGciOiJIUzI1NiIs...)
🔵 [AUTH-LIB] Looking up session in database
🔵 [AUTH-LIB] Getting session
🔵 [AUTH-LIB] Token from cookies: Token found (eyJhbGciOiJIUzI1NiIs...)
🔵 [AUTH-LIB] Looking up session in database
🔵 [AUTH-LIB] Session found, checking expiration
🟢 [AUTH-LIB] Valid session found for user: test@example.com
🔵 [AUTH-LIB] Session found, checking expiration
🟢 [AUTH-LIB] Valid session found for user: test@example.com
 GET /api/notifications?limit=5 200 in 701ms
🔵 [AUTH-BACKEND] Auth check request received
🔵 [AUTH-BACKEND] Request headers: {
  accept: '*/*',
  'accept-encoding': 'gzip, br',
  'accept-language': 'en-GB,en;q=0.9,en-US;q=0.8',
  'cdn-loop': 'cloudflare; loops=1',
  'cf-connecting-ip': '176.35.55.181',
  'cf-ipcountry': 'GB',
  'cf-ray': '9509a4174c494152-LHR',
  'cf-visitor': '{"scheme":"https"}',
  'content-type': 'application/json',
  host: 'chatllm-computer-601b330f-vnc.default.svc.cluster.local:3000',
  priority: 'u=1, i',
  referer: 'https://601b330f.preview.abacusai.app/',
  'sec-ch-ua': '"Microsoft Edge";v="137", "Chromium";v="137", "Not/A)Brand";v="24"',
  'sec-ch-ua-mobile': '?0',
  'sec-ch-ua-platform': '"Windows"',
  'sec-fetch-dest': 'empty',
  'sec-fetch-mode': 'cors',
  'sec-fetch-site': 'same-origin',
  'sec-fetch-storage-access': 'active',
  'user-agent': 'Mozilla/5.0 (Windows NT 10.0; Win64; x64) AppleWebKit/537.36 (KHTML, like Gecko) Chrome/137.0.0.0 Safari/537.36 Edg/137.0.0.0',
  'x-abacus-service': 'chatllm-computer-601b330f-vnc.default.svc.cluster.local:3000',
  'x-envoy-expected-rq-timeout-ms': '3620000',
  'x-forwarded-for': '176.35.55.181',
  'x-forwarded-host': '601b330f.preview.abacusai.app',
  'x-forwarded-port': '3000',
  'x-forwarded-proto': 'https',
  'x-request-id': 'e9851c6a-18a5-4d0e-a295-6ec13c547838'
}
🔵 [AUTH-LIB] Getting session
🔵 [AUTH-LIB] Token from cookies: No token found
🔵 [AUTH-LIB] No auth token found in cookies
🔵 [AUTH-BACKEND] Auth check request received
🔵 [AUTH-BACKEND] Request headers: {
  accept: '*/*',
  'accept-encoding': 'gzip, br',
  'accept-language': 'en-GB,en;q=0.9,en-US;q=0.8',
  'cdn-loop': 'cloudflare; loops=1',
  'cf-connecting-ip': '176.35.55.181',
  'cf-ipcountry': 'GB',
  'cf-ray': '9509a4174c484152-LHR',
  'cf-visitor': '{"scheme":"https"}',
  'content-type': 'application/json',
  host: 'chatllm-computer-601b330f-vnc.default.svc.cluster.local:3000',
  priority: 'u=1, i',
  referer: 'https://601b330f.preview.abacusai.app/',
  'sec-ch-ua': '"Microsoft Edge";v="137", "Chromium";v="137", "Not/A)Brand";v="24"',
  'sec-ch-ua-mobile': '?0',
  'sec-ch-ua-platform': '"Windows"',
  'sec-fetch-dest': 'empty',
  'sec-fetch-mode': 'cors',
  'sec-fetch-site': 'same-origin',
  'sec-fetch-storage-access': 'active',
  'user-agent': 'Mozilla/5.0 (Windows NT 10.0; Win64; x64) AppleWebKit/537.36 (KHTML, like Gecko) Chrome/137.0.0.0 Safari/537.36 Edg/137.0.0.0',
  'x-abacus-service': 'chatllm-computer-601b330f-vnc.default.svc.cluster.local:3000',
  'x-envoy-expected-rq-timeout-ms': '3620000',
  'x-forwarded-for': '176.35.55.181',
  'x-forwarded-host': '601b330f.preview.abacusai.app',
  'x-forwarded-port': '3000',
  'x-forwarded-proto': 'https',
  'x-request-id': '2d6de7ea-a703-4064-9552-97fac859698a'
}
🔵 [AUTH-LIB] Getting session
🔵 [AUTH-LIB] Token from cookies: No token found
🔵 [AUTH-LIB] No auth token found in cookies
🔵 [AUTH-BACKEND] Session check result: No user session
🟢 [AUTH-BACKEND] Auth check completed successfully
🔵 [AUTH-BACKEND] Session check result: No user session
🟢 [AUTH-BACKEND] Auth check completed successfully
 GET /api/auth/me 200 in 115ms
 GET /api/auth/me 200 in 110ms
 GET /api/venues/cmbywqos30006m3fxrkk38a8z/analytics?timeRange=30 200 in 719ms
🔵 [AUTH-LIB] Getting session
🔵 [AUTH-LIB] Token from cookies: Token found (eyJhbGciOiJIUzI1NiIs...)
🔵 [AUTH-LIB] Looking up session in database
🔵 [AUTH-LIB] Session found, checking expiration
🟢 [AUTH-LIB] Valid session found for user: test@example.com
 GET /api/notifications?limit=5 200 in 41ms
🔵 [AUTH-LIB] Getting session
🔵 [AUTH-LIB] Token from cookies: Token found (eyJhbGciOiJIUzI1NiIs...)
🔵 [AUTH-LIB] Looking up session in database
🔵 [AUTH-LIB] Session found, checking expiration
🟢 [AUTH-LIB] Valid session found for user: test@example.com
 GET /api/venues/cmbywqos30006m3fxrkk38a8z/analytics?timeRange=30 200 in 58ms
🔵 [AUTH-LIB] Getting session
🔵 [AUTH-LIB] Token from cookies: Token found (eyJhbGciOiJIUzI1NiIs...)
🔵 [AUTH-LIB] Looking up session in database
🔵 [AUTH-LIB] Session found, checking expiration
🟢 [AUTH-LIB] Valid session found for user: test@example.com
 GET /api/venues/cmbywqos30006m3fxrkk38a8z/analytics?timeRange=30 200 in 51ms
 GET / 200 in 68ms
 GET / 200 in 44ms
 GET / 200 in 43ms
🔵 [AUTH-BACKEND] Auth check request received
🔵 [AUTH-BACKEND] Request headers: {
  accept: '*/*',
  'accept-encoding': 'gzip, br',
  'accept-language': 'en-GB,en;q=0.9,en-US;q=0.8',
  'cdn-loop': 'cloudflare; loops=1',
  'cf-connecting-ip': '176.35.55.181',
  'cf-ipcountry': 'GB',
  'cf-ray': '9509a54bd895ef52-LHR',
  'cf-visitor': '{"scheme":"https"}',
  'content-type': 'application/json',
  host: 'chatllm-computer-601b330f-vnc.default.svc.cluster.local:3000',
  priority: 'u=1, i',
  referer: 'https://601b330f.preview.abacusai.app/',
  'sec-ch-ua': '"Microsoft Edge";v="137", "Chromium";v="137", "Not/A)Brand";v="24"',
  'sec-ch-ua-mobile': '?0',
  'sec-ch-ua-platform': '"Windows"',
  'sec-fetch-dest': 'empty',
  'sec-fetch-mode': 'cors',
  'sec-fetch-site': 'same-origin',
  'sec-fetch-storage-access': 'active',
  'user-agent': 'Mozilla/5.0 (Windows NT 10.0; Win64; x64) AppleWebKit/537.36 (KHTML, like Gecko) Chrome/137.0.0.0 Safari/537.36 Edg/137.0.0.0',
  'x-abacus-service': 'chatllm-computer-601b330f-vnc.default.svc.cluster.local:3000',
  'x-envoy-expected-rq-timeout-ms': '3620000',
  'x-forwarded-for': '176.35.55.181',
  'x-forwarded-host': '601b330f.preview.abacusai.app',
  'x-forwarded-port': '3000',
  'x-forwarded-proto': 'https',
  'x-request-id': '7a6d3774-5087-4cdc-99a8-4d9a6bd7cd20'
}
🔵 [AUTH-LIB] Getting session
🔵 [AUTH-LIB] Token from cookies: No token found
🔵 [AUTH-LIB] No auth token found in cookies
🔵 [AUTH-BACKEND] Session check result: No user session
🟢 [AUTH-BACKEND] Auth check completed successfully
 GET /api/auth/me 200 in 34ms
🔵 [AUTH-BACKEND] Auth check request received
🔵 [AUTH-BACKEND] Request headers: {
  accept: '*/*',
  'accept-encoding': 'gzip, br',
  'accept-language': 'en-GB,en;q=0.9,en-US;q=0.8',
  'cdn-loop': 'cloudflare; loops=1',
  'cf-connecting-ip': '176.35.55.181',
  'cf-ipcountry': 'GB',
  'cf-ray': '9509a54bd88eef52-LHR',
  'cf-visitor': '{"scheme":"https"}',
  'content-type': 'application/json',
  host: 'chatllm-computer-601b330f-vnc.default.svc.cluster.local:3000',
  priority: 'u=1, i',
  referer: 'https://601b330f.preview.abacusai.app/',
  'sec-ch-ua': '"Microsoft Edge";v="137", "Chromium";v="137", "Not/A)Brand";v="24"',
  'sec-ch-ua-mobile': '?0',
  'sec-ch-ua-platform': '"Windows"',
  'sec-fetch-dest': 'empty',
  'sec-fetch-mode': 'cors',
  'sec-fetch-site': 'same-origin',
  'sec-fetch-storage-access': 'active',
  'user-agent': 'Mozilla/5.0 (Windows NT 10.0; Win64; x64) AppleWebKit/537.36 (KHTML, like Gecko) Chrome/137.0.0.0 Safari/537.36 Edg/137.0.0.0',
  'x-abacus-service': 'chatllm-computer-601b330f-vnc.default.svc.cluster.local:3000',
  'x-envoy-expected-rq-timeout-ms': '3620000',
  'x-forwarded-for': '176.35.55.181',
  'x-forwarded-host': '601b330f.preview.abacusai.app',
  'x-forwarded-port': '3000',
  'x-forwarded-proto': 'https',
  'x-request-id': 'f9f02206-2ae8-42f5-bae9-7dd1ee2b71ea'
}
🔵 [AUTH-LIB] Getting session
🔵 [AUTH-LIB] Token from cookies: No token found
🔵 [AUTH-LIB] No auth token found in cookies
🔵 [AUTH-BACKEND] Session check result: No user session
🟢 [AUTH-BACKEND] Auth check completed successfully
 GET /api/auth/me 200 in 44ms
 ○ Compiling /auth/login ...
 ✓ Compiled /auth/login in 731ms (1463 modules)
 ✓ Compiled /api/auth/login in 362ms (798 modules)
 POST /api/auth/login 200 in 778ms
 ✓ Compiled /dashboard in 483ms (1479 modules)
 ✓ Compiled /api/notifications in 204ms (807 modules)
 ✓ Compiled (810 modules)
🔵 [AUTH-LIB] Getting session
🔵 [AUTH-LIB] Token from cookies: No token found
🔵 [AUTH-LIB] No auth token found in cookies
 GET /api/notifications?limit=5 500 in 415ms
🔵 [AUTH-LIB] Getting session
🔵 [AUTH-LIB] Token from cookies: No token found
🔵 [AUTH-LIB] No auth token found in cookies
🔵 [AUTH-LIB] Getting session
🔵 [AUTH-LIB] Token from cookies: No token found
🔵 [AUTH-LIB] No auth token found in cookies
 GET /api/venues 401 in 424ms
 GET /api/venues 401 in 458ms
🔵 [AUTH-LIB] Getting session
🔵 [AUTH-LIB] Token from cookies: No token found
🔵 [AUTH-LIB] No auth token found in cookies
 GET /api/notifications?limit=5 500 in 26ms
 ○ Compiling /_not-found ...
 ✓ Compiled /_not-found in 590ms (1485 modules)
 GET /_next/static/chunks/app/bundle-mjs.mjs.map 404 in 716ms
 GET /_next/static/chunks/static-generation-async-storage-instance.js.map 404 in 703ms
 GET /_next/static/chunks/app/auth/login/bundle-mjs.mjs.map 404 in 271ms
 GET /_next/static/chunks/handle-smooth-scroll.js.map 404 in 703ms
 GET /_next/static/chunks/app/dashboard/bundle-mjs.mjs.map 404 in 137ms
 GET /_next/static/chunks/app/dashboard/bundle-mjs.mjs.map 404 in 33ms
 GET /_next/static/chunks/app/bundle-mjs.mjs.map 404 in 24ms
 ○ Compiling /dashboard/analytics ...
 ✓ Compiled /dashboard/analytics in 559ms (1493 modules)
 GET /_next/static/chunks/app/dashboard/analytics/bundle-mjs.mjs.map 404 in 45ms
🔵 [AUTH-LIB] Getting session
🔵 [AUTH-LIB] Token from cookies: No token found
🔵 [AUTH-LIB] No auth token found in cookies
 GET /api/venues 401 in 44ms
 ✓ Compiled /api/analytics in 252ms (816 modules)
🔵 [AUTH-LIB] Getting session
🔵 [AUTH-LIB] Token from cookies: No token found
🔵 [AUTH-LIB] No auth token found in cookies
 GET /api/analytics?timeRange=30 500 in 323ms
🔵 [AUTH-LIB] Getting session
🔵 [AUTH-LIB] Token from cookies: No token found
🔵 [AUTH-LIB] No auth token found in cookies
 GET /api/venues 401 in 79ms
🔵 [AUTH-LIB] Getting session
🔵 [AUTH-LIB] Token from cookies: No token found
🔵 [AUTH-LIB] No auth token found in cookies
 GET /api/analytics?timeRange=30 500 in 32ms
 GET / 200 in 93ms
 GET /_next/static/chunks/handle-smooth-scroll.js.map 404 in 23ms
 GET / 200 in 52ms
 GET /_next/static/chunks/app/bundle-mjs.mjs.map 404 in 22ms
 GET /_next/static/chunks/app/bundle-mjs.mjs.map 404 in 19ms
 GET / 200 in 38ms
 GET /_next/static/chunks/handle-smooth-scroll.js.map 404 in 19ms
 GET /_next/static/chunks/app/bundle-mjs.mjs.map 404 in 19ms
 GET /_next/static/chunks/app/bundle-mjs.mjs.map 404 in 19ms
 GET /_next/static/chunks/app/bundle-mjs.mjs.map 404 in 19ms
 GET /_next/static/chunks/static-generation-async-storage-instance.js.map 404 in 18ms
 ✓ Compiled /api/auth/me in 288ms (818 modules)
🔵 [AUTH-BACKEND] Auth check request received
🔵 [AUTH-BACKEND] Request headers: {
  accept: '*/*',
  'accept-encoding': 'gzip, br',
  'accept-language': 'en-GB,en;q=0.9,en-US;q=0.8',
  'cdn-loop': 'cloudflare; loops=1',
  'cf-connecting-ip': '176.35.55.181',
  'cf-ipcountry': 'GB',
  'cf-ray': '9509a8453babd8f4-LHR',
  'cf-visitor': '{"scheme":"https"}',
  'content-type': 'application/json',
  host: 'chatllm-computer-601b330f-vnc.default.svc.cluster.local:3000',
  priority: 'u=1, i',
  referer: 'https://601b330f.preview.abacusai.app/',
  'sec-ch-ua': '"Microsoft Edge";v="137", "Chromium";v="137", "Not/A)Brand";v="24"',
  'sec-ch-ua-mobile': '?0',
  'sec-ch-ua-platform': '"Windows"',
  'sec-fetch-dest': 'empty',
  'sec-fetch-mode': 'cors',
  'sec-fetch-site': 'same-origin',
  'sec-fetch-storage-access': 'active',
  'user-agent': 'Mozilla/5.0 (Windows NT 10.0; Win64; x64) AppleWebKit/537.36 (KHTML, like Gecko) Chrome/137.0.0.0 Safari/537.36 Edg/137.0.0.0',
  'x-abacus-service': 'chatllm-computer-601b330f-vnc.default.svc.cluster.local:3000',
  'x-envoy-expected-rq-timeout-ms': '3620000',
  'x-forwarded-for': '176.35.55.181',
  'x-forwarded-host': '601b330f.preview.abacusai.app',
  'x-forwarded-port': '3000',
  'x-forwarded-proto': 'https',
  'x-request-id': '477a0aa7-4ec4-409c-bb74-6f1325363126'
}
🔵 [AUTH-LIB] Getting session
🔵 [AUTH-LIB] Token from cookies: No token found
🔵 [AUTH-LIB] No auth token found in cookies
🔵 [AUTH-BACKEND] Auth check request received
🔵 [AUTH-BACKEND] Request headers: {
  accept: '*/*',
  'accept-encoding': 'gzip, br',
  'accept-language': 'en-GB,en;q=0.9,en-US;q=0.8',
  'cdn-loop': 'cloudflare; loops=1',
  'cf-connecting-ip': '176.35.55.181',
  'cf-ipcountry': 'GB',
  'cf-ray': '9509a8453b9dd8f4-LHR',
  'cf-visitor': '{"scheme":"https"}',
  'content-type': 'application/json',
  host: 'chatllm-computer-601b330f-vnc.default.svc.cluster.local:3000',
  priority: 'u=1, i',
  referer: 'https://601b330f.preview.abacusai.app/',
  'sec-ch-ua': '"Microsoft Edge";v="137", "Chromium";v="137", "Not/A)Brand";v="24"',
  'sec-ch-ua-mobile': '?0',
  'sec-ch-ua-platform': '"Windows"',
  'sec-fetch-dest': 'empty',
  'sec-fetch-mode': 'cors',
  'sec-fetch-site': 'same-origin',
  'sec-fetch-storage-access': 'active',
  'user-agent': 'Mozilla/5.0 (Windows NT 10.0; Win64; x64) AppleWebKit/537.36 (KHTML, like Gecko) Chrome/137.0.0.0 Safari/537.36 Edg/137.0.0.0',
  'x-abacus-service': 'chatllm-computer-601b330f-vnc.default.svc.cluster.local:3000',
  'x-envoy-expected-rq-timeout-ms': '3620000',
  'x-forwarded-for': '176.35.55.181',
  'x-forwarded-host': '601b330f.preview.abacusai.app',
  'x-forwarded-port': '3000',
  'x-forwarded-proto': 'https',
  'x-request-id': '82ba781e-cd0f-4530-8555-f687029f6c07'
}
🔵 [AUTH-LIB] Getting session
🔵 [AUTH-LIB] Token from cookies: No token found
🔵 [AUTH-LIB] No auth token found in cookies
🔵 [AUTH-BACKEND] Session check result: No user session
🟢 [AUTH-BACKEND] Auth check completed successfully
🔵 [AUTH-BACKEND] Session check result: No user session
🟢 [AUTH-BACKEND] Auth check completed successfully
 GET /api/auth/me 200 in 348ms
 GET /api/auth/me 200 in 354ms
 ✓ Compiled in 792ms (1376 modules)
 ✓ Compiled /_not-found in 281ms (1367 modules)
 GET /dashboard/venues/cmbywqos30006m3fxrkk38a8z/analytics 404 in 92ms
 GET /_next/static/css/app/layout.css?v=1750070230257 404 in 38ms
 GET /_next/static/chunks/main-app.js?v=1750070230257 404 in 42ms
 GET /_next/static/chunks/app-pages-internals.js 404 in 40ms
 ✓ Compiled in 327ms (691 modules)
 ✓ Compiled in 320ms (691 modules)
 ✓ Compiled in 352ms (691 modules)
 ✓ Compiled in 329ms (691 modules)
 ✓ Compiled in 340ms (691 modules)
[?25h
