  ▲ Next.js 14.2.28
  - Local:        http://localhost:3000
  - Environments: .env
  - Experiments (use with caution):
    · outputFileTracingRoot

 ✓ Starting...
 ✓ Ready in 2.4s
 ○ Compiling / ...
 ✓ Compiled / in 7.3s (1187 modules)
 GET / 200 in 7945ms
 ✓ Compiled in 637ms (595 modules)
 ○ Compiling /api/auth/me ...
 ✓ Compiled /api/auth/me in 2.5s (617 modules)
 ✓ Compiled (706 modules)
🔵 [AUTH-BACKEND] Auth check request received
🔵 [AUTH-BACKEND] Request headers: {
  accept: '*/*',
  'accept-encoding': 'gzip, deflate, br, zstd',
  'accept-language': 'en-US,en;q=0.9',
  connection: 'keep-alive',
  'content-type': 'application/json',
  host: 'localhost:3000',
  referer: 'http://localhost:3000/',
  'sec-ch-ua': '"Google Chrome";v="135", "Not-A.Brand";v="8", "Chromium";v="135"',
  'sec-ch-ua-mobile': '?0',
  'sec-ch-ua-platform': '"Linux"',
  'sec-fetch-dest': 'empty',
  'sec-fetch-mode': 'cors',
  'sec-fetch-site': 'same-origin',
  'user-agent': 'Mozilla/5.0 (X11; Linux x86_64) AppleWebKit/537.36 (KHTML, like Gecko) HeadlessChrome/135.0.0.0 Safari/537.36',
  'x-forwarded-for': '::ffff:127.0.0.1',
  'x-forwarded-host': 'localhost:3000',
  'x-forwarded-port': '3000',
  'x-forwarded-proto': 'http'
}
🔵 [AUTH-LIB] Getting session
🔵 [AUTH-LIB] Token from cookies: No token found
🔵 [AUTH-LIB] No auth token found in cookies
🔵 [AUTH-BACKEND] Auth check request received
🔵 [AUTH-BACKEND] Request headers: {
  accept: '*/*',
  'accept-encoding': 'gzip, deflate, br, zstd',
  'accept-language': 'en-US,en;q=0.9',
  connection: 'keep-alive',
  'content-type': 'application/json',
  host: 'localhost:3000',
  referer: 'http://localhost:3000/',
  'sec-ch-ua': '"Google Chrome";v="135", "Not-A.Brand";v="8", "Chromium";v="135"',
  'sec-ch-ua-mobile': '?0',
  'sec-ch-ua-platform': '"Linux"',
  'sec-fetch-dest': 'empty',
  'sec-fetch-mode': 'cors',
  'sec-fetch-site': 'same-origin',
  'user-agent': 'Mozilla/5.0 (X11; Linux x86_64) AppleWebKit/537.36 (KHTML, like Gecko) HeadlessChrome/135.0.0.0 Safari/537.36',
  'x-forwarded-for': '::ffff:127.0.0.1',
  'x-forwarded-host': 'localhost:3000',
  'x-forwarded-port': '3000',
  'x-forwarded-proto': 'http'
}
🔵 [AUTH-LIB] Getting session
🔵 [AUTH-LIB] Token from cookies: No token found
🔵 [AUTH-LIB] No auth token found in cookies
🔵 [AUTH-BACKEND] Session check result: No user session
🟢 [AUTH-BACKEND] Auth check completed successfully
🔵 [AUTH-BACKEND] Session check result: No user session
🟢 [AUTH-BACKEND] Auth check completed successfully
 GET /api/auth/me 200 in 3154ms
 GET /api/auth/me 200 in 3154ms
 GET /api/venues/featured 200 in 3267ms
 GET /api/venues/featured 200 in 73ms
 ○ Compiling /auth/register ...
 ✓ Compiled /auth/register in 1818ms (1514 modules)
 GET /my-bookings 200 in 2164ms
 GET /auth/login 200 in 2153ms
 GET /book 200 in 2158ms
 GET /auth/register 200 in 2160ms
 GET /venues 200 in 2199ms
🔵 [AUTH-BACKEND] Auth check request received
🔵 [AUTH-BACKEND] Request headers: {
  accept: '*/*',
  'accept-encoding': 'gzip, deflate, br, zstd',
  'accept-language': 'en-US,en;q=0.9',
  connection: 'keep-alive',
  'content-type': 'application/json',
  host: 'localhost:3000',
  referer: 'http://localhost:3000/auth/login',
  'sec-ch-ua': '"Google Chrome";v="135", "Not-A.Brand";v="8", "Chromium";v="135"',
  'sec-ch-ua-mobile': '?0',
  'sec-ch-ua-platform': '"Linux"',
  'sec-fetch-dest': 'empty',
  'sec-fetch-mode': 'cors',
  'sec-fetch-site': 'same-origin',
  'user-agent': 'Mozilla/5.0 (X11; Linux x86_64) AppleWebKit/537.36 (KHTML, like Gecko) HeadlessChrome/135.0.0.0 Safari/537.36',
  'x-forwarded-for': '::ffff:127.0.0.1',
  'x-forwarded-host': 'localhost:3000',
  'x-forwarded-port': '3000',
  'x-forwarded-proto': 'http'
}
🔵 [AUTH-LIB] Getting session
🔵 [AUTH-LIB] Token from cookies: No token found
🔵 [AUTH-LIB] No auth token found in cookies
🔵 [AUTH-BACKEND] Session check result: No user session
🟢 [AUTH-BACKEND] Auth check completed successfully
 GET /api/auth/me 200 in 108ms
🔵 [AUTH-BACKEND] Auth check request received
🔵 [AUTH-BACKEND] Request headers: {
  accept: '*/*',
  'accept-encoding': 'gzip, deflate, br, zstd',
  'accept-language': 'en-US,en;q=0.9',
  connection: 'keep-alive',
  'content-type': 'application/json',
  host: 'localhost:3000',
  referer: 'http://localhost:3000/auth/login',
  'sec-ch-ua': '"Google Chrome";v="135", "Not-A.Brand";v="8", "Chromium";v="135"',
  'sec-ch-ua-mobile': '?0',
  'sec-ch-ua-platform': '"Linux"',
  'sec-fetch-dest': 'empty',
  'sec-fetch-mode': 'cors',
  'sec-fetch-site': 'same-origin',
  'user-agent': 'Mozilla/5.0 (X11; Linux x86_64) AppleWebKit/537.36 (KHTML, like Gecko) HeadlessChrome/135.0.0.0 Safari/537.36',
  'x-forwarded-for': '::ffff:127.0.0.1',
  'x-forwarded-host': 'localhost:3000',
  'x-forwarded-port': '3000',
  'x-forwarded-proto': 'http'
}
🔵 [AUTH-LIB] Getting session
🔵 [AUTH-LIB] Token from cookies: No token found
🔵 [AUTH-LIB] No auth token found in cookies
🔵 [AUTH-BACKEND] Session check result: No user session
🟢 [AUTH-BACKEND] Auth check completed successfully
 GET /api/auth/me 200 in 136ms
🔵 [AUTH-BACKEND] Auth check request received
🔵 [AUTH-BACKEND] Request headers: {
  accept: '*/*',
  'accept-encoding': 'gzip, deflate, br, zstd',
  'accept-language': 'en-US,en;q=0.9',
  connection: 'keep-alive',
  'content-type': 'application/json',
  host: 'localhost:3000',
  referer: 'http://localhost:3000/my-bookings',
  'sec-ch-ua': '"Google Chrome";v="135", "Not-A.Brand";v="8", "Chromium";v="135"',
  'sec-ch-ua-mobile': '?0',
  'sec-ch-ua-platform': '"Linux"',
  'sec-fetch-dest': 'empty',
  'sec-fetch-mode': 'cors',
  'sec-fetch-site': 'same-origin',
  'user-agent': 'Mozilla/5.0 (X11; Linux x86_64) AppleWebKit/537.36 (KHTML, like Gecko) HeadlessChrome/135.0.0.0 Safari/537.36',
  'x-forwarded-for': '::ffff:127.0.0.1',
  'x-forwarded-host': 'localhost:3000',
  'x-forwarded-port': '3000',
  'x-forwarded-proto': 'http'
}
🔵 [AUTH-LIB] Getting session
🔵 [AUTH-LIB] Token from cookies: No token found
🔵 [AUTH-LIB] No auth token found in cookies
🔵 [AUTH-BACKEND] Auth check request received
🔵 [AUTH-BACKEND] Request headers: {
  accept: '*/*',
  'accept-encoding': 'gzip, deflate, br, zstd',
  'accept-language': 'en-US,en;q=0.9',
  connection: 'keep-alive',
  'content-type': 'application/json',
  host: 'localhost:3000',
  referer: 'http://localhost:3000/my-bookings',
  'sec-ch-ua': '"Google Chrome";v="135", "Not-A.Brand";v="8", "Chromium";v="135"',
  'sec-ch-ua-mobile': '?0',
  'sec-ch-ua-platform': '"Linux"',
  'sec-fetch-dest': 'empty',
  'sec-fetch-mode': 'cors',
  'sec-fetch-site': 'same-origin',
  'user-agent': 'Mozilla/5.0 (X11; Linux x86_64) AppleWebKit/537.36 (KHTML, like Gecko) HeadlessChrome/135.0.0.0 Safari/537.36',
  'x-forwarded-for': '::ffff:127.0.0.1',
  'x-forwarded-host': 'localhost:3000',
  'x-forwarded-port': '3000',
  'x-forwarded-proto': 'http'
}
🔵 [AUTH-LIB] Getting session
🔵 [AUTH-LIB] Token from cookies: No token found
🔵 [AUTH-LIB] No auth token found in cookies
🔵 [AUTH-BACKEND] Session check result: No user session
🟢 [AUTH-BACKEND] Auth check completed successfully
🔵 [AUTH-BACKEND] Session check result: No user session
🟢 [AUTH-BACKEND] Auth check completed successfully
 GET /api/auth/me 200 in 174ms
 GET /api/auth/me 200 in 166ms
 GET /book/cmbz3igfd0005qn018j1uu311 200 in 2824ms
 ✓ Compiled /api/public/venues in 278ms (826 modules)
🔵 [AUTH-BACKEND] Auth check request received
🔵 [AUTH-BACKEND] Request headers: {
  accept: '*/*',
  'accept-encoding': 'gzip, deflate, br, zstd',
  'accept-language': 'en-US,en;q=0.9',
  connection: 'keep-alive',
  'content-type': 'application/json',
  host: 'localhost:3000',
  referer: 'http://localhost:3000/auth/register',
  'sec-ch-ua': '"Google Chrome";v="135", "Not-A.Brand";v="8", "Chromium";v="135"',
  'sec-ch-ua-mobile': '?0',
  'sec-ch-ua-platform': '"Linux"',
  'sec-fetch-dest': 'empty',
  'sec-fetch-mode': 'cors',
  'sec-fetch-site': 'same-origin',
  'user-agent': 'Mozilla/5.0 (X11; Linux x86_64) AppleWebKit/537.36 (KHTML, like Gecko) HeadlessChrome/135.0.0.0 Safari/537.36',
  'x-forwarded-for': '::ffff:127.0.0.1',
  'x-forwarded-host': 'localhost:3000',
  'x-forwarded-port': '3000',
  'x-forwarded-proto': 'http'
}
🔵 [AUTH-LIB] Getting session
🔵 [AUTH-LIB] Token from cookies: No token found
🔵 [AUTH-LIB] No auth token found in cookies
🔵 [AUTH-BACKEND] Auth check request received
🔵 [AUTH-BACKEND] Request headers: {
  accept: '*/*',
  'accept-encoding': 'gzip, deflate, br, zstd',
  'accept-language': 'en-US,en;q=0.9',
  connection: 'keep-alive',
  'content-type': 'application/json',
  host: 'localhost:3000',
  referer: 'http://localhost:3000/auth/register',
  'sec-ch-ua': '"Google Chrome";v="135", "Not-A.Brand";v="8", "Chromium";v="135"',
  'sec-ch-ua-mobile': '?0',
  'sec-ch-ua-platform': '"Linux"',
  'sec-fetch-dest': 'empty',
  'sec-fetch-mode': 'cors',
  'sec-fetch-site': 'same-origin',
  'user-agent': 'Mozilla/5.0 (X11; Linux x86_64) AppleWebKit/537.36 (KHTML, like Gecko) HeadlessChrome/135.0.0.0 Safari/537.36',
  'x-forwarded-for': '::ffff:127.0.0.1',
  'x-forwarded-host': 'localhost:3000',
  'x-forwarded-port': '3000',
  'x-forwarded-proto': 'http'
}
🔵 [AUTH-LIB] Getting session
🔵 [AUTH-LIB] Token from cookies: No token found
🔵 [AUTH-LIB] No auth token found in cookies
🔵 [AUTH-BACKEND] Auth check request received
🔵 [AUTH-BACKEND] Request headers: {
  accept: '*/*',
  'accept-encoding': 'gzip, deflate, br, zstd',
  'accept-language': 'en-US,en;q=0.9',
  connection: 'keep-alive',
  'content-type': 'application/json',
  host: 'localhost:3000',
  referer: 'http://localhost:3000/book',
  'sec-ch-ua': '"Google Chrome";v="135", "Not-A.Brand";v="8", "Chromium";v="135"',
  'sec-ch-ua-mobile': '?0',
  'sec-ch-ua-platform': '"Linux"',
  'sec-fetch-dest': 'empty',
  'sec-fetch-mode': 'cors',
  'sec-fetch-site': 'same-origin',
  'user-agent': 'Mozilla/5.0 (X11; Linux x86_64) AppleWebKit/537.36 (KHTML, like Gecko) HeadlessChrome/135.0.0.0 Safari/537.36',
  'x-forwarded-for': '::ffff:127.0.0.1',
  'x-forwarded-host': 'localhost:3000',
  'x-forwarded-port': '3000',
  'x-forwarded-proto': 'http'
}
🔵 [AUTH-LIB] Getting session
🔵 [AUTH-LIB] Token from cookies: No token found
🔵 [AUTH-LIB] No auth token found in cookies
🔵 [AUTH-BACKEND] Auth check request received
🔵 [AUTH-BACKEND] Request headers: {
  accept: '*/*',
  'accept-encoding': 'gzip, deflate, br, zstd',
  'accept-language': 'en-US,en;q=0.9',
  connection: 'keep-alive',
  'content-type': 'application/json',
  host: 'localhost:3000',
  referer: 'http://localhost:3000/venues',
  'sec-ch-ua': '"Google Chrome";v="135", "Not-A.Brand";v="8", "Chromium";v="135"',
  'sec-ch-ua-mobile': '?0',
  'sec-ch-ua-platform': '"Linux"',
  'sec-fetch-dest': 'empty',
  'sec-fetch-mode': 'cors',
  'sec-fetch-site': 'same-origin',
  'user-agent': 'Mozilla/5.0 (X11; Linux x86_64) AppleWebKit/537.36 (KHTML, like Gecko) HeadlessChrome/135.0.0.0 Safari/537.36',
  'x-forwarded-for': '::ffff:127.0.0.1',
  'x-forwarded-host': 'localhost:3000',
  'x-forwarded-port': '3000',
  'x-forwarded-proto': 'http'
}
🔵 [AUTH-LIB] Getting session
🔵 [AUTH-LIB] Token from cookies: No token found
🔵 [AUTH-LIB] No auth token found in cookies
🔵 [AUTH-BACKEND] Auth check request received
🔵 [AUTH-BACKEND] Request headers: {
  accept: '*/*',
  'accept-encoding': 'gzip, deflate, br, zstd',
  'accept-language': 'en-US,en;q=0.9',
  connection: 'keep-alive',
  'content-type': 'application/json',
  host: 'localhost:3000',
  referer: 'http://localhost:3000/venues',
  'sec-ch-ua': '"Google Chrome";v="135", "Not-A.Brand";v="8", "Chromium";v="135"',
  'sec-ch-ua-mobile': '?0',
  'sec-ch-ua-platform': '"Linux"',
  'sec-fetch-dest': 'empty',
  'sec-fetch-mode': 'cors',
  'sec-fetch-site': 'same-origin',
  'user-agent': 'Mozilla/5.0 (X11; Linux x86_64) AppleWebKit/537.36 (KHTML, like Gecko) HeadlessChrome/135.0.0.0 Safari/537.36',
  'x-forwarded-for': '::ffff:127.0.0.1',
  'x-forwarded-host': 'localhost:3000',
  'x-forwarded-port': '3000',
  'x-forwarded-proto': 'http'
}
🔵 [AUTH-LIB] Getting session
🔵 [AUTH-LIB] Token from cookies: No token found
🔵 [AUTH-LIB] No auth token found in cookies
🔵 [AUTH-BACKEND] Auth check request received
🔵 [AUTH-BACKEND] Request headers: {
  accept: '*/*',
  'accept-encoding': 'gzip, deflate, br, zstd',
  'accept-language': 'en-US,en;q=0.9',
  connection: 'keep-alive',
  'content-type': 'application/json',
  host: 'localhost:3000',
  referer: 'http://localhost:3000/book',
  'sec-ch-ua': '"Google Chrome";v="135", "Not-A.Brand";v="8", "Chromium";v="135"',
  'sec-ch-ua-mobile': '?0',
  'sec-ch-ua-platform': '"Linux"',
  'sec-fetch-dest': 'empty',
  'sec-fetch-mode': 'cors',
  'sec-fetch-site': 'same-origin',
  'user-agent': 'Mozilla/5.0 (X11; Linux x86_64) AppleWebKit/537.36 (KHTML, like Gecko) HeadlessChrome/135.0.0.0 Safari/537.36',
  'x-forwarded-for': '::ffff:127.0.0.1',
  'x-forwarded-host': 'localhost:3000',
  'x-forwarded-port': '3000',
  'x-forwarded-proto': 'http'
}
🔵 [AUTH-LIB] Getting session
🔵 [AUTH-LIB] Token from cookies: No token found
🔵 [AUTH-LIB] No auth token found in cookies
🔵 [AUTH-BACKEND] Session check result: No user session
🟢 [AUTH-BACKEND] Auth check completed successfully
🔵 [AUTH-BACKEND] Session check result: No user session
🟢 [AUTH-BACKEND] Auth check completed successfully
🔵 [AUTH-BACKEND] Session check result: No user session
🟢 [AUTH-BACKEND] Auth check completed successfully
🔵 [AUTH-BACKEND] Session check result: No user session
🟢 [AUTH-BACKEND] Auth check completed successfully
🔵 [AUTH-BACKEND] Session check result: No user session
🟢 [AUTH-BACKEND] Auth check completed successfully
🔵 [AUTH-BACKEND] Session check result: No user session
🟢 [AUTH-BACKEND] Auth check completed successfully
 GET /api/auth/me 200 in 644ms
 GET /api/auth/me 200 in 643ms
 GET /api/auth/me 200 in 643ms
 GET /api/auth/me 200 in 606ms
 GET /api/auth/me 200 in 606ms
 GET /api/auth/me 200 in 644ms
 GET /api/public/venues 200 in 647ms
 GET /api/public/venues?page=1&limit=12 200 in 696ms
 GET /api/public/venues 200 in 104ms
 GET /api/public/venues?page=1&limit=12 200 in 95ms
 ✓ Compiled /api/public/venues/[id] in 272ms (828 modules)
🔵 [AUTH-BACKEND] Auth check request received
🔵 [AUTH-BACKEND] Request headers: {
  accept: '*/*',
  'accept-encoding': 'gzip, deflate, br, zstd',
  'accept-language': 'en-US,en;q=0.9',
  connection: 'keep-alive',
  'content-type': 'application/json',
  host: 'localhost:3000',
  referer: 'http://localhost:3000/book/cmbz3igfd0005qn018j1uu311',
  'sec-ch-ua': '"Google Chrome";v="135", "Not-A.Brand";v="8", "Chromium";v="135"',
  'sec-ch-ua-mobile': '?0',
  'sec-ch-ua-platform': '"Linux"',
  'sec-fetch-dest': 'empty',
  'sec-fetch-mode': 'cors',
  'sec-fetch-site': 'same-origin',
  'user-agent': 'Mozilla/5.0 (X11; Linux x86_64) AppleWebKit/537.36 (KHTML, like Gecko) HeadlessChrome/135.0.0.0 Safari/537.36',
  'x-forwarded-for': '::ffff:127.0.0.1',
  'x-forwarded-host': 'localhost:3000',
  'x-forwarded-port': '3000',
  'x-forwarded-proto': 'http'
}
🔵 [AUTH-LIB] Getting session
🔵 [AUTH-LIB] Token from cookies: No token found
🔵 [AUTH-LIB] No auth token found in cookies
🔵 [AUTH-BACKEND] Auth check request received
🔵 [AUTH-BACKEND] Request headers: {
  accept: '*/*',
  'accept-encoding': 'gzip, deflate, br, zstd',
  'accept-language': 'en-US,en;q=0.9',
  connection: 'keep-alive',
  'content-type': 'application/json',
  host: 'localhost:3000',
  referer: 'http://localhost:3000/book/cmbz3igfd0005qn018j1uu311',
  'sec-ch-ua': '"Google Chrome";v="135", "Not-A.Brand";v="8", "Chromium";v="135"',
  'sec-ch-ua-mobile': '?0',
  'sec-ch-ua-platform': '"Linux"',
  'sec-fetch-dest': 'empty',
  'sec-fetch-mode': 'cors',
  'sec-fetch-site': 'same-origin',
  'user-agent': 'Mozilla/5.0 (X11; Linux x86_64) AppleWebKit/537.36 (KHTML, like Gecko) HeadlessChrome/135.0.0.0 Safari/537.36',
  'x-forwarded-for': '::ffff:127.0.0.1',
  'x-forwarded-host': 'localhost:3000',
  'x-forwarded-port': '3000',
  'x-forwarded-proto': 'http'
}
🔵 [AUTH-LIB] Getting session
🔵 [AUTH-LIB] Token from cookies: No token found
🔵 [AUTH-LIB] No auth token found in cookies
🔵 [AUTH-BACKEND] Session check result: No user session
🟢 [AUTH-BACKEND] Auth check completed successfully
🔵 [AUTH-BACKEND] Session check result: No user session
🟢 [AUTH-BACKEND] Auth check completed successfully
 GET /api/auth/me 200 in 572ms
 GET /api/auth/me 200 in 574ms
 GET /api/public/venues/cmbz3igfd0005qn018j1uu311 200 in 1075ms
 GET /api/public/venues/cmbz3igfd0005qn018j1uu311 200 in 54ms
 ○ Compiling /widget/[venueId] ...
 ✓ Compiled /widget/[venueId] in 797ms (1526 modules)
 GET / 200 in 938ms
🔵 [AUTH-BACKEND] Auth check request received
🔵 [AUTH-BACKEND] Request headers: {
  accept: '*/*',
  'accept-encoding': 'gzip, deflate, br, zstd',
  'accept-language': 'en-US,en;q=0.9',
  connection: 'keep-alive',
  'content-type': 'application/json',
  host: 'localhost:3000',
  referer: 'http://localhost:3000/',
  'sec-ch-ua': '"Google Chrome";v="135", "Not-A.Brand";v="8", "Chromium";v="135"',
  'sec-ch-ua-mobile': '?0',
  'sec-ch-ua-platform': '"Linux"',
  'sec-fetch-dest': 'empty',
  'sec-fetch-mode': 'cors',
  'sec-fetch-site': 'same-origin',
  'user-agent': 'Mozilla/5.0 (X11; Linux x86_64) AppleWebKit/537.36 (KHTML, like Gecko) HeadlessChrome/135.0.0.0 Safari/537.36',
  'x-forwarded-for': '::ffff:127.0.0.1',
  'x-forwarded-host': 'localhost:3000',
  'x-forwarded-port': '3000',
  'x-forwarded-proto': 'http'
}
🔵 [AUTH-LIB] Getting session
🔵 [AUTH-LIB] Token from cookies: No token found
🔵 [AUTH-LIB] No auth token found in cookies
🔵 [AUTH-BACKEND] Auth check request received
🔵 [AUTH-BACKEND] Request headers: {
  accept: '*/*',
  'accept-encoding': 'gzip, deflate, br, zstd',
  'accept-language': 'en-US,en;q=0.9',
  connection: 'keep-alive',
  'content-type': 'application/json',
  host: 'localhost:3000',
  referer: 'http://localhost:3000/',
  'sec-ch-ua': '"Google Chrome";v="135", "Not-A.Brand";v="8", "Chromium";v="135"',
  'sec-ch-ua-mobile': '?0',
  'sec-ch-ua-platform': '"Linux"',
  'sec-fetch-dest': 'empty',
  'sec-fetch-mode': 'cors',
  'sec-fetch-site': 'same-origin',
  'user-agent': 'Mozilla/5.0 (X11; Linux x86_64) AppleWebKit/537.36 (KHTML, like Gecko) HeadlessChrome/135.0.0.0 Safari/537.36',
  'x-forwarded-for': '::ffff:127.0.0.1',
  'x-forwarded-host': 'localhost:3000',
  'x-forwarded-port': '3000',
  'x-forwarded-proto': 'http'
}
🔵 [AUTH-LIB] Getting session
🔵 [AUTH-LIB] Token from cookies: No token found
🔵 [AUTH-LIB] No auth token found in cookies
🔵 [AUTH-BACKEND] Session check result: No user session
🟢 [AUTH-BACKEND] Auth check completed successfully
🔵 [AUTH-BACKEND] Session check result: No user session
🟢 [AUTH-BACKEND] Auth check completed successfully
 GET /api/auth/me 200 in 70ms
 GET /api/auth/me 200 in 67ms
 GET /api/venues/featured 200 in 79ms
 GET /api/venues/featured 200 in 43ms
 GET /widget/cmc0n0g320008rq5xzzg8wxrj 200 in 1427ms
 GET /api/public/venues/cmc0n0g320008rq5xzzg8wxrj 200 in 78ms
🔵 [AUTH-BACKEND] Auth check request received
🔵 [AUTH-BACKEND] Request headers: {
  accept: '*/*',
  'accept-encoding': 'gzip, deflate, br, zstd',
  'accept-language': 'en-US,en;q=0.9',
  connection: 'keep-alive',
  'content-type': 'application/json',
  host: 'localhost:3000',
  referer: 'http://localhost:3000/widget/cmc0n0g320008rq5xzzg8wxrj',
  'sec-ch-ua': '"Google Chrome";v="135", "Not-A.Brand";v="8", "Chromium";v="135"',
  'sec-ch-ua-mobile': '?0',
  'sec-ch-ua-platform': '"Linux"',
  'sec-fetch-dest': 'empty',
  'sec-fetch-mode': 'cors',
  'sec-fetch-site': 'same-origin',
  'user-agent': 'Mozilla/5.0 (X11; Linux x86_64) AppleWebKit/537.36 (KHTML, like Gecko) HeadlessChrome/135.0.0.0 Safari/537.36',
  'x-forwarded-for': '::ffff:127.0.0.1',
  'x-forwarded-host': 'localhost:3000',
  'x-forwarded-port': '3000',
  'x-forwarded-proto': 'http'
}
🔵 [AUTH-LIB] Getting session
🔵 [AUTH-LIB] Token from cookies: No token found
🔵 [AUTH-LIB] No auth token found in cookies
🔵 [AUTH-BACKEND] Auth check request received
🔵 [AUTH-BACKEND] Request headers: {
  accept: '*/*',
  'accept-encoding': 'gzip, deflate, br, zstd',
  'accept-language': 'en-US,en;q=0.9',
  connection: 'keep-alive',
  'content-type': 'application/json',
  host: 'localhost:3000',
  referer: 'http://localhost:3000/widget/cmc0n0g320008rq5xzzg8wxrj',
  'sec-ch-ua': '"Google Chrome";v="135", "Not-A.Brand";v="8", "Chromium";v="135"',
  'sec-ch-ua-mobile': '?0',
  'sec-ch-ua-platform': '"Linux"',
  'sec-fetch-dest': 'empty',
  'sec-fetch-mode': 'cors',
  'sec-fetch-site': 'same-origin',
  'user-agent': 'Mozilla/5.0 (X11; Linux x86_64) AppleWebKit/537.36 (KHTML, like Gecko) HeadlessChrome/135.0.0.0 Safari/537.36',
  'x-forwarded-for': '::ffff:127.0.0.1',
  'x-forwarded-host': 'localhost:3000',
  'x-forwarded-port': '3000',
  'x-forwarded-proto': 'http'
}
🔵 [AUTH-LIB] Getting session
🔵 [AUTH-LIB] Token from cookies: No token found
🔵 [AUTH-LIB] No auth token found in cookies
🔵 [AUTH-BACKEND] Session check result: No user session
🟢 [AUTH-BACKEND] Auth check completed successfully
🔵 [AUTH-BACKEND] Session check result: No user session
🟢 [AUTH-BACKEND] Auth check completed successfully
 GET /api/auth/me 200 in 94ms
 GET /api/auth/me 200 in 88ms
 GET /api/public/venues/cmc0n0g320008rq5xzzg8wxrj 200 in 46ms
 GET /book 200 in 230ms
 GET / 200 in 231ms
 GET /auth/register 200 in 238ms
 GET /my-bookings 200 in 238ms
 GET /venues 200 in 243ms
 GET /book/cmbz3igfd0005qn018j1uu311 200 in 241ms
 GET /auth/login 200 in 248ms
 GET /widget/cmc0n0g320008rq5xzzg8wxrj 200 in 243ms
 ○ Compiling /api/subscriptions ...
 ✓ Compiled /api/subscriptions in 725ms (1036 modules)
🔵 [SUBSCRIPTION-API] Starting subscription request
🔵 [SUBSCRIPTION-API] Getting subscription for user: cmc0n01610002rq5xcs153i25
🔵 [SUBSCRIPTION-API] Subscription data retrieved: { plan: 'FREE', venuesCount: 1, hasSubscription: false }
🔵 [SUBSCRIPTION-API] Subscription summary retrieved: {
  plan: 'FREE',
  venues: { used: 1, limit: 1 },
  features: {
    bookingsPerMonth: 50,
    galleryImages: 0,
    analytics: true,
    widgets: true,
    customBranding: false,
    prioritySupport: false
  }
}
🟢 [SUBSCRIPTION-API] Returning successful response
 GET /api/subscriptions 200 in 863ms
🔵 [SUBSCRIPTION-API] Starting subscription request
🔴 [SUBSCRIPTION-API] No user found, returning 401
 GET /api/subscriptions 401 in 37ms
 GET / 200 in 120ms
 GET /api/venues/featured 200 in 120ms
🔵 [AUTH-BACKEND] Auth check request received
🔵 [AUTH-BACKEND] Request headers: {
  accept: '*/*',
  'accept-encoding': 'gzip, deflate, br, zstd',
  'accept-language': 'en-US,en;q=0.9',
  connection: 'keep-alive',
  'content-type': 'application/json',
  cookie: 'next-auth.callback-url=http%3A%2F%2Flocalhost%3A3000%2Fdashboard; next-auth.csrf-token=35444b04df4a9254400521b3a0a4d4269741131fd0d0ced23c8087cf287afc69%7C63151685019b9da549ce8eb3263a26e6027aba835f01e64916ca1173bb4c5dac; __stripe_mid=8eaac037-ff88-48a4-a002-3ce6bffc7970f2b296; auth-token=eyJhbGciOiJIUzI1NiIsInR5cCI6IkpXVCJ9.eyJ1c2VySWQiOiJjbWJ6MzUxNTEwMDAwcW4wMWF5amlrNDMzIiwiaWF0IjoxNzUwMTU1NjEzLCJleHAiOjE3NTA3NjA0MTN9.JJqlaJhiaUR5NNnJF6UGklwoqZZMnPPFU_2VRz7noAE',
  host: 'localhost:3000',
  referer: 'http://localhost:3000/',
  'sec-ch-ua': '"Google Chrome";v="135", "Not-A.Brand";v="8", "Chromium";v="135"',
  'sec-ch-ua-mobile': '?0',
  'sec-ch-ua-platform': '"Linux"',
  'sec-fetch-dest': 'empty',
  'sec-fetch-mode': 'cors',
  'sec-fetch-site': 'same-origin',
  'user-agent': 'Mozilla/5.0 (X11; Linux x86_64) AppleWebKit/537.36 (KHTML, like Gecko) Chrome/135.0.0.0 Safari/537.36',
  'x-forwarded-for': '::ffff:127.0.0.1',
  'x-forwarded-host': 'localhost:3000',
  'x-forwarded-port': '3000',
  'x-forwarded-proto': 'http'
}
🔵 [AUTH-LIB] Getting session
🔵 [AUTH-LIB] Token from cookies: Token found (eyJhbGciOiJIUzI1NiIs...)
🔵 [AUTH-LIB] Looking up session in database
🔵 [AUTH-BACKEND] Auth check request received
🔵 [AUTH-BACKEND] Request headers: {
  accept: '*/*',
  'accept-encoding': 'gzip, deflate, br, zstd',
  'accept-language': 'en-US,en;q=0.9',
  connection: 'keep-alive',
  'content-type': 'application/json',
  cookie: 'next-auth.callback-url=http%3A%2F%2Flocalhost%3A3000%2Fdashboard; next-auth.csrf-token=35444b04df4a9254400521b3a0a4d4269741131fd0d0ced23c8087cf287afc69%7C63151685019b9da549ce8eb3263a26e6027aba835f01e64916ca1173bb4c5dac; __stripe_mid=8eaac037-ff88-48a4-a002-3ce6bffc7970f2b296; auth-token=eyJhbGciOiJIUzI1NiIsInR5cCI6IkpXVCJ9.eyJ1c2VySWQiOiJjbWJ6MzUxNTEwMDAwcW4wMWF5amlrNDMzIiwiaWF0IjoxNzUwMTU1NjEzLCJleHAiOjE3NTA3NjA0MTN9.JJqlaJhiaUR5NNnJF6UGklwoqZZMnPPFU_2VRz7noAE',
  host: 'localhost:3000',
  referer: 'http://localhost:3000/',
  'sec-ch-ua': '"Google Chrome";v="135", "Not-A.Brand";v="8", "Chromium";v="135"',
  'sec-ch-ua-mobile': '?0',
  'sec-ch-ua-platform': '"Linux"',
  'sec-fetch-dest': 'empty',
  'sec-fetch-mode': 'cors',
  'sec-fetch-site': 'same-origin',
  'user-agent': 'Mozilla/5.0 (X11; Linux x86_64) AppleWebKit/537.36 (KHTML, like Gecko) Chrome/135.0.0.0 Safari/537.36',
  'x-forwarded-for': '::ffff:127.0.0.1',
  'x-forwarded-host': 'localhost:3000',
  'x-forwarded-port': '3000',
  'x-forwarded-proto': 'http'
}
🔵 [AUTH-LIB] Getting session
🔵 [AUTH-LIB] Token from cookies: Token found (eyJhbGciOiJIUzI1NiIs...)
🔵 [AUTH-LIB] Looking up session in database
🔵 [AUTH-LIB] Session found, checking expiration
🟢 [AUTH-LIB] Valid session found for user: joncalvert2018@outlook.com
🔵 [AUTH-LIB] Session found, checking expiration
🟢 [AUTH-LIB] Valid session found for user: joncalvert2018@outlook.com
🔵 [AUTH-BACKEND] Session check result: User found: joncalvert2018@outlook.com
🟢 [AUTH-BACKEND] Auth check completed successfully
🔵 [AUTH-BACKEND] Session check result: User found: joncalvert2018@outlook.com
🟢 [AUTH-BACKEND] Auth check completed successfully
 GET /api/auth/me 200 in 163ms
 GET /api/auth/me 200 in 163ms
 GET /api/venues/featured 200 in 94ms
 GET /auth/login 200 in 51ms
 ✓ Compiled /api/auth/login in 444ms (1040 modules)
🔵 [LOGIN-API] Login attempt started
🔵 [LOGIN-API] Request body parsed successfully
🔵 [LOGIN-API] Input validation successful for email: free@user.com
🔵 [LOGIN-API] Database query completed, user found: false
🔴 [LOGIN-API] User not found for email: free@user.com
 POST /api/auth/login 401 in 540ms
 ○ Compiling /dashboard ...
 ✓ Compiled /dashboard in 878ms (1783 modules)
 GET /dashboard 200 in 978ms
 ○ Compiling /dashboard/subscription ...
 ✓ Compiled /dashboard/subscription in 1278ms (2206 modules)
 GET /dashboard/subscription 200 in 1440ms
🔵 [AUTH-BACKEND] Auth check request received
🔵 [AUTH-BACKEND] Request headers: {
  accept: '*/*',
  'accept-encoding': 'gzip,deflate',
  connection: 'keep-alive',
  cookie: 'auth-token=eyJhbGciOiJIUzI1NiIsInR5cCI6IkpXVCJ9.eyJ1c2VySWQiOiJjbWMwbjAxNjEwMDAycnE1eGNzMTUzaTI1IiwiaWF0IjoxNzUwMTczNjM3LCJleHAiOjE3NTA3Nzg0Mzd9.9bDhjfX97si1SRfhuwH0BFdzpD9nDc80eVmtkeb513A',
  host: 'localhost:3000',
  'user-agent': 'node-fetch/1.0 (+https://github.com/bitinn/node-fetch)',
  'x-forwarded-for': '::ffff:127.0.0.1',
  'x-forwarded-host': 'localhost:3000',
  'x-forwarded-port': '3000',
  'x-forwarded-proto': 'http'
}
🔵 [AUTH-LIB] Getting session
🔵 [AUTH-LIB] Token from cookies: Token found (eyJhbGciOiJIUzI1NiIs...)
🔵 [AUTH-LIB] Looking up session in database
🔵 [AUTH-LIB] Session found, checking expiration
🟢 [AUTH-LIB] Valid session found for user: freeuser@example.com
🔵 [AUTH-BACKEND] Session check result: User found: freeuser@example.com
🟢 [AUTH-BACKEND] Auth check completed successfully
 GET /api/auth/me 200 in 52ms
🔵 [SUBSCRIPTION-API] Starting subscription request
🔵 [SUBSCRIPTION-API] Getting subscription for user: cmc0n01610002rq5xcs153i25
🔵 [SUBSCRIPTION-API] Subscription data retrieved: { plan: 'FREE', venuesCount: 1, hasSubscription: false }
🔵 [SUBSCRIPTION-API] Subscription summary retrieved: {
  plan: 'FREE',
  venues: { used: 1, limit: 1 },
  features: {
    bookingsPerMonth: 50,
    galleryImages: 0,
    analytics: true,
    widgets: true,
    customBranding: false,
    prioritySupport: false
  }
}
🟢 [SUBSCRIPTION-API] Returning successful response
 GET /api/subscriptions 200 in 64ms
🔵 [SUBSCRIPTION-API] Starting subscription request
🔴 [SUBSCRIPTION-API] No user found, returning 401
 GET /api/subscriptions 401 in 39ms
 ✓ Compiled /api/subscriptions/upgrade in 289ms (1162 modules)
 POST /api/subscriptions/upgrade 200 in 442ms
 ✓ Compiled /api/subscriptions/billing-portal in 239ms (1164 modules)
 POST /api/subscriptions/billing-portal 500 in 322ms
 POST /api/subscriptions/billing-portal 200 in 43ms
🔵 [SUBSCRIPTION-API] Starting subscription request
🔵 [SUBSCRIPTION-API] Getting subscription for user: cmc0n01610002rq5xcs153i25
🔵 [SUBSCRIPTION-API] Subscription data retrieved: { plan: 'FREE', venuesCount: 1, hasSubscription: false }
🔵 [SUBSCRIPTION-API] Subscription summary retrieved: {
  plan: 'FREE',
  venues: { used: 1, limit: 1 },
  features: {
    bookingsPerMonth: 50,
    galleryImages: 0,
    analytics: true,
    widgets: true,
    customBranding: false,
    prioritySupport: false
  }
}
🟢 [SUBSCRIPTION-API] Returning successful response
 GET /api/subscriptions 200 in 47ms
 POST /api/subscriptions/upgrade 200 in 44ms
 POST /api/subscriptions/billing-portal 200 in 39ms
🔵 [SUBSCRIPTION-API] Starting subscription request
🔴 [SUBSCRIPTION-API] No user found, returning 401
 GET /api/subscriptions 401 in 36ms
🔵 [SUBSCRIPTION-API] Starting subscription request
🔵 [SUBSCRIPTION-API] Getting subscription for user: cmc0n01610002rq5xcs153i25
🔵 [SUBSCRIPTION-API] Subscription data retrieved: { plan: 'FREE', venuesCount: 1, hasSubscription: false }
🔵 [SUBSCRIPTION-API] Subscription summary retrieved: {
  plan: 'FREE',
  venues: { used: 1, limit: 1 },
  features: {
    bookingsPerMonth: 50,
    galleryImages: 0,
    analytics: true,
    widgets: true,
    customBranding: false,
    prioritySupport: false
  }
}
🟢 [SUBSCRIPTION-API] Returning successful response
 GET /api/subscriptions 200 in 46ms
🔵 [SUBSCRIPTION-API] Starting subscription request
🔵 [SUBSCRIPTION-API] Getting subscription for user: cmc0n01610002rq5xcs153i25
🔵 [SUBSCRIPTION-API] Subscription data retrieved: { plan: 'FREE', venuesCount: 1, hasSubscription: false }
🔵 [SUBSCRIPTION-API] Subscription summary retrieved: {
  plan: 'FREE',
  venues: { used: 1, limit: 1 },
  features: {
    bookingsPerMonth: 50,
    galleryImages: 0,
    analytics: true,
    widgets: true,
    customBranding: false,
    prioritySupport: false
  }
}
🟢 [SUBSCRIPTION-API] Returning successful response
 GET /api/subscriptions 200 in 44ms
🔵 [SUBSCRIPTION-API] Starting subscription request
🔵 [SUBSCRIPTION-API] Getting subscription for user: cmc0n01610002rq5xcs153i25
🔵 [SUBSCRIPTION-API] Subscription data retrieved: { plan: 'FREE', venuesCount: 1, hasSubscription: false }
🔵 [SUBSCRIPTION-API] Subscription summary retrieved: {
  plan: 'FREE',
  venues: { used: 1, limit: 1 },
  features: {
    bookingsPerMonth: 50,
    galleryImages: 0,
    analytics: true,
    widgets: true,
    customBranding: false,
    prioritySupport: false
  }
}
🟢 [SUBSCRIPTION-API] Returning successful response
 GET /api/subscriptions 200 in 45ms
 GET / 200 in 129ms
 GET /dashboard 200 in 61ms
 GET /dashboard/subscription 200 in 69ms
[?25h
