Create venue error: Error: Authentication required
    at requireAuth (/home/ubuntu/sully-booking-system/app/.next/server/app/api/venues/route.js:411:15)
    at async POST (/home/ubuntu/sully-booking-system/app/.next/server/app/api/venues/route.js:249:22)
    at async /opt/hostedapp/node/root/app/node_modules/next/dist/compiled/next-server/app-route.runtime.dev.js:6:57228
    at async eT.execute (/opt/hostedapp/node/root/app/node_modules/next/dist/compiled/next-server/app-route.runtime.dev.js:6:46851)
    at async eT.handle (/opt/hostedapp/node/root/app/node_modules/next/dist/compiled/next-server/app-route.runtime.dev.js:6:58760)
    at async doRender (/opt/hostedapp/node/root/app/node_modules/next/dist/server/base-server.js:1366:42)
    at async cacheEntry.responseCache.get.routeKind (/opt/hostedapp/node/root/app/node_modules/next/dist/server/base-server.js:1588:28)
Create venue error: Error: Authentication required
    at requireAuth (/home/ubuntu/sully-booking-system/app/.next/server/app/api/auth/register/route.js:352:15)
    at async POST (/home/ubuntu/sully-booking-system/app/.next/server/app/api/venues/route.js:249:22)
    at async /opt/hostedapp/node/root/app/node_modules/next/dist/compiled/next-server/app-route.runtime.dev.js:6:57228
    at async eT.execute (/opt/hostedapp/node/root/app/node_modules/next/dist/compiled/next-server/app-route.runtime.dev.js:6:46851)
    at async eT.handle (/opt/hostedapp/node/root/app/node_modules/next/dist/compiled/next-server/app-route.runtime.dev.js:6:58760)
    at async doRender (/opt/hostedapp/node/root/app/node_modules/next/dist/server/base-server.js:1366:42)
    at async cacheEntry.responseCache.get.routeKind (/opt/hostedapp/node/root/app/node_modules/next/dist/server/base-server.js:1588:28)
Create venue error: Error: Authentication required
    at requireAuth (/home/ubuntu/sully-booking-system/app/.next/server/app/api/venues/route.js:474:15)
    at async POST (/home/ubuntu/sully-booking-system/app/.next/server/app/api/venues/route.js:271:22)
    at async /opt/hostedapp/node/root/app/node_modules/next/dist/compiled/next-server/app-route.runtime.dev.js:6:57228
    at async eT.execute (/opt/hostedapp/node/root/app/node_modules/next/dist/compiled/next-server/app-route.runtime.dev.js:6:46851)
    at async eT.handle (/opt/hostedapp/node/root/app/node_modules/next/dist/compiled/next-server/app-route.runtime.dev.js:6:58760)
    at async doRender (/opt/hostedapp/node/root/app/node_modules/next/dist/server/base-server.js:1366:42)
    at async cacheEntry.responseCache.get.routeKind (/opt/hostedapp/node/root/app/node_modules/next/dist/server/base-server.js:1588:28)
Create venue error: ZodError: [
  {
    "code": "too_small",
    "minimum": 1,
    "type": "string",
    "inclusive": true,
    "exact": false,
    "message": "Venue name is required",
    "path": [
      "name"
    ]
  },
  {
    "code": "too_small",
    "minimum": 1,
    "type": "string",
    "inclusive": true,
    "exact": false,
    "message": "City is required",
    "path": [
      "city"
    ]
  },
  {
    "validation": "email",
    "code": "invalid_string",
    "message": "Invalid email address",
    "path": [
      "email"
    ]
  },
  {
    "received": "INVALID_TYPE",
    "code": "invalid_enum_value",
    "options": [
      "RESTAURANT",
      "CAFE",
      "BAR",
      "PUB",
      "FOOD_TRUCK",
      "FINE_DINING",
      "FAST_CASUAL",
      "BAKERY",
      "OTHER"
    ],
    "path": [
      "venueType"
    ],
    "message": "Invalid enum value. Expected 'RESTAURANT' | 'CAFE' | 'BAR' | 'PUB' | 'FOOD_TRUCK' | 'FINE_DINING' | 'FAST_CASUAL' | 'BAKERY' | 'OTHER', received 'INVALID_TYPE'"
  },
  {
    "code": "too_small",
    "minimum": 1,
    "type": "number",
    "inclusive": true,
    "exact": false,
    "message": "Capacity must be at least 1",
    "path": [
      "capacity"
    ]
  }
]
    at get error (/home/ubuntu/sully-booking-system/app/.next/server/vendor-chunks/zod.js:710:31)
    at ZodObject.parse (/home/ubuntu/sully-booking-system/app/.next/server/vendor-chunks/zod.js:815:22)
    at POST (/home/ubuntu/sully-booking-system/app/.next/server/app/api/venues/route.js:277:85)
    at process.processTicksAndRejections (node:internal/process/task_queues:105:5)
    at async /opt/hostedapp/node/root/app/node_modules/next/dist/compiled/next-server/app-route.runtime.dev.js:6:57228
    at async eT.execute (/opt/hostedapp/node/root/app/node_modules/next/dist/compiled/next-server/app-route.runtime.dev.js:6:46851)
    at async eT.handle (/opt/hostedapp/node/root/app/node_modules/next/dist/compiled/next-server/app-route.runtime.dev.js:6:58760)
    at async doRender (/opt/hostedapp/node/root/app/node_modules/next/dist/server/base-server.js:1366:42)
    at async cacheEntry.responseCache.get.routeKind (/opt/hostedapp/node/root/app/node_modules/next/dist/server/base-server.js:1588:28)
    at async DevServer.renderToResponseWithComponentsImpl (/opt/hostedapp/node/root/app/node_modules/next/dist/server/base-server.js:1496:28)
    at async DevServer.renderPageComponent (/opt/hostedapp/node/root/app/node_modules/next/dist/server/base-server.js:1924:24)
    at async DevServer.renderToResponseImpl (/opt/hostedapp/node/root/app/node_modules/next/dist/server/base-server.js:1962:32)
    at async DevServer.pipeImpl (/opt/hostedapp/node/root/app/node_modules/next/dist/server/base-server.js:922:25)
    at async NextNodeServer.handleCatchallRenderRequest (/opt/hostedapp/node/root/app/node_modules/next/dist/server/next-server.js:272:17)
    at async DevServer.handleRequestImpl (/opt/hostedapp/node/root/app/node_modules/next/dist/server/base-server.js:818:17)
    at async /opt/hostedapp/node/root/app/node_modules/next/dist/server/dev/next-dev-server.js:339:20
    at async Span.traceAsyncFn (/opt/hostedapp/node/root/app/node_modules/next/dist/trace/trace.js:154:20)
    at async DevServer.handleRequest (/opt/hostedapp/node/root/app/node_modules/next/dist/server/dev/next-dev-server.js:336:24)
    at async invokeRender (/opt/hostedapp/node/root/app/node_modules/next/dist/server/lib/router-server.js:178:21)
    at async handleRequest (/opt/hostedapp/node/root/app/node_modules/next/dist/server/lib/router-server.js:355:24)
    at async requestHandlerImpl (/opt/hostedapp/node/root/app/node_modules/next/dist/server/lib/router-server.js:379:13)
    at async Server.requestListener (/opt/hostedapp/node/root/app/node_modules/next/dist/server/lib/start-server.js:141:13) {
  issues: [
    {
      code: 'too_small',
      minimum: 1,
      type: 'string',
      inclusive: true,
      exact: false,
      message: 'Venue name is required',
      path: [Array]
    },
    {
      code: 'too_small',
      minimum: 1,
      type: 'string',
      inclusive: true,
      exact: false,
      message: 'City is required',
      path: [Array]
    },
    {
      validation: 'email',
      code: 'invalid_string',
      message: 'Invalid email address',
      path: [Array]
    },
    {
      received: 'INVALID_TYPE',
      code: 'invalid_enum_value',
      options: [Array],
      path: [Array],
      message: "Invalid enum value. Expected 'RESTAURANT' | 'CAFE' | 'BAR' | 'PUB' | 'FOOD_TRUCK' | 'FINE_DINING' | 'FAST_CASUAL' | 'BAKERY' | 'OTHER', received 'INVALID_TYPE'"
    },
    {
      code: 'too_small',
      minimum: 1,
      type: 'number',
      inclusive: true,
      exact: false,
      message: 'Capacity must be at least 1',
      path: [Array]
    }
  ],
  addIssue: [Function (anonymous)],
  addIssues: [Function (anonymous)],
  errors: [
    {
      code: 'too_small',
      minimum: 1,
      type: 'string',
      inclusive: true,
      exact: false,
      message: 'Venue name is required',
      path: [Array]
    },
    {
      code: 'too_small',
      minimum: 1,
      type: 'string',
      inclusive: true,
      exact: false,
      message: 'City is required',
      path: [Array]
    },
    {
      validation: 'email',
      code: 'invalid_string',
      message: 'Invalid email address',
      path: [Array]
    },
    {
      received: 'INVALID_TYPE',
      code: 'invalid_enum_value',
      options: [Array],
      path: [Array],
      message: "Invalid enum value. Expected 'RESTAURANT' | 'CAFE' | 'BAR' | 'PUB' | 'FOOD_TRUCK' | 'FINE_DINING' | 'FAST_CASUAL' | 'BAKERY' | 'OTHER', received 'INVALID_TYPE'"
    },
    {
      code: 'too_small',
      minimum: 1,
      type: 'number',
      inclusive: true,
      exact: false,
      message: 'Capacity must be at least 1',
      path: [Array]
    }
  ]
}
Get venues error: Error: Authentication required
    at requireAuth (/home/ubuntu/sully-booking-system/app/.next/server/app/api/venues/route.js:474:15)
    at async GET (/home/ubuntu/sully-booking-system/app/.next/server/app/api/venues/route.js:191:22)
    at async /opt/hostedapp/node/root/app/node_modules/next/dist/compiled/next-server/app-route.runtime.dev.js:6:57228
    at async eT.execute (/opt/hostedapp/node/root/app/node_modules/next/dist/compiled/next-server/app-route.runtime.dev.js:6:46851)
    at async eT.handle (/opt/hostedapp/node/root/app/node_modules/next/dist/compiled/next-server/app-route.runtime.dev.js:6:58760)
    at async doRender (/opt/hostedapp/node/root/app/node_modules/next/dist/server/base-server.js:1366:42)
    at async cacheEntry.responseCache.get.routeKind (/opt/hostedapp/node/root/app/node_modules/next/dist/server/base-server.js:1588:28)
Create venue error: SyntaxError: Expected ',' or '}' after property value in JSON at position 40 (line 3 column 5)
    at JSON.parse (<anonymous>)
    at parseJSONFromBytes (node:internal/deps/undici/undici:5738:19)
    at successSteps (node:internal/deps/undici/undici:5719:27)
    at fullyReadBody (node:internal/deps/undici/undici:4609:9)
    at process.processTicksAndRejections (node:internal/process/task_queues:105:5)
    at async consumeBody (node:internal/deps/undici/undici:5728:7)
    at async POST (/home/ubuntu/sully-booking-system/app/.next/server/app/api/venues/route.js:275:22)
    at async /opt/hostedapp/node/root/app/node_modules/next/dist/compiled/next-server/app-route.runtime.dev.js:6:57228
    at async eT.execute (/opt/hostedapp/node/root/app/node_modules/next/dist/compiled/next-server/app-route.runtime.dev.js:6:46851)
    at async eT.handle (/opt/hostedapp/node/root/app/node_modules/next/dist/compiled/next-server/app-route.runtime.dev.js:6:58760)
    at async doRender (/opt/hostedapp/node/root/app/node_modules/next/dist/server/base-server.js:1366:42)
    at async cacheEntry.responseCache.get.routeKind (/opt/hostedapp/node/root/app/node_modules/next/dist/server/base-server.js:1588:28)
    at async DevServer.renderToResponseWithComponentsImpl (/opt/hostedapp/node/root/app/node_modules/next/dist/server/base-server.js:1496:28)
    at async DevServer.renderPageComponent (/opt/hostedapp/node/root/app/node_modules/next/dist/server/base-server.js:1924:24)
    at async DevServer.renderToResponseImpl (/opt/hostedapp/node/root/app/node_modules/next/dist/server/base-server.js:1962:32)
    at async DevServer.pipeImpl (/opt/hostedapp/node/root/app/node_modules/next/dist/server/base-server.js:922:25)
    at async NextNodeServer.handleCatchallRenderRequest (/opt/hostedapp/node/root/app/node_modules/next/dist/server/next-server.js:272:17)
    at async DevServer.handleRequestImpl (/opt/hostedapp/node/root/app/node_modules/next/dist/server/base-server.js:818:17)
    at async /opt/hostedapp/node/root/app/node_modules/next/dist/server/dev/next-dev-server.js:339:20
    at async Span.traceAsyncFn (/opt/hostedapp/node/root/app/node_modules/next/dist/trace/trace.js:154:20)
    at async DevServer.handleRequest (/opt/hostedapp/node/root/app/node_modules/next/dist/server/dev/next-dev-server.js:336:24)
    at async invokeRender (/opt/hostedapp/node/root/app/node_modules/next/dist/server/lib/router-server.js:178:21)
    at async handleRequest (/opt/hostedapp/node/root/app/node_modules/next/dist/server/lib/router-server.js:355:24)
    at async requestHandlerImpl (/opt/hostedapp/node/root/app/node_modules/next/dist/server/lib/router-server.js:379:13)
    at async Server.requestListener (/opt/hostedapp/node/root/app/node_modules/next/dist/server/lib/start-server.js:141:13)
Create venue error: Error: Authentication required
    at requireAuth (/home/ubuntu/sully-booking-system/app/.next/server/app/api/venues/route.js:484:15)
    at async POST (/home/ubuntu/sully-booking-system/app/.next/server/app/api/venues/route.js:271:22)
    at async /opt/hostedapp/node/root/app/node_modules/next/dist/compiled/next-server/app-route.runtime.dev.js:6:57228
    at async eT.execute (/opt/hostedapp/node/root/app/node_modules/next/dist/compiled/next-server/app-route.runtime.dev.js:6:46851)
    at async eT.handle (/opt/hostedapp/node/root/app/node_modules/next/dist/compiled/next-server/app-route.runtime.dev.js:6:58760)
    at async doRender (/opt/hostedapp/node/root/app/node_modules/next/dist/server/base-server.js:1366:42)
    at async cacheEntry.responseCache.get.routeKind (/opt/hostedapp/node/root/app/node_modules/next/dist/server/base-server.js:1588:28)
Create venue error: ZodError: [
  {
    "code": "too_small",
    "minimum": 1,
    "type": "string",
    "inclusive": true,
    "exact": false,
    "message": "Venue name is required",
    "path": [
      "name"
    ]
  },
  {
    "code": "invalid_type",
    "expected": "string",
    "received": "undefined",
    "path": [
      "address"
    ],
    "message": "Required"
  },
  {
    "code": "invalid_type",
    "expected": "string",
    "received": "undefined",
    "path": [
      "city"
    ],
    "message": "Required"
  },
  {
    "code": "invalid_type",
    "expected": "string",
    "received": "undefined",
    "path": [
      "postcode"
    ],
    "message": "Required"
  },
  {
    "code": "invalid_type",
    "expected": "string",
    "received": "undefined",
    "path": [
      "phone"
    ],
    "message": "Required"
  },
  {
    "validation": "email",
    "code": "invalid_string",
    "message": "Invalid email address",
    "path": [
      "email"
    ]
  },
  {
    "expected": "'RESTAURANT' | 'CAFE' | 'BAR' | 'PUB' | 'FOOD_TRUCK' | 'FINE_DINING' | 'FAST_CASUAL' | 'BAKERY' | 'OTHER'",
    "received": "undefined",
    "code": "invalid_type",
    "path": [
      "venueType"
    ],
    "message": "Required"
  },
  {
    "code": "invalid_type",
    "expected": "number",
    "received": "undefined",
    "path": [
      "capacity"
    ],
    "message": "Required"
  }
]
    at get error (/home/ubuntu/sully-booking-system/app/.next/server/vendor-chunks/zod.js:710:31)
    at ZodObject.parse (/home/ubuntu/sully-booking-system/app/.next/server/vendor-chunks/zod.js:815:22)
    at POST (/home/ubuntu/sully-booking-system/app/.next/server/app/api/venues/route.js:287:85)
    at process.processTicksAndRejections (node:internal/process/task_queues:105:5)
    at async /opt/hostedapp/node/root/app/node_modules/next/dist/compiled/next-server/app-route.runtime.dev.js:6:57228
    at async eT.execute (/opt/hostedapp/node/root/app/node_modules/next/dist/compiled/next-server/app-route.runtime.dev.js:6:46851)
    at async eT.handle (/opt/hostedapp/node/root/app/node_modules/next/dist/compiled/next-server/app-route.runtime.dev.js:6:58760)
    at async doRender (/opt/hostedapp/node/root/app/node_modules/next/dist/server/base-server.js:1366:42)
    at async cacheEntry.responseCache.get.routeKind (/opt/hostedapp/node/root/app/node_modules/next/dist/server/base-server.js:1588:28)
    at async DevServer.renderToResponseWithComponentsImpl (/opt/hostedapp/node/root/app/node_modules/next/dist/server/base-server.js:1496:28)
    at async DevServer.renderPageComponent (/opt/hostedapp/node/root/app/node_modules/next/dist/server/base-server.js:1924:24)
    at async DevServer.renderToResponseImpl (/opt/hostedapp/node/root/app/node_modules/next/dist/server/base-server.js:1962:32)
    at async DevServer.pipeImpl (/opt/hostedapp/node/root/app/node_modules/next/dist/server/base-server.js:922:25)
    at async NextNodeServer.handleCatchallRenderRequest (/opt/hostedapp/node/root/app/node_modules/next/dist/server/next-server.js:272:17)
    at async DevServer.handleRequestImpl (/opt/hostedapp/node/root/app/node_modules/next/dist/server/base-server.js:818:17)
    at async /opt/hostedapp/node/root/app/node_modules/next/dist/server/dev/next-dev-server.js:339:20
    at async Span.traceAsyncFn (/opt/hostedapp/node/root/app/node_modules/next/dist/trace/trace.js:154:20)
    at async DevServer.handleRequest (/opt/hostedapp/node/root/app/node_modules/next/dist/server/dev/next-dev-server.js:336:24)
    at async invokeRender (/opt/hostedapp/node/root/app/node_modules/next/dist/server/lib/router-server.js:178:21)
    at async handleRequest (/opt/hostedapp/node/root/app/node_modules/next/dist/server/lib/router-server.js:355:24)
    at async requestHandlerImpl (/opt/hostedapp/node/root/app/node_modules/next/dist/server/lib/router-server.js:379:13)
    at async Server.requestListener (/opt/hostedapp/node/root/app/node_modules/next/dist/server/lib/start-server.js:141:13) {
  issues: [
    {
      code: 'too_small',
      minimum: 1,
      type: 'string',
      inclusive: true,
      exact: false,
      message: 'Venue name is required',
      path: [Array]
    },
    {
      code: 'invalid_type',
      expected: 'string',
      received: 'undefined',
      path: [Array],
      message: 'Required'
    },
    {
      code: 'invalid_type',
      expected: 'string',
      received: 'undefined',
      path: [Array],
      message: 'Required'
    },
    {
      code: 'invalid_type',
      expected: 'string',
      received: 'undefined',
      path: [Array],
      message: 'Required'
    },
    {
      code: 'invalid_type',
      expected: 'string',
      received: 'undefined',
      path: [Array],
      message: 'Required'
    },
    {
      validation: 'email',
      code: 'invalid_string',
      message: 'Invalid email address',
      path: [Array]
    },
    {
      expected: "'RESTAURANT' | 'CAFE' | 'BAR' | 'PUB' | 'FOOD_TRUCK' | 'FINE_DINING' | 'FAST_CASUAL' | 'BAKERY' | 'OTHER'",
      received: 'undefined',
      code: 'invalid_type',
      path: [Array],
      message: 'Required'
    },
    {
      code: 'invalid_type',
      expected: 'number',
      received: 'undefined',
      path: [Array],
      message: 'Required'
    }
  ],
  addIssue: [Function (anonymous)],
  addIssues: [Function (anonymous)],
  errors: [
    {
      code: 'too_small',
      minimum: 1,
      type: 'string',
      inclusive: true,
      exact: false,
      message: 'Venue name is required',
      path: [Array]
    },
    {
      code: 'invalid_type',
      expected: 'string',
      received: 'undefined',
      path: [Array],
      message: 'Required'
    },
    {
      code: 'invalid_type',
      expected: 'string',
      received: 'undefined',
      path: [Array],
      message: 'Required'
    },
    {
      code: 'invalid_type',
      expected: 'string',
      received: 'undefined',
      path: [Array],
      message: 'Required'
    },
    {
      code: 'invalid_type',
      expected: 'string',
      received: 'undefined',
      path: [Array],
      message: 'Required'
    },
    {
      validation: 'email',
      code: 'invalid_string',
      message: 'Invalid email address',
      path: [Array]
    },
    {
      expected: "'RESTAURANT' | 'CAFE' | 'BAR' | 'PUB' | 'FOOD_TRUCK' | 'FINE_DINING' | 'FAST_CASUAL' | 'BAKERY' | 'OTHER'",
      received: 'undefined',
      code: 'invalid_type',
      path: [Array],
      message: 'Required'
    },
    {
      code: 'invalid_type',
      expected: 'number',
      received: 'undefined',
      path: [Array],
      message: 'Required'
    }
  ]
}
Get venues error: Error: Authentication required
    at requireAuth (/home/ubuntu/sully-booking-system/app/.next/server/app/api/venues/route.js:484:15)
    at async GET (/home/ubuntu/sully-booking-system/app/.next/server/app/api/venues/route.js:191:22)
    at async /opt/hostedapp/node/root/app/node_modules/next/dist/compiled/next-server/app-route.runtime.dev.js:6:57228
    at async eT.execute (/opt/hostedapp/node/root/app/node_modules/next/dist/compiled/next-server/app-route.runtime.dev.js:6:46851)
    at async eT.handle (/opt/hostedapp/node/root/app/node_modules/next/dist/compiled/next-server/app-route.runtime.dev.js:6:58760)
    at async doRender (/opt/hostedapp/node/root/app/node_modules/next/dist/server/base-server.js:1366:42)
    at async cacheEntry.responseCache.get.routeKind (/opt/hostedapp/node/root/app/node_modules/next/dist/server/base-server.js:1588:28)
Create venue error: Error: Insufficient permissions
    at requireAuth (/home/ubuntu/sully-booking-system/app/.next/server/app/api/auth/register/route.js:358:15)
    at async POST (/home/ubuntu/sully-booking-system/app/.next/server/app/api/venues/route.js:271:22)
    at async /opt/hostedapp/node/root/app/node_modules/next/dist/compiled/next-server/app-route.runtime.dev.js:6:57228
    at async eT.execute (/opt/hostedapp/node/root/app/node_modules/next/dist/compiled/next-server/app-route.runtime.dev.js:6:46851)
    at async eT.handle (/opt/hostedapp/node/root/app/node_modules/next/dist/compiled/next-server/app-route.runtime.dev.js:6:58760)
    at async doRender (/opt/hostedapp/node/root/app/node_modules/next/dist/server/base-server.js:1366:42)
    at async cacheEntry.responseCache.get.routeKind (/opt/hostedapp/node/root/app/node_modules/next/dist/server/base-server.js:1588:28)
    at async DevServer.renderToResponseWithComponentsImpl (/opt/hostedapp/node/root/app/node_modules/next/dist/server/base-server.js:1496:28)
    at async DevServer.renderPageComponent (/opt/hostedapp/node/root/app/node_modules/next/dist/server/base-server.js:1924:24)
    at async DevServer.renderToResponseImpl (/opt/hostedapp/node/root/app/node_modules/next/dist/server/base-server.js:1962:32)
    at async DevServer.pipeImpl (/opt/hostedapp/node/root/app/node_modules/next/dist/server/base-server.js:922:25)
    at async NextNodeServer.handleCatchallRenderRequest (/opt/hostedapp/node/root/app/node_modules/next/dist/server/next-server.js:272:17)
    at async DevServer.handleRequestImpl (/opt/hostedapp/node/root/app/node_modules/next/dist/server/base-server.js:818:17)
    at async /opt/hostedapp/node/root/app/node_modules/next/dist/server/dev/next-dev-server.js:339:20
    at async Span.traceAsyncFn (/opt/hostedapp/node/root/app/node_modules/next/dist/trace/trace.js:154:20)
    at async DevServer.handleRequest (/opt/hostedapp/node/root/app/node_modules/next/dist/server/dev/next-dev-server.js:336:24)
    at async invokeRender (/opt/hostedapp/node/root/app/node_modules/next/dist/server/lib/router-server.js:178:21)
    at async handleRequest (/opt/hostedapp/node/root/app/node_modules/next/dist/server/lib/router-server.js:355:24)
    at async requestHandlerImpl (/opt/hostedapp/node/root/app/node_modules/next/dist/server/lib/router-server.js:379:13)
    at async Server.requestListener (/opt/hostedapp/node/root/app/node_modules/next/dist/server/lib/start-server.js:141:13)
