  ▲ Next.js 14.2.28
  - Local:        http://localhost:3000
  - Environments: .env
  - Experiments (use with caution):
    · outputFileTracingRoot

 ✓ Starting...
 ✓ Ready in 1637ms
 ○ Compiling / ...
 ✓ Compiled / in 2.1s (1173 modules)
 GET / 200 in 2641ms
 ✓ Compiled in 511ms (592 modules)
 ✓ Compiled /api/auth/me in 406ms (700 modules)
🔵 [AUTH-BACKEND] Auth check request received
🔵 [AUTH-BACKEND] Request headers: {
  accept: '*/*',
  'accept-encoding': 'gzip, deflate, br, zstd',
  'accept-language': 'en-US,en;q=0.9',
  connection: 'keep-alive',
  'content-type': 'application/json',
  host: 'localhost:3000',
  referer: 'http://localhost:3000/',
  'sec-ch-ua': '"Google Chrome";v="135", "Not-A.Brand";v="8", "Chromium";v="135"',
  'sec-ch-ua-mobile': '?0',
  'sec-ch-ua-platform': '"Linux"',
  'sec-fetch-dest': 'empty',
  'sec-fetch-mode': 'cors',
  'sec-fetch-site': 'same-origin',
  'user-agent': 'Mozilla/5.0 (X11; Linux x86_64) AppleWebKit/537.36 (KHTML, like Gecko) HeadlessChrome/135.0.0.0 Safari/537.36',
  'x-forwarded-for': '::ffff:127.0.0.1',
  'x-forwarded-host': 'localhost:3000',
  'x-forwarded-port': '3000',
  'x-forwarded-proto': 'http'
}
🔵 [AUTH-LIB] Getting session
🔵 [AUTH-LIB] Token from cookies: No token found
🔵 [AUTH-LIB] No auth token found in cookies
🔵 [AUTH-BACKEND] Auth check request received
🔵 [AUTH-BACKEND] Request headers: {
  accept: '*/*',
  'accept-encoding': 'gzip, deflate, br, zstd',
  'accept-language': 'en-US,en;q=0.9',
  connection: 'keep-alive',
  'content-type': 'application/json',
  host: 'localhost:3000',
  referer: 'http://localhost:3000/',
  'sec-ch-ua': '"Google Chrome";v="135", "Not-A.Brand";v="8", "Chromium";v="135"',
  'sec-ch-ua-mobile': '?0',
  'sec-ch-ua-platform': '"Linux"',
  'sec-fetch-dest': 'empty',
  'sec-fetch-mode': 'cors',
  'sec-fetch-site': 'same-origin',
  'user-agent': 'Mozilla/5.0 (X11; Linux x86_64) AppleWebKit/537.36 (KHTML, like Gecko) HeadlessChrome/135.0.0.0 Safari/537.36',
  'x-forwarded-for': '::ffff:127.0.0.1',
  'x-forwarded-host': 'localhost:3000',
  'x-forwarded-port': '3000',
  'x-forwarded-proto': 'http'
}
🔵 [AUTH-LIB] Getting session
🔵 [AUTH-LIB] Token from cookies: No token found
🔵 [AUTH-LIB] No auth token found in cookies
🔵 [AUTH-BACKEND] Session check result: No user session
🟢 [AUTH-BACKEND] Auth check completed successfully
🔵 [AUTH-BACKEND] Session check result: No user session
🟢 [AUTH-BACKEND] Auth check completed successfully
 GET /api/auth/me 200 in 572ms
 GET /api/auth/me 200 in 576ms
 ○ Compiling /auth/register ...
 ✓ Compiled /auth/register in 766ms (1304 modules)
 GET /auth/register 200 in 937ms
 GET /auth/login 200 in 940ms
🔵 [AUTH-BACKEND] Auth check request received
🔵 [AUTH-BACKEND] Request headers: {
  accept: '*/*',
  'accept-encoding': 'gzip, deflate, br, zstd',
  'accept-language': 'en-US,en;q=0.9',
  connection: 'keep-alive',
  'content-type': 'application/json',
  host: 'localhost:3000',
  referer: 'http://localhost:3000/auth/login',
  'sec-ch-ua': '"Google Chrome";v="135", "Not-A.Brand";v="8", "Chromium";v="135"',
  'sec-ch-ua-mobile': '?0',
  'sec-ch-ua-platform': '"Linux"',
  'sec-fetch-dest': 'empty',
  'sec-fetch-mode': 'cors',
  'sec-fetch-site': 'same-origin',
  'user-agent': 'Mozilla/5.0 (X11; Linux x86_64) AppleWebKit/537.36 (KHTML, like Gecko) HeadlessChrome/135.0.0.0 Safari/537.36',
  'x-forwarded-for': '::ffff:127.0.0.1',
  'x-forwarded-host': 'localhost:3000',
  'x-forwarded-port': '3000',
  'x-forwarded-proto': 'http'
}
🔵 [AUTH-LIB] Getting session
🔵 [AUTH-LIB] Token from cookies: No token found
🔵 [AUTH-LIB] No auth token found in cookies
🔵 [AUTH-BACKEND] Auth check request received
🔵 [AUTH-BACKEND] Request headers: {
  accept: '*/*',
  'accept-encoding': 'gzip, deflate, br, zstd',
  'accept-language': 'en-US,en;q=0.9',
  connection: 'keep-alive',
  'content-type': 'application/json',
  host: 'localhost:3000',
  referer: 'http://localhost:3000/auth/register',
  'sec-ch-ua': '"Google Chrome";v="135", "Not-A.Brand";v="8", "Chromium";v="135"',
  'sec-ch-ua-mobile': '?0',
  'sec-ch-ua-platform': '"Linux"',
  'sec-fetch-dest': 'empty',
  'sec-fetch-mode': 'cors',
  'sec-fetch-site': 'same-origin',
  'user-agent': 'Mozilla/5.0 (X11; Linux x86_64) AppleWebKit/537.36 (KHTML, like Gecko) HeadlessChrome/135.0.0.0 Safari/537.36',
  'x-forwarded-for': '::ffff:127.0.0.1',
  'x-forwarded-host': 'localhost:3000',
  'x-forwarded-port': '3000',
  'x-forwarded-proto': 'http'
}
🔵 [AUTH-LIB] Getting session
🔵 [AUTH-LIB] Token from cookies: No token found
🔵 [AUTH-LIB] No auth token found in cookies
🔵 [AUTH-BACKEND] Auth check request received
🔵 [AUTH-BACKEND] Request headers: {
  accept: '*/*',
  'accept-encoding': 'gzip, deflate, br, zstd',
  'accept-language': 'en-US,en;q=0.9',
  connection: 'keep-alive',
  'content-type': 'application/json',
  host: 'localhost:3000',
  referer: 'http://localhost:3000/auth/login',
  'sec-ch-ua': '"Google Chrome";v="135", "Not-A.Brand";v="8", "Chromium";v="135"',
  'sec-ch-ua-mobile': '?0',
  'sec-ch-ua-platform': '"Linux"',
  'sec-fetch-dest': 'empty',
  'sec-fetch-mode': 'cors',
  'sec-fetch-site': 'same-origin',
  'user-agent': 'Mozilla/5.0 (X11; Linux x86_64) AppleWebKit/537.36 (KHTML, like Gecko) HeadlessChrome/135.0.0.0 Safari/537.36',
  'x-forwarded-for': '::ffff:127.0.0.1',
  'x-forwarded-host': 'localhost:3000',
  'x-forwarded-port': '3000',
  'x-forwarded-proto': 'http'
}
🔵 [AUTH-LIB] Getting session
🔵 [AUTH-LIB] Token from cookies: No token found
🔵 [AUTH-LIB] No auth token found in cookies
🔵 [AUTH-BACKEND] Auth check request received
🔵 [AUTH-BACKEND] Request headers: {
  accept: '*/*',
  'accept-encoding': 'gzip, deflate, br, zstd',
  'accept-language': 'en-US,en;q=0.9',
  connection: 'keep-alive',
  'content-type': 'application/json',
  host: 'localhost:3000',
  referer: 'http://localhost:3000/auth/register',
  'sec-ch-ua': '"Google Chrome";v="135", "Not-A.Brand";v="8", "Chromium";v="135"',
  'sec-ch-ua-mobile': '?0',
  'sec-ch-ua-platform': '"Linux"',
  'sec-fetch-dest': 'empty',
  'sec-fetch-mode': 'cors',
  'sec-fetch-site': 'same-origin',
  'user-agent': 'Mozilla/5.0 (X11; Linux x86_64) AppleWebKit/537.36 (KHTML, like Gecko) HeadlessChrome/135.0.0.0 Safari/537.36',
  'x-forwarded-for': '::ffff:127.0.0.1',
  'x-forwarded-host': 'localhost:3000',
  'x-forwarded-port': '3000',
  'x-forwarded-proto': 'http'
}
🔵 [AUTH-LIB] Getting session
🔵 [AUTH-LIB] Token from cookies: No token found
🔵 [AUTH-LIB] No auth token found in cookies
🔵 [AUTH-BACKEND] Session check result: No user session
🟢 [AUTH-BACKEND] Auth check completed successfully
🔵 [AUTH-BACKEND] Session check result: No user session
🟢 [AUTH-BACKEND] Auth check completed successfully
🔵 [AUTH-BACKEND] Session check result: No user session
🟢 [AUTH-BACKEND] Auth check completed successfully
🔵 [AUTH-BACKEND] Session check result: No user session
🟢 [AUTH-BACKEND] Auth check completed successfully
 GET /api/auth/me 200 in 70ms
 GET /api/auth/me 200 in 64ms
 GET /api/auth/me 200 in 62ms
 GET /api/auth/me 200 in 62ms
 GET / 200 in 56ms
🔵 [AUTH-BACKEND] Auth check request received
🔵 [AUTH-BACKEND] Request headers: {
  accept: '*/*',
  'accept-encoding': 'gzip, deflate, br, zstd',
  'accept-language': 'en-US,en;q=0.9',
  connection: 'keep-alive',
  'content-type': 'application/json',
  host: 'localhost:3000',
  referer: 'http://localhost:3000/',
  'sec-ch-ua': '"Google Chrome";v="135", "Not-A.Brand";v="8", "Chromium";v="135"',
  'sec-ch-ua-mobile': '?0',
  'sec-ch-ua-platform': '"Linux"',
  'sec-fetch-dest': 'empty',
  'sec-fetch-mode': 'cors',
  'sec-fetch-site': 'same-origin',
  'user-agent': 'Mozilla/5.0 (X11; Linux x86_64) AppleWebKit/537.36 (KHTML, like Gecko) HeadlessChrome/135.0.0.0 Safari/537.36',
  'x-forwarded-for': '::ffff:127.0.0.1',
  'x-forwarded-host': 'localhost:3000',
  'x-forwarded-port': '3000',
  'x-forwarded-proto': 'http'
}
🔵 [AUTH-LIB] Getting session
🔵 [AUTH-LIB] Token from cookies: No token found
🔵 [AUTH-LIB] No auth token found in cookies
🔵 [AUTH-BACKEND] Session check result: No user session
🟢 [AUTH-BACKEND] Auth check completed successfully
 GET /api/auth/me 200 in 28ms
🔵 [AUTH-BACKEND] Auth check request received
🔵 [AUTH-BACKEND] Request headers: {
  accept: '*/*',
  'accept-encoding': 'gzip, deflate, br, zstd',
  'accept-language': 'en-US,en;q=0.9',
  connection: 'keep-alive',
  'content-type': 'application/json',
  host: 'localhost:3000',
  referer: 'http://localhost:3000/',
  'sec-ch-ua': '"Google Chrome";v="135", "Not-A.Brand";v="8", "Chromium";v="135"',
  'sec-ch-ua-mobile': '?0',
  'sec-ch-ua-platform': '"Linux"',
  'sec-fetch-dest': 'empty',
  'sec-fetch-mode': 'cors',
  'sec-fetch-site': 'same-origin',
  'user-agent': 'Mozilla/5.0 (X11; Linux x86_64) AppleWebKit/537.36 (KHTML, like Gecko) HeadlessChrome/135.0.0.0 Safari/537.36',
  'x-forwarded-for': '::ffff:127.0.0.1',
  'x-forwarded-host': 'localhost:3000',
  'x-forwarded-port': '3000',
  'x-forwarded-proto': 'http'
}
🔵 [AUTH-LIB] Getting session
🔵 [AUTH-LIB] Token from cookies: No token found
🔵 [AUTH-LIB] No auth token found in cookies
🔵 [AUTH-BACKEND] Session check result: No user session
🟢 [AUTH-BACKEND] Auth check completed successfully
 GET /api/auth/me 200 in 36ms
 GET /auth/register 200 in 60ms
 GET /auth/login 200 in 62ms
 GET / 200 in 63ms
 GET / 200 in 54ms
🔵 [AUTH-BACKEND] Auth check request received
🔵 [AUTH-BACKEND] Request headers: {
  accept: '*/*',
  'accept-encoding': 'gzip, deflate, br, zstd',
  'accept-language': 'en-US,en;q=0.9',
  connection: 'keep-alive',
  'content-type': 'application/json',
  cookie: 'next-auth.callback-url=http%3A%2F%2Flocalhost%3A3000%2Fdashboard; next-auth.csrf-token=35444b04df4a9254400521b3a0a4d4269741131fd0d0ced23c8087cf287afc69%7C63151685019b9da549ce8eb3263a26e6027aba835f01e64916ca1173bb4c5dac; __stripe_mid=8eaac037-ff88-48a4-a002-3ce6bffc7970f2b296; auth-token=eyJhbGciOiJIUzI1NiIsInR5cCI6IkpXVCJ9.eyJ1c2VySWQiOiJjbWJ5dnl6MzcwMDAwbTNna3NsZDhrdGxpIiwiaWF0IjoxNzUwMDY1OTYwLCJleHAiOjE3NTA2NzA3NjB9.wMFJKGog3pVQ1nFfNGTjSlK635DdIRmGgx8UzY2emfM',
  host: 'localhost:3000',
  referer: 'http://localhost:3000/',
  'sec-ch-ua': '"Google Chrome";v="135", "Not-A.Brand";v="8", "Chromium";v="135"',
  'sec-ch-ua-mobile': '?0',
  'sec-ch-ua-platform': '"Linux"',
  'sec-fetch-dest': 'empty',
  'sec-fetch-mode': 'cors',
  'sec-fetch-site': 'same-origin',
  'user-agent': 'Mozilla/5.0 (X11; Linux x86_64) AppleWebKit/537.36 (KHTML, like Gecko) Chrome/135.0.0.0 Safari/537.36',
  'x-forwarded-for': '::ffff:127.0.0.1',
  'x-forwarded-host': 'localhost:3000',
  'x-forwarded-port': '3000',
  'x-forwarded-proto': 'http'
}
🔵 [AUTH-LIB] Getting session
🔵 [AUTH-LIB] Token from cookies: Token found (eyJhbGciOiJIUzI1NiIs...)
🔵 [AUTH-LIB] Looking up session in database
🔵 [AUTH-BACKEND] Auth check request received
🔵 [AUTH-BACKEND] Request headers: {
  accept: '*/*',
  'accept-encoding': 'gzip, deflate, br, zstd',
  'accept-language': 'en-US,en;q=0.9',
  connection: 'keep-alive',
  'content-type': 'application/json',
  cookie: 'next-auth.callback-url=http%3A%2F%2Flocalhost%3A3000%2Fdashboard; next-auth.csrf-token=35444b04df4a9254400521b3a0a4d4269741131fd0d0ced23c8087cf287afc69%7C63151685019b9da549ce8eb3263a26e6027aba835f01e64916ca1173bb4c5dac; __stripe_mid=8eaac037-ff88-48a4-a002-3ce6bffc7970f2b296; auth-token=eyJhbGciOiJIUzI1NiIsInR5cCI6IkpXVCJ9.eyJ1c2VySWQiOiJjbWJ5dnl6MzcwMDAwbTNna3NsZDhrdGxpIiwiaWF0IjoxNzUwMDY1OTYwLCJleHAiOjE3NTA2NzA3NjB9.wMFJKGog3pVQ1nFfNGTjSlK635DdIRmGgx8UzY2emfM',
  host: 'localhost:3000',
  referer: 'http://localhost:3000/',
  'sec-ch-ua': '"Google Chrome";v="135", "Not-A.Brand";v="8", "Chromium";v="135"',
  'sec-ch-ua-mobile': '?0',
  'sec-ch-ua-platform': '"Linux"',
  'sec-fetch-dest': 'empty',
  'sec-fetch-mode': 'cors',
  'sec-fetch-site': 'same-origin',
  'user-agent': 'Mozilla/5.0 (X11; Linux x86_64) AppleWebKit/537.36 (KHTML, like Gecko) Chrome/135.0.0.0 Safari/537.36',
  'x-forwarded-for': '::ffff:127.0.0.1',
  'x-forwarded-host': 'localhost:3000',
  'x-forwarded-port': '3000',
  'x-forwarded-proto': 'http'
}
🔵 [AUTH-LIB] Getting session
🔵 [AUTH-LIB] Token from cookies: Token found (eyJhbGciOiJIUzI1NiIs...)
🔵 [AUTH-LIB] Looking up session in database
🔵 [AUTH-LIB] Session found, checking expiration
🟢 [AUTH-LIB] Valid session found for user: test@example.com
🔵 [AUTH-LIB] Session found, checking expiration
🟢 [AUTH-LIB] Valid session found for user: test@example.com
🔵 [AUTH-BACKEND] Session check result: User found: test@example.com
🟢 [AUTH-BACKEND] Auth check completed successfully
🔵 [AUTH-BACKEND] Session check result: User found: test@example.com
🟢 [AUTH-BACKEND] Auth check completed successfully
 GET /api/auth/me 200 in 147ms
 GET /api/auth/me 200 in 146ms
 ○ Compiling /dashboard ...
 ✓ Compiled /dashboard in 593ms (1318 modules)
 ✓ Compiled /api/venues in 170ms (726 modules)
🔵 [AUTH-LIB] Getting session
🔵 [AUTH-LIB] Token from cookies: Token found (eyJhbGciOiJIUzI1NiIs...)
🔵 [AUTH-LIB] Looking up session in database
🔵 [AUTH-LIB] Getting session
🔵 [AUTH-LIB] Token from cookies: Token found (eyJhbGciOiJIUzI1NiIs...)
🔵 [AUTH-LIB] Looking up session in database
🔵 [AUTH-LIB] Session found, checking expiration
🟢 [AUTH-LIB] Valid session found for user: test@example.com
🔵 [AUTH-LIB] Session found, checking expiration
🟢 [AUTH-LIB] Valid session found for user: test@example.com
 GET /api/venues 200 in 242ms
 GET /api/venues 200 in 254ms
 GET /auth/login 200 in 53ms
🔵 [AUTH-BACKEND] Auth check request received
🔵 [AUTH-BACKEND] Request headers: {
  accept: '*/*',
  'accept-encoding': 'gzip, deflate, br, zstd',
  'accept-language': 'en-US,en;q=0.9',
  connection: 'keep-alive',
  'content-type': 'application/json',
  cookie: 'next-auth.callback-url=http%3A%2F%2Flocalhost%3A3000%2Fdashboard; next-auth.csrf-token=35444b04df4a9254400521b3a0a4d4269741131fd0d0ced23c8087cf287afc69%7C63151685019b9da549ce8eb3263a26e6027aba835f01e64916ca1173bb4c5dac; __stripe_mid=8eaac037-ff88-48a4-a002-3ce6bffc7970f2b296; auth-token=eyJhbGciOiJIUzI1NiIsInR5cCI6IkpXVCJ9.eyJ1c2VySWQiOiJjbWJ5dnl6MzcwMDAwbTNna3NsZDhrdGxpIiwiaWF0IjoxNzUwMDY1OTYwLCJleHAiOjE3NTA2NzA3NjB9.wMFJKGog3pVQ1nFfNGTjSlK635DdIRmGgx8UzY2emfM',
  host: 'localhost:3000',
  referer: 'http://localhost:3000/auth/login',
  'sec-ch-ua': '"Google Chrome";v="135", "Not-A.Brand";v="8", "Chromium";v="135"',
  'sec-ch-ua-mobile': '?0',
  'sec-ch-ua-platform': '"Linux"',
  'sec-fetch-dest': 'empty',
  'sec-fetch-mode': 'cors',
  'sec-fetch-site': 'same-origin',
  'user-agent': 'Mozilla/5.0 (X11; Linux x86_64) AppleWebKit/537.36 (KHTML, like Gecko) Chrome/135.0.0.0 Safari/537.36',
  'x-forwarded-for': '::ffff:127.0.0.1',
  'x-forwarded-host': 'localhost:3000',
  'x-forwarded-port': '3000',
  'x-forwarded-proto': 'http'
}
🔵 [AUTH-LIB] Getting session
🔵 [AUTH-LIB] Token from cookies: Token found (eyJhbGciOiJIUzI1NiIs...)
🔵 [AUTH-LIB] Looking up session in database
🔵 [AUTH-LIB] Session found, checking expiration
🟢 [AUTH-LIB] Valid session found for user: test@example.com
🔵 [AUTH-BACKEND] Session check result: User found: test@example.com
🟢 [AUTH-BACKEND] Auth check completed successfully
 GET /api/auth/me 200 in 37ms
🔵 [AUTH-BACKEND] Auth check request received
🔵 [AUTH-BACKEND] Request headers: {
  accept: '*/*',
  'accept-encoding': 'gzip, deflate, br, zstd',
  'accept-language': 'en-US,en;q=0.9',
  connection: 'keep-alive',
  'content-type': 'application/json',
  cookie: 'next-auth.callback-url=http%3A%2F%2Flocalhost%3A3000%2Fdashboard; next-auth.csrf-token=35444b04df4a9254400521b3a0a4d4269741131fd0d0ced23c8087cf287afc69%7C63151685019b9da549ce8eb3263a26e6027aba835f01e64916ca1173bb4c5dac; __stripe_mid=8eaac037-ff88-48a4-a002-3ce6bffc7970f2b296; auth-token=eyJhbGciOiJIUzI1NiIsInR5cCI6IkpXVCJ9.eyJ1c2VySWQiOiJjbWJ5dnl6MzcwMDAwbTNna3NsZDhrdGxpIiwiaWF0IjoxNzUwMDY1OTYwLCJleHAiOjE3NTA2NzA3NjB9.wMFJKGog3pVQ1nFfNGTjSlK635DdIRmGgx8UzY2emfM',
  host: 'localhost:3000',
  referer: 'http://localhost:3000/auth/login',
  'sec-ch-ua': '"Google Chrome";v="135", "Not-A.Brand";v="8", "Chromium";v="135"',
  'sec-ch-ua-mobile': '?0',
  'sec-ch-ua-platform': '"Linux"',
  'sec-fetch-dest': 'empty',
  'sec-fetch-mode': 'cors',
  'sec-fetch-site': 'same-origin',
  'user-agent': 'Mozilla/5.0 (X11; Linux x86_64) AppleWebKit/537.36 (KHTML, like Gecko) Chrome/135.0.0.0 Safari/537.36',
  'x-forwarded-for': '::ffff:127.0.0.1',
  'x-forwarded-host': 'localhost:3000',
  'x-forwarded-port': '3000',
  'x-forwarded-proto': 'http'
}
🔵 [AUTH-LIB] Getting session
🔵 [AUTH-LIB] Token from cookies: Token found (eyJhbGciOiJIUzI1NiIs...)
🔵 [AUTH-LIB] Looking up session in database
🔵 [AUTH-LIB] Session found, checking expiration
🟢 [AUTH-LIB] Valid session found for user: test@example.com
🔵 [AUTH-BACKEND] Session check result: User found: test@example.com
🟢 [AUTH-BACKEND] Auth check completed successfully
 GET /api/auth/me 200 in 41ms
 ✓ Compiled in 1040ms (1199 modules)
 ✓ Compiled in 327ms (608 modules)
 ○ Compiling /dashboard/venues/new ...
 ✓ Compiled /dashboard/venues/new in 883ms (1315 modules)
 GET /dashboard/venues/new 200 in 1089ms
 ✓ Compiled /api/auth/me in 162ms (775 modules)
🔵 [AUTH-BACKEND] Auth check request received
🔵 [AUTH-BACKEND] Request headers: {
  accept: '*/*',
  'accept-encoding': 'gzip, deflate, br, zstd',
  'accept-language': 'en-US,en;q=0.9',
  connection: 'keep-alive',
  'content-type': 'application/json',
  cookie: 'next-auth.callback-url=http%3A%2F%2Flocalhost%3A3000%2Fdashboard; next-auth.csrf-token=35444b04df4a9254400521b3a0a4d4269741131fd0d0ced23c8087cf287afc69%7C63151685019b9da549ce8eb3263a26e6027aba835f01e64916ca1173bb4c5dac; __stripe_mid=8eaac037-ff88-48a4-a002-3ce6bffc7970f2b296; auth-token=eyJhbGciOiJIUzI1NiIsInR5cCI6IkpXVCJ9.eyJ1c2VySWQiOiJjbWJ5dnl6MzcwMDAwbTNna3NsZDhrdGxpIiwiaWF0IjoxNzUwMDY1OTYwLCJleHAiOjE3NTA2NzA3NjB9.wMFJKGog3pVQ1nFfNGTjSlK635DdIRmGgx8UzY2emfM',
  host: 'localhost:3000',
  referer: 'http://localhost:3000/dashboard/venues/new',
  'sec-ch-ua': '"Google Chrome";v="135", "Not-A.Brand";v="8", "Chromium";v="135"',
  'sec-ch-ua-mobile': '?0',
  'sec-ch-ua-platform': '"Linux"',
  'sec-fetch-dest': 'empty',
  'sec-fetch-mode': 'cors',
  'sec-fetch-site': 'same-origin',
  'user-agent': 'Mozilla/5.0 (X11; Linux x86_64) AppleWebKit/537.36 (KHTML, like Gecko) Chrome/135.0.0.0 Safari/537.36',
  'x-forwarded-for': '::ffff:127.0.0.1',
  'x-forwarded-host': 'localhost:3000',
  'x-forwarded-port': '3000',
  'x-forwarded-proto': 'http'
}
🔵 [AUTH-LIB] Getting session
🔵 [AUTH-LIB] Token from cookies: Token found (eyJhbGciOiJIUzI1NiIs...)
🔵 [AUTH-LIB] Looking up session in database
🔵 [AUTH-BACKEND] Auth check request received
🔵 [AUTH-BACKEND] Request headers: {
  accept: '*/*',
  'accept-encoding': 'gzip, deflate, br, zstd',
  'accept-language': 'en-US,en;q=0.9',
  connection: 'keep-alive',
  'content-type': 'application/json',
  cookie: 'next-auth.callback-url=http%3A%2F%2Flocalhost%3A3000%2Fdashboard; next-auth.csrf-token=35444b04df4a9254400521b3a0a4d4269741131fd0d0ced23c8087cf287afc69%7C63151685019b9da549ce8eb3263a26e6027aba835f01e64916ca1173bb4c5dac; __stripe_mid=8eaac037-ff88-48a4-a002-3ce6bffc7970f2b296; auth-token=eyJhbGciOiJIUzI1NiIsInR5cCI6IkpXVCJ9.eyJ1c2VySWQiOiJjbWJ5dnl6MzcwMDAwbTNna3NsZDhrdGxpIiwiaWF0IjoxNzUwMDY1OTYwLCJleHAiOjE3NTA2NzA3NjB9.wMFJKGog3pVQ1nFfNGTjSlK635DdIRmGgx8UzY2emfM',
  host: 'localhost:3000',
  referer: 'http://localhost:3000/dashboard/venues/new',
  'sec-ch-ua': '"Google Chrome";v="135", "Not-A.Brand";v="8", "Chromium";v="135"',
  'sec-ch-ua-mobile': '?0',
  'sec-ch-ua-platform': '"Linux"',
  'sec-fetch-dest': 'empty',
  'sec-fetch-mode': 'cors',
  'sec-fetch-site': 'same-origin',
  'user-agent': 'Mozilla/5.0 (X11; Linux x86_64) AppleWebKit/537.36 (KHTML, like Gecko) Chrome/135.0.0.0 Safari/537.36',
  'x-forwarded-for': '::ffff:127.0.0.1',
  'x-forwarded-host': 'localhost:3000',
  'x-forwarded-port': '3000',
  'x-forwarded-proto': 'http'
}
🔵 [AUTH-LIB] Getting session
🔵 [AUTH-LIB] Token from cookies: Token found (eyJhbGciOiJIUzI1NiIs...)
🔵 [AUTH-LIB] Looking up session in database
🔵 [AUTH-LIB] Session found, checking expiration
🟢 [AUTH-LIB] Valid session found for user: test@example.com
🔵 [AUTH-LIB] Session found, checking expiration
🟢 [AUTH-LIB] Valid session found for user: test@example.com
🔵 [AUTH-BACKEND] Session check result: User found: test@example.com
🟢 [AUTH-BACKEND] Auth check completed successfully
🔵 [AUTH-BACKEND] Session check result: User found: test@example.com
🟢 [AUTH-BACKEND] Auth check completed successfully
 GET /api/auth/me 200 in 285ms
 GET /api/auth/me 200 in 290ms
 ✓ Compiled /api/auth/login in 244ms (779 modules)
 POST /api/auth/login 200 in 639ms
 ✓ Compiled /api/venues in 155ms (781 modules)
🔵 [AUTH-LIB] Getting session
🔵 [AUTH-LIB] Token from cookies: Token found (eyJhbGciOiJIUzI1NiIs...)
🔵 [AUTH-LIB] Looking up session in database
🔵 [AUTH-LIB] Session found, checking expiration
🟢 [AUTH-LIB] Valid session found for user: test@example.com
 POST /api/venues 200 in 212ms
 ✓ Compiled /api/venues/[id] in 215ms (783 modules)
🔵 [AUTH-LIB] Getting session
🔵 [AUTH-LIB] Token from cookies: Token found (eyJhbGciOiJIUzI1NiIs...)
🔵 [AUTH-LIB] Looking up session in database
🔵 [AUTH-LIB] Session found, checking expiration
🟢 [AUTH-LIB] Valid session found for user: test@example.com
 GET /api/venues/cmbywpqvj0003m3fxqfvardso 200 in 604ms
 GET /auth/login 200 in 86ms
🔵 [AUTH-BACKEND] Auth check request received
🔵 [AUTH-BACKEND] Request headers: {
  accept: '*/*',
  'accept-encoding': 'gzip, deflate, br, zstd',
  'accept-language': 'en-US,en;q=0.9',
  connection: 'keep-alive',
  'content-type': 'application/json',
  cookie: 'next-auth.callback-url=http%3A%2F%2Flocalhost%3A3000%2Fdashboard; next-auth.csrf-token=35444b04df4a9254400521b3a0a4d4269741131fd0d0ced23c8087cf287afc69%7C63151685019b9da549ce8eb3263a26e6027aba835f01e64916ca1173bb4c5dac; __stripe_mid=8eaac037-ff88-48a4-a002-3ce6bffc7970f2b296; auth-token=eyJhbGciOiJIUzI1NiIsInR5cCI6IkpXVCJ9.eyJ1c2VySWQiOiJjbWJ5dnl6MzcwMDAwbTNna3NsZDhrdGxpIiwiaWF0IjoxNzUwMDY1OTYwLCJleHAiOjE3NTA2NzA3NjB9.wMFJKGog3pVQ1nFfNGTjSlK635DdIRmGgx8UzY2emfM',
  host: 'localhost:3000',
  referer: 'http://localhost:3000/auth/login',
  'sec-ch-ua': '"Google Chrome";v="135", "Not-A.Brand";v="8", "Chromium";v="135"',
  'sec-ch-ua-mobile': '?0',
  'sec-ch-ua-platform': '"Linux"',
  'sec-fetch-dest': 'empty',
  'sec-fetch-mode': 'cors',
  'sec-fetch-site': 'same-origin',
  'user-agent': 'Mozilla/5.0 (X11; Linux x86_64) AppleWebKit/537.36 (KHTML, like Gecko) Chrome/135.0.0.0 Safari/537.36',
  'x-forwarded-for': '::ffff:127.0.0.1',
  'x-forwarded-host': 'localhost:3000',
  'x-forwarded-port': '3000',
  'x-forwarded-proto': 'http'
}
🔵 [AUTH-LIB] Getting session
🔵 [AUTH-LIB] Token from cookies: Token found (eyJhbGciOiJIUzI1NiIs...)
🔵 [AUTH-LIB] Looking up session in database
🔵 [AUTH-LIB] Session found, checking expiration
🟢 [AUTH-LIB] Valid session found for user: test@example.com
🔵 [AUTH-BACKEND] Session check result: User found: test@example.com
🟢 [AUTH-BACKEND] Auth check completed successfully
 GET /api/auth/me 200 in 41ms
🔵 [AUTH-BACKEND] Auth check request received
🔵 [AUTH-BACKEND] Request headers: {
  accept: '*/*',
  'accept-encoding': 'gzip, deflate, br, zstd',
  'accept-language': 'en-US,en;q=0.9',
  connection: 'keep-alive',
  'content-type': 'application/json',
  cookie: 'next-auth.callback-url=http%3A%2F%2Flocalhost%3A3000%2Fdashboard; next-auth.csrf-token=35444b04df4a9254400521b3a0a4d4269741131fd0d0ced23c8087cf287afc69%7C63151685019b9da549ce8eb3263a26e6027aba835f01e64916ca1173bb4c5dac; __stripe_mid=8eaac037-ff88-48a4-a002-3ce6bffc7970f2b296; auth-token=eyJhbGciOiJIUzI1NiIsInR5cCI6IkpXVCJ9.eyJ1c2VySWQiOiJjbWJ5dnl6MzcwMDAwbTNna3NsZDhrdGxpIiwiaWF0IjoxNzUwMDY1OTYwLCJleHAiOjE3NTA2NzA3NjB9.wMFJKGog3pVQ1nFfNGTjSlK635DdIRmGgx8UzY2emfM',
  host: 'localhost:3000',
  referer: 'http://localhost:3000/auth/login',
  'sec-ch-ua': '"Google Chrome";v="135", "Not-A.Brand";v="8", "Chromium";v="135"',
  'sec-ch-ua-mobile': '?0',
  'sec-ch-ua-platform': '"Linux"',
  'sec-fetch-dest': 'empty',
  'sec-fetch-mode': 'cors',
  'sec-fetch-site': 'same-origin',
  'user-agent': 'Mozilla/5.0 (X11; Linux x86_64) AppleWebKit/537.36 (KHTML, like Gecko) Chrome/135.0.0.0 Safari/537.36',
  'x-forwarded-for': '::ffff:127.0.0.1',
  'x-forwarded-host': 'localhost:3000',
  'x-forwarded-port': '3000',
  'x-forwarded-proto': 'http'
}
🔵 [AUTH-LIB] Getting session
🔵 [AUTH-LIB] Token from cookies: Token found (eyJhbGciOiJIUzI1NiIs...)
🔵 [AUTH-LIB] Looking up session in database
🔵 [AUTH-LIB] Session found, checking expiration
🟢 [AUTH-LIB] Valid session found for user: test@example.com
🔵 [AUTH-BACKEND] Session check result: User found: test@example.com
🟢 [AUTH-BACKEND] Auth check completed successfully
 GET /api/auth/me 200 in 41ms
 ○ Compiling /dashboard/venues ...
 ✓ Compiled /dashboard/venues in 724ms (1450 modules)
 GET /dashboard/venues 200 in 818ms
🔵 [AUTH-BACKEND] Auth check request received
🔵 [AUTH-BACKEND] Request headers: {
  accept: '*/*',
  'accept-encoding': 'gzip, deflate, br, zstd',
  'accept-language': 'en-US,en;q=0.9',
  connection: 'keep-alive',
  'content-type': 'application/json',
  cookie: 'next-auth.callback-url=http%3A%2F%2Flocalhost%3A3000%2Fdashboard; next-auth.csrf-token=35444b04df4a9254400521b3a0a4d4269741131fd0d0ced23c8087cf287afc69%7C63151685019b9da549ce8eb3263a26e6027aba835f01e64916ca1173bb4c5dac; __stripe_mid=8eaac037-ff88-48a4-a002-3ce6bffc7970f2b296; auth-token=eyJhbGciOiJIUzI1NiIsInR5cCI6IkpXVCJ9.eyJ1c2VySWQiOiJjbWJ5dnl6MzcwMDAwbTNna3NsZDhrdGxpIiwiaWF0IjoxNzUwMDY1OTYwLCJleHAiOjE3NTA2NzA3NjB9.wMFJKGog3pVQ1nFfNGTjSlK635DdIRmGgx8UzY2emfM',
  host: 'localhost:3000',
  referer: 'http://localhost:3000/dashboard/venues',
  'sec-ch-ua': '"Google Chrome";v="135", "Not-A.Brand";v="8", "Chromium";v="135"',
  'sec-ch-ua-mobile': '?0',
  'sec-ch-ua-platform': '"Linux"',
  'sec-fetch-dest': 'empty',
  'sec-fetch-mode': 'cors',
  'sec-fetch-site': 'same-origin',
  'user-agent': 'Mozilla/5.0 (X11; Linux x86_64) AppleWebKit/537.36 (KHTML, like Gecko) Chrome/135.0.0.0 Safari/537.36',
  'x-forwarded-for': '::ffff:127.0.0.1',
  'x-forwarded-host': 'localhost:3000',
  'x-forwarded-port': '3000',
  'x-forwarded-proto': 'http'
}
🔵 [AUTH-LIB] Getting session
🔵 [AUTH-LIB] Token from cookies: Token found (eyJhbGciOiJIUzI1NiIs...)
🔵 [AUTH-LIB] Looking up session in database
🔵 [AUTH-BACKEND] Auth check request received
🔵 [AUTH-BACKEND] Request headers: {
  accept: '*/*',
  'accept-encoding': 'gzip, deflate, br, zstd',
  'accept-language': 'en-US,en;q=0.9',
  connection: 'keep-alive',
  'content-type': 'application/json',
  cookie: 'next-auth.callback-url=http%3A%2F%2Flocalhost%3A3000%2Fdashboard; next-auth.csrf-token=35444b04df4a9254400521b3a0a4d4269741131fd0d0ced23c8087cf287afc69%7C63151685019b9da549ce8eb3263a26e6027aba835f01e64916ca1173bb4c5dac; __stripe_mid=8eaac037-ff88-48a4-a002-3ce6bffc7970f2b296; auth-token=eyJhbGciOiJIUzI1NiIsInR5cCI6IkpXVCJ9.eyJ1c2VySWQiOiJjbWJ5dnl6MzcwMDAwbTNna3NsZDhrdGxpIiwiaWF0IjoxNzUwMDY1OTYwLCJleHAiOjE3NTA2NzA3NjB9.wMFJKGog3pVQ1nFfNGTjSlK635DdIRmGgx8UzY2emfM',
  host: 'localhost:3000',
  referer: 'http://localhost:3000/dashboard/venues',
  'sec-ch-ua': '"Google Chrome";v="135", "Not-A.Brand";v="8", "Chromium";v="135"',
  'sec-ch-ua-mobile': '?0',
  'sec-ch-ua-platform': '"Linux"',
  'sec-fetch-dest': 'empty',
  'sec-fetch-mode': 'cors',
  'sec-fetch-site': 'same-origin',
  'user-agent': 'Mozilla/5.0 (X11; Linux x86_64) AppleWebKit/537.36 (KHTML, like Gecko) Chrome/135.0.0.0 Safari/537.36',
  'x-forwarded-for': '::ffff:127.0.0.1',
  'x-forwarded-host': 'localhost:3000',
  'x-forwarded-port': '3000',
  'x-forwarded-proto': 'http'
}
🔵 [AUTH-LIB] Getting session
🔵 [AUTH-LIB] Token from cookies: Token found (eyJhbGciOiJIUzI1NiIs...)
🔵 [AUTH-LIB] Looking up session in database
🔵 [AUTH-LIB] Session found, checking expiration
🟢 [AUTH-LIB] Valid session found for user: test@example.com
🔵 [AUTH-LIB] Session found, checking expiration
🟢 [AUTH-LIB] Valid session found for user: test@example.com
🔵 [AUTH-BACKEND] Session check result: User found: test@example.com
🟢 [AUTH-BACKEND] Auth check completed successfully
🔵 [AUTH-BACKEND] Session check result: User found: test@example.com
🟢 [AUTH-BACKEND] Auth check completed successfully
 GET /api/auth/me 200 in 49ms
 GET /api/auth/me 200 in 44ms
🔵 [AUTH-LIB] Getting session
🔵 [AUTH-LIB] Token from cookies: Token found (eyJhbGciOiJIUzI1NiIs...)
🔵 [AUTH-LIB] Looking up session in database
🔵 [AUTH-LIB] Session found, checking expiration
🟢 [AUTH-LIB] Valid session found for user: test@example.com
🔵 [AUTH-LIB] Getting session
🔵 [AUTH-LIB] Token from cookies: Token found (eyJhbGciOiJIUzI1NiIs...)
🔵 [AUTH-LIB] Looking up session in database
 GET /api/venues 200 in 45ms
🔵 [AUTH-LIB] Session found, checking expiration
🟢 [AUTH-LIB] Valid session found for user: test@example.com
 GET /api/venues 200 in 43ms
 ○ Compiling /dashboard/venues/[id] ...
 ✓ Compiled /dashboard/venues/[id] in 662ms (1468 modules)
 GET /dashboard/venues/cmbywpqvj0003m3fxqfvardso 200 in 1068ms
🔵 [AUTH-BACKEND] Auth check request received
🔵 [AUTH-BACKEND] Request headers: {
  accept: '*/*',
  'accept-encoding': 'gzip, deflate, br, zstd',
  'accept-language': 'en-US,en;q=0.9',
  connection: 'keep-alive',
  'content-type': 'application/json',
  cookie: 'next-auth.callback-url=http%3A%2F%2Flocalhost%3A3000%2Fdashboard; next-auth.csrf-token=35444b04df4a9254400521b3a0a4d4269741131fd0d0ced23c8087cf287afc69%7C63151685019b9da549ce8eb3263a26e6027aba835f01e64916ca1173bb4c5dac; __stripe_mid=8eaac037-ff88-48a4-a002-3ce6bffc7970f2b296; auth-token=eyJhbGciOiJIUzI1NiIsInR5cCI6IkpXVCJ9.eyJ1c2VySWQiOiJjbWJ5dnl6MzcwMDAwbTNna3NsZDhrdGxpIiwiaWF0IjoxNzUwMDY1OTYwLCJleHAiOjE3NTA2NzA3NjB9.wMFJKGog3pVQ1nFfNGTjSlK635DdIRmGgx8UzY2emfM',
  host: 'localhost:3000',
  referer: 'http://localhost:3000/dashboard/venues/cmbywpqvj0003m3fxqfvardso',
  'sec-ch-ua': '"Google Chrome";v="135", "Not-A.Brand";v="8", "Chromium";v="135"',
  'sec-ch-ua-mobile': '?0',
  'sec-ch-ua-platform': '"Linux"',
  'sec-fetch-dest': 'empty',
  'sec-fetch-mode': 'cors',
  'sec-fetch-site': 'same-origin',
  'user-agent': 'Mozilla/5.0 (X11; Linux x86_64) AppleWebKit/537.36 (KHTML, like Gecko) Chrome/135.0.0.0 Safari/537.36',
  'x-forwarded-for': '::ffff:127.0.0.1',
  'x-forwarded-host': 'localhost:3000',
  'x-forwarded-port': '3000',
  'x-forwarded-proto': 'http'
}
🔵 [AUTH-LIB] Getting session
🔵 [AUTH-LIB] Token from cookies: Token found (eyJhbGciOiJIUzI1NiIs...)
🔵 [AUTH-LIB] Looking up session in database
🔵 [AUTH-LIB] Session found, checking expiration
🟢 [AUTH-LIB] Valid session found for user: test@example.com
🔵 [AUTH-BACKEND] Session check result: User found: test@example.com
🟢 [AUTH-BACKEND] Auth check completed successfully
 GET /api/auth/me 200 in 47ms
🔵 [AUTH-BACKEND] Auth check request received
🔵 [AUTH-BACKEND] Request headers: {
  accept: '*/*',
  'accept-encoding': 'gzip, deflate, br, zstd',
  'accept-language': 'en-US,en;q=0.9',
  connection: 'keep-alive',
  'content-type': 'application/json',
  cookie: 'next-auth.callback-url=http%3A%2F%2Flocalhost%3A3000%2Fdashboard; next-auth.csrf-token=35444b04df4a9254400521b3a0a4d4269741131fd0d0ced23c8087cf287afc69%7C63151685019b9da549ce8eb3263a26e6027aba835f01e64916ca1173bb4c5dac; __stripe_mid=8eaac037-ff88-48a4-a002-3ce6bffc7970f2b296; auth-token=eyJhbGciOiJIUzI1NiIsInR5cCI6IkpXVCJ9.eyJ1c2VySWQiOiJjbWJ5dnl6MzcwMDAwbTNna3NsZDhrdGxpIiwiaWF0IjoxNzUwMDY1OTYwLCJleHAiOjE3NTA2NzA3NjB9.wMFJKGog3pVQ1nFfNGTjSlK635DdIRmGgx8UzY2emfM',
  host: 'localhost:3000',
  referer: 'http://localhost:3000/dashboard/venues/cmbywpqvj0003m3fxqfvardso',
  'sec-ch-ua': '"Google Chrome";v="135", "Not-A.Brand";v="8", "Chromium";v="135"',
  'sec-ch-ua-mobile': '?0',
  'sec-ch-ua-platform': '"Linux"',
  'sec-fetch-dest': 'empty',
  'sec-fetch-mode': 'cors',
  'sec-fetch-site': 'same-origin',
  'user-agent': 'Mozilla/5.0 (X11; Linux x86_64) AppleWebKit/537.36 (KHTML, like Gecko) Chrome/135.0.0.0 Safari/537.36',
  'x-forwarded-for': '::ffff:127.0.0.1',
  'x-forwarded-host': 'localhost:3000',
  'x-forwarded-port': '3000',
  'x-forwarded-proto': 'http'
}
🔵 [AUTH-LIB] Getting session
🔵 [AUTH-LIB] Token from cookies: Token found (eyJhbGciOiJIUzI1NiIs...)
🔵 [AUTH-LIB] Looking up session in database
🔵 [AUTH-LIB] Session found, checking expiration
🟢 [AUTH-LIB] Valid session found for user: test@example.com
🔵 [AUTH-BACKEND] Session check result: User found: test@example.com
🟢 [AUTH-BACKEND] Auth check completed successfully
 GET /api/auth/me 200 in 53ms
🔵 [AUTH-LIB] Getting session
🔵 [AUTH-LIB] Token from cookies: Token found (eyJhbGciOiJIUzI1NiIs...)
🔵 [AUTH-LIB] Looking up session in database
🔵 [AUTH-LIB] Session found, checking expiration
🟢 [AUTH-LIB] Valid session found for user: test@example.com
 GET /api/venues/cmbywpqvj0003m3fxqfvardso 200 in 41ms
🔵 [AUTH-LIB] Getting session
🔵 [AUTH-LIB] Token from cookies: Token found (eyJhbGciOiJIUzI1NiIs...)
🔵 [AUTH-LIB] Looking up session in database
🔵 [AUTH-LIB] Session found, checking expiration
🟢 [AUTH-LIB] Valid session found for user: test@example.com
 GET /api/venues/cmbywpqvj0003m3fxqfvardso 200 in 30ms
 GET /dashboard/venues/new 200 in 49ms
🔵 [AUTH-BACKEND] Auth check request received
🔵 [AUTH-BACKEND] Request headers: {
  accept: '*/*',
  'accept-encoding': 'gzip, deflate, br, zstd',
  'accept-language': 'en-US,en;q=0.9',
  connection: 'keep-alive',
  'content-type': 'application/json',
  cookie: 'next-auth.callback-url=http%3A%2F%2Flocalhost%3A3000%2Fdashboard; next-auth.csrf-token=35444b04df4a9254400521b3a0a4d4269741131fd0d0ced23c8087cf287afc69%7C63151685019b9da549ce8eb3263a26e6027aba835f01e64916ca1173bb4c5dac; __stripe_mid=8eaac037-ff88-48a4-a002-3ce6bffc7970f2b296; auth-token=eyJhbGciOiJIUzI1NiIsInR5cCI6IkpXVCJ9.eyJ1c2VySWQiOiJjbWJ5dnl6MzcwMDAwbTNna3NsZDhrdGxpIiwiaWF0IjoxNzUwMDY1OTYwLCJleHAiOjE3NTA2NzA3NjB9.wMFJKGog3pVQ1nFfNGTjSlK635DdIRmGgx8UzY2emfM',
  host: 'localhost:3000',
  referer: 'http://localhost:3000/dashboard/venues/new',
  'sec-ch-ua': '"Google Chrome";v="135", "Not-A.Brand";v="8", "Chromium";v="135"',
  'sec-ch-ua-mobile': '?0',
  'sec-ch-ua-platform': '"Linux"',
  'sec-fetch-dest': 'empty',
  'sec-fetch-mode': 'cors',
  'sec-fetch-site': 'same-origin',
  'user-agent': 'Mozilla/5.0 (X11; Linux x86_64) AppleWebKit/537.36 (KHTML, like Gecko) Chrome/135.0.0.0 Safari/537.36',
  'x-forwarded-for': '::ffff:127.0.0.1',
  'x-forwarded-host': 'localhost:3000',
  'x-forwarded-port': '3000',
  'x-forwarded-proto': 'http'
}
🔵 [AUTH-LIB] Getting session
🔵 [AUTH-LIB] Token from cookies: Token found (eyJhbGciOiJIUzI1NiIs...)
🔵 [AUTH-LIB] Looking up session in database
🔵 [AUTH-LIB] Session found, checking expiration
🟢 [AUTH-LIB] Valid session found for user: test@example.com
🔵 [AUTH-BACKEND] Session check result: User found: test@example.com
🟢 [AUTH-BACKEND] Auth check completed successfully
 GET /api/auth/me 200 in 35ms
🔵 [AUTH-BACKEND] Auth check request received
🔵 [AUTH-BACKEND] Request headers: {
  accept: '*/*',
  'accept-encoding': 'gzip, deflate, br, zstd',
  'accept-language': 'en-US,en;q=0.9',
  connection: 'keep-alive',
  'content-type': 'application/json',
  cookie: 'next-auth.callback-url=http%3A%2F%2Flocalhost%3A3000%2Fdashboard; next-auth.csrf-token=35444b04df4a9254400521b3a0a4d4269741131fd0d0ced23c8087cf287afc69%7C63151685019b9da549ce8eb3263a26e6027aba835f01e64916ca1173bb4c5dac; __stripe_mid=8eaac037-ff88-48a4-a002-3ce6bffc7970f2b296; auth-token=eyJhbGciOiJIUzI1NiIsInR5cCI6IkpXVCJ9.eyJ1c2VySWQiOiJjbWJ5dnl6MzcwMDAwbTNna3NsZDhrdGxpIiwiaWF0IjoxNzUwMDY1OTYwLCJleHAiOjE3NTA2NzA3NjB9.wMFJKGog3pVQ1nFfNGTjSlK635DdIRmGgx8UzY2emfM',
  host: 'localhost:3000',
  referer: 'http://localhost:3000/dashboard/venues/new',
  'sec-ch-ua': '"Google Chrome";v="135", "Not-A.Brand";v="8", "Chromium";v="135"',
  'sec-ch-ua-mobile': '?0',
  'sec-ch-ua-platform': '"Linux"',
  'sec-fetch-dest': 'empty',
  'sec-fetch-mode': 'cors',
  'sec-fetch-site': 'same-origin',
  'user-agent': 'Mozilla/5.0 (X11; Linux x86_64) AppleWebKit/537.36 (KHTML, like Gecko) Chrome/135.0.0.0 Safari/537.36',
  'x-forwarded-for': '::ffff:127.0.0.1',
  'x-forwarded-host': 'localhost:3000',
  'x-forwarded-port': '3000',
  'x-forwarded-proto': 'http'
}
🔵 [AUTH-LIB] Getting session
🔵 [AUTH-LIB] Token from cookies: Token found (eyJhbGciOiJIUzI1NiIs...)
🔵 [AUTH-LIB] Looking up session in database
🔵 [AUTH-LIB] Session found, checking expiration
🟢 [AUTH-LIB] Valid session found for user: test@example.com
🔵 [AUTH-BACKEND] Session check result: User found: test@example.com
🟢 [AUTH-BACKEND] Auth check completed successfully
 GET /api/auth/me 200 in 36ms
🔵 [AUTH-LIB] Getting session
🔵 [AUTH-LIB] Token from cookies: Token found (eyJhbGciOiJIUzI1NiIs...)
🔵 [AUTH-LIB] Looking up session in database
🔵 [AUTH-LIB] Session found, checking expiration
🟢 [AUTH-LIB] Valid session found for user: test@example.com
 POST /api/venues 200 in 32ms
 GET /dashboard/venues 200 in 68ms
🔵 [AUTH-BACKEND] Auth check request received
🔵 [AUTH-BACKEND] Request headers: {
  accept: '*/*',
  'accept-encoding': 'gzip, deflate, br, zstd',
  'accept-language': 'en-US,en;q=0.9',
  connection: 'keep-alive',
  'content-type': 'application/json',
  cookie: 'next-auth.callback-url=http%3A%2F%2Flocalhost%3A3000%2Fdashboard; next-auth.csrf-token=35444b04df4a9254400521b3a0a4d4269741131fd0d0ced23c8087cf287afc69%7C63151685019b9da549ce8eb3263a26e6027aba835f01e64916ca1173bb4c5dac; __stripe_mid=8eaac037-ff88-48a4-a002-3ce6bffc7970f2b296; auth-token=eyJhbGciOiJIUzI1NiIsInR5cCI6IkpXVCJ9.eyJ1c2VySWQiOiJjbWJ5dnl6MzcwMDAwbTNna3NsZDhrdGxpIiwiaWF0IjoxNzUwMDY1OTYwLCJleHAiOjE3NTA2NzA3NjB9.wMFJKGog3pVQ1nFfNGTjSlK635DdIRmGgx8UzY2emfM',
  host: 'localhost:3000',
  referer: 'http://localhost:3000/dashboard/venues',
  'sec-ch-ua': '"Google Chrome";v="135", "Not-A.Brand";v="8", "Chromium";v="135"',
  'sec-ch-ua-mobile': '?0',
  'sec-ch-ua-platform': '"Linux"',
  'sec-fetch-dest': 'empty',
  'sec-fetch-mode': 'cors',
  'sec-fetch-site': 'same-origin',
  'user-agent': 'Mozilla/5.0 (X11; Linux x86_64) AppleWebKit/537.36 (KHTML, like Gecko) Chrome/135.0.0.0 Safari/537.36',
  'x-forwarded-for': '::ffff:127.0.0.1',
  'x-forwarded-host': 'localhost:3000',
  'x-forwarded-port': '3000',
  'x-forwarded-proto': 'http'
}
🔵 [AUTH-LIB] Getting session
🔵 [AUTH-LIB] Token from cookies: Token found (eyJhbGciOiJIUzI1NiIs...)
🔵 [AUTH-LIB] Looking up session in database
🔵 [AUTH-LIB] Session found, checking expiration
🟢 [AUTH-LIB] Valid session found for user: test@example.com
🔵 [AUTH-BACKEND] Session check result: User found: test@example.com
🟢 [AUTH-BACKEND] Auth check completed successfully
 GET /api/auth/me 200 in 62ms
🔵 [AUTH-BACKEND] Auth check request received
🔵 [AUTH-BACKEND] Request headers: {
  accept: '*/*',
  'accept-encoding': 'gzip, deflate, br, zstd',
  'accept-language': 'en-US,en;q=0.9',
  connection: 'keep-alive',
  'content-type': 'application/json',
  cookie: 'next-auth.callback-url=http%3A%2F%2Flocalhost%3A3000%2Fdashboard; next-auth.csrf-token=35444b04df4a9254400521b3a0a4d4269741131fd0d0ced23c8087cf287afc69%7C63151685019b9da549ce8eb3263a26e6027aba835f01e64916ca1173bb4c5dac; __stripe_mid=8eaac037-ff88-48a4-a002-3ce6bffc7970f2b296; auth-token=eyJhbGciOiJIUzI1NiIsInR5cCI6IkpXVCJ9.eyJ1c2VySWQiOiJjbWJ5dnl6MzcwMDAwbTNna3NsZDhrdGxpIiwiaWF0IjoxNzUwMDY1OTYwLCJleHAiOjE3NTA2NzA3NjB9.wMFJKGog3pVQ1nFfNGTjSlK635DdIRmGgx8UzY2emfM',
  host: 'localhost:3000',
  referer: 'http://localhost:3000/dashboard/venues',
  'sec-ch-ua': '"Google Chrome";v="135", "Not-A.Brand";v="8", "Chromium";v="135"',
  'sec-ch-ua-mobile': '?0',
  'sec-ch-ua-platform': '"Linux"',
  'sec-fetch-dest': 'empty',
  'sec-fetch-mode': 'cors',
  'sec-fetch-site': 'same-origin',
  'user-agent': 'Mozilla/5.0 (X11; Linux x86_64) AppleWebKit/537.36 (KHTML, like Gecko) Chrome/135.0.0.0 Safari/537.36',
  'x-forwarded-for': '::ffff:127.0.0.1',
  'x-forwarded-host': 'localhost:3000',
  'x-forwarded-port': '3000',
  'x-forwarded-proto': 'http'
}
🔵 [AUTH-LIB] Getting session
🔵 [AUTH-LIB] Token from cookies: Token found (eyJhbGciOiJIUzI1NiIs...)
🔵 [AUTH-LIB] Looking up session in database
🔵 [AUTH-LIB] Session found, checking expiration
🟢 [AUTH-LIB] Valid session found for user: test@example.com
🔵 [AUTH-BACKEND] Session check result: User found: test@example.com
🟢 [AUTH-BACKEND] Auth check completed successfully
 GET /api/auth/me 200 in 71ms
🔵 [AUTH-LIB] Getting session
🔵 [AUTH-LIB] Token from cookies: Token found (eyJhbGciOiJIUzI1NiIs...)
🔵 [AUTH-LIB] Looking up session in database
🔵 [AUTH-LIB] Getting session
🔵 [AUTH-LIB] Token from cookies: Token found (eyJhbGciOiJIUzI1NiIs...)
🔵 [AUTH-LIB] Looking up session in database
🔵 [AUTH-LIB] Session found, checking expiration
🟢 [AUTH-LIB] Valid session found for user: test@example.com
🔵 [AUTH-LIB] Session found, checking expiration
🟢 [AUTH-LIB] Valid session found for user: test@example.com
 GET /api/venues 200 in 69ms
 GET /api/venues 200 in 73ms
 GET /dashboard/venues/cmbywqos30006m3fxrkk38a8z 200 in 47ms
🔵 [AUTH-BACKEND] Auth check request received
🔵 [AUTH-BACKEND] Request headers: {
  accept: '*/*',
  'accept-encoding': 'gzip, deflate, br, zstd',
  'accept-language': 'en-US,en;q=0.9',
  connection: 'keep-alive',
  'content-type': 'application/json',
  cookie: 'next-auth.callback-url=http%3A%2F%2Flocalhost%3A3000%2Fdashboard; next-auth.csrf-token=35444b04df4a9254400521b3a0a4d4269741131fd0d0ced23c8087cf287afc69%7C63151685019b9da549ce8eb3263a26e6027aba835f01e64916ca1173bb4c5dac; __stripe_mid=8eaac037-ff88-48a4-a002-3ce6bffc7970f2b296; auth-token=eyJhbGciOiJIUzI1NiIsInR5cCI6IkpXVCJ9.eyJ1c2VySWQiOiJjbWJ5dnl6MzcwMDAwbTNna3NsZDhrdGxpIiwiaWF0IjoxNzUwMDY1OTYwLCJleHAiOjE3NTA2NzA3NjB9.wMFJKGog3pVQ1nFfNGTjSlK635DdIRmGgx8UzY2emfM',
  host: 'localhost:3000',
  referer: 'http://localhost:3000/dashboard/venues/cmbywqos30006m3fxrkk38a8z',
  'sec-ch-ua': '"Google Chrome";v="135", "Not-A.Brand";v="8", "Chromium";v="135"',
  'sec-ch-ua-mobile': '?0',
  'sec-ch-ua-platform': '"Linux"',
  'sec-fetch-dest': 'empty',
  'sec-fetch-mode': 'cors',
  'sec-fetch-site': 'same-origin',
  'user-agent': 'Mozilla/5.0 (X11; Linux x86_64) AppleWebKit/537.36 (KHTML, like Gecko) Chrome/135.0.0.0 Safari/537.36',
  'x-forwarded-for': '::ffff:127.0.0.1',
  'x-forwarded-host': 'localhost:3000',
  'x-forwarded-port': '3000',
  'x-forwarded-proto': 'http'
}
🔵 [AUTH-LIB] Getting session
🔵 [AUTH-LIB] Token from cookies: Token found (eyJhbGciOiJIUzI1NiIs...)
🔵 [AUTH-LIB] Looking up session in database
🔵 [AUTH-LIB] Session found, checking expiration
🟢 [AUTH-LIB] Valid session found for user: test@example.com
🔵 [AUTH-BACKEND] Session check result: User found: test@example.com
🟢 [AUTH-BACKEND] Auth check completed successfully
 GET /api/auth/me 200 in 37ms
🔵 [AUTH-BACKEND] Auth check request received
🔵 [AUTH-BACKEND] Request headers: {
  accept: '*/*',
  'accept-encoding': 'gzip, deflate, br, zstd',
  'accept-language': 'en-US,en;q=0.9',
  connection: 'keep-alive',
  'content-type': 'application/json',
  cookie: 'next-auth.callback-url=http%3A%2F%2Flocalhost%3A3000%2Fdashboard; next-auth.csrf-token=35444b04df4a9254400521b3a0a4d4269741131fd0d0ced23c8087cf287afc69%7C63151685019b9da549ce8eb3263a26e6027aba835f01e64916ca1173bb4c5dac; __stripe_mid=8eaac037-ff88-48a4-a002-3ce6bffc7970f2b296; auth-token=eyJhbGciOiJIUzI1NiIsInR5cCI6IkpXVCJ9.eyJ1c2VySWQiOiJjbWJ5dnl6MzcwMDAwbTNna3NsZDhrdGxpIiwiaWF0IjoxNzUwMDY1OTYwLCJleHAiOjE3NTA2NzA3NjB9.wMFJKGog3pVQ1nFfNGTjSlK635DdIRmGgx8UzY2emfM',
  host: 'localhost:3000',
  referer: 'http://localhost:3000/dashboard/venues/cmbywqos30006m3fxrkk38a8z',
  'sec-ch-ua': '"Google Chrome";v="135", "Not-A.Brand";v="8", "Chromium";v="135"',
  'sec-ch-ua-mobile': '?0',
  'sec-ch-ua-platform': '"Linux"',
  'sec-fetch-dest': 'empty',
  'sec-fetch-mode': 'cors',
  'sec-fetch-site': 'same-origin',
  'user-agent': 'Mozilla/5.0 (X11; Linux x86_64) AppleWebKit/537.36 (KHTML, like Gecko) Chrome/135.0.0.0 Safari/537.36',
  'x-forwarded-for': '::ffff:127.0.0.1',
  'x-forwarded-host': 'localhost:3000',
  'x-forwarded-port': '3000',
  'x-forwarded-proto': 'http'
}
🔵 [AUTH-LIB] Getting session
🔵 [AUTH-LIB] Token from cookies: Token found (eyJhbGciOiJIUzI1NiIs...)
🔵 [AUTH-LIB] Looking up session in database
🔵 [AUTH-LIB] Session found, checking expiration
🟢 [AUTH-LIB] Valid session found for user: test@example.com
🔵 [AUTH-BACKEND] Session check result: User found: test@example.com
🟢 [AUTH-BACKEND] Auth check completed successfully
 GET /api/auth/me 200 in 51ms
🔵 [AUTH-LIB] Getting session
🔵 [AUTH-LIB] Token from cookies: Token found (eyJhbGciOiJIUzI1NiIs...)
🔵 [AUTH-LIB] Looking up session in database
🔵 [AUTH-LIB] Session found, checking expiration
🟢 [AUTH-LIB] Valid session found for user: test@example.com
 GET /api/venues/cmbywqos30006m3fxrkk38a8z 200 in 40ms
🔵 [AUTH-LIB] Getting session
🔵 [AUTH-LIB] Token from cookies: Token found (eyJhbGciOiJIUzI1NiIs...)
🔵 [AUTH-LIB] Looking up session in database
🔵 [AUTH-LIB] Session found, checking expiration
🟢 [AUTH-LIB] Valid session found for user: test@example.com
 GET /api/venues/cmbywqos30006m3fxrkk38a8z 200 in 31ms
 GET /dashboard/venues/nonexistent-id 200 in 47ms
🔵 [AUTH-BACKEND] Auth check request received
🔵 [AUTH-BACKEND] Request headers: {
  accept: '*/*',
  'accept-encoding': 'gzip, deflate, br, zstd',
  'accept-language': 'en-US,en;q=0.9',
  connection: 'keep-alive',
  'content-type': 'application/json',
  cookie: 'next-auth.callback-url=http%3A%2F%2Flocalhost%3A3000%2Fdashboard; next-auth.csrf-token=35444b04df4a9254400521b3a0a4d4269741131fd0d0ced23c8087cf287afc69%7C63151685019b9da549ce8eb3263a26e6027aba835f01e64916ca1173bb4c5dac; __stripe_mid=8eaac037-ff88-48a4-a002-3ce6bffc7970f2b296; auth-token=eyJhbGciOiJIUzI1NiIsInR5cCI6IkpXVCJ9.eyJ1c2VySWQiOiJjbWJ5dnl6MzcwMDAwbTNna3NsZDhrdGxpIiwiaWF0IjoxNzUwMDY1OTYwLCJleHAiOjE3NTA2NzA3NjB9.wMFJKGog3pVQ1nFfNGTjSlK635DdIRmGgx8UzY2emfM',
  host: 'localhost:3000',
  referer: 'http://localhost:3000/dashboard/venues/nonexistent-id',
  'sec-ch-ua': '"Google Chrome";v="135", "Not-A.Brand";v="8", "Chromium";v="135"',
  'sec-ch-ua-mobile': '?0',
  'sec-ch-ua-platform': '"Linux"',
  'sec-fetch-dest': 'empty',
  'sec-fetch-mode': 'cors',
  'sec-fetch-site': 'same-origin',
  'user-agent': 'Mozilla/5.0 (X11; Linux x86_64) AppleWebKit/537.36 (KHTML, like Gecko) Chrome/135.0.0.0 Safari/537.36',
  'x-forwarded-for': '::ffff:127.0.0.1',
  'x-forwarded-host': 'localhost:3000',
  'x-forwarded-port': '3000',
  'x-forwarded-proto': 'http'
}
🔵 [AUTH-LIB] Getting session
🔵 [AUTH-LIB] Token from cookies: Token found (eyJhbGciOiJIUzI1NiIs...)
🔵 [AUTH-LIB] Looking up session in database
🔵 [AUTH-LIB] Session found, checking expiration
🟢 [AUTH-LIB] Valid session found for user: test@example.com
🔵 [AUTH-BACKEND] Session check result: User found: test@example.com
🟢 [AUTH-BACKEND] Auth check completed successfully
 GET /api/auth/me 200 in 46ms
🔵 [AUTH-BACKEND] Auth check request received
🔵 [AUTH-BACKEND] Request headers: {
  accept: '*/*',
  'accept-encoding': 'gzip, deflate, br, zstd',
  'accept-language': 'en-US,en;q=0.9',
  connection: 'keep-alive',
  'content-type': 'application/json',
  cookie: 'next-auth.callback-url=http%3A%2F%2Flocalhost%3A3000%2Fdashboard; next-auth.csrf-token=35444b04df4a9254400521b3a0a4d4269741131fd0d0ced23c8087cf287afc69%7C63151685019b9da549ce8eb3263a26e6027aba835f01e64916ca1173bb4c5dac; __stripe_mid=8eaac037-ff88-48a4-a002-3ce6bffc7970f2b296; auth-token=eyJhbGciOiJIUzI1NiIsInR5cCI6IkpXVCJ9.eyJ1c2VySWQiOiJjbWJ5dnl6MzcwMDAwbTNna3NsZDhrdGxpIiwiaWF0IjoxNzUwMDY1OTYwLCJleHAiOjE3NTA2NzA3NjB9.wMFJKGog3pVQ1nFfNGTjSlK635DdIRmGgx8UzY2emfM',
  host: 'localhost:3000',
  referer: 'http://localhost:3000/dashboard/venues/nonexistent-id',
  'sec-ch-ua': '"Google Chrome";v="135", "Not-A.Brand";v="8", "Chromium";v="135"',
  'sec-ch-ua-mobile': '?0',
  'sec-ch-ua-platform': '"Linux"',
  'sec-fetch-dest': 'empty',
  'sec-fetch-mode': 'cors',
  'sec-fetch-site': 'same-origin',
  'user-agent': 'Mozilla/5.0 (X11; Linux x86_64) AppleWebKit/537.36 (KHTML, like Gecko) Chrome/135.0.0.0 Safari/537.36',
  'x-forwarded-for': '::ffff:127.0.0.1',
  'x-forwarded-host': 'localhost:3000',
  'x-forwarded-port': '3000',
  'x-forwarded-proto': 'http'
}
🔵 [AUTH-LIB] Getting session
🔵 [AUTH-LIB] Token from cookies: Token found (eyJhbGciOiJIUzI1NiIs...)
🔵 [AUTH-LIB] Looking up session in database
🔵 [AUTH-LIB] Session found, checking expiration
🟢 [AUTH-LIB] Valid session found for user: test@example.com
🔵 [AUTH-BACKEND] Session check result: User found: test@example.com
🟢 [AUTH-BACKEND] Auth check completed successfully
 GET /api/auth/me 200 in 50ms
🔵 [AUTH-LIB] Getting session
🔵 [AUTH-LIB] Token from cookies: Token found (eyJhbGciOiJIUzI1NiIs...)
🔵 [AUTH-LIB] Looking up session in database
🔵 [AUTH-LIB] Session found, checking expiration
🟢 [AUTH-LIB] Valid session found for user: test@example.com
 GET /api/venues/nonexistent-id 404 in 41ms
🔵 [AUTH-LIB] Getting session
🔵 [AUTH-LIB] Token from cookies: Token found (eyJhbGciOiJIUzI1NiIs...)
🔵 [AUTH-LIB] Looking up session in database
🔵 [AUTH-LIB] Session found, checking expiration
🟢 [AUTH-LIB] Valid session found for user: test@example.com
 GET /api/venues/nonexistent-id 404 in 52ms
🔵 [AUTH-LIB] Getting session
🔵 [AUTH-LIB] Token from cookies: Token found (eyJhbGciOiJIUzI1NiIs...)
🔵 [AUTH-LIB] Looking up session in database
🔵 [AUTH-LIB] Getting session
🔵 [AUTH-LIB] Token from cookies: Token found (eyJhbGciOiJIUzI1NiIs...)
🔵 [AUTH-LIB] Looking up session in database
🔵 [AUTH-LIB] Session found, checking expiration
🟢 [AUTH-LIB] Valid session found for user: test@example.com
🔵 [AUTH-LIB] Session found, checking expiration
🟢 [AUTH-LIB] Valid session found for user: test@example.com
 GET /api/venues 200 in 43ms
 GET /api/venues 200 in 44ms
🔵 [AUTH-LIB] Getting session
🔵 [AUTH-LIB] Token from cookies: Token found (eyJhbGciOiJIUzI1NiIs...)
🔵 [AUTH-LIB] Looking up session in database
🔵 [AUTH-LIB] Session found, checking expiration
🟢 [AUTH-LIB] Valid session found for user: test@example.com
 GET /api/venues 200 in 28ms
🔵 [AUTH-LIB] Getting session
🔵 [AUTH-LIB] Token from cookies: Token found (eyJhbGciOiJIUzI1NiIs...)
🔵 [AUTH-LIB] Looking up session in database
🔵 [AUTH-LIB] Session found, checking expiration
🟢 [AUTH-LIB] Valid session found for user: test@example.com
 POST /api/venues 200 in 30ms
🔵 [AUTH-LIB] Getting session
🔵 [AUTH-LIB] Token from cookies: Token found (eyJhbGciOiJIUzI1NiIs...)
🔵 [AUTH-LIB] Looking up session in database
🔵 [AUTH-LIB] Session found, checking expiration
🟢 [AUTH-LIB] Valid session found for user: test@example.com
 GET /api/venues/cmbywpqvj0003m3fxqfvardso 200 in 40ms
🔵 [AUTH-LIB] Getting session
🔵 [AUTH-LIB] Token from cookies: Token found (eyJhbGciOiJIUzI1NiIs...)
🔵 [AUTH-LIB] Looking up session in database
🔵 [AUTH-LIB] Session found, checking expiration
🟢 [AUTH-LIB] Valid session found for user: test@example.com
 GET /api/venues/nonexistent-id 404 in 27ms
🔵 [AUTH-LIB] Getting session
🔵 [AUTH-LIB] Token from cookies: Token found (eyJhbGciOiJIUzI1NiIs...)
🔵 [AUTH-LIB] Looking up session in database
🔵 [AUTH-LIB] Session found, checking expiration
🟢 [AUTH-LIB] Valid session found for user: test@example.com
 PUT /api/venues/cmbywpqvj0003m3fxqfvardso 200 in 32ms
 GET /dashboard/venues 200 in 36ms
 GET /dashboard/venues/new 200 in 34ms
 GET /dashboard/venues/cmbywpqvj0003m3fxqfvardso 200 in 43ms
 GET /dashboard 200 in 38ms
[?25h
