âž¤ YN0000: Â· Yarn 4.9.2
âž¤ YN0000: â”Œ Resolution step
âž¤ YN0085: â”‚ + @prisma/client@npm:6.9.0, @stripe/stripe-js@npm:7.3.1, @types/react-dropzone@npm:5.1.0, prisma@npm:6.9.0, react-dropzone@npm:14.3.8, sonner@npm:2.0.5, and 11 more.
âž¤ YN0085: â”‚ - @esbuild/aix-ppc64@npm:0.25.5, @esbuild/android-arm64@npm:0.25.5, @esbuild/android-arm@npm:0.25.5, @esbuild/android-x64@npm:0.25.5, and 34 more.
âž¤ YN0000: â”” Completed in 0s 581ms
âž¤ YN0000: â”Œ Post-resolution validation
âž¤ YN0060: â”‚ @typescript-eslint/parser is listed by your project with version 7.0.0 (p6cb6c), which doesn't satisfy what @typescript-eslint/eslint-plugin requests (^6.0.0-alpha).
âž¤ YN0060: â”‚ eslint is listed by your project with version 9.24.0 (pe6e00), which doesn't satisfy what @typescript-eslint/eslint-plugin and other dependencies request (^8.57.0).
âž¤ YN0002: â”‚ app@workspace:. doesn't provide prettier (pd88b5), requested by eslint-plugin-prettier.
âž¤ YN0086: â”‚ Some peer dependencies are incorrectly met by your project; run yarn explain peer-requirements <hash> for details, where <hash> is the six-letter p-prefixed code.
âž¤ YN0086: â”‚ Some peer dependencies are incorrectly met by dependencies; run yarn explain peer-requirements for details.
âž¤ YN0000: â”” Completed
âž¤ YN0000: â”Œ Fetch step
âž¤ YN0013: â”‚ A package was added to the project (+ 2.28 MiB).
âž¤ YN0000: â”” Completed in 3s 507ms
âž¤ YN0000: â”Œ Link step
âž¤ YN0000: â”” Completed in 4s 944ms
âž¤ YN0000: Â· Done with warnings in 9s 212ms
Environment variables loaded from .env
Prisma schema loaded from prisma/schema.prisma

âœ” Generated Prisma Client (v6.9.0) to ./node_modules/.prisma/client in 647ms

Start by importing your Prisma Client (See: https://pris.ly/d/importing-client)

Tip: Interested in query caching in just a few lines of code? Try Accelerate today! https://pris.ly/tip-3-accelerate

  â–² Next.js 14.2.28
  - Local:        http://localhost:3000
  - Environments: .env
  - Experiments (use with caution):
    Â· outputFileTracingRoot

 âœ“ Starting...
 âœ“ Ready in 5.7s
 â—‹ Compiling / ...
 âœ“ Compiled / in 6.6s (1184 modules)
 GET / 200 in 6881ms
 GET / 200 in 7199ms
 âœ“ Compiled in 646ms (597 modules)
 GET / 200 in 54ms
 GET / 200 in 54ms
 GET / 200 in 118ms
 âœ“ Compiled /api/auth/me in 298ms (619 modules)
 âœ“ Compiled (708 modules)
ðŸ”µ [AUTH-BACKEND] Auth check request received
ðŸ”µ [AUTH-BACKEND] Request headers: {
  accept: '*/*',
  'accept-encoding': 'gzip, br',
  'accept-language': 'en-US,en;q=0.9,en-GB;q=0.8',
  'cdn-loop': 'cloudflare; loops=1',
  'cf-connecting-ip': '78.145.125.210',
  'cf-ipcountry': 'GB',
  'cf-ray': '951923817a05b3ed-MAN',
  'cf-visitor': '{"scheme":"https"}',
  'content-type': 'application/json',
  host: 'chatllm-computer-601b330f-vnc.default.svc.cluster.local:3000',
  priority: 'u=1, i',
  referer: 'https://601b330f.preview.abacusai.app/',
  'sec-ch-ua': '"Microsoft Edge";v="137", "Chromium";v="137", "Not/A)Brand";v="24"',
  'sec-ch-ua-mobile': '?0',
  'sec-ch-ua-platform': '"Windows"',
  'sec-fetch-dest': 'empty',
  'sec-fetch-mode': 'cors',
  'sec-fetch-site': 'same-origin',
  'sec-fetch-storage-access': 'active',
  'user-agent': 'Mozilla/5.0 (Windows NT 10.0; Win64; x64) AppleWebKit/537.36 (KHTML, like Gecko) Chrome/137.0.0.0 Safari/537.36 Edg/137.0.0.0',
  'x-abacus-service': 'chatllm-computer-601b330f-vnc.default.svc.cluster.local:3000',
  'x-envoy-expected-rq-timeout-ms': '3620000',
  'x-forwarded-for': '78.145.125.210',
  'x-forwarded-host': '601b330f.preview.abacusai.app',
  'x-forwarded-port': '3000',
  'x-forwarded-proto': 'https',
  'x-request-id': 'd64fb938-0c0f-484e-a248-953b7b428b50'
}
ðŸ”µ [AUTH-LIB] Getting session
ðŸ”µ [AUTH-LIB] Token from cookies: No token found
ðŸ”µ [AUTH-LIB] No auth token found in cookies
ðŸ”µ [AUTH-BACKEND] Auth check request received
ðŸ”µ [AUTH-BACKEND] Request headers: {
  accept: '*/*',
  'accept-encoding': 'gzip, br',
  'accept-language': 'en-US,en;q=0.9,en-GB;q=0.8',
  'cdn-loop': 'cloudflare; loops=1',
  'cf-connecting-ip': '78.145.125.210',
  'cf-ipcountry': 'GB',
  'cf-ray': '951923816a00b3ed-MAN',
  'cf-visitor': '{"scheme":"https"}',
  'content-type': 'application/json',
  host: 'chatllm-computer-601b330f-vnc.default.svc.cluster.local:3000',
  priority: 'u=1, i',
  referer: 'https://601b330f.preview.abacusai.app/',
  'sec-ch-ua': '"Microsoft Edge";v="137", "Chromium";v="137", "Not/A)Brand";v="24"',
  'sec-ch-ua-mobile': '?0',
  'sec-ch-ua-platform': '"Windows"',
  'sec-fetch-dest': 'empty',
  'sec-fetch-mode': 'cors',
  'sec-fetch-site': 'same-origin',
  'sec-fetch-storage-access': 'active',
  'user-agent': 'Mozilla/5.0 (Windows NT 10.0; Win64; x64) AppleWebKit/537.36 (KHTML, like Gecko) Chrome/137.0.0.0 Safari/537.36 Edg/137.0.0.0',
  'x-abacus-service': 'chatllm-computer-601b330f-vnc.default.svc.cluster.local:3000',
  'x-envoy-expected-rq-timeout-ms': '3620000',
  'x-forwarded-for': '78.145.125.210',
  'x-forwarded-host': '601b330f.preview.abacusai.app',
  'x-forwarded-port': '3000',
  'x-forwarded-proto': 'https',
  'x-request-id': 'e7c51468-c45c-41b4-931e-5aa73ac73078'
}
ðŸ”µ [AUTH-LIB] Getting session
ðŸ”µ [AUTH-LIB] Token from cookies: No token found
ðŸ”µ [AUTH-LIB] No auth token found in cookies
ðŸ”µ [AUTH-BACKEND] Session check result: No user session
ðŸŸ¢ [AUTH-BACKEND] Auth check completed successfully
ðŸ”µ [AUTH-BACKEND] Session check result: No user session
ðŸŸ¢ [AUTH-BACKEND] Auth check completed successfully
 GET /api/auth/me 200 in 814ms
 GET /api/auth/me 200 in 820ms
 GET /api/venues/featured 200 in 1138ms
 GET /api/venues/featured 200 in 40ms
 â—‹ Compiling /auth/login ...
 âœ“ Compiled /auth/login in 683ms (1190 modules)
 GET / 200 in 124ms
 âœ“ Compiled /api/venues/featured in 280ms (716 modules)
 âœ“ Compiled (718 modules)
ðŸ”µ [AUTH-BACKEND] Auth check request received
ðŸ”µ [AUTH-BACKEND] Request headers: {
  accept: '*/*',
  'accept-encoding': 'gzip, br',
  'accept-language': 'en-US,en;q=0.9,en-GB;q=0.8',
  'cdn-loop': 'cloudflare; loops=1',
  'cf-connecting-ip': '78.145.125.210',
  'cf-ipcountry': 'GB',
  'cf-ray': '95192b48dd1f8bf5-MAN',
  'cf-visitor': '{"scheme":"https"}',
  'content-type': 'application/json',
  host: 'chatllm-computer-601b330f-vnc.default.svc.cluster.local:3000',
  priority: 'u=1, i',
  referer: 'https://601b330f-3000.preview.abacusai.app/',
  'sec-ch-ua': '"Microsoft Edge";v="137", "Chromium";v="137", "Not/A)Brand";v="24"',
  'sec-ch-ua-mobile': '?0',
  'sec-ch-ua-platform': '"Windows"',
  'sec-fetch-dest': 'empty',
  'sec-fetch-mode': 'cors',
  'sec-fetch-site': 'same-origin',
  'user-agent': 'Mozilla/5.0 (Windows NT 10.0; Win64; x64) AppleWebKit/537.36 (KHTML, like Gecko) Chrome/137.0.0.0 Safari/537.36 Edg/137.0.0.0',
  'x-abacus-service': 'chatllm-computer-601b330f-vnc.default.svc.cluster.local:3000',
  'x-envoy-expected-rq-timeout-ms': '3620000',
  'x-forwarded-for': '78.145.125.210',
  'x-forwarded-host': '601b330f-3000.preview.abacusai.app',
  'x-forwarded-port': '3000',
  'x-forwarded-proto': 'https',
  'x-request-id': 'a7f0b751-1506-4f0a-b399-2ece601ef816'
}
ðŸ”µ [AUTH-LIB] Getting session
ðŸ”µ [AUTH-LIB] Token from cookies: No token found
ðŸ”µ [AUTH-LIB] No auth token found in cookies
ðŸ”µ [AUTH-BACKEND] Auth check request received
ðŸ”µ [AUTH-BACKEND] Request headers: {
  accept: '*/*',
  'accept-encoding': 'gzip, br',
  'accept-language': 'en-US,en;q=0.9,en-GB;q=0.8',
  'cdn-loop': 'cloudflare; loops=1',
  'cf-connecting-ip': '78.145.125.210',
  'cf-ipcountry': 'GB',
  'cf-ray': '95192b48ed248bf5-MAN',
  'cf-visitor': '{"scheme":"https"}',
  'content-type': 'application/json',
  host: 'chatllm-computer-601b330f-vnc.default.svc.cluster.local:3000',
  priority: 'u=1, i',
  referer: 'https://601b330f-3000.preview.abacusai.app/',
  'sec-ch-ua': '"Microsoft Edge";v="137", "Chromium";v="137", "Not/A)Brand";v="24"',
  'sec-ch-ua-mobile': '?0',
  'sec-ch-ua-platform': '"Windows"',
  'sec-fetch-dest': 'empty',
  'sec-fetch-mode': 'cors',
  'sec-fetch-site': 'same-origin',
  'user-agent': 'Mozilla/5.0 (Windows NT 10.0; Win64; x64) AppleWebKit/537.36 (KHTML, like Gecko) Chrome/137.0.0.0 Safari/537.36 Edg/137.0.0.0',
  'x-abacus-service': 'chatllm-computer-601b330f-vnc.default.svc.cluster.local:3000',
  'x-envoy-expected-rq-timeout-ms': '3620000',
  'x-forwarded-for': '78.145.125.210',
  'x-forwarded-host': '601b330f-3000.preview.abacusai.app',
  'x-forwarded-port': '3000',
  'x-forwarded-proto': 'https',
  'x-request-id': '6a691da6-1293-4de1-b7c5-41f19e699905'
}
ðŸ”µ [AUTH-LIB] Getting session
ðŸ”µ [AUTH-LIB] Token from cookies: No token found
ðŸ”µ [AUTH-LIB] No auth token found in cookies
ðŸ”µ [AUTH-BACKEND] Session check result: No user session
ðŸŸ¢ [AUTH-BACKEND] Auth check completed successfully
ðŸ”µ [AUTH-BACKEND] Session check result: No user session
ðŸŸ¢ [AUTH-BACKEND] Auth check completed successfully
 GET /api/auth/me 200 in 545ms
 GET /api/auth/me 200 in 547ms
 GET /api/venues/featured 200 in 542ms
 GET /api/venues/featured 200 in 37ms
 GET / 200 in 100ms
 GET / 200 in 50ms
ðŸ”µ [AUTH-BACKEND] Auth check request received
ðŸ”µ [AUTH-BACKEND] Request headers: {
  accept: '*/*',
  'accept-encoding': 'gzip, br',
  'accept-language': 'en-US,en;q=0.9,en-GB;q=0.8',
  'cdn-loop': 'cloudflare; loops=1',
  'cf-connecting-ip': '78.145.125.210',
  'cf-ipcountry': 'GB',
  'cf-ray': '95192b77ea16eb1c-MAN',
  'cf-visitor': '{"scheme":"https"}',
  'content-type': 'application/json',
  host: 'chatllm-computer-601b330f-vnc.default.svc.cluster.local:3000',
  priority: 'u=1, i',
  referer: 'https://601b330f-3000.preview.abacusai.app/',
  'sec-ch-ua': '"Microsoft Edge";v="137", "Chromium";v="137", "Not/A)Brand";v="24"',
  'sec-ch-ua-mobile': '?0',
  'sec-ch-ua-platform': '"Windows"',
  'sec-fetch-dest': 'empty',
  'sec-fetch-mode': 'cors',
  'sec-fetch-site': 'same-origin',
  'sec-fetch-storage-access': 'active',
  'user-agent': 'Mozilla/5.0 (Windows NT 10.0; Win64; x64) AppleWebKit/537.36 (KHTML, like Gecko) Chrome/137.0.0.0 Safari/537.36 Edg/137.0.0.0',
  'x-abacus-service': 'chatllm-computer-601b330f-vnc.default.svc.cluster.local:3000',
  'x-envoy-expected-rq-timeout-ms': '3620000',
  'x-forwarded-for': '78.145.125.210',
  'x-forwarded-host': '601b330f-3000.preview.abacusai.app',
  'x-forwarded-port': '3000',
  'x-forwarded-proto': 'https',
  'x-request-id': '592f9310-d911-47c8-b7c4-335ed3a1cfe5'
}
ðŸ”µ [AUTH-LIB] Getting session
ðŸ”µ [AUTH-LIB] Token from cookies: No token found
ðŸ”µ [AUTH-LIB] No auth token found in cookies
ðŸ”µ [AUTH-BACKEND] Auth check request received
ðŸ”µ [AUTH-BACKEND] Request headers: {
  accept: '*/*',
  'accept-encoding': 'gzip, br',
  'accept-language': 'en-US,en;q=0.9,en-GB;q=0.8',
  'cdn-loop': 'cloudflare; loops=1',
  'cf-connecting-ip': '78.145.125.210',
  'cf-ipcountry': 'GB',
  'cf-ray': '95192b77fa1eeb1c-MAN',
  'cf-visitor': '{"scheme":"https"}',
  'content-type': 'application/json',
  host: 'chatllm-computer-601b330f-vnc.default.svc.cluster.local:3000',
  priority: 'u=1, i',
  referer: 'https://601b330f-3000.preview.abacusai.app/',
  'sec-ch-ua': '"Microsoft Edge";v="137", "Chromium";v="137", "Not/A)Brand";v="24"',
  'sec-ch-ua-mobile': '?0',
  'sec-ch-ua-platform': '"Windows"',
  'sec-fetch-dest': 'empty',
  'sec-fetch-mode': 'cors',
  'sec-fetch-site': 'same-origin',
  'sec-fetch-storage-access': 'active',
  'user-agent': 'Mozilla/5.0 (Windows NT 10.0; Win64; x64) AppleWebKit/537.36 (KHTML, like Gecko) Chrome/137.0.0.0 Safari/537.36 Edg/137.0.0.0',
  'x-abacus-service': 'chatllm-computer-601b330f-vnc.default.svc.cluster.local:3000',
  'x-envoy-expected-rq-timeout-ms': '3620000',
  'x-forwarded-for': '78.145.125.210',
  'x-forwarded-host': '601b330f-3000.preview.abacusai.app',
  'x-forwarded-port': '3000',
  'x-forwarded-proto': 'https',
  'x-request-id': 'ab220c75-e5f1-4d3e-8506-fbacee48f249'
}
ðŸ”µ [AUTH-LIB] Getting session
ðŸ”µ [AUTH-LIB] Token from cookies: No token found
ðŸ”µ [AUTH-LIB] No auth token found in cookies
ðŸ”µ [AUTH-BACKEND] Session check result: No user session
ðŸŸ¢ [AUTH-BACKEND] Auth check completed successfully
ðŸ”µ [AUTH-BACKEND] Session check result: No user session
ðŸŸ¢ [AUTH-BACKEND] Auth check completed successfully
 GET /api/auth/me 200 in 63ms
 GET /api/auth/me 200 in 54ms
 GET /api/venues/featured 200 in 66ms
 GET /api/venues/featured 200 in 34ms
 GET / 200 in 45ms
ðŸ”µ [AUTH-BACKEND] Auth check request received
ðŸ”µ [AUTH-BACKEND] Request headers: {
  accept: '*/*',
  'accept-encoding': 'gzip, br',
  'accept-language': 'en-US,en;q=0.9,en-GB;q=0.8',
  'cdn-loop': 'cloudflare; loops=1',
  'cf-connecting-ip': '78.145.125.210',
  'cf-ipcountry': 'GB',
  'cf-ray': '95192b80c851eb1c-MAN',
  'cf-visitor': '{"scheme":"https"}',
  'content-type': 'application/json',
  host: 'chatllm-computer-601b330f-vnc.default.svc.cluster.local:3000',
  priority: 'u=1, i',
  referer: 'https://601b330f-3000.preview.abacusai.app/',
  'sec-ch-ua': '"Microsoft Edge";v="137", "Chromium";v="137", "Not/A)Brand";v="24"',
  'sec-ch-ua-mobile': '?0',
  'sec-ch-ua-platform': '"Windows"',
  'sec-fetch-dest': 'empty',
  'sec-fetch-mode': 'cors',
  'sec-fetch-site': 'same-origin',
  'sec-fetch-storage-access': 'active',
  'user-agent': 'Mozilla/5.0 (Windows NT 10.0; Win64; x64) AppleWebKit/537.36 (KHTML, like Gecko) Chrome/137.0.0.0 Safari/537.36 Edg/137.0.0.0',
  'x-abacus-service': 'chatllm-computer-601b330f-vnc.default.svc.cluster.local:3000',
  'x-envoy-expected-rq-timeout-ms': '3620000',
  'x-forwarded-for': '78.145.125.210',
  'x-forwarded-host': '601b330f-3000.preview.abacusai.app',
  'x-forwarded-port': '3000',
  'x-forwarded-proto': 'https',
  'x-request-id': '5864d37a-c2b2-4f77-af1f-5285ee2cdc04'
}
ðŸ”µ [AUTH-LIB] Getting session
ðŸ”µ [AUTH-LIB] Token from cookies: No token found
ðŸ”µ [AUTH-LIB] No auth token found in cookies
ðŸ”µ [AUTH-BACKEND] Session check result: No user session
ðŸŸ¢ [AUTH-BACKEND] Auth check completed successfully
 GET /api/auth/me 200 in 48ms
ðŸ”µ [AUTH-BACKEND] Auth check request received
ðŸ”µ [AUTH-BACKEND] Request headers: {
  accept: '*/*',
  'accept-encoding': 'gzip, br',
  'accept-language': 'en-US,en;q=0.9,en-GB;q=0.8',
  'cdn-loop': 'cloudflare; loops=1',
  'cf-connecting-ip': '78.145.125.210',
  'cf-ipcountry': 'GB',
  'cf-ray': '95192b80c856eb1c-MAN',
  'cf-visitor': '{"scheme":"https"}',
  'content-type': 'application/json',
  host: 'chatllm-computer-601b330f-vnc.default.svc.cluster.local:3000',
  priority: 'u=1, i',
  referer: 'https://601b330f-3000.preview.abacusai.app/',
  'sec-ch-ua': '"Microsoft Edge";v="137", "Chromium";v="137", "Not/A)Brand";v="24"',
  'sec-ch-ua-mobile': '?0',
  'sec-ch-ua-platform': '"Windows"',
  'sec-fetch-dest': 'empty',
  'sec-fetch-mode': 'cors',
  'sec-fetch-site': 'same-origin',
  'sec-fetch-storage-access': 'active',
  'user-agent': 'Mozilla/5.0 (Windows NT 10.0; Win64; x64) AppleWebKit/537.36 (KHTML, like Gecko) Chrome/137.0.0.0 Safari/537.36 Edg/137.0.0.0',
  'x-abacus-service': 'chatllm-computer-601b330f-vnc.default.svc.cluster.local:3000',
  'x-envoy-expected-rq-timeout-ms': '3620000',
  'x-forwarded-for': '78.145.125.210',
  'x-forwarded-host': '601b330f-3000.preview.abacusai.app',
  'x-forwarded-port': '3000',
  'x-forwarded-proto': 'https',
  'x-request-id': '07fd9b3d-6e37-40f4-897d-b41e202ebb91'
}
ðŸ”µ [AUTH-LIB] Getting session
ðŸ”µ [AUTH-LIB] Token from cookies: No token found
ðŸ”µ [AUTH-LIB] No auth token found in cookies
ðŸ”µ [AUTH-BACKEND] Session check result: No user session
ðŸŸ¢ [AUTH-BACKEND] Auth check completed successfully
 GET /api/auth/me 200 in 74ms
 GET /api/venues/featured 200 in 75ms
 GET /api/venues/featured 200 in 35ms
 â—‹ Compiling /_not-found ...
 âœ“ Compiled /_not-found in 916ms (1314 modules)
 GET /_next/static/chunks/handle-smooth-scroll.js.map 404 in 1001ms
 GET /_next/static/chunks/app/bundle-mjs.mjs.map 404 in 984ms
 GET /_next/static/chunks/static-generation-async-storage-instance.js.map 404 in 983ms
 GET /_next/static/chunks/app/auth/login/bundle-mjs.mjs.map 404 in 985ms
 GET /_next/static/chunks/app/bundle-mjs.mjs.map 404 in 19ms
 âœ“ Compiled /api/auth/login in 304ms (723 modules)
ðŸ”µ [LOGIN-API] Login attempt started
ðŸ”µ [LOGIN-API] Request body parsed successfully
ðŸ”µ [LOGIN-API] Input validation successful for email: gcmedia2020@outlook.com
ðŸ”µ [LOGIN-API] Database query completed, user found: true
ðŸ”µ [LOGIN-API] Password verification completed: true
ðŸ”µ [LOGIN-API] Session created successfully
ðŸŸ¢ [LOGIN-API] Login successful for user: gcmedia2020@outlook.com
ðŸ”µ [LOGIN-API] Auth cookie set successfully
 POST /api/auth/login 200 in 742ms
 â—‹ Compiling /dashboard ...
 âœ“ Compiled /dashboard in 687ms (1366 modules)
 GET /_next/static/chunks/app/dashboard/bundle-mjs.mjs.map 404 in 64ms
 â—‹ Compiling /api/notifications ...
 âœ“ Compiled /api/notifications in 909ms (1574 modules)
 GET /_next/static/chunks/app/dashboard/bundle-mjs.mjs.map 404 in 963ms
ðŸ”µ [AUTH-LIB] Getting session
ðŸ”µ [AUTH-LIB] Token from cookies: Token found (eyJhbGciOiJIUzI1NiIs...)
ðŸ”µ [AUTH-LIB] Looking up session in database
ðŸ”µ [AUTH-LIB] Getting session
ðŸ”µ [AUTH-LIB] Token from cookies: Token found (eyJhbGciOiJIUzI1NiIs...)
ðŸ”µ [AUTH-LIB] Looking up session in database
ðŸ”µ [AUTH-LIB] Getting session
ðŸ”µ [AUTH-LIB] Token from cookies: Token found (eyJhbGciOiJIUzI1NiIs...)
ðŸ”µ [AUTH-LIB] Looking up session in database
ðŸ”µ [AUTH-LIB] Session found, checking expiration
ðŸŸ¢ [AUTH-LIB] Valid session found for user: gcmedia2020@outlook.com
ðŸ”µ [AUTH-LIB] Session found, checking expiration
ðŸŸ¢ [AUTH-LIB] Valid session found for user: gcmedia2020@outlook.com
ðŸ”µ [SUBSCRIPTION-API] Starting subscription request
ðŸ”µ [AUTH-LIB] Session found, checking expiration
ðŸŸ¢ [AUTH-LIB] Valid session found for user: gcmedia2020@outlook.com
 GET /api/venues 200 in 1093ms
 GET /api/venues 200 in 1090ms
ðŸ”µ [SUBSCRIPTION-API] Getting subscription for user: cmc0nljl00002rr01fuslb03k
 GET /api/notifications?limit=5 200 in 1092ms
ðŸ”µ [SUBSCRIPTION-API] Subscription data retrieved: { plan: 'FREE', venuesCount: 1, hasSubscription: false }
ðŸ”µ [SUBSCRIPTION-API] Subscription summary retrieved: {
  plan: 'FREE',
  venues: { used: 1, limit: 1 },
  features: {
    bookingsPerMonth: 50,
    galleryImages: 0,
    analytics: true,
    widgets: true,
    customBranding: false,
    prioritySupport: false
  }
}
ðŸŸ¢ [SUBSCRIPTION-API] Returning successful response
 GET /api/subscriptions 200 in 1103ms
ðŸ”µ [AUTH-LIB] Getting session
ðŸ”µ [AUTH-LIB] Token from cookies: Token found (eyJhbGciOiJIUzI1NiIs...)
ðŸ”µ [AUTH-LIB] Looking up session in database
ðŸ”µ [AUTH-LIB] Session found, checking expiration
ðŸŸ¢ [AUTH-LIB] Valid session found for user: gcmedia2020@outlook.com
 GET /api/notifications?limit=5 200 in 49ms
ðŸ”µ [SUBSCRIPTION-API] Starting subscription request
ðŸ”µ [SUBSCRIPTION-API] Getting subscription for user: cmc0nljl00002rr01fuslb03k
ðŸ”µ [SUBSCRIPTION-API] Subscription data retrieved: { plan: 'FREE', venuesCount: 1, hasSubscription: false }
ðŸ”µ [SUBSCRIPTION-API] Subscription summary retrieved: {
  plan: 'FREE',
  venues: { used: 1, limit: 1 },
  features: {
    bookingsPerMonth: 50,
    galleryImages: 0,
    analytics: true,
    widgets: true,
    customBranding: false,
    prioritySupport: false
  }
}
ðŸŸ¢ [SUBSCRIPTION-API] Returning successful response
 GET /api/subscriptions 200 in 48ms
 â—‹ Compiling /dashboard/subscription ...
 âœ“ Compiled /dashboard/subscription in 1052ms (1997 modules)
 GET /_next/static/chunks/app/dashboard/subscription/bundle-mjs.mjs.map 404 in 40ms
ðŸ”µ [SUBSCRIPTION-API] Starting subscription request
ðŸ”µ [SUBSCRIPTION-API] Getting subscription for user: cmc0nljl00002rr01fuslb03k
ðŸ”µ [SUBSCRIPTION-API] Subscription data retrieved: { plan: 'FREE', venuesCount: 1, hasSubscription: false }
ðŸ”µ [SUBSCRIPTION-API] Subscription summary retrieved: {
  plan: 'FREE',
  venues: { used: 1, limit: 1 },
  features: {
    bookingsPerMonth: 50,
    galleryImages: 0,
    analytics: true,
    widgets: true,
    customBranding: false,
    prioritySupport: false
  }
}
ðŸŸ¢ [SUBSCRIPTION-API] Returning successful response
 GET /api/subscriptions 200 in 65ms
ðŸ”µ [SUBSCRIPTION-API] Starting subscription request
ðŸ”µ [SUBSCRIPTION-API] Getting subscription for user: cmc0nljl00002rr01fuslb03k
ðŸ”µ [SUBSCRIPTION-API] Subscription data retrieved: { plan: 'FREE', venuesCount: 1, hasSubscription: false }
ðŸ”µ [SUBSCRIPTION-API] Subscription summary retrieved: {
  plan: 'FREE',
  venues: { used: 1, limit: 1 },
  features: {
    bookingsPerMonth: 50,
    galleryImages: 0,
    analytics: true,
    widgets: true,
    customBranding: false,
    prioritySupport: false
  }
}
ðŸŸ¢ [SUBSCRIPTION-API] Returning successful response
 GET /api/subscriptions 200 in 97ms
 âœ“ Compiled /api/subscriptions/upgrade in 344ms (1167 modules)
 POST /api/subscriptions/upgrade 200 in 437ms
 GET /dashboard/subscription?session_id=cs_demo_1750232865081&demo=true 200 in 84ms
 GET /_next/static/chunks/handle-smooth-scroll.js.map 404 in 23ms
 GET /_next/static/chunks/static-generation-async-storage-instance.js.map 404 in 18ms
 GET /_next/static/chunks/app/bundle-mjs.mjs.map 404 in 16ms
 GET /_next/static/chunks/app/dashboard/subscription/bundle-mjs.mjs.map 404 in 19ms
 GET /_next/static/chunks/app/dashboard/bundle-mjs.mjs.map 404 in 30ms
 âœ“ Compiled /api/auth/me in 227ms (1169 modules)
ðŸ”µ [AUTH-BACKEND] Auth check request received
ðŸ”µ [AUTH-BACKEND] Request headers: {
  accept: '*/*',
  'accept-encoding': 'gzip, br',
  'accept-language': 'en-US,en;q=0.9,en-GB;q=0.8',
  'cdn-loop': 'cloudflare; loops=1',
  'cf-connecting-ip': '78.145.125.210',
  'cf-ipcountry': 'GB',
  'cf-ray': '95192e37689ceb1d-MAN',
  'cf-visitor': '{"scheme":"https"}',
  'content-type': 'application/json',
  cookie: 'auth-token=eyJhbGciOiJIUzI1NiIsInR5cCI6IkpXVCJ9.eyJ1c2VySWQiOiJjbWMwbmxqbDAwMDAycnIwMWZ1c2xiMDNrIiwiaWF0IjoxNzUwMjMyODExLCJleHAiOjE3NTA4Mzc2MTF9.o3e-gRFT63jjbtzOTwUkE_ebzt0rI0y2Fm-HeQsh1HI',
  host: 'chatllm-computer-601b330f-vnc.default.svc.cluster.local:3000',
  priority: 'u=1, i',
  referer: 'https://601b330f-3000.preview.abacusai.app/dashboard/subscription?session_id=cs_demo_1750232865081&demo=true',
  'sec-ch-ua': '"Microsoft Edge";v="137", "Chromium";v="137", "Not/A)Brand";v="24"',
  'sec-ch-ua-mobile': '?0',
  'sec-ch-ua-platform': '"Windows"',
  'sec-fetch-dest': 'empty',
  'sec-fetch-mode': 'cors',
  'sec-fetch-site': 'same-origin',
  'user-agent': 'Mozilla/5.0 (Windows NT 10.0; Win64; x64) AppleWebKit/537.36 (KHTML, like Gecko) Chrome/137.0.0.0 Safari/537.36 Edg/137.0.0.0',
  'x-abacus-service': 'chatllm-computer-601b330f-vnc.default.svc.cluster.local:3000',
  'x-envoy-expected-rq-timeout-ms': '3620000',
  'x-forwarded-for': '78.145.125.210',
  'x-forwarded-host': '601b330f-3000.preview.abacusai.app',
  'x-forwarded-port': '3000',
  'x-forwarded-proto': 'https',
  'x-request-id': 'ad001257-0fd9-44ff-8933-2a766bc5bd31'
}
ðŸ”µ [AUTH-LIB] Getting session
ðŸ”µ [AUTH-LIB] Token from cookies: Token found (eyJhbGciOiJIUzI1NiIs...)
ðŸ”µ [AUTH-LIB] Looking up session in database
ðŸ”µ [AUTH-BACKEND] Auth check request received
ðŸ”µ [AUTH-BACKEND] Request headers: {
  accept: '*/*',
  'accept-encoding': 'gzip, br',
  'accept-language': 'en-US,en;q=0.9,en-GB;q=0.8',
  'cdn-loop': 'cloudflare; loops=1',
  'cf-connecting-ip': '78.145.125.210',
  'cf-ipcountry': 'GB',
  'cf-ray': '95192e3778a1eb1d-MAN',
  'cf-visitor': '{"scheme":"https"}',
  'content-type': 'application/json',
  cookie: 'auth-token=eyJhbGciOiJIUzI1NiIsInR5cCI6IkpXVCJ9.eyJ1c2VySWQiOiJjbWMwbmxqbDAwMDAycnIwMWZ1c2xiMDNrIiwiaWF0IjoxNzUwMjMyODExLCJleHAiOjE3NTA4Mzc2MTF9.o3e-gRFT63jjbtzOTwUkE_ebzt0rI0y2Fm-HeQsh1HI',
  host: 'chatllm-computer-601b330f-vnc.default.svc.cluster.local:3000',
  priority: 'u=1, i',
  referer: 'https://601b330f-3000.preview.abacusai.app/dashboard/subscription?session_id=cs_demo_1750232865081&demo=true',
  'sec-ch-ua': '"Microsoft Edge";v="137", "Chromium";v="137", "Not/A)Brand";v="24"',
  'sec-ch-ua-mobile': '?0',
  'sec-ch-ua-platform': '"Windows"',
  'sec-fetch-dest': 'empty',
  'sec-fetch-mode': 'cors',
  'sec-fetch-site': 'same-origin',
  'user-agent': 'Mozilla/5.0 (Windows NT 10.0; Win64; x64) AppleWebKit/537.36 (KHTML, like Gecko) Chrome/137.0.0.0 Safari/537.36 Edg/137.0.0.0',
  'x-abacus-service': 'chatllm-computer-601b330f-vnc.default.svc.cluster.local:3000',
  'x-envoy-expected-rq-timeout-ms': '3620000',
  'x-forwarded-for': '78.145.125.210',
  'x-forwarded-host': '601b330f-3000.preview.abacusai.app',
  'x-forwarded-port': '3000',
  'x-forwarded-proto': 'https',
  'x-request-id': '4591438a-e8ca-4baa-8df1-646b1fea0b49'
}
ðŸ”µ [AUTH-LIB] Getting session
ðŸ”µ [AUTH-LIB] Token from cookies: Token found (eyJhbGciOiJIUzI1NiIs...)
ðŸ”µ [AUTH-LIB] Looking up session in database
ðŸ”µ [AUTH-LIB] Session found, checking expiration
ðŸŸ¢ [AUTH-LIB] Valid session found for user: gcmedia2020@outlook.com
ðŸ”µ [AUTH-LIB] Session found, checking expiration
ðŸŸ¢ [AUTH-LIB] Valid session found for user: gcmedia2020@outlook.com
ðŸ”µ [AUTH-BACKEND] Session check result: User found: gcmedia2020@outlook.com
ðŸŸ¢ [AUTH-BACKEND] Auth check completed successfully
ðŸ”µ [AUTH-BACKEND] Session check result: User found: gcmedia2020@outlook.com
ðŸŸ¢ [AUTH-BACKEND] Auth check completed successfully
 GET /api/auth/me 200 in 295ms
 GET /api/auth/me 200 in 298ms
ðŸ”µ [SUBSCRIPTION-API] Starting subscription request
ðŸ”µ [SUBSCRIPTION-API] Getting subscription for user: cmc0nljl00002rr01fuslb03k
ðŸ”µ [SUBSCRIPTION-API] Subscription data retrieved: { plan: 'FREE', venuesCount: 1, hasSubscription: false }
ðŸ”µ [AUTH-LIB] Getting session
ðŸ”µ [AUTH-LIB] Token from cookies: Token found (eyJhbGciOiJIUzI1NiIs...)
ðŸ”µ [AUTH-LIB] Looking up session in database
ðŸ”µ [SUBSCRIPTION-API] Subscription summary retrieved: {
  plan: 'FREE',
  venues: { used: 1, limit: 1 },
  features: {
    bookingsPerMonth: 50,
    galleryImages: 0,
    analytics: true,
    widgets: true,
    customBranding: false,
    prioritySupport: false
  }
}
ðŸŸ¢ [SUBSCRIPTION-API] Returning successful response
 GET /api/subscriptions 200 in 78ms
ðŸ”µ [AUTH-LIB] Session found, checking expiration
ðŸŸ¢ [AUTH-LIB] Valid session found for user: gcmedia2020@outlook.com
 GET /api/notifications?limit=5 200 in 78ms
ðŸ”µ [SUBSCRIPTION-API] Starting subscription request
ðŸ”µ [SUBSCRIPTION-API] Getting subscription for user: cmc0nljl00002rr01fuslb03k
ðŸ”µ [SUBSCRIPTION-API] Subscription data retrieved: { plan: 'FREE', venuesCount: 1, hasSubscription: false }
ðŸ”µ [SUBSCRIPTION-API] Subscription summary retrieved: {
  plan: 'FREE',
  venues: { used: 1, limit: 1 },
  features: {
    bookingsPerMonth: 50,
    galleryImages: 0,
    analytics: true,
    widgets: true,
    customBranding: false,
    prioritySupport: false
  }
}
ðŸŸ¢ [SUBSCRIPTION-API] Returning successful response
 GET /api/subscriptions 200 in 39ms
 â—‹ Compiling /dashboard/widgets ...
 âœ“ Compiled /dashboard/widgets in 1305ms (2135 modules)
 GET /_next/static/chunks/app/dashboard/widgets/bundle-mjs.mjs.map 404 in 84ms
 âœ“ Compiled /api/venues in 272ms (1238 modules)
ðŸ”µ [AUTH-LIB] Getting session
ðŸ”µ [AUTH-LIB] Token from cookies: Token found (eyJhbGciOiJIUzI1NiIs...)
ðŸ”µ [AUTH-LIB] Looking up session in database
ðŸ”µ [AUTH-LIB] Session found, checking expiration
ðŸŸ¢ [AUTH-LIB] Valid session found for user: gcmedia2020@outlook.com
 GET /api/venues 200 in 415ms
 âœ“ Compiled /api/widgets in 260ms (1240 modules)
ðŸ”µ [AUTH-LIB] Getting session
ðŸ”µ [AUTH-LIB] Token from cookies: Token found (eyJhbGciOiJIUzI1NiIs...)
ðŸ”µ [AUTH-LIB] Looking up session in database
ðŸ”µ [AUTH-LIB] Getting session
ðŸ”µ [AUTH-LIB] Token from cookies: Token found (eyJhbGciOiJIUzI1NiIs...)
ðŸ”µ [AUTH-LIB] Looking up session in database
ðŸ”µ [AUTH-LIB] Session found, checking expiration
ðŸŸ¢ [AUTH-LIB] Valid session found for user: gcmedia2020@outlook.com
ðŸ”µ [AUTH-LIB] Session found, checking expiration
ðŸŸ¢ [AUTH-LIB] Valid session found for user: gcmedia2020@outlook.com
 GET /api/venues 200 in 433ms
 GET /api/widgets 200 in 559ms
ðŸ”µ [AUTH-LIB] Getting session
ðŸ”µ [AUTH-LIB] Token from cookies: Token found (eyJhbGciOiJIUzI1NiIs...)
ðŸ”µ [AUTH-LIB] Looking up session in database
ðŸ”µ [AUTH-LIB] Session found, checking expiration
ðŸŸ¢ [AUTH-LIB] Valid session found for user: gcmedia2020@outlook.com
 GET /api/widgets 200 in 37ms
 â—‹ Compiling /dashboard/analytics ...
 âœ“ Compiled /dashboard/analytics in 1160ms (2157 modules)
 GET /_next/static/chunks/app/dashboard/analytics/bundle-mjs.mjs.map 404 in 43ms
ðŸ”µ [AUTH-LIB] Getting session
ðŸ”µ [AUTH-LIB] Token from cookies: Token found (eyJhbGciOiJIUzI1NiIs...)
ðŸ”µ [AUTH-LIB] Looking up session in database
ðŸ”µ [AUTH-LIB] Session found, checking expiration
ðŸŸ¢ [AUTH-LIB] Valid session found for user: gcmedia2020@outlook.com
 GET /api/venues 200 in 82ms
 âœ“ Compiled /api/analytics in 308ms (1251 modules)
ðŸ”µ [AUTH-LIB] Getting session
ðŸ”µ [AUTH-LIB] Token from cookies: Token found (eyJhbGciOiJIUzI1NiIs...)
ðŸ”µ [AUTH-LIB] Looking up session in database
ðŸ”µ [AUTH-LIB] Getting session
ðŸ”µ [AUTH-LIB] Token from cookies: Token found (eyJhbGciOiJIUzI1NiIs...)
ðŸ”µ [AUTH-LIB] Looking up session in database
ðŸ”µ [AUTH-LIB] Session found, checking expiration
ðŸŸ¢ [AUTH-LIB] Valid session found for user: gcmedia2020@outlook.com
ðŸ”µ [AUTH-LIB] Session found, checking expiration
ðŸŸ¢ [AUTH-LIB] Valid session found for user: gcmedia2020@outlook.com
 GET /api/venues 200 in 379ms
 GET /api/analytics?timeRange=30 200 in 659ms
ðŸ”µ [AUTH-LIB] Getting session
ðŸ”µ [AUTH-LIB] Token from cookies: Token found (eyJhbGciOiJIUzI1NiIs...)
ðŸ”µ [AUTH-LIB] Looking up session in database
ðŸ”µ [AUTH-LIB] Session found, checking expiration
ðŸŸ¢ [AUTH-LIB] Valid session found for user: gcmedia2020@outlook.com
 GET /api/analytics?timeRange=30 200 in 43ms
 GET / 200 in 88ms
 âœ“ Compiled /api/venues/featured in 301ms (1253 modules)
ðŸ”µ [AUTH-BACKEND] Auth check request received
ðŸ”µ [AUTH-BACKEND] Request headers: {
  accept: '*/*',
  'accept-encoding': 'gzip, deflate, br, zstd',
  'accept-language': 'en-US,en;q=0.9',
  connection: 'keep-alive',
  'content-type': 'application/json',
  cookie: 'next-auth.callback-url=http%3A%2F%2Flocalhost%3A3000%2Fdashboard; next-auth.csrf-token=35444b04df4a9254400521b3a0a4d4269741131fd0d0ced23c8087cf287afc69%7C63151685019b9da549ce8eb3263a26e6027aba835f01e64916ca1173bb4c5dac; __stripe_mid=8eaac037-ff88-48a4-a002-3ce6bffc7970f2b296; auth-token=eyJhbGciOiJIUzI1NiIsInR5cCI6IkpXVCJ9.eyJ1c2VySWQiOiJjbWJ6MzUxNTEwMDAwcW4wMWF5amlrNDMzIiwiaWF0IjoxNzUwMTU1NjEzLCJleHAiOjE3NTA3NjA0MTN9.JJqlaJhiaUR5NNnJF6UGklwoqZZMnPPFU_2VRz7noAE',
  host: 'localhost:3000',
  referer: 'http://localhost:3000/',
  'sec-ch-ua': '"Google Chrome";v="135", "Not-A.Brand";v="8", "Chromium";v="135"',
  'sec-ch-ua-mobile': '?0',
  'sec-ch-ua-platform': '"Linux"',
  'sec-fetch-dest': 'empty',
  'sec-fetch-mode': 'cors',
  'sec-fetch-site': 'same-origin',
  'user-agent': 'Mozilla/5.0 (X11; Linux x86_64) AppleWebKit/537.36 (KHTML, like Gecko) Chrome/135.0.0.0 Safari/537.36',
  'x-forwarded-for': '::ffff:127.0.0.1',
  'x-forwarded-host': 'localhost:3000',
  'x-forwarded-port': '3000',
  'x-forwarded-proto': 'http'
}
ðŸ”µ [AUTH-LIB] Getting session
ðŸ”µ [AUTH-LIB] Token from cookies: Token found (eyJhbGciOiJIUzI1NiIs...)
ðŸ”µ [AUTH-LIB] Looking up session in database
ðŸ”µ [AUTH-BACKEND] Auth check request received
ðŸ”µ [AUTH-BACKEND] Request headers: {
  accept: '*/*',
  'accept-encoding': 'gzip, deflate, br, zstd',
  'accept-language': 'en-US,en;q=0.9',
  connection: 'keep-alive',
  'content-type': 'application/json',
  cookie: 'next-auth.callback-url=http%3A%2F%2Flocalhost%3A3000%2Fdashboard; next-auth.csrf-token=35444b04df4a9254400521b3a0a4d4269741131fd0d0ced23c8087cf287afc69%7C63151685019b9da549ce8eb3263a26e6027aba835f01e64916ca1173bb4c5dac; __stripe_mid=8eaac037-ff88-48a4-a002-3ce6bffc7970f2b296; auth-token=eyJhbGciOiJIUzI1NiIsInR5cCI6IkpXVCJ9.eyJ1c2VySWQiOiJjbWJ6MzUxNTEwMDAwcW4wMWF5amlrNDMzIiwiaWF0IjoxNzUwMTU1NjEzLCJleHAiOjE3NTA3NjA0MTN9.JJqlaJhiaUR5NNnJF6UGklwoqZZMnPPFU_2VRz7noAE',
  host: 'localhost:3000',
  referer: 'http://localhost:3000/',
  'sec-ch-ua': '"Google Chrome";v="135", "Not-A.Brand";v="8", "Chromium";v="135"',
  'sec-ch-ua-mobile': '?0',
  'sec-ch-ua-platform': '"Linux"',
  'sec-fetch-dest': 'empty',
  'sec-fetch-mode': 'cors',
  'sec-fetch-site': 'same-origin',
  'user-agent': 'Mozilla/5.0 (X11; Linux x86_64) AppleWebKit/537.36 (KHTML, like Gecko) Chrome/135.0.0.0 Safari/537.36',
  'x-forwarded-for': '::ffff:127.0.0.1',
  'x-forwarded-host': 'localhost:3000',
  'x-forwarded-port': '3000',
  'x-forwarded-proto': 'http'
}
ðŸ”µ [AUTH-LIB] Getting session
ðŸ”µ [AUTH-LIB] Token from cookies: Token found (eyJhbGciOiJIUzI1NiIs...)
ðŸ”µ [AUTH-LIB] Looking up session in database
ðŸ”µ [AUTH-LIB] Session found, checking expiration
ðŸŸ¢ [AUTH-LIB] Valid session found for user: joncalvert2018@outlook.com
ðŸ”µ [AUTH-LIB] Session found, checking expiration
ðŸŸ¢ [AUTH-LIB] Valid session found for user: joncalvert2018@outlook.com
ðŸ”µ [AUTH-BACKEND] Session check result: User found: joncalvert2018@outlook.com
ðŸŸ¢ [AUTH-BACKEND] Auth check completed successfully
ðŸ”µ [AUTH-BACKEND] Session check result: User found: joncalvert2018@outlook.com
ðŸŸ¢ [AUTH-BACKEND] Auth check completed successfully
 GET /api/auth/me 200 in 749ms
 GET /api/auth/me 200 in 752ms
 GET /api/venues/featured 200 in 761ms
 â—‹ Compiling /dashboard/venues ...
 âœ“ Compiled /dashboard/venues in 1039ms (1999 modules)
 GET /api/venues/featured 200 in 1090ms
ðŸ”µ [AUTH-LIB] Getting session
ðŸ”µ [AUTH-LIB] Token from cookies: Token found (eyJhbGciOiJIUzI1NiIs...)
ðŸ”µ [AUTH-LIB] Looking up session in database
ðŸ”µ [AUTH-LIB] Session found, checking expiration
ðŸŸ¢ [AUTH-LIB] Valid session found for user: gcmedia2020@outlook.com
 GET /api/venues 200 in 113ms
 GET /_next/static/chunks/app/dashboard/venues/bundle-mjs.mjs.map 404 in 108ms
 â—‹ Compiling /api/venues/limits ...
 âœ“ Compiled /api/venues/limits in 763ms (1074 modules)
ðŸ”µ [AUTH-LIB] Getting session
ðŸ”µ [AUTH-LIB] Token from cookies: Token found (eyJhbGciOiJIUzI1NiIs...)
ðŸ”µ [AUTH-LIB] Looking up session in database
ðŸ”µ [AUTH-LIB] Getting session
ðŸ”µ [AUTH-LIB] Token from cookies: Token found (eyJhbGciOiJIUzI1NiIs...)
ðŸ”µ [AUTH-LIB] Looking up session in database
ðŸ”µ [AUTH-LIB] Getting session
ðŸ”µ [AUTH-LIB] Token from cookies: Token found (eyJhbGciOiJIUzI1NiIs...)
ðŸ”µ [AUTH-LIB] Looking up session in database
ðŸ”µ [AUTH-LIB] Session found, checking expiration
ðŸŸ¢ [AUTH-LIB] Valid session found for user: gcmedia2020@outlook.com
ðŸ”µ [AUTH-LIB] Session found, checking expiration
ðŸŸ¢ [AUTH-LIB] Valid session found for user: gcmedia2020@outlook.com
ðŸ”µ [AUTH-LIB] Session found, checking expiration
ðŸŸ¢ [AUTH-LIB] Valid session found for user: gcmedia2020@outlook.com
 GET /api/venues 200 in 871ms
 GET /api/venues/limits 200 in 877ms
 GET /api/venues/limits 200 in 1166ms
 â—‹ Compiling /dashboard/bookings ...
 âœ“ Compiled /dashboard/bookings in 1026ms (1999 modules)
 GET /_next/static/chunks/app/dashboard/bookings/bundle-mjs.mjs.map 404 in 71ms
 â—‹ Compiling /api/bookings ...
 âœ“ Compiled /api/bookings in 517ms (1071 modules)
ðŸ”µ [AUTH-LIB] Getting session
ðŸ”µ [AUTH-LIB] Token from cookies: Token found (eyJhbGciOiJIUzI1NiIs...)
ðŸ”µ [AUTH-LIB] Looking up session in database
ðŸ”µ [AUTH-LIB] Session found, checking expiration
ðŸŸ¢ [AUTH-LIB] Valid session found for user: gcmedia2020@outlook.com
 GET /api/venues 200 in 890ms
ðŸ”µ [AUTH-LIB] Getting session
ðŸ”µ [AUTH-LIB] Token from cookies: Token found (eyJhbGciOiJIUzI1NiIs...)
ðŸ”µ [AUTH-LIB] Looking up session in database
ðŸ”µ [AUTH-LIB] Session found, checking expiration
ðŸŸ¢ [AUTH-LIB] Valid session found for user: gcmedia2020@outlook.com
 GET /api/bookings?page=1&limit=10 200 in 914ms
ðŸ”µ [AUTH-LIB] Getting session
ðŸ”µ [AUTH-LIB] Token from cookies: Token found (eyJhbGciOiJIUzI1NiIs...)
ðŸ”µ [AUTH-LIB] Looking up session in database
ðŸ”µ [AUTH-LIB] Session found, checking expiration
ðŸŸ¢ [AUTH-LIB] Valid session found for user: gcmedia2020@outlook.com
 GET /api/venues 200 in 44ms
ðŸ”µ [AUTH-LIB] Getting session
ðŸ”µ [AUTH-LIB] Token from cookies: Token found (eyJhbGciOiJIUzI1NiIs...)
ðŸ”µ [AUTH-LIB] Looking up session in database
ðŸ”µ [AUTH-LIB] Session found, checking expiration
ðŸŸ¢ [AUTH-LIB] Valid session found for user: gcmedia2020@outlook.com
 GET /api/bookings?page=1&limit=10 200 in 43ms
 âœ“ Compiled /dashboard in 245ms (1079 modules)
 GET /_next/static/chunks/app/dashboard/bundle-mjs.mjs.map 404 in 40ms
 âœ“ Compiled /api/subscriptions in 477ms (1277 modules)
ðŸ”µ [AUTH-LIB] Getting session
ðŸ”µ [AUTH-LIB] Token from cookies: Token found (eyJhbGciOiJIUzI1NiIs...)
ðŸ”µ [AUTH-LIB] Looking up session in database
ðŸ”µ [AUTH-LIB] Getting session
ðŸ”µ [AUTH-LIB] Token from cookies: Token found (eyJhbGciOiJIUzI1NiIs...)
ðŸ”µ [AUTH-LIB] Looking up session in database
ðŸ”µ [AUTH-LIB] Session found, checking expiration
ðŸŸ¢ [AUTH-LIB] Valid session found for user: gcmedia2020@outlook.com
ðŸ”µ [AUTH-LIB] Session found, checking expiration
ðŸŸ¢ [AUTH-LIB] Valid session found for user: gcmedia2020@outlook.com
 GET /api/venues 200 in 830ms
 GET /api/venues 200 in 831ms
ðŸ”µ [SUBSCRIPTION-API] Starting subscription request
ðŸ”µ [SUBSCRIPTION-API] Getting subscription for user: cmc0nljl00002rr01fuslb03k
ðŸ”µ [SUBSCRIPTION-API] Subscription data retrieved: { plan: 'FREE', venuesCount: 1, hasSubscription: false }
ðŸ”µ [SUBSCRIPTION-API] Subscription summary retrieved: {
  plan: 'FREE',
  venues: { used: 1, limit: 1 },
  features: {
    bookingsPerMonth: 50,
    galleryImages: 0,
    analytics: true,
    widgets: true,
    customBranding: false,
    prioritySupport: false
  }
}
ðŸŸ¢ [SUBSCRIPTION-API] Returning successful response
 GET /api/subscriptions 200 in 900ms
ðŸ”µ [SUBSCRIPTION-API] Starting subscription request
ðŸ”µ [SUBSCRIPTION-API] Getting subscription for user: cmc0nljl00002rr01fuslb03k
ðŸ”µ [SUBSCRIPTION-API] Subscription data retrieved: { plan: 'FREE', venuesCount: 1, hasSubscription: false }
ðŸ”µ [SUBSCRIPTION-API] Subscription summary retrieved: {
  plan: 'FREE',
  venues: { used: 1, limit: 1 },
  features: {
    bookingsPerMonth: 50,
    galleryImages: 0,
    analytics: true,
    widgets: true,
    customBranding: false,
    prioritySupport: false
  }
}
ðŸŸ¢ [SUBSCRIPTION-API] Returning successful response
 GET /api/subscriptions 200 in 37ms
 GET /dashboard 200 in 82ms
 GET /_next/static/chunks/handle-smooth-scroll.js.map 404 in 23ms
 GET /_next/static/chunks/app/dashboard/bundle-mjs.mjs.map 404 in 20ms
 GET /_next/static/chunks/app/bundle-mjs.mjs.map 404 in 19ms
 GET /_next/static/chunks/app/dashboard/bundle-mjs.mjs.map 404 in 20ms
 GET /_next/static/chunks/static-generation-async-storage-instance.js.map 404 in 18ms
ðŸ”µ [AUTH-BACKEND] Auth check request received
ðŸ”µ [AUTH-BACKEND] Request headers: {
  accept: '*/*',
  'accept-encoding': 'gzip, br',
  'accept-language': 'en-US,en;q=0.9,en-GB;q=0.8',
  'cdn-loop': 'cloudflare; loops=1',
  'cf-connecting-ip': '78.145.125.210',
  'cf-ipcountry': 'GB',
  'cf-ray': '95193166eb3f46ac-MAN',
  'cf-visitor': '{"scheme":"https"}',
  'content-type': 'application/json',
  cookie: 'auth-token=eyJhbGciOiJIUzI1NiIsInR5cCI6IkpXVCJ9.eyJ1c2VySWQiOiJjbWMwbmxqbDAwMDAycnIwMWZ1c2xiMDNrIiwiaWF0IjoxNzUwMjMyODExLCJleHAiOjE3NTA4Mzc2MTF9.o3e-gRFT63jjbtzOTwUkE_ebzt0rI0y2Fm-HeQsh1HI',
  host: 'chatllm-computer-601b330f-vnc.default.svc.cluster.local:3000',
  priority: 'u=1, i',
  referer: 'https://601b330f-3000.preview.abacusai.app/dashboard',
  'sec-ch-ua': '"Microsoft Edge";v="137", "Chromium";v="137", "Not/A)Brand";v="24"',
  'sec-ch-ua-mobile': '?0',
  'sec-ch-ua-platform': '"Windows"',
  'sec-fetch-dest': 'empty',
  'sec-fetch-mode': 'cors',
  'sec-fetch-site': 'same-origin',
  'user-agent': 'Mozilla/5.0 (Windows NT 10.0; Win64; x64) AppleWebKit/537.36 (KHTML, like Gecko) Chrome/137.0.0.0 Safari/537.36 Edg/137.0.0.0',
  'x-abacus-service': 'chatllm-computer-601b330f-vnc.default.svc.cluster.local:3000',
  'x-envoy-expected-rq-timeout-ms': '3620000',
  'x-forwarded-for': '78.145.125.210',
  'x-forwarded-host': '601b330f-3000.preview.abacusai.app',
  'x-forwarded-port': '3000',
  'x-forwarded-proto': 'https',
  'x-request-id': 'dc30638a-15ee-4c34-90b8-91c745746feb'
}
ðŸ”µ [AUTH-LIB] Getting session
ðŸ”µ [AUTH-LIB] Token from cookies: Token found (eyJhbGciOiJIUzI1NiIs...)
ðŸ”µ [AUTH-LIB] Looking up session in database
ðŸ”µ [AUTH-LIB] Session found, checking expiration
ðŸŸ¢ [AUTH-LIB] Valid session found for user: gcmedia2020@outlook.com
ðŸ”µ [AUTH-BACKEND] Session check result: User found: gcmedia2020@outlook.com
ðŸŸ¢ [AUTH-BACKEND] Auth check completed successfully
 GET /api/auth/me 200 in 49ms
ðŸ”µ [AUTH-BACKEND] Auth check request received
ðŸ”µ [AUTH-BACKEND] Request headers: {
  accept: '*/*',
  'accept-encoding': 'gzip, br',
  'accept-language': 'en-US,en;q=0.9,en-GB;q=0.8',
  'cdn-loop': 'cloudflare; loops=1',
  'cf-connecting-ip': '78.145.125.210',
  'cf-ipcountry': 'GB',
  'cf-ray': '95193166eb3946ac-MAN',
  'cf-visitor': '{"scheme":"https"}',
  'content-type': 'application/json',
  cookie: 'auth-token=eyJhbGciOiJIUzI1NiIsInR5cCI6IkpXVCJ9.eyJ1c2VySWQiOiJjbWMwbmxqbDAwMDAycnIwMWZ1c2xiMDNrIiwiaWF0IjoxNzUwMjMyODExLCJleHAiOjE3NTA4Mzc2MTF9.o3e-gRFT63jjbtzOTwUkE_ebzt0rI0y2Fm-HeQsh1HI',
  host: 'chatllm-computer-601b330f-vnc.default.svc.cluster.local:3000',
  priority: 'u=1, i',
  referer: 'https://601b330f-3000.preview.abacusai.app/dashboard',
  'sec-ch-ua': '"Microsoft Edge";v="137", "Chromium";v="137", "Not/A)Brand";v="24"',
  'sec-ch-ua-mobile': '?0',
  'sec-ch-ua-platform': '"Windows"',
  'sec-fetch-dest': 'empty',
  'sec-fetch-mode': 'cors',
  'sec-fetch-site': 'same-origin',
  'user-agent': 'Mozilla/5.0 (Windows NT 10.0; Win64; x64) AppleWebKit/537.36 (KHTML, like Gecko) Chrome/137.0.0.0 Safari/537.36 Edg/137.0.0.0',
  'x-abacus-service': 'chatllm-computer-601b330f-vnc.default.svc.cluster.local:3000',
  'x-envoy-expected-rq-timeout-ms': '3620000',
  'x-forwarded-for': '78.145.125.210',
  'x-forwarded-host': '601b330f-3000.preview.abacusai.app',
  'x-forwarded-port': '3000',
  'x-forwarded-proto': 'https',
  'x-request-id': '8735af77-c735-4ed1-8e66-092ceaef47cc'
}
ðŸ”µ [AUTH-LIB] Getting session
ðŸ”µ [AUTH-LIB] Token from cookies: Token found (eyJhbGciOiJIUzI1NiIs...)
ðŸ”µ [AUTH-LIB] Looking up session in database
ðŸ”µ [AUTH-LIB] Session found, checking expiration
ðŸŸ¢ [AUTH-LIB] Valid session found for user: gcmedia2020@outlook.com
ðŸ”µ [AUTH-BACKEND] Session check result: User found: gcmedia2020@outlook.com
ðŸŸ¢ [AUTH-BACKEND] Auth check completed successfully
 GET /api/auth/me 200 in 51ms
 âœ“ Compiled /api/notifications in 308ms (1045 modules)
ðŸ”µ [AUTH-LIB] Getting session
ðŸ”µ [AUTH-LIB] Token from cookies: Token found (eyJhbGciOiJIUzI1NiIs...)
ðŸ”µ [AUTH-LIB] Looking up session in database
ðŸ”µ [AUTH-LIB] Getting session
ðŸ”µ [AUTH-LIB] Token from cookies: Token found (eyJhbGciOiJIUzI1NiIs...)
ðŸ”µ [AUTH-LIB] Looking up session in database
ðŸ”µ [AUTH-LIB] Getting session
ðŸ”µ [AUTH-LIB] Token from cookies: Token found (eyJhbGciOiJIUzI1NiIs...)
ðŸ”µ [AUTH-LIB] Looking up session in database
ðŸ”µ [AUTH-LIB] Session found, checking expiration
ðŸŸ¢ [AUTH-LIB] Valid session found for user: gcmedia2020@outlook.com
ðŸ”µ [SUBSCRIPTION-API] Starting subscription request
ðŸ”µ [AUTH-LIB] Session found, checking expiration
ðŸŸ¢ [AUTH-LIB] Valid session found for user: gcmedia2020@outlook.com
ðŸ”µ [AUTH-LIB] Session found, checking expiration
ðŸŸ¢ [AUTH-LIB] Valid session found for user: gcmedia2020@outlook.com
 GET /api/notifications?limit=5 200 in 666ms
ðŸ”µ [SUBSCRIPTION-API] Getting subscription for user: cmc0nljl00002rr01fuslb03k
 GET /api/venues 200 in 657ms
 GET /api/venues 200 in 658ms
ðŸ”µ [SUBSCRIPTION-API] Subscription data retrieved: { plan: 'FREE', venuesCount: 1, hasSubscription: false }
ðŸ”µ [SUBSCRIPTION-API] Subscription summary retrieved: {
  plan: 'FREE',
  venues: { used: 1, limit: 1 },
  features: {
    bookingsPerMonth: 50,
    galleryImages: 0,
    analytics: true,
    widgets: true,
    customBranding: false,
    prioritySupport: false
  }
}
ðŸŸ¢ [SUBSCRIPTION-API] Returning successful response
 GET /api/subscriptions 200 in 664ms
ðŸ”µ [SUBSCRIPTION-API] Starting subscription request
ðŸ”µ [SUBSCRIPTION-API] Getting subscription for user: cmc0nljl00002rr01fuslb03k
ðŸ”µ [SUBSCRIPTION-API] Subscription data retrieved: { plan: 'FREE', venuesCount: 1, hasSubscription: false }
ðŸ”µ [SUBSCRIPTION-API] Subscription summary retrieved: {
  plan: 'FREE',
  venues: { used: 1, limit: 1 },
  features: {
    bookingsPerMonth: 50,
    galleryImages: 0,
    analytics: true,
    widgets: true,
    customBranding: false,
    prioritySupport: false
  }
}
ðŸŸ¢ [SUBSCRIPTION-API] Returning successful response
 GET /api/subscriptions 200 in 37ms
 GET / 200 in 87ms
 GET / 200 in 47ms
 GET / 200 in 47ms
 âœ“ Compiled /api/venues/featured in 226ms (1044 modules)
ðŸ”µ [AUTH-BACKEND] Auth check request received
ðŸ”µ [AUTH-BACKEND] Request headers: {
  accept: '*/*',
  'accept-encoding': 'gzip, br',
  'accept-language': 'en-US,en;q=0.9,en-GB;q=0.8',
  'cdn-loop': 'cloudflare; loops=1',
  'cf-connecting-ip': '78.145.125.210',
  'cf-ipcountry': 'GB',
  'cf-ray': '951931cebc650759-MAN',
  'cf-visitor': '{"scheme":"https"}',
  'content-type': 'application/json',
  host: 'chatllm-computer-601b330f-vnc.default.svc.cluster.local:3000',
  priority: 'u=1, i',
  referer: 'https://601b330f-3000.preview.abacusai.app/',
  'sec-ch-ua': '"Microsoft Edge";v="137", "Chromium";v="137", "Not/A)Brand";v="24"',
  'sec-ch-ua-mobile': '?0',
  'sec-ch-ua-platform': '"Windows"',
  'sec-fetch-dest': 'empty',
  'sec-fetch-mode': 'cors',
  'sec-fetch-site': 'same-origin',
  'sec-fetch-storage-access': 'active',
  'user-agent': 'Mozilla/5.0 (Windows NT 10.0; Win64; x64) AppleWebKit/537.36 (KHTML, like Gecko) Chrome/137.0.0.0 Safari/537.36 Edg/137.0.0.0',
  'x-abacus-service': 'chatllm-computer-601b330f-vnc.default.svc.cluster.local:3000',
  'x-envoy-expected-rq-timeout-ms': '3620000',
  'x-forwarded-for': '78.145.125.210',
  'x-forwarded-host': '601b330f-3000.preview.abacusai.app',
  'x-forwarded-port': '3000',
  'x-forwarded-proto': 'https',
  'x-request-id': 'adb87511-61cc-4409-8798-0cda77f0a090'
}
ðŸ”µ [AUTH-LIB] Getting session
ðŸ”µ [AUTH-LIB] Token from cookies: No token found
ðŸ”µ [AUTH-LIB] No auth token found in cookies
ðŸ”µ [AUTH-BACKEND] Auth check request received
ðŸ”µ [AUTH-BACKEND] Request headers: {
  accept: '*/*',
  'accept-encoding': 'gzip, br',
  'accept-language': 'en-US,en;q=0.9,en-GB;q=0.8',
  'cdn-loop': 'cloudflare; loops=1',
  'cf-connecting-ip': '78.145.125.210',
  'cf-ipcountry': 'GB',
  'cf-ray': '951931ceac610759-MAN',
  'cf-visitor': '{"scheme":"https"}',
  'content-type': 'application/json',
  host: 'chatllm-computer-601b330f-vnc.default.svc.cluster.local:3000',
  priority: 'u=1, i',
  referer: 'https://601b330f-3000.preview.abacusai.app/',
  'sec-ch-ua': '"Microsoft Edge";v="137", "Chromium";v="137", "Not/A)Brand";v="24"',
  'sec-ch-ua-mobile': '?0',
  'sec-ch-ua-platform': '"Windows"',
  'sec-fetch-dest': 'empty',
  'sec-fetch-mode': 'cors',
  'sec-fetch-site': 'same-origin',
  'sec-fetch-storage-access': 'active',
  'user-agent': 'Mozilla/5.0 (Windows NT 10.0; Win64; x64) AppleWebKit/537.36 (KHTML, like Gecko) Chrome/137.0.0.0 Safari/537.36 Edg/137.0.0.0',
  'x-abacus-service': 'chatllm-computer-601b330f-vnc.default.svc.cluster.local:3000',
  'x-envoy-expected-rq-timeout-ms': '3620000',
  'x-forwarded-for': '78.145.125.210',
  'x-forwarded-host': '601b330f-3000.preview.abacusai.app',
  'x-forwarded-port': '3000',
  'x-forwarded-proto': 'https',
  'x-request-id': '1a3696a4-3764-4a96-a8f1-f6f1ed1937ad'
}
ðŸ”µ [AUTH-LIB] Getting session
ðŸ”µ [AUTH-LIB] Token from cookies: No token found
ðŸ”µ [AUTH-LIB] No auth token found in cookies
ðŸ”µ [AUTH-BACKEND] Session check result: No user session
ðŸŸ¢ [AUTH-BACKEND] Auth check completed successfully
ðŸ”µ [AUTH-BACKEND] Session check result: No user session
ðŸŸ¢ [AUTH-BACKEND] Auth check completed successfully
 GET /api/auth/me 200 in 506ms
 GET /api/auth/me 200 in 517ms
 GET /api/venues/featured 200 in 527ms
 GET /api/venues/featured 200 in 52ms
ðŸ”µ [AUTH-BACKEND] Auth check request received
ðŸ”µ [AUTH-BACKEND] Request headers: {
  accept: '*/*',
  'accept-encoding': 'gzip, br',
  'accept-language': 'en-US,en;q=0.9,en-GB;q=0.8',
  'cdn-loop': 'cloudflare; loops=1',
  'cf-connecting-ip': '78.145.125.210',
  'cf-ipcountry': 'GB',
  'cf-ray': '951931d3187d0759-MAN',
  'cf-visitor': '{"scheme":"https"}',
  'content-type': 'application/json',
  host: 'chatllm-computer-601b330f-vnc.default.svc.cluster.local:3000',
  priority: 'u=1, i',
  referer: 'https://601b330f-3000.preview.abacusai.app/',
  'sec-ch-ua': '"Microsoft Edge";v="137", "Chromium";v="137", "Not/A)Brand";v="24"',
  'sec-ch-ua-mobile': '?0',
  'sec-ch-ua-platform': '"Windows"',
  'sec-fetch-dest': 'empty',
  'sec-fetch-mode': 'cors',
  'sec-fetch-site': 'same-origin',
  'sec-fetch-storage-access': 'active',
  'user-agent': 'Mozilla/5.0 (Windows NT 10.0; Win64; x64) AppleWebKit/537.36 (KHTML, like Gecko) Chrome/137.0.0.0 Safari/537.36 Edg/137.0.0.0',
  'x-abacus-service': 'chatllm-computer-601b330f-vnc.default.svc.cluster.local:3000',
  'x-envoy-expected-rq-timeout-ms': '3620000',
  'x-forwarded-for': '78.145.125.210',
  'x-forwarded-host': '601b330f-3000.preview.abacusai.app',
  'x-forwarded-port': '3000',
  'x-forwarded-proto': 'https',
  'x-request-id': 'f2436683-5e3a-4e72-a3af-4b8612bd9ef3'
}
ðŸ”µ [AUTH-LIB] Getting session
ðŸ”µ [AUTH-LIB] Token from cookies: No token found
ðŸ”µ [AUTH-LIB] No auth token found in cookies
ðŸ”µ [AUTH-BACKEND] Auth check request received
ðŸ”µ [AUTH-BACKEND] Request headers: {
  accept: '*/*',
  'accept-encoding': 'gzip, br',
  'accept-language': 'en-US,en;q=0.9,en-GB;q=0.8',
  'cdn-loop': 'cloudflare; loops=1',
  'cf-connecting-ip': '78.145.125.210',
  'cf-ipcountry': 'GB',
  'cf-ray': '951931d308780759-MAN',
  'cf-visitor': '{"scheme":"https"}',
  'content-type': 'application/json',
  host: 'chatllm-computer-601b330f-vnc.default.svc.cluster.local:3000',
  priority: 'u=1, i',
  referer: 'https://601b330f-3000.preview.abacusai.app/',
  'sec-ch-ua': '"Microsoft Edge";v="137", "Chromium";v="137", "Not/A)Brand";v="24"',
  'sec-ch-ua-mobile': '?0',
  'sec-ch-ua-platform': '"Windows"',
  'sec-fetch-dest': 'empty',
  'sec-fetch-mode': 'cors',
  'sec-fetch-site': 'same-origin',
  'sec-fetch-storage-access': 'active',
  'user-agent': 'Mozilla/5.0 (Windows NT 10.0; Win64; x64) AppleWebKit/537.36 (KHTML, like Gecko) Chrome/137.0.0.0 Safari/537.36 Edg/137.0.0.0',
  'x-abacus-service': 'chatllm-computer-601b330f-vnc.default.svc.cluster.local:3000',
  'x-envoy-expected-rq-timeout-ms': '3620000',
  'x-forwarded-for': '78.145.125.210',
  'x-forwarded-host': '601b330f-3000.preview.abacusai.app',
  'x-forwarded-port': '3000',
  'x-forwarded-proto': 'https',
  'x-request-id': '3b60a060-9a7e-4407-9e21-649f4922a6b9'
}
ðŸ”µ [AUTH-LIB] Getting session
ðŸ”µ [AUTH-LIB] Token from cookies: No token found
ðŸ”µ [AUTH-LIB] No auth token found in cookies
ðŸ”µ [AUTH-BACKEND] Session check result: No user session
ðŸŸ¢ [AUTH-BACKEND] Auth check completed successfully
ðŸ”µ [AUTH-BACKEND] Session check result: No user session
ðŸŸ¢ [AUTH-BACKEND] Auth check completed successfully
 GET /api/auth/me 200 in 60ms
 GET /api/auth/me 200 in 58ms
 GET /api/venues/featured 200 in 34ms
 GET /api/venues/featured 200 in 35ms
 âœ“ Compiled /api/auth/logout in 318ms (1046 modules)
 POST /api/auth/logout 200 in 396ms
 âœ“ Compiled /auth/login in 379ms (1055 modules)
 GET /_next/static/chunks/app/auth/login/bundle-mjs.mjs.map 404 in 40ms
 âœ“ Compiled /api/auth/login in 243ms (1046 modules)
ðŸ”µ [LOGIN-API] Login attempt started
ðŸ”µ [LOGIN-API] Request body parsed successfully
ðŸ”µ [LOGIN-API] Input validation successful for email: joncalvert2018@outlook.com
ðŸ”µ [LOGIN-API] Database query completed, user found: true
ðŸ”µ [LOGIN-API] Password verification completed: true
ðŸ”µ [LOGIN-API] Session created successfully
ðŸŸ¢ [LOGIN-API] Login successful for user: joncalvert2018@outlook.com
ðŸ”µ [LOGIN-API] Auth cookie set successfully
 POST /api/auth/login 200 in 404ms
ðŸ”µ [AUTH-LIB] Getting session
ðŸ”µ [AUTH-LIB] Token from cookies: Token found (eyJhbGciOiJIUzI1NiIs...)
ðŸ”µ [AUTH-LIB] Looking up session in database
ðŸ”µ [AUTH-LIB] Getting session
ðŸ”µ [AUTH-LIB] Token from cookies: Token found (eyJhbGciOiJIUzI1NiIs...)
ðŸ”µ [AUTH-LIB] Looking up session in database
ðŸ”µ [AUTH-LIB] Session found, checking expiration
ðŸŸ¢ [AUTH-LIB] Valid session found for user: joncalvert2018@outlook.com
ðŸ”µ [AUTH-LIB] Session found, checking expiration
ðŸŸ¢ [AUTH-LIB] Valid session found for user: joncalvert2018@outlook.com
ðŸ”µ [AUTH-LIB] Getting session
ðŸ”µ [AUTH-LIB] Token from cookies: Token found (eyJhbGciOiJIUzI1NiIs...)
ðŸ”µ [AUTH-LIB] Looking up session in database
 GET /api/venues 200 in 82ms
 GET /api/venues 200 in 77ms
ðŸ”µ [SUBSCRIPTION-API] Starting subscription request
ðŸ”µ [AUTH-LIB] Session found, checking expiration
ðŸŸ¢ [AUTH-LIB] Valid session found for user: joncalvert2018@outlook.com
 GET /api/notifications?limit=5 200 in 85ms
ðŸ”µ [SUBSCRIPTION-API] Getting subscription for user: cmbz351510000qn01ayjik433
ðŸ”µ [SUBSCRIPTION-API] Subscription data retrieved: { plan: 'PREMIUM', venuesCount: 1, hasSubscription: true }
ðŸ”µ [SUBSCRIPTION-API] Subscription summary retrieved: {
  plan: 'PREMIUM',
  venues: { used: 1, limit: null },
  features: {
    bookingsPerMonth: null,
    galleryImages: 20,
    analytics: true,
    widgets: true,
    customBranding: true,
    prioritySupport: true
  }
}
ðŸŸ¢ [SUBSCRIPTION-API] Returning successful response
 GET /api/subscriptions 200 in 93ms
ðŸ”µ [SUBSCRIPTION-API] Starting subscription request
ðŸ”µ [SUBSCRIPTION-API] Getting subscription for user: cmbz351510000qn01ayjik433
ðŸ”µ [SUBSCRIPTION-API] Subscription data retrieved: { plan: 'PREMIUM', venuesCount: 1, hasSubscription: true }
ðŸ”µ [AUTH-LIB] Getting session
ðŸ”µ [AUTH-LIB] Token from cookies: Token found (eyJhbGciOiJIUzI1NiIs...)
ðŸ”µ [AUTH-LIB] Looking up session in database
ðŸ”µ [AUTH-LIB] Session found, checking expiration
ðŸŸ¢ [AUTH-LIB] Valid session found for user: joncalvert2018@outlook.com
ðŸ”µ [SUBSCRIPTION-API] Subscription summary retrieved: {
  plan: 'PREMIUM',
  venues: { used: 1, limit: null },
  features: {
    bookingsPerMonth: null,
    galleryImages: 20,
    analytics: true,
    widgets: true,
    customBranding: true,
    prioritySupport: true
  }
}
ðŸŸ¢ [SUBSCRIPTION-API] Returning successful response
 GET /api/subscriptions 200 in 58ms
 GET /api/notifications?limit=5 200 in 54ms
 â—‹ Compiling /admin ...
 âœ“ Compiled /admin in 815ms (1986 modules)
 GET /_next/static/chunks/app/admin/bundle-mjs.mjs.map 404 in 50ms
 âœ“ Compiled /api/admin/stats in 286ms (1051 modules)
ðŸ”µ [AUTH-LIB] Getting session
ðŸ”µ [AUTH-LIB] Token from cookies: Token found (eyJhbGciOiJIUzI1NiIs...)
ðŸ”µ [AUTH-LIB] Looking up session in database
ðŸ”µ [AUTH-LIB] Session found, checking expiration
ðŸŸ¢ [AUTH-LIB] Valid session found for user: joncalvert2018@outlook.com
ðŸ”µ [ADMIN-STATS] Fetching admin statistics for user: joncalvert2018@outlook.com
ðŸŸ¢ [ADMIN-STATS] Successfully fetched admin statistics
 GET /api/admin/stats 200 in 392ms
ðŸ”µ [AUTH-LIB] Getting session
ðŸ”µ [AUTH-LIB] Token from cookies: Token found (eyJhbGciOiJIUzI1NiIs...)
ðŸ”µ [AUTH-LIB] Looking up session in database
ðŸ”µ [AUTH-LIB] Session found, checking expiration
ðŸŸ¢ [AUTH-LIB] Valid session found for user: joncalvert2018@outlook.com
ðŸ”µ [ADMIN-STATS] Fetching admin statistics for user: joncalvert2018@outlook.com
ðŸŸ¢ [ADMIN-STATS] Successfully fetched admin statistics
 GET /api/admin/stats 200 in 60ms
 â—‹ Compiling /admin/system ...
 âœ“ Compiled /admin/system in 834ms (1987 modules)
 GET /_next/static/chunks/app/admin/system/bundle-mjs.mjs.map 404 in 63ms
 âœ“ Compiled /api/admin/system/settings in 390ms (1045 modules)
ðŸ”µ [AUTH-LIB] Getting session
ðŸ”µ [AUTH-LIB] Token from cookies: Token found (eyJhbGciOiJIUzI1NiIs...)
ðŸ”µ [AUTH-LIB] Looking up session in database
ðŸ”µ [AUTH-LIB] Session found, checking expiration
ðŸŸ¢ [AUTH-LIB] Valid session found for user: joncalvert2018@outlook.com
 GET /api/admin/system/settings 200 in 472ms
ðŸ”µ [AUTH-LIB] Getting session
ðŸ”µ [AUTH-LIB] Token from cookies: Token found (eyJhbGciOiJIUzI1NiIs...)
ðŸ”µ [AUTH-LIB] Looking up session in database
ðŸ”µ [AUTH-LIB] Session found, checking expiration
ðŸŸ¢ [AUTH-LIB] Valid session found for user: joncalvert2018@outlook.com
 GET /api/admin/system/settings 200 in 35ms
 âœ“ Compiled /api/admin/system/maintenance in 331ms (980 modules)
ðŸ”µ [AUTH-LIB] Getting session
ðŸ”µ [AUTH-LIB] Token from cookies: Token found (eyJhbGciOiJIUzI1NiIs...)
ðŸ”µ [AUTH-LIB] Looking up session in database
ðŸ”µ [AUTH-LIB] Session found, checking expiration
ðŸŸ¢ [AUTH-LIB] Valid session found for user: joncalvert2018@outlook.com
ðŸ”§ [ADMIN] Starting database maintenance...
ðŸ—‘ï¸ [ADMIN] Cleaned up 0 expired sessions
ðŸ—‘ï¸ [ADMIN] Cleaned up 0 old notifications
ðŸ“Š [ADMIN] Updating analytics cache...
âœ… [ADMIN] Database maintenance completed successfully
 POST /api/admin/system/maintenance 200 in 2406ms
 âœ“ Compiled /api/admin/system/cache in 211ms (770 modules)
ðŸ”µ [AUTH-LIB] Getting session
ðŸ”µ [AUTH-LIB] Token from cookies: Token found (eyJhbGciOiJIUzI1NiIs...)
ðŸ”µ [AUTH-LIB] Looking up session in database
ðŸ”µ [AUTH-LIB] Session found, checking expiration
ðŸŸ¢ [AUTH-LIB] Valid session found for user: joncalvert2018@outlook.com
ðŸ§¹ [ADMIN] Clearing system cache...
âœ… [ADMIN] System cache cleared successfully
 DELETE /api/admin/system/cache 200 in 1282ms
 GET / 200 in 133ms
 GET / 200 in 47ms
 GET / 200 in 49ms
 âœ“ Compiled /api/auth/me in 331ms (676 modules)
 âœ“ Compiled (765 modules)
ðŸ”µ [AUTH-BACKEND] Auth check request received
ðŸ”µ [AUTH-BACKEND] Request headers: {
  accept: '*/*',
  'accept-encoding': 'gzip, br',
  'accept-language': 'en-US,en;q=0.9,en-GB;q=0.8',
  'cdn-loop': 'cloudflare; loops=1',
  'cf-connecting-ip': '78.145.125.210',
  'cf-ipcountry': 'GB',
  'cf-ray': '951937396c750763-MAN',
  'cf-visitor': '{"scheme":"https"}',
  'content-type': 'application/json',
  host: 'chatllm-computer-601b330f-vnc.default.svc.cluster.local:3000',
  priority: 'u=1, i',
  referer: 'https://601b330f-3000.preview.abacusai.app/',
  'sec-ch-ua': '"Microsoft Edge";v="137", "Chromium";v="137", "Not/A)Brand";v="24"',
  'sec-ch-ua-mobile': '?0',
  'sec-ch-ua-platform': '"Windows"',
  'sec-fetch-dest': 'empty',
  'sec-fetch-mode': 'cors',
  'sec-fetch-site': 'same-origin',
  'sec-fetch-storage-access': 'active',
  'user-agent': 'Mozilla/5.0 (Windows NT 10.0; Win64; x64) AppleWebKit/537.36 (KHTML, like Gecko) Chrome/137.0.0.0 Safari/537.36 Edg/137.0.0.0',
  'x-abacus-service': 'chatllm-computer-601b330f-vnc.default.svc.cluster.local:3000',
  'x-envoy-expected-rq-timeout-ms': '3620000',
  'x-forwarded-for': '78.145.125.210',
  'x-forwarded-host': '601b330f-3000.preview.abacusai.app',
  'x-forwarded-port': '3000',
  'x-forwarded-proto': 'https',
  'x-request-id': '69bbcf32-88a9-4bd9-a0e9-b8c8e77386c7'
}
ðŸ”µ [AUTH-LIB] Getting session
ðŸ”µ [AUTH-LIB] Token from cookies: No token found
ðŸ”µ [AUTH-LIB] No auth token found in cookies
ðŸ”µ [AUTH-BACKEND] Auth check request received
ðŸ”µ [AUTH-BACKEND] Request headers: {
  accept: '*/*',
  'accept-encoding': 'gzip, br',
  'accept-language': 'en-US,en;q=0.9,en-GB;q=0.8',
  'cdn-loop': 'cloudflare; loops=1',
  'cf-connecting-ip': '78.145.125.210',
  'cf-ipcountry': 'GB',
  'cf-ray': '951937396c7a0763-MAN',
  'cf-visitor': '{"scheme":"https"}',
  'content-type': 'application/json',
  host: 'chatllm-computer-601b330f-vnc.default.svc.cluster.local:3000',
  priority: 'u=1, i',
  referer: 'https://601b330f-3000.preview.abacusai.app/',
  'sec-ch-ua': '"Microsoft Edge";v="137", "Chromium";v="137", "Not/A)Brand";v="24"',
  'sec-ch-ua-mobile': '?0',
  'sec-ch-ua-platform': '"Windows"',
  'sec-fetch-dest': 'empty',
  'sec-fetch-mode': 'cors',
  'sec-fetch-site': 'same-origin',
  'sec-fetch-storage-access': 'active',
  'user-agent': 'Mozilla/5.0 (Windows NT 10.0; Win64; x64) AppleWebKit/537.36 (KHTML, like Gecko) Chrome/137.0.0.0 Safari/537.36 Edg/137.0.0.0',
  'x-abacus-service': 'chatllm-computer-601b330f-vnc.default.svc.cluster.local:3000',
  'x-envoy-expected-rq-timeout-ms': '3620000',
  'x-forwarded-for': '78.145.125.210',
  'x-forwarded-host': '601b330f-3000.preview.abacusai.app',
  'x-forwarded-port': '3000',
  'x-forwarded-proto': 'https',
  'x-request-id': '0b93ff9b-31e4-4d89-94c2-44ce7bee8842'
}
ðŸ”µ [AUTH-LIB] Getting session
ðŸ”µ [AUTH-LIB] Token from cookies: No token found
ðŸ”µ [AUTH-LIB] No auth token found in cookies
ðŸ”µ [AUTH-BACKEND] Session check result: No user session
ðŸŸ¢ [AUTH-BACKEND] Auth check completed successfully
ðŸ”µ [AUTH-BACKEND] Session check result: No user session
ðŸŸ¢ [AUTH-BACKEND] Auth check completed successfully
 GET /api/auth/me 200 in 694ms
 GET /api/auth/me 200 in 694ms
 GET /api/venues/featured 200 in 699ms
 GET /api/venues/featured 200 in 39ms
 âœ“ Compiled /api/admin/stats in 291ms (763 modules)
ðŸ”µ [AUTH-LIB] Getting session
ðŸ”µ [AUTH-LIB] Token from cookies: Token found (eyJhbGciOiJIUzI1NiIs...)
ðŸ”µ [AUTH-LIB] Looking up session in database
ðŸ”µ [AUTH-LIB] Session found, checking expiration
ðŸŸ¢ [AUTH-LIB] Valid session found for user: joncalvert2018@outlook.com
ðŸ”µ [ADMIN-STATS] Fetching admin statistics for user: joncalvert2018@outlook.com
ðŸŸ¢ [ADMIN-STATS] Successfully fetched admin statistics
 GET /api/admin/stats 200 in 390ms
ðŸ”µ [AUTH-LIB] Getting session
ðŸ”µ [AUTH-LIB] Token from cookies: Token found (eyJhbGciOiJIUzI1NiIs...)
ðŸ”µ [AUTH-LIB] Looking up session in database
ðŸ”µ [AUTH-LIB] Session found, checking expiration
ðŸŸ¢ [AUTH-LIB] Valid session found for user: joncalvert2018@outlook.com
ðŸ”µ [ADMIN-STATS] Fetching admin statistics for user: joncalvert2018@outlook.com
ðŸŸ¢ [ADMIN-STATS] Successfully fetched admin statistics
 GET /api/admin/stats 200 in 46ms
 âœ“ Compiled in 1646ms (1599 modules)
 âœ“ Compiled in 301ms (943 modules)
 âœ“ Compiled in 525ms (955 modules)
 âœ“ Compiled in 594ms (955 modules)
 âœ“ Compiled in 393ms (955 modules)
 âœ“ Compiled in 576ms (955 modules)
 â—‹ Compiling /api/stripe/config ...
 âœ“ Compiled /api/stripe/config in 757ms (876 modules)
 GET /api/stripe/config 200 in 927ms
 âœ“ Compiled /api/subscriptions/create-checkout in 488ms (966 modules)
 POST /api/subscriptions/create-checkout 401 in 646ms
 âœ“ Compiled /api/subscriptions/webhook in 228ms (968 modules)
Received webhook event: customer.subscription.created
 POST /api/subscriptions/webhook 200 in 317ms
 â—‹ Compiling /_not-found ...
 âœ“ Compiled /_not-found in 866ms (1591 modules)
 GET /admin 404 in 1019ms
 GET /_next/static/css/app/layout.css?v=1750234529577 404 in 44ms
 GET /_next/static/chunks/app-pages-internals.js 404 in 41ms
 GET /_next/static/chunks/main-app.js?v=1750234529577 404 in 33ms
 GET /_next/static/chunks/app/layout.js 404 in 22ms
 GET / 404 in 62ms
 GET /_next/static/chunks/app/layout.js 404 in 21ms
 GET /_next/static/css/app/layout.css?v=1750234553918 404 in 25ms
 GET /_next/static/chunks/main-app.js?v=1750234553918 404 in 32ms
 GET /_next/static/chunks/app-pages-internals.js 404 in 30ms
 GET / 404 in 51ms
 GET / 404 in 50ms
 GET / 404 in 49ms
 GET /_next/static/chunks/main-app.js?v=1750234563837 404 in 45ms
 GET /_next/static/chunks/app-pages-internals.js 404 in 43ms
 GET /_next/static/css/app/layout.css?v=1750234563837 404 in 40ms
 GET /_next/static/chunks/app/layout.js 404 in 22ms
 GET / 404 in 49ms
 GET / 404 in 48ms
 GET / 404 in 52ms
 GET / 404 in 49ms
 GET / 404 in 49ms
 GET / 404 in 52ms
 GET / 404 in 50ms
 GET / 404 in 50ms
 GET / 404 in 51ms
