  ▲ Next.js 14.2.28
  - Local:        http://localhost:3000
  - Environments: .env
  - Experiments (use with caution):
    · outputFileTracingRoot

 ✓ Starting...
 ✓ Ready in 1906ms
 ○ Compiling / ...
 ✓ Compiled / in 3.8s (1183 modules)
 GET / 200 in 4395ms
 ✓ Compiled in 527ms (593 modules)
 ○ Compiling /api/auth/me ...
 ✓ Compiled /api/auth/me in 2.2s (702 modules)
 ○ Compiling /_error ...
 ✓ Compiled /_error in 1155ms (1510 modules)
 GET /api/auth/me 500 in 3823ms
 GET /api/auth/me 500 in 3818ms
 ○ Compiling /auth/register ...
 ✓ Compiled /auth/register in 1795ms (1727 modules)
 GET /auth/login 200 in 2094ms
 GET /auth/register 200 in 2073ms
 GET /my-bookings 200 in 2097ms
 GET /book 200 in 2087ms
 GET /venues 200 in 2103ms
 GET /api/auth/me 500 in 128ms
 ○ Compiling /api/public/venues ...
 ✓ Compiled /api/public/venues in 560ms (1729 modules)
 GET /api/auth/me 500 in 751ms
 GET /api/auth/me 500 in 733ms
 GET /api/auth/me 500 in 732ms
 GET /api/auth/me 500 in 731ms
 GET /api/auth/me 500 in 731ms
 GET /api/auth/me 500 in 745ms
 GET /api/auth/me 500 in 733ms
 GET /api/public/venues 500 in 805ms
 GET /api/public/venues?page=1&limit=12 500 in 750ms
 GET /api/auth/me 500 in 740ms
 GET /api/auth/me 500 in 750ms
 GET /api/public/venues 500 in 53ms
 GET /api/public/venues?page=1&limit=12 500 in 68ms
 GET / 200 in 63ms
 GET /api/auth/me 500 in 58ms
 GET /api/auth/me 500 in 71ms
 GET / 200 in 160ms
 GET /auth/register 200 in 165ms
 GET /my-bookings 200 in 165ms
 GET /book 200 in 167ms
 GET /venues 200 in 170ms
 GET /auth/login 200 in 170ms
 ○ Compiling /admin ...
 ✓ Compiled /admin in 897ms (1743 modules)
 GET /admin 200 in 1034ms
 GET /api/auth/me 500 in 77ms
 GET /api/auth/me 500 in 91ms
 ○ Compiling /dashboard ...
 ✓ Compiled /dashboard in 717ms (1774 modules)
 GET /auth/login 200 in 59ms
 GET /api/auth/me 500 in 78ms
 GET /api/auth/me 500 in 86ms
 ✓ Compiled /api/auth/login in 304ms (872 modules)
 POST /api/auth/login 500 in 373ms
[?25h
