  ▲ Next.js 14.2.28
  - Local:        http://localhost:3000
  - Environments: .env
  - Experiments (use with caution):
    · outputFileTracingRoot

 ✓ Starting...
 ✓ Ready in 1839ms
 ○ Compiling / ...
 ✓ Compiled / in 2.8s (1180 modules)
 GET / 200 in 3220ms
 GET / 200 in 3458ms
 ✓ Compiled in 622ms (595 modules)
 GET / 200 in 55ms
 ✓ Compiled /api/auth/me in 355ms (617 modules)
 ✓ Compiled (706 modules)
🔵 [AUTH-BACKEND] Auth check request received
🔵 [AUTH-BACKEND] Request headers: {
  accept: '*/*',
  'accept-encoding': 'gzip, br',
  'accept-language': 'en-GB,en;q=0.9,en-US;q=0.8',
  'cdn-loop': 'cloudflare; loops=1',
  'cf-connecting-ip': '176.35.55.181',
  'cf-ipcountry': 'GB',
  'cf-ray': '95126c486f5148b3-LHR',
  'cf-visitor': '{"scheme":"https"}',
  'content-type': 'application/json',
  host: 'chatllm-computer-601b330f-vnc.default.svc.cluster.local:3000',
  priority: 'u=1, i',
  referer: 'https://601b330f.preview.abacusai.app/',
  'sec-ch-ua': '"Microsoft Edge";v="137", "Chromium";v="137", "Not/A)Brand";v="24"',
  'sec-ch-ua-mobile': '?0',
  'sec-ch-ua-platform': '"Windows"',
  'sec-fetch-dest': 'empty',
  'sec-fetch-mode': 'cors',
  'sec-fetch-site': 'same-origin',
  'sec-fetch-storage-access': 'active',
  'user-agent': 'Mozilla/5.0 (Windows NT 10.0; Win64; x64) AppleWebKit/537.36 (KHTML, like Gecko) Chrome/137.0.0.0 Safari/537.36 Edg/137.0.0.0',
  'x-abacus-service': 'chatllm-computer-601b330f-vnc.default.svc.cluster.local:3000',
  'x-envoy-expected-rq-timeout-ms': '3620000',
  'x-forwarded-for': '176.35.55.181',
  'x-forwarded-host': '601b330f.preview.abacusai.app',
  'x-forwarded-port': '3000',
  'x-forwarded-proto': 'https',
  'x-request-id': 'c93d554d-cfda-429e-96c1-ad967c07ae19'
}
🔵 [AUTH-LIB] Getting session
🔵 [AUTH-LIB] Token from cookies: No token found
🔵 [AUTH-LIB] No auth token found in cookies
🔵 [AUTH-BACKEND] Auth check request received
🔵 [AUTH-BACKEND] Request headers: {
  accept: '*/*',
  'accept-encoding': 'gzip, br',
  'accept-language': 'en-GB,en;q=0.9,en-US;q=0.8',
  'cdn-loop': 'cloudflare; loops=1',
  'cf-connecting-ip': '176.35.55.181',
  'cf-ipcountry': 'GB',
  'cf-ray': '95126c486f4e48b3-LHR',
  'cf-visitor': '{"scheme":"https"}',
  'content-type': 'application/json',
  host: 'chatllm-computer-601b330f-vnc.default.svc.cluster.local:3000',
  priority: 'u=1, i',
  referer: 'https://601b330f.preview.abacusai.app/',
  'sec-ch-ua': '"Microsoft Edge";v="137", "Chromium";v="137", "Not/A)Brand";v="24"',
  'sec-ch-ua-mobile': '?0',
  'sec-ch-ua-platform': '"Windows"',
  'sec-fetch-dest': 'empty',
  'sec-fetch-mode': 'cors',
  'sec-fetch-site': 'same-origin',
  'sec-fetch-storage-access': 'active',
  'user-agent': 'Mozilla/5.0 (Windows NT 10.0; Win64; x64) AppleWebKit/537.36 (KHTML, like Gecko) Chrome/137.0.0.0 Safari/537.36 Edg/137.0.0.0',
  'x-abacus-service': 'chatllm-computer-601b330f-vnc.default.svc.cluster.local:3000',
  'x-envoy-expected-rq-timeout-ms': '3620000',
  'x-forwarded-for': '176.35.55.181',
  'x-forwarded-host': '601b330f.preview.abacusai.app',
  'x-forwarded-port': '3000',
  'x-forwarded-proto': 'https',
  'x-request-id': '9c9d7b04-966d-4b6d-a926-13d6cd99251b'
}
🔵 [AUTH-LIB] Getting session
🔵 [AUTH-LIB] Token from cookies: No token found
🔵 [AUTH-LIB] No auth token found in cookies
🔵 [AUTH-BACKEND] Auth check request received
🔵 [AUTH-BACKEND] Request headers: {
  accept: '*/*',
  'accept-encoding': 'gzip, br',
  'accept-language': 'en-GB,en;q=0.9,en-US;q=0.8',
  'cdn-loop': 'cloudflare; loops=1',
  'cf-connecting-ip': '176.35.55.181',
  'cf-ipcountry': 'GB',
  'cf-ray': '95126c49bffd48b3-LHR',
  'cf-visitor': '{"scheme":"https"}',
  'content-type': 'application/json',
  host: 'chatllm-computer-601b330f-vnc.default.svc.cluster.local:3000',
  priority: 'u=1, i',
  referer: 'https://601b330f.preview.abacusai.app/',
  'sec-ch-ua': '"Microsoft Edge";v="137", "Chromium";v="137", "Not/A)Brand";v="24"',
  'sec-ch-ua-mobile': '?0',
  'sec-ch-ua-platform': '"Windows"',
  'sec-fetch-dest': 'empty',
  'sec-fetch-mode': 'cors',
  'sec-fetch-site': 'same-origin',
  'sec-fetch-storage-access': 'active',
  'user-agent': 'Mozilla/5.0 (Windows NT 10.0; Win64; x64) AppleWebKit/537.36 (KHTML, like Gecko) Chrome/137.0.0.0 Safari/537.36 Edg/137.0.0.0',
  'x-abacus-service': 'chatllm-computer-601b330f-vnc.default.svc.cluster.local:3000',
  'x-envoy-expected-rq-timeout-ms': '3620000',
  'x-forwarded-for': '176.35.55.181',
  'x-forwarded-host': '601b330f.preview.abacusai.app',
  'x-forwarded-port': '3000',
  'x-forwarded-proto': 'https',
  'x-request-id': 'ae0abbe9-d91d-4ba1-8f1c-affd8e26612a'
}
🔵 [AUTH-LIB] Getting session
🔵 [AUTH-LIB] Token from cookies: No token found
🔵 [AUTH-LIB] No auth token found in cookies
🔵 [AUTH-BACKEND] Auth check request received
🔵 [AUTH-BACKEND] Request headers: {
  accept: '*/*',
  'accept-encoding': 'gzip, br',
  'accept-language': 'en-GB,en;q=0.9,en-US;q=0.8',
  'cdn-loop': 'cloudflare; loops=1',
  'cf-connecting-ip': '176.35.55.181',
  'cf-ipcountry': 'GB',
  'cf-ray': '95126c49c80448b3-LHR',
  'cf-visitor': '{"scheme":"https"}',
  'content-type': 'application/json',
  host: 'chatllm-computer-601b330f-vnc.default.svc.cluster.local:3000',
  priority: 'u=1, i',
  referer: 'https://601b330f.preview.abacusai.app/',
  'sec-ch-ua': '"Microsoft Edge";v="137", "Chromium";v="137", "Not/A)Brand";v="24"',
  'sec-ch-ua-mobile': '?0',
  'sec-ch-ua-platform': '"Windows"',
  'sec-fetch-dest': 'empty',
  'sec-fetch-mode': 'cors',
  'sec-fetch-site': 'same-origin',
  'sec-fetch-storage-access': 'active',
  'user-agent': 'Mozilla/5.0 (Windows NT 10.0; Win64; x64) AppleWebKit/537.36 (KHTML, like Gecko) Chrome/137.0.0.0 Safari/537.36 Edg/137.0.0.0',
  'x-abacus-service': 'chatllm-computer-601b330f-vnc.default.svc.cluster.local:3000',
  'x-envoy-expected-rq-timeout-ms': '3620000',
  'x-forwarded-for': '176.35.55.181',
  'x-forwarded-host': '601b330f.preview.abacusai.app',
  'x-forwarded-port': '3000',
  'x-forwarded-proto': 'https',
  'x-request-id': '070f695c-4e5f-4553-a496-a8b0ab5c34ad'
}
🔵 [AUTH-LIB] Getting session
🔵 [AUTH-LIB] Token from cookies: No token found
🔵 [AUTH-LIB] No auth token found in cookies
🔵 [AUTH-BACKEND] Session check result: No user session
🟢 [AUTH-BACKEND] Auth check completed successfully
🔵 [AUTH-BACKEND] Session check result: No user session
🟢 [AUTH-BACKEND] Auth check completed successfully
🔵 [AUTH-BACKEND] Session check result: No user session
🟢 [AUTH-BACKEND] Auth check completed successfully
🔵 [AUTH-BACKEND] Session check result: No user session
🟢 [AUTH-BACKEND] Auth check completed successfully
 GET /api/auth/me 200 in 767ms
 GET /api/auth/me 200 in 766ms
 GET /api/auth/me 200 in 568ms
 GET /api/auth/me 200 in 541ms
 GET /api/venues/featured 200 in 894ms
 ✓ Compiled /api/auth/login in 211ms (710 modules)
🔵 [LOGIN-API] Login attempt started
🔵 [LOGIN-API] Request body parsed successfully
🔵 [LOGIN-API] Input validation successful for email: joncalvert2018@outlook.com
🔵 [LOGIN-API] Database query completed, user found: true
🔵 [LOGIN-API] Password verification completed: true
🔵 [LOGIN-API] Session created successfully
🟢 [LOGIN-API] Login successful for user: joncalvert2018@outlook.com
🔵 [LOGIN-API] Auth cookie set successfully
 POST /api/auth/login 200 in 404ms
 GET /api/venues/featured 200 in 203ms
 ○ Compiling /dashboard ...
 ✓ Compiled /dashboard in 746ms (1326 modules)
 GET /api/venues/featured 200 in 623ms
 GET /dashboard 200 in 910ms
 ○ Compiling /admin ...
 ✓ Compiled /admin in 580ms (1342 modules)
 GET /api/venues/featured 200 in 553ms
 GET /admin 200 in 687ms
 GET / 200 in 54ms
 GET / 200 in 50ms
🔵 [AUTH-BACKEND] Auth check request received
🔵 [AUTH-BACKEND] Request headers: {
  accept: '*/*',
  'accept-encoding': 'gzip, br',
  'accept-language': 'en-GB,en;q=0.9,en-US;q=0.8',
  'cdn-loop': 'cloudflare; loops=1',
  'cf-connecting-ip': '176.35.55.181',
  'cf-ipcountry': 'GB',
  'cf-ray': '95126c6bd86d48b3-LHR',
  'cf-visitor': '{"scheme":"https"}',
  'content-type': 'application/json',
  host: 'chatllm-computer-601b330f-vnc.default.svc.cluster.local:3000',
  priority: 'u=1, i',
  referer: 'https://601b330f.preview.abacusai.app/',
  'sec-ch-ua': '"Microsoft Edge";v="137", "Chromium";v="137", "Not/A)Brand";v="24"',
  'sec-ch-ua-mobile': '?0',
  'sec-ch-ua-platform': '"Windows"',
  'sec-fetch-dest': 'empty',
  'sec-fetch-mode': 'cors',
  'sec-fetch-site': 'same-origin',
  'sec-fetch-storage-access': 'active',
  'user-agent': 'Mozilla/5.0 (Windows NT 10.0; Win64; x64) AppleWebKit/537.36 (KHTML, like Gecko) Chrome/137.0.0.0 Safari/537.36 Edg/137.0.0.0',
  'x-abacus-service': 'chatllm-computer-601b330f-vnc.default.svc.cluster.local:3000',
  'x-envoy-expected-rq-timeout-ms': '3620000',
  'x-forwarded-for': '176.35.55.181',
  'x-forwarded-host': '601b330f.preview.abacusai.app',
  'x-forwarded-port': '3000',
  'x-forwarded-proto': 'https',
  'x-request-id': '79ca1af6-423e-4e8d-ac9a-8a0bcc13e1b9'
}
🔵 [AUTH-LIB] Getting session
🔵 [AUTH-LIB] Token from cookies: No token found
🔵 [AUTH-LIB] No auth token found in cookies
🔵 [AUTH-BACKEND] Auth check request received
🔵 [AUTH-BACKEND] Request headers: {
  accept: '*/*',
  'accept-encoding': 'gzip, br',
  'accept-language': 'en-GB,en;q=0.9,en-US;q=0.8',
  'cdn-loop': 'cloudflare; loops=1',
  'cf-connecting-ip': '176.35.55.181',
  'cf-ipcountry': 'GB',
  'cf-ray': '95126c6bd86848b3-LHR',
  'cf-visitor': '{"scheme":"https"}',
  'content-type': 'application/json',
  host: 'chatllm-computer-601b330f-vnc.default.svc.cluster.local:3000',
  priority: 'u=1, i',
  referer: 'https://601b330f.preview.abacusai.app/',
  'sec-ch-ua': '"Microsoft Edge";v="137", "Chromium";v="137", "Not/A)Brand";v="24"',
  'sec-ch-ua-mobile': '?0',
  'sec-ch-ua-platform': '"Windows"',
  'sec-fetch-dest': 'empty',
  'sec-fetch-mode': 'cors',
  'sec-fetch-site': 'same-origin',
  'sec-fetch-storage-access': 'active',
  'user-agent': 'Mozilla/5.0 (Windows NT 10.0; Win64; x64) AppleWebKit/537.36 (KHTML, like Gecko) Chrome/137.0.0.0 Safari/537.36 Edg/137.0.0.0',
  'x-abacus-service': 'chatllm-computer-601b330f-vnc.default.svc.cluster.local:3000',
  'x-envoy-expected-rq-timeout-ms': '3620000',
  'x-forwarded-for': '176.35.55.181',
  'x-forwarded-host': '601b330f.preview.abacusai.app',
  'x-forwarded-port': '3000',
  'x-forwarded-proto': 'https',
  'x-request-id': '27e80111-6b0b-4246-8a9f-214605535fd0'
}
🔵 [AUTH-LIB] Getting session
🔵 [AUTH-LIB] Token from cookies: No token found
🔵 [AUTH-LIB] No auth token found in cookies
🔵 [AUTH-BACKEND] Session check result: No user session
🟢 [AUTH-BACKEND] Auth check completed successfully
🔵 [AUTH-BACKEND] Session check result: No user session
🟢 [AUTH-BACKEND] Auth check completed successfully
 GET /api/auth/me 200 in 81ms
 GET /api/auth/me 200 in 72ms
 GET /api/venues/featured 200 in 90ms
 GET / 200 in 47ms
 ✓ Compiled /api/venues in 221ms (739 modules)
🔵 [AUTH-BACKEND] Auth check request received
🔵 [AUTH-BACKEND] Request headers: {
  accept: '*/*',
  'accept-encoding': 'gzip, br',
  'accept-language': 'en-GB,en;q=0.9,en-US;q=0.8',
  'cdn-loop': 'cloudflare; loops=1',
  'cf-connecting-ip': '176.35.55.181',
  'cf-ipcountry': 'GB',
  'cf-ray': '95126c743c9c48b3-LHR',
  'cf-visitor': '{"scheme":"https"}',
  'content-type': 'application/json',
  host: 'chatllm-computer-601b330f-vnc.default.svc.cluster.local:3000',
  priority: 'u=1, i',
  referer: 'https://601b330f.preview.abacusai.app/',
  'sec-ch-ua': '"Microsoft Edge";v="137", "Chromium";v="137", "Not/A)Brand";v="24"',
  'sec-ch-ua-mobile': '?0',
  'sec-ch-ua-platform': '"Windows"',
  'sec-fetch-dest': 'empty',
  'sec-fetch-mode': 'cors',
  'sec-fetch-site': 'same-origin',
  'sec-fetch-storage-access': 'active',
  'user-agent': 'Mozilla/5.0 (Windows NT 10.0; Win64; x64) AppleWebKit/537.36 (KHTML, like Gecko) Chrome/137.0.0.0 Safari/537.36 Edg/137.0.0.0',
  'x-abacus-service': 'chatllm-computer-601b330f-vnc.default.svc.cluster.local:3000',
  'x-envoy-expected-rq-timeout-ms': '3620000',
  'x-forwarded-for': '176.35.55.181',
  'x-forwarded-host': '601b330f.preview.abacusai.app',
  'x-forwarded-port': '3000',
  'x-forwarded-proto': 'https',
  'x-request-id': 'd13b3aaa-1982-4676-8ea1-b15f53ebf602'
}
🔵 [AUTH-LIB] Getting session
🔵 [AUTH-LIB] Token from cookies: No token found
🔵 [AUTH-LIB] No auth token found in cookies
🔵 [AUTH-BACKEND] Auth check request received
🔵 [AUTH-BACKEND] Request headers: {
  accept: '*/*',
  'accept-encoding': 'gzip, br',
  'accept-language': 'en-GB,en;q=0.9,en-US;q=0.8',
  'cdn-loop': 'cloudflare; loops=1',
  'cf-connecting-ip': '176.35.55.181',
  'cf-ipcountry': 'GB',
  'cf-ray': '95126c742c9a48b3-LHR',
  'cf-visitor': '{"scheme":"https"}',
  'content-type': 'application/json',
  host: 'chatllm-computer-601b330f-vnc.default.svc.cluster.local:3000',
  priority: 'u=1, i',
  referer: 'https://601b330f.preview.abacusai.app/',
  'sec-ch-ua': '"Microsoft Edge";v="137", "Chromium";v="137", "Not/A)Brand";v="24"',
  'sec-ch-ua-mobile': '?0',
  'sec-ch-ua-platform': '"Windows"',
  'sec-fetch-dest': 'empty',
  'sec-fetch-mode': 'cors',
  'sec-fetch-site': 'same-origin',
  'sec-fetch-storage-access': 'active',
  'user-agent': 'Mozilla/5.0 (Windows NT 10.0; Win64; x64) AppleWebKit/537.36 (KHTML, like Gecko) Chrome/137.0.0.0 Safari/537.36 Edg/137.0.0.0',
  'x-abacus-service': 'chatllm-computer-601b330f-vnc.default.svc.cluster.local:3000',
  'x-envoy-expected-rq-timeout-ms': '3620000',
  'x-forwarded-for': '176.35.55.181',
  'x-forwarded-host': '601b330f.preview.abacusai.app',
  'x-forwarded-port': '3000',
  'x-forwarded-proto': 'https',
  'x-request-id': 'f6afd896-5a92-4da4-98be-12e0b8752def'
}
🔵 [AUTH-LIB] Getting session
🔵 [AUTH-LIB] Token from cookies: No token found
🔵 [AUTH-LIB] No auth token found in cookies
🔵 [AUTH-BACKEND] Session check result: No user session
🟢 [AUTH-BACKEND] Auth check completed successfully
🔵 [AUTH-BACKEND] Session check result: No user session
🟢 [AUTH-BACKEND] Auth check completed successfully
 GET /api/auth/me 200 in 420ms
 GET /api/auth/me 200 in 414ms
🔵 [AUTH-LIB] Getting session
🔵 [AUTH-LIB] Token from cookies: Token found (eyJhbGciOiJIUzI1NiIs...)
🔵 [AUTH-LIB] Looking up session in database
 GET /api/venues/featured 200 in 438ms
🔵 [AUTH-LIB] Session found, checking expiration
🟢 [AUTH-LIB] Valid session found for user: joncalvert2018@outlook.com
 GET /api/venues 200 in 475ms
 GET /api/venues/featured 200 in 38ms
 GET / 200 in 64ms
 GET / 200 in 48ms
 GET /api/venues/featured 200 in 56ms
🔵 [AUTH-BACKEND] Auth check request received
🔵 [AUTH-BACKEND] Request headers: {
  accept: '*/*',
  'accept-encoding': 'gzip, br',
  'accept-language': 'en-GB,en;q=0.9,en-US;q=0.8',
  'cdn-loop': 'cloudflare; loops=1',
  'cf-connecting-ip': '176.35.55.181',
  'cf-ipcountry': 'GB',
  'cf-ray': '95126c8ae8b348b3-LHR',
  'cf-visitor': '{"scheme":"https"}',
  'content-type': 'application/json',
  host: 'chatllm-computer-601b330f-vnc.default.svc.cluster.local:3000',
  priority: 'u=1, i',
  referer: 'https://601b330f.preview.abacusai.app/',
  'sec-ch-ua': '"Microsoft Edge";v="137", "Chromium";v="137", "Not/A)Brand";v="24"',
  'sec-ch-ua-mobile': '?0',
  'sec-ch-ua-platform': '"Windows"',
  'sec-fetch-dest': 'empty',
  'sec-fetch-mode': 'cors',
  'sec-fetch-site': 'same-origin',
  'sec-fetch-storage-access': 'active',
  'user-agent': 'Mozilla/5.0 (Windows NT 10.0; Win64; x64) AppleWebKit/537.36 (KHTML, like Gecko) Chrome/137.0.0.0 Safari/537.36 Edg/137.0.0.0',
  'x-abacus-service': 'chatllm-computer-601b330f-vnc.default.svc.cluster.local:3000',
  'x-envoy-expected-rq-timeout-ms': '3620000',
  'x-forwarded-for': '176.35.55.181',
  'x-forwarded-host': '601b330f.preview.abacusai.app',
  'x-forwarded-port': '3000',
  'x-forwarded-proto': 'https',
  'x-request-id': 'c69d3f72-6306-4d57-aa7d-8b4091aad7a6'
}
🔵 [AUTH-LIB] Getting session
🔵 [AUTH-LIB] Token from cookies: No token found
🔵 [AUTH-LIB] No auth token found in cookies
🔵 [AUTH-BACKEND] Auth check request received
🔵 [AUTH-BACKEND] Request headers: {
  accept: '*/*',
  'accept-encoding': 'gzip, br',
  'accept-language': 'en-GB,en;q=0.9,en-US;q=0.8',
  'cdn-loop': 'cloudflare; loops=1',
  'cf-connecting-ip': '176.35.55.181',
  'cf-ipcountry': 'GB',
  'cf-ray': '95126c8ae8b648b3-LHR',
  'cf-visitor': '{"scheme":"https"}',
  'content-type': 'application/json',
  host: 'chatllm-computer-601b330f-vnc.default.svc.cluster.local:3000',
  priority: 'u=1, i',
  referer: 'https://601b330f.preview.abacusai.app/',
  'sec-ch-ua': '"Microsoft Edge";v="137", "Chromium";v="137", "Not/A)Brand";v="24"',
  'sec-ch-ua-mobile': '?0',
  'sec-ch-ua-platform': '"Windows"',
  'sec-fetch-dest': 'empty',
  'sec-fetch-mode': 'cors',
  'sec-fetch-site': 'same-origin',
  'sec-fetch-storage-access': 'active',
  'user-agent': 'Mozilla/5.0 (Windows NT 10.0; Win64; x64) AppleWebKit/537.36 (KHTML, like Gecko) Chrome/137.0.0.0 Safari/537.36 Edg/137.0.0.0',
  'x-abacus-service': 'chatllm-computer-601b330f-vnc.default.svc.cluster.local:3000',
  'x-envoy-expected-rq-timeout-ms': '3620000',
  'x-forwarded-for': '176.35.55.181',
  'x-forwarded-host': '601b330f.preview.abacusai.app',
  'x-forwarded-port': '3000',
  'x-forwarded-proto': 'https',
  'x-request-id': 'f55d0b91-e336-43cd-94c5-f8cdb511eb12'
}
🔵 [AUTH-LIB] Getting session
🔵 [AUTH-LIB] Token from cookies: No token found
🔵 [AUTH-LIB] No auth token found in cookies
🔵 [AUTH-BACKEND] Session check result: No user session
🟢 [AUTH-BACKEND] Auth check completed successfully
🔵 [AUTH-BACKEND] Session check result: No user session
🟢 [AUTH-BACKEND] Auth check completed successfully
 GET /api/auth/me 200 in 59ms
 GET /api/auth/me 200 in 59ms
 GET / 200 in 46ms
 GET /api/venues/featured 200 in 51ms
🔵 [AUTH-BACKEND] Auth check request received
🔵 [AUTH-BACKEND] Request headers: {
  accept: '*/*',
  'accept-encoding': 'gzip, br',
  'accept-language': 'en-GB,en;q=0.9,en-US;q=0.8',
  'cdn-loop': 'cloudflare; loops=1',
  'cf-connecting-ip': '176.35.55.181',
  'cf-ipcountry': 'GB',
  'cf-ray': '95126c91cc2148b3-LHR',
  'cf-visitor': '{"scheme":"https"}',
  'content-type': 'application/json',
  host: 'chatllm-computer-601b330f-vnc.default.svc.cluster.local:3000',
  priority: 'u=1, i',
  referer: 'https://601b330f.preview.abacusai.app/',
  'sec-ch-ua': '"Microsoft Edge";v="137", "Chromium";v="137", "Not/A)Brand";v="24"',
  'sec-ch-ua-mobile': '?0',
  'sec-ch-ua-platform': '"Windows"',
  'sec-fetch-dest': 'empty',
  'sec-fetch-mode': 'cors',
  'sec-fetch-site': 'same-origin',
  'sec-fetch-storage-access': 'active',
  'user-agent': 'Mozilla/5.0 (Windows NT 10.0; Win64; x64) AppleWebKit/537.36 (KHTML, like Gecko) Chrome/137.0.0.0 Safari/537.36 Edg/137.0.0.0',
  'x-abacus-service': 'chatllm-computer-601b330f-vnc.default.svc.cluster.local:3000',
  'x-envoy-expected-rq-timeout-ms': '3620000',
  'x-forwarded-for': '176.35.55.181',
  'x-forwarded-host': '601b330f.preview.abacusai.app',
  'x-forwarded-port': '3000',
  'x-forwarded-proto': 'https',
  'x-request-id': '2330bb32-3447-456b-a578-3b8ca648eb20'
}
🔵 [AUTH-LIB] Getting session
🔵 [AUTH-LIB] Token from cookies: No token found
🔵 [AUTH-LIB] No auth token found in cookies
🔵 [AUTH-BACKEND] Auth check request received
🔵 [AUTH-BACKEND] Request headers: {
  accept: '*/*',
  'accept-encoding': 'gzip, br',
  'accept-language': 'en-GB,en;q=0.9,en-US;q=0.8',
  'cdn-loop': 'cloudflare; loops=1',
  'cf-connecting-ip': '176.35.55.181',
  'cf-ipcountry': 'GB',
  'cf-ray': '95126c91bc1948b3-LHR',
  'cf-visitor': '{"scheme":"https"}',
  'content-type': 'application/json',
  host: 'chatllm-computer-601b330f-vnc.default.svc.cluster.local:3000',
  priority: 'u=1, i',
  referer: 'https://601b330f.preview.abacusai.app/',
  'sec-ch-ua': '"Microsoft Edge";v="137", "Chromium";v="137", "Not/A)Brand";v="24"',
  'sec-ch-ua-mobile': '?0',
  'sec-ch-ua-platform': '"Windows"',
  'sec-fetch-dest': 'empty',
  'sec-fetch-mode': 'cors',
  'sec-fetch-site': 'same-origin',
  'sec-fetch-storage-access': 'active',
  'user-agent': 'Mozilla/5.0 (Windows NT 10.0; Win64; x64) AppleWebKit/537.36 (KHTML, like Gecko) Chrome/137.0.0.0 Safari/537.36 Edg/137.0.0.0',
  'x-abacus-service': 'chatllm-computer-601b330f-vnc.default.svc.cluster.local:3000',
  'x-envoy-expected-rq-timeout-ms': '3620000',
  'x-forwarded-for': '176.35.55.181',
  'x-forwarded-host': '601b330f.preview.abacusai.app',
  'x-forwarded-port': '3000',
  'x-forwarded-proto': 'https',
  'x-request-id': '7c444283-c983-411e-a557-0a70cf93fe7c'
}
🔵 [AUTH-LIB] Getting session
🔵 [AUTH-LIB] Token from cookies: No token found
🔵 [AUTH-LIB] No auth token found in cookies
🔵 [AUTH-BACKEND] Session check result: No user session
🟢 [AUTH-BACKEND] Auth check completed successfully
🔵 [AUTH-BACKEND] Session check result: No user session
🟢 [AUTH-BACKEND] Auth check completed successfully
 GET /api/auth/me 200 in 61ms
 GET /api/auth/me 200 in 59ms
 GET /api/venues/featured 200 in 37ms
🔵 [AUTH-LIB] Getting session
🔵 [AUTH-LIB] Token from cookies: Token found (eyJhbGciOiJIUzI1NiIs...)
🔵 [AUTH-LIB] Looking up session in database
🔵 [AUTH-LIB] Session found, checking expiration
🟢 [AUTH-LIB] Valid session found for user: joncalvert2018@outlook.com
 GET /api/venues 200 in 40ms
🔵 [AUTH-LIB] Getting session
🔵 [AUTH-LIB] Token from cookies: Token found (eyJhbGciOiJIUzI1NiIs...)
🔵 [AUTH-LIB] Looking up session in database
🔵 [AUTH-LIB] Session found, checking expiration
🟢 [AUTH-LIB] Valid session found for user: joncalvert2018@outlook.com
 GET /api/venues 200 in 39ms
 GET / 200 in 46ms
 GET / 200 in 51ms
🔵 [AUTH-BACKEND] Auth check request received
🔵 [AUTH-BACKEND] Request headers: {
  accept: '*/*',
  'accept-encoding': 'gzip, br',
  'accept-language': 'en-GB,en;q=0.9,en-US;q=0.8',
  'cdn-loop': 'cloudflare; loops=1',
  'cf-connecting-ip': '176.35.55.181',
  'cf-ipcountry': 'GB',
  'cf-ray': '95126cacca7248b3-LHR',
  'cf-visitor': '{"scheme":"https"}',
  'content-type': 'application/json',
  host: 'chatllm-computer-601b330f-vnc.default.svc.cluster.local:3000',
  priority: 'u=1, i',
  referer: 'https://601b330f.preview.abacusai.app/',
  'sec-ch-ua': '"Microsoft Edge";v="137", "Chromium";v="137", "Not/A)Brand";v="24"',
  'sec-ch-ua-mobile': '?0',
  'sec-ch-ua-platform': '"Windows"',
  'sec-fetch-dest': 'empty',
  'sec-fetch-mode': 'cors',
  'sec-fetch-site': 'same-origin',
  'sec-fetch-storage-access': 'active',
  'user-agent': 'Mozilla/5.0 (Windows NT 10.0; Win64; x64) AppleWebKit/537.36 (KHTML, like Gecko) Chrome/137.0.0.0 Safari/537.36 Edg/137.0.0.0',
  'x-abacus-service': 'chatllm-computer-601b330f-vnc.default.svc.cluster.local:3000',
  'x-envoy-expected-rq-timeout-ms': '3620000',
  'x-forwarded-for': '176.35.55.181',
  'x-forwarded-host': '601b330f.preview.abacusai.app',
  'x-forwarded-port': '3000',
  'x-forwarded-proto': 'https',
  'x-request-id': 'a561e2ef-6c8a-4856-961d-438d02284b22'
}
🔵 [AUTH-LIB] Getting session
🔵 [AUTH-LIB] Token from cookies: No token found
🔵 [AUTH-LIB] No auth token found in cookies
🔵 [AUTH-BACKEND] Auth check request received
🔵 [AUTH-BACKEND] Request headers: {
  accept: '*/*',
  'accept-encoding': 'gzip, br',
  'accept-language': 'en-GB,en;q=0.9,en-US;q=0.8',
  'cdn-loop': 'cloudflare; loops=1',
  'cf-connecting-ip': '176.35.55.181',
  'cf-ipcountry': 'GB',
  'cf-ray': '95126cacca7148b3-LHR',
  'cf-visitor': '{"scheme":"https"}',
  'content-type': 'application/json',
  host: 'chatllm-computer-601b330f-vnc.default.svc.cluster.local:3000',
  priority: 'u=1, i',
  referer: 'https://601b330f.preview.abacusai.app/',
  'sec-ch-ua': '"Microsoft Edge";v="137", "Chromium";v="137", "Not/A)Brand";v="24"',
  'sec-ch-ua-mobile': '?0',
  'sec-ch-ua-platform': '"Windows"',
  'sec-fetch-dest': 'empty',
  'sec-fetch-mode': 'cors',
  'sec-fetch-site': 'same-origin',
  'sec-fetch-storage-access': 'active',
  'user-agent': 'Mozilla/5.0 (Windows NT 10.0; Win64; x64) AppleWebKit/537.36 (KHTML, like Gecko) Chrome/137.0.0.0 Safari/537.36 Edg/137.0.0.0',
  'x-abacus-service': 'chatllm-computer-601b330f-vnc.default.svc.cluster.local:3000',
  'x-envoy-expected-rq-timeout-ms': '3620000',
  'x-forwarded-for': '176.35.55.181',
  'x-forwarded-host': '601b330f.preview.abacusai.app',
  'x-forwarded-port': '3000',
  'x-forwarded-proto': 'https',
  'x-request-id': 'f2a6dffa-861c-4653-9b73-fe6f5ef05384'
}
🔵 [AUTH-LIB] Getting session
🔵 [AUTH-LIB] Token from cookies: No token found
🔵 [AUTH-LIB] No auth token found in cookies
🔵 [AUTH-BACKEND] Session check result: No user session
🟢 [AUTH-BACKEND] Auth check completed successfully
🔵 [AUTH-BACKEND] Session check result: No user session
🟢 [AUTH-BACKEND] Auth check completed successfully
 GET /api/auth/me 200 in 64ms
 GET /api/auth/me 200 in 58ms
 GET /api/venues/featured 200 in 63ms
 GET /api/venues/featured 200 in 38ms
 GET / 200 in 44ms
🔵 [AUTH-BACKEND] Auth check request received
🔵 [AUTH-BACKEND] Request headers: {
  accept: '*/*',
  'accept-encoding': 'gzip, br',
  'accept-language': 'en-GB,en;q=0.9,en-US;q=0.8',
  'cdn-loop': 'cloudflare; loops=1',
  'cf-connecting-ip': '176.35.55.181',
  'cf-ipcountry': 'GB',
  'cf-ray': '95126cb27e1948b3-LHR',
  'cf-visitor': '{"scheme":"https"}',
  'content-type': 'application/json',
  host: 'chatllm-computer-601b330f-vnc.default.svc.cluster.local:3000',
  priority: 'u=1, i',
  referer: 'https://601b330f.preview.abacusai.app/',
  'sec-ch-ua': '"Microsoft Edge";v="137", "Chromium";v="137", "Not/A)Brand";v="24"',
  'sec-ch-ua-mobile': '?0',
  'sec-ch-ua-platform': '"Windows"',
  'sec-fetch-dest': 'empty',
  'sec-fetch-mode': 'cors',
  'sec-fetch-site': 'same-origin',
  'sec-fetch-storage-access': 'active',
  'user-agent': 'Mozilla/5.0 (Windows NT 10.0; Win64; x64) AppleWebKit/537.36 (KHTML, like Gecko) Chrome/137.0.0.0 Safari/537.36 Edg/137.0.0.0',
  'x-abacus-service': 'chatllm-computer-601b330f-vnc.default.svc.cluster.local:3000',
  'x-envoy-expected-rq-timeout-ms': '3620000',
  'x-forwarded-for': '176.35.55.181',
  'x-forwarded-host': '601b330f.preview.abacusai.app',
  'x-forwarded-port': '3000',
  'x-forwarded-proto': 'https',
  'x-request-id': 'aa916547-04a3-42bc-8f3c-1589e5e466f6'
}
🔵 [AUTH-LIB] Getting session
🔵 [AUTH-LIB] Token from cookies: No token found
🔵 [AUTH-LIB] No auth token found in cookies
🔵 [AUTH-BACKEND] Session check result: No user session
🟢 [AUTH-BACKEND] Auth check completed successfully
 GET /api/auth/me 200 in 50ms
🔵 [AUTH-BACKEND] Auth check request received
🔵 [AUTH-BACKEND] Request headers: {
  accept: '*/*',
  'accept-encoding': 'gzip, br',
  'accept-language': 'en-GB,en;q=0.9,en-US;q=0.8',
  'cdn-loop': 'cloudflare; loops=1',
  'cf-connecting-ip': '176.35.55.181',
  'cf-ipcountry': 'GB',
  'cf-ray': '95126cb27e1c48b3-LHR',
  'cf-visitor': '{"scheme":"https"}',
  'content-type': 'application/json',
  host: 'chatllm-computer-601b330f-vnc.default.svc.cluster.local:3000',
  priority: 'u=1, i',
  referer: 'https://601b330f.preview.abacusai.app/',
  'sec-ch-ua': '"Microsoft Edge";v="137", "Chromium";v="137", "Not/A)Brand";v="24"',
  'sec-ch-ua-mobile': '?0',
  'sec-ch-ua-platform': '"Windows"',
  'sec-fetch-dest': 'empty',
  'sec-fetch-mode': 'cors',
  'sec-fetch-site': 'same-origin',
  'sec-fetch-storage-access': 'active',
  'user-agent': 'Mozilla/5.0 (Windows NT 10.0; Win64; x64) AppleWebKit/537.36 (KHTML, like Gecko) Chrome/137.0.0.0 Safari/537.36 Edg/137.0.0.0',
  'x-abacus-service': 'chatllm-computer-601b330f-vnc.default.svc.cluster.local:3000',
  'x-envoy-expected-rq-timeout-ms': '3620000',
  'x-forwarded-for': '176.35.55.181',
  'x-forwarded-host': '601b330f.preview.abacusai.app',
  'x-forwarded-port': '3000',
  'x-forwarded-proto': 'https',
  'x-request-id': '4ec58a74-8e81-437b-a9c6-ddd406f1dd56'
}
🔵 [AUTH-LIB] Getting session
🔵 [AUTH-LIB] Token from cookies: No token found
🔵 [AUTH-LIB] No auth token found in cookies
🔵 [AUTH-BACKEND] Session check result: No user session
🟢 [AUTH-BACKEND] Auth check completed successfully
 GET /api/auth/me 200 in 64ms
 GET /api/venues/featured 200 in 74ms
 GET /api/venues/featured 200 in 38ms
 GET / 200 in 55ms
 GET / 200 in 58ms
🔵 [AUTH-BACKEND] Auth check request received
🔵 [AUTH-BACKEND] Request headers: {
  accept: '*/*',
  'accept-encoding': 'gzip, br',
  'accept-language': 'en-GB,en;q=0.9,en-US;q=0.8',
  'cdn-loop': 'cloudflare; loops=1',
  'cf-connecting-ip': '176.35.55.181',
  'cf-ipcountry': 'GB',
  'cf-ray': '95126d558b2748b3-LHR',
  'cf-visitor': '{"scheme":"https"}',
  'content-type': 'application/json',
  host: 'chatllm-computer-601b330f-vnc.default.svc.cluster.local:3000',
  priority: 'u=1, i',
  referer: 'https://601b330f.preview.abacusai.app/',
  'sec-ch-ua': '"Microsoft Edge";v="137", "Chromium";v="137", "Not/A)Brand";v="24"',
  'sec-ch-ua-mobile': '?0',
  'sec-ch-ua-platform': '"Windows"',
  'sec-fetch-dest': 'empty',
  'sec-fetch-mode': 'cors',
  'sec-fetch-site': 'same-origin',
  'sec-fetch-storage-access': 'active',
  'user-agent': 'Mozilla/5.0 (Windows NT 10.0; Win64; x64) AppleWebKit/537.36 (KHTML, like Gecko) Chrome/137.0.0.0 Safari/537.36 Edg/137.0.0.0',
  'x-abacus-service': 'chatllm-computer-601b330f-vnc.default.svc.cluster.local:3000',
  'x-envoy-expected-rq-timeout-ms': '3620000',
  'x-forwarded-for': '176.35.55.181',
  'x-forwarded-host': '601b330f.preview.abacusai.app',
  'x-forwarded-port': '3000',
  'x-forwarded-proto': 'https',
  'x-request-id': 'c9632d9d-ed27-458e-84f7-88e91dc26879'
}
🔵 [AUTH-LIB] Getting session
🔵 [AUTH-LIB] Token from cookies: No token found
🔵 [AUTH-LIB] No auth token found in cookies
🔵 [AUTH-BACKEND] Auth check request received
🔵 [AUTH-BACKEND] Request headers: {
  accept: '*/*',
  'accept-encoding': 'gzip, br',
  'accept-language': 'en-GB,en;q=0.9,en-US;q=0.8',
  'cdn-loop': 'cloudflare; loops=1',
  'cf-connecting-ip': '176.35.55.181',
  'cf-ipcountry': 'GB',
  'cf-ray': '95126d559b2e48b3-LHR',
  'cf-visitor': '{"scheme":"https"}',
  'content-type': 'application/json',
  host: 'chatllm-computer-601b330f-vnc.default.svc.cluster.local:3000',
  priority: 'u=1, i',
  referer: 'https://601b330f.preview.abacusai.app/',
  'sec-ch-ua': '"Microsoft Edge";v="137", "Chromium";v="137", "Not/A)Brand";v="24"',
  'sec-ch-ua-mobile': '?0',
  'sec-ch-ua-platform': '"Windows"',
  'sec-fetch-dest': 'empty',
  'sec-fetch-mode': 'cors',
  'sec-fetch-site': 'same-origin',
  'sec-fetch-storage-access': 'active',
  'user-agent': 'Mozilla/5.0 (Windows NT 10.0; Win64; x64) AppleWebKit/537.36 (KHTML, like Gecko) Chrome/137.0.0.0 Safari/537.36 Edg/137.0.0.0',
  'x-abacus-service': 'chatllm-computer-601b330f-vnc.default.svc.cluster.local:3000',
  'x-envoy-expected-rq-timeout-ms': '3620000',
  'x-forwarded-for': '176.35.55.181',
  'x-forwarded-host': '601b330f.preview.abacusai.app',
  'x-forwarded-port': '3000',
  'x-forwarded-proto': 'https',
  'x-request-id': 'ffd8e9c1-7b05-4da9-94fb-64ed96b8382a'
}
🔵 [AUTH-LIB] Getting session
🔵 [AUTH-LIB] Token from cookies: No token found
🔵 [AUTH-LIB] No auth token found in cookies
🔵 [AUTH-BACKEND] Session check result: No user session
🟢 [AUTH-BACKEND] Auth check completed successfully
🔵 [AUTH-BACKEND] Session check result: No user session
🟢 [AUTH-BACKEND] Auth check completed successfully
 GET /api/auth/me 200 in 81ms
 GET /api/auth/me 200 in 74ms
 GET /api/venues/featured 200 in 84ms
 GET /api/venues/featured 200 in 44ms
 GET / 200 in 50ms
🔵 [AUTH-BACKEND] Auth check request received
🔵 [AUTH-BACKEND] Request headers: {
  accept: '*/*',
  'accept-encoding': 'gzip, br',
  'accept-language': 'en-GB,en;q=0.9,en-US;q=0.8',
  'cdn-loop': 'cloudflare; loops=1',
  'cf-connecting-ip': '176.35.55.181',
  'cf-ipcountry': 'GB',
  'cf-ray': '95126d623a0c48b3-LHR',
  'cf-visitor': '{"scheme":"https"}',
  'content-type': 'application/json',
  host: 'chatllm-computer-601b330f-vnc.default.svc.cluster.local:3000',
  priority: 'u=1, i',
  referer: 'https://601b330f.preview.abacusai.app/',
  'sec-ch-ua': '"Microsoft Edge";v="137", "Chromium";v="137", "Not/A)Brand";v="24"',
  'sec-ch-ua-mobile': '?0',
  'sec-ch-ua-platform': '"Windows"',
  'sec-fetch-dest': 'empty',
  'sec-fetch-mode': 'cors',
  'sec-fetch-site': 'same-origin',
  'sec-fetch-storage-access': 'active',
  'user-agent': 'Mozilla/5.0 (Windows NT 10.0; Win64; x64) AppleWebKit/537.36 (KHTML, like Gecko) Chrome/137.0.0.0 Safari/537.36 Edg/137.0.0.0',
  'x-abacus-service': 'chatllm-computer-601b330f-vnc.default.svc.cluster.local:3000',
  'x-envoy-expected-rq-timeout-ms': '3620000',
  'x-forwarded-for': '176.35.55.181',
  'x-forwarded-host': '601b330f.preview.abacusai.app',
  'x-forwarded-port': '3000',
  'x-forwarded-proto': 'https',
  'x-request-id': '732ce567-dde6-422f-abe1-7f7ed723f5d7'
}
🔵 [AUTH-LIB] Getting session
🔵 [AUTH-LIB] Token from cookies: No token found
🔵 [AUTH-LIB] No auth token found in cookies
🔵 [AUTH-BACKEND] Auth check request received
🔵 [AUTH-BACKEND] Request headers: {
  accept: '*/*',
  'accept-encoding': 'gzip, br',
  'accept-language': 'en-GB,en;q=0.9,en-US;q=0.8',
  'cdn-loop': 'cloudflare; loops=1',
  'cf-connecting-ip': '176.35.55.181',
  'cf-ipcountry': 'GB',
  'cf-ray': '95126d623a0f48b3-LHR',
  'cf-visitor': '{"scheme":"https"}',
  'content-type': 'application/json',
  host: 'chatllm-computer-601b330f-vnc.default.svc.cluster.local:3000',
  priority: 'u=1, i',
  referer: 'https://601b330f.preview.abacusai.app/',
  'sec-ch-ua': '"Microsoft Edge";v="137", "Chromium";v="137", "Not/A)Brand";v="24"',
  'sec-ch-ua-mobile': '?0',
  'sec-ch-ua-platform': '"Windows"',
  'sec-fetch-dest': 'empty',
  'sec-fetch-mode': 'cors',
  'sec-fetch-site': 'same-origin',
  'sec-fetch-storage-access': 'active',
  'user-agent': 'Mozilla/5.0 (Windows NT 10.0; Win64; x64) AppleWebKit/537.36 (KHTML, like Gecko) Chrome/137.0.0.0 Safari/537.36 Edg/137.0.0.0',
  'x-abacus-service': 'chatllm-computer-601b330f-vnc.default.svc.cluster.local:3000',
  'x-envoy-expected-rq-timeout-ms': '3620000',
  'x-forwarded-for': '176.35.55.181',
  'x-forwarded-host': '601b330f.preview.abacusai.app',
  'x-forwarded-port': '3000',
  'x-forwarded-proto': 'https',
  'x-request-id': '1221a925-0444-4c28-9230-c506489c388f'
}
🔵 [AUTH-LIB] Getting session
🔵 [AUTH-LIB] Token from cookies: No token found
🔵 [AUTH-LIB] No auth token found in cookies
🔵 [AUTH-BACKEND] Session check result: No user session
🟢 [AUTH-BACKEND] Auth check completed successfully
🔵 [AUTH-BACKEND] Session check result: No user session
🟢 [AUTH-BACKEND] Auth check completed successfully
 GET /api/auth/me 200 in 71ms
 GET /api/auth/me 200 in 57ms
 GET /api/venues/featured 200 in 74ms
 GET /api/venues/featured 200 in 38ms
[?25h
