  ▲ Next.js 14.2.28
  - Local:        http://localhost:3000
  - Environments: .env
  - Experiments (use with caution):
    · outputFileTracingRoot

 ✓ Starting...
 ✓ Ready in 1637ms
 ○ Compiling / ...
 ✓ Compiled / in 2.2s (1173 modules)
 GET / 200 in 2705ms
 ✓ Compiled in 498ms (592 modules)
 ✓ Compiled /api/auth/me in 375ms (700 modules)
 GET /api/auth/me 200 in 541ms
 GET /api/auth/me 200 in 24ms
 ○ Compiling /auth/login ...
 ✓ Compiled /auth/login in 703ms (1304 modules)
 GET /auth/register 200 in 831ms
 GET /auth/login 200 in 831ms
 GET /api/auth/me 200 in 34ms
 GET /api/auth/me 200 in 49ms
 GET /api/auth/me 200 in 36ms
 GET /api/auth/me 200 in 29ms
 GET / 200 in 55ms
 GET /api/auth/me 200 in 23ms
 GET /api/auth/me 200 in 22ms
 GET / 200 in 51ms
 GET /auth/register 200 in 58ms
 GET /auth/login 200 in 61ms
 ✓ Compiled /api/venues in 258ms (718 modules)
 POST /api/venues 500 in 324ms
 ✓ Compiled /api/auth/register in 163ms (720 modules)
 POST /api/auth/register 200 in 623ms
 POST /api/venues 200 in 35ms
 POST /api/venues 500 in 20ms
 ✓ Compiled in 566ms (1322 modules)
 ✓ Compiled in 469ms (755 modules)
 POST /api/venues 401 in 69ms
 POST /api/venues 400 in 29ms
 POST /api/venues 409 in 23ms
 GET /api/venues 401 in 19ms
 GET /api/venues 200 in 29ms
 ✓ Compiled / in 182ms (702 modules)
 GET / 200 in 349ms
 ✓ Compiled /api/auth/me in 144ms (704 modules)
 GET /api/auth/me 200 in 193ms
 GET /api/auth/me 200 in 23ms
 ✓ Compiled /api/auth/login in 307ms (706 modules)
 POST /api/auth/login 200 in 687ms
 POST /api/venues 409 in 29ms
 GET /api/venues 200 in 25ms
 POST /api/venues 200 in 28ms
 POST /api/venues 500 in 22ms
 ✓ Compiled in 683ms (1304 modules)
 POST /api/venues 400 in 43ms
 POST /api/venues 401 in 20ms
 POST /api/venues 400 in 21ms
 POST /api/venues 400 in 25ms
 POST /api/venues 409 in 22ms
 POST /api/venues 200 in 27ms
 GET /api/venues 401 in 20ms
 GET /api/venues 200 in 27ms
 ✓ Compiled /api/auth/register in 255ms (704 modules)
 POST /api/auth/register 200 in 622ms
 POST /api/venues 403 in 24ms
 GET /api/venues 200 in 25ms
[?25h
