  ▲ Next.js 14.2.28
  - Local:        http://localhost:3000
  - Environments: .env
  - Experiments (use with caution):
    · outputFileTracingRoot

 ✓ Starting...
 ✓ Ready in 1883ms
 ○ Compiling / ...
 ✓ Compiled / in 3.2s (1180 modules)
 GET / 200 in 3802ms
 ✓ Compiled in 506ms (592 modules)
 ✓ Compiled /api/auth/me in 417ms (700 modules)
 ○ Compiling /_error ...
 ✓ Compiled /_error in 852ms (1507 modules)
 GET /api/auth/me 500 in 1687ms
 GET /api/auth/me 500 in 1692ms
 ○ Compiling /auth/register ...
 ✓ Compiled /auth/register in 2.1s (1679 modules)
 GET /auth/login 200 in 2322ms
 GET /my-bookings 200 in 2321ms
 GET /auth/register 200 in 2324ms
 GET /book 200 in 2327ms
 GET /api/auth/me 500 in 104ms
 GET /api/auth/me 500 in 153ms
 GET /api/auth/me 500 in 140ms
 GET /api/auth/me 500 in 132ms
 ✓ Compiled /api/public/venues in 213ms (833 modules)
 GET /api/auth/me 500 in 566ms
 GET /api/auth/me 500 in 538ms
 GET /api/auth/me 500 in 539ms
 GET /api/auth/me 500 in 568ms
 GET /api/public/venues?page=1&limit=12 500 in 560ms
 GET /api/public/venues?page=1&limit=12 500 in 35ms
 GET / 200 in 68ms
 GET /api/auth/me 500 in 48ms
 GET /api/auth/me 500 in 59ms
 GET /auth/login 200 in 114ms
 GET /auth/register 200 in 125ms
 GET /book 200 in 127ms
 GET / 200 in 130ms
 GET /my-bookings 200 in 130ms
 GET / 200 in 93ms
 GET /api/auth/me 500 in 57ms
 GET /api/auth/me 500 in 69ms
 ○ Compiling /dashboard ...
 ✓ Compiled /dashboard in 858ms (1712 modules)
 GET /dashboard 200 in 949ms
 GET /api/auth/me 500 in 64ms
 GET /api/auth/me 500 in 84ms
 GET /dashboard 200 in 37ms
 ✓ Compiled /api/venues in 393ms (835 modules)
 ✓ Compiled /_error in 410ms (1698 modules)
 GET /api/venues 500 in 905ms
[?25h
