  ▲ Next.js 14.2.28
  - Local:        http://localhost:3000
  - Environments: .env
  - Experiments (use with caution):
    · outputFileTracingRoot

 ✓ Starting...
 ✓ Ready in 1764ms
 ○ Compiling / ...
 ✓ Compiled / in 2.4s (1173 modules)
 GET / 200 in 2744ms
 GET / 200 in 2932ms
 ✓ Compiled in 533ms (592 modules)
 GET / 200 in 43ms
 ✓ Compiled /_not-found in 341ms (1164 modules)
 GET /_next/static/chunks/handle-smooth-scroll.js.map 404 in 396ms
 GET /_next/static/chunks/static-generation-async-storage-instance.js.map 404 in 16ms
 GET /_next/static/chunks/app/bundle-mjs.mjs.map 404 in 16ms
 ○ Compiling /api/auth/me ...
 ✓ Compiled /api/auth/me in 546ms (1283 modules)
 GET /_next/static/chunks/app/bundle-mjs.mjs.map 404 in 627ms
 GET /api/auth/me 200 in 735ms
 GET /api/auth/me 200 in 20ms
 GET / 200 in 57ms
 GET / 200 in 31ms
 GET / 200 in 34ms
 GET /_next/static/chunks/handle-smooth-scroll.js.map 404 in 18ms
 GET /_next/static/chunks/app/bundle-mjs.mjs.map 404 in 16ms
 GET /_next/static/chunks/static-generation-async-storage-instance.js.map 404 in 16ms
 GET /api/auth/me 200 in 20ms
 GET /api/auth/me 200 in 21ms
 GET /_next/static/chunks/app/bundle-mjs.mjs.map 404 in 16ms
 ○ Compiling /auth/login ...
 ✓ Compiled /auth/login in 596ms (1301 modules)
 GET /_next/static/chunks/app/auth/login/bundle-mjs.mjs.map 404 in 58ms
 ✓ Compiled /api/auth/login in 181ms (715 modules)
 POST /api/auth/login 200 in 659ms
 ✓ Compiled /dashboard in 384ms (1317 modules)
 GET /_next/static/chunks/app/dashboard/bundle-mjs.mjs.map 404 in 33ms
 ✓ Compiled /api/venues in 143ms (723 modules)
 GET /api/venues 401 in 197ms
 GET /api/venues 401 in 17ms
 ○ Compiling /dashboard/venues/new ...
 ✓ Compiled /dashboard/venues/new in 593ms (1447 modules)
 GET /_next/static/chunks/app/dashboard/venues/new/bundle-mjs.mjs.map 404 in 37ms
 POST /api/venues 401 in 30ms
[?25h
