  ▲ Next.js 14.2.28
  - Local:        http://localhost:3000
  - Environments: .env
  - Experiments (use with caution):
    · outputFileTracingRoot

 ✓ Starting...
 ✓ Ready in 2.6s
 ○ Compiling /api/auth/me ...
 ✓ Compiled /api/auth/me in 529ms (149 modules)
🔵 [AUTH-BACKEND] Auth check request received
🔵 [AUTH-BACKEND] Request headers: {
  accept: '*/*',
  host: 'localhost:3000',
  'user-agent': 'curl/7.81.0',
  'x-forwarded-for': '::ffff:127.0.0.1',
  'x-forwarded-host': 'localhost:3000',
  'x-forwarded-port': '3000',
  'x-forwarded-proto': 'http'
}
🔵 [AUTH-LIB] Getting session
🔵 [AUTH-LIB] Token from cookies: No token found
🔵 [AUTH-LIB] No auth token found in cookies
🔵 [AUTH-BACKEND] Session check result: No user session
🟢 [AUTH-BACKEND] Auth check completed successfully
 GET /api/auth/me 200 in 799ms
 ○ Compiling / ...
 ✓ Compiled / in 3.8s (1303 modules)
 GET / 200 in 4342ms
 ✓ Compiled in 601ms (597 modules)
 ○ Compiling /auth/login ...
 ✓ Compiled /auth/login in 750ms (1309 modules)
 GET /auth/login 200 in 950ms
 ✓ Compiled /auth/register in 395ms (1315 modules)
 GET /auth/register 200 in 495ms
 ✓ Compiled /api/auth/login in 175ms (724 modules)
🔵 [LOGIN-API] Login attempt started
🔵 [LOGIN-API] Request body parsed successfully
🔵 [LOGIN-API] Input validation successful for email: test@example.com
🔵 [LOGIN-API] Database query completed, user found: true
🔵 [LOGIN-API] Password verification completed: true
🔵 [LOGIN-API] Session created successfully
🟢 [LOGIN-API] Login successful for user: test@example.com
🔵 [LOGIN-API] Auth cookie set successfully
 POST /api/auth/login 200 in 522ms
🔵 [AUTH-BACKEND] Auth check request received
🔵 [AUTH-BACKEND] Request headers: {
  accept: '*/*',
  cookie: 'auth-token=eyJhbGciOiJIUzI1NiIsInR5cCI6IkpXVCJ9.eyJ1c2VySWQiOiJjbWJ6Mm9weWYwMDAwbTM5NGRia3Fqd2p1IiwiaWF0IjoxNzUwMTc5MDM5LCJleHAiOjE3NTA3ODM4Mzl9.MetE72LAZvu0Bgi1tVgwUouvW6s828JNEkMF4HIYcJg',
  host: 'localhost:3000',
  'user-agent': 'curl/7.81.0',
  'x-forwarded-for': '::ffff:127.0.0.1',
  'x-forwarded-host': 'localhost:3000',
  'x-forwarded-port': '3000',
  'x-forwarded-proto': 'http'
}
🔵 [AUTH-LIB] Getting session
🔵 [AUTH-LIB] Token from cookies: Token found (eyJhbGciOiJIUzI1NiIs...)
🔵 [AUTH-LIB] Looking up session in database
🔵 [AUTH-LIB] Session found, checking expiration
🟢 [AUTH-LIB] Valid session found for user: test@example.com
🔵 [AUTH-BACKEND] Session check result: User found: test@example.com
🟢 [AUTH-BACKEND] Auth check completed successfully
 GET /api/auth/me 200 in 54ms
 ○ Compiling /dashboard ...
 ✓ Compiled /dashboard in 622ms (1367 modules)
 GET /dashboard 200 in 739ms
 ✓ Compiled /api/auth/logout in 212ms (750 modules)
 POST /api/auth/logout 200 in 284ms
🔵 [AUTH-BACKEND] Auth check request received
🔵 [AUTH-BACKEND] Request headers: {
  accept: '*/*',
  host: 'localhost:3000',
  'user-agent': 'curl/7.81.0',
  'x-forwarded-for': '::ffff:127.0.0.1',
  'x-forwarded-host': 'localhost:3000',
  'x-forwarded-port': '3000',
  'x-forwarded-proto': 'http'
}
🔵 [AUTH-LIB] Getting session
🔵 [AUTH-LIB] Token from cookies: No token found
🔵 [AUTH-LIB] No auth token found in cookies
🔵 [AUTH-BACKEND] Session check result: No user session
🟢 [AUTH-BACKEND] Auth check completed successfully
 GET /api/auth/me 200 in 50ms
 HEAD / 200 in 85ms
🔵 [AUTH-BACKEND] Auth check request received
🔵 [AUTH-BACKEND] Request headers: {
  accept: '*/*',
  host: 'localhost:3000',
  'user-agent': 'curl/7.81.0',
  'x-forwarded-for': '::ffff:127.0.0.1',
  'x-forwarded-host': 'localhost:3000',
  'x-forwarded-port': '3000',
  'x-forwarded-proto': 'http'
}
🔵 [AUTH-LIB] Getting session
🔵 [AUTH-LIB] Token from cookies: No token found
🔵 [AUTH-LIB] No auth token found in cookies
🔵 [AUTH-BACKEND] Session check result: No user session
🟢 [AUTH-BACKEND] Auth check completed successfully
 GET /api/auth/me 200 in 40ms
 ✓ Compiled /api/public/venues in 312ms (752 modules)
 GET /api/public/venues 200 in 402ms
[?25h
