  ▲ Next.js 14.2.28
  - Local:        http://localhost:3000
  - Environments: .env
  - Experiments (use with caution):
    · outputFileTracingRoot

 ✓ Starting...
 ✓ Ready in 1561ms
 ○ Compiling / ...
 ✓ Compiled / in 2.2s (1173 modules)
 GET / 200 in 2474ms
 GET / 200 in 2649ms
 ✓ Compiled in 493ms (592 modules)
 GET / 200 in 35ms
 ✓ Compiled /api/auth/me in 372ms (1164 modules)
 ✓ Compiled (1283 modules)
 GET /_next/static/chunks/app/bundle-mjs.mjs.map 404 in 743ms
 GET /api/auth/me 200 in 564ms
 GET /_next/static/chunks/handle-smooth-scroll.js.map 404 in 563ms
 GET /_next/static/chunks/static-generation-async-storage-instance.js.map 404 in 639ms
 GET /_next/static/chunks/app/bundle-mjs.mjs.map 404 in 15ms
 GET /api/auth/me 200 in 19ms
 GET / 200 in 66ms
 GET / 200 in 30ms
 GET / 200 in 30ms
 GET /_next/static/chunks/handle-smooth-scroll.js.map 404 in 16ms
 GET /_next/static/chunks/app/bundle-mjs.mjs.map 404 in 18ms
 GET /_next/static/chunks/app/bundle-mjs.mjs.map 404 in 15ms
 GET /_next/static/chunks/static-generation-async-storage-instance.js.map 404 in 14ms
 GET /api/auth/me 200 in 19ms
 GET /api/auth/me 200 in 17ms
 ○ Compiling /auth/login ...
 ✓ Compiled /auth/login in 519ms (1301 modules)
 GET /_next/static/chunks/app/auth/login/bundle-mjs.mjs.map 404 in 34ms
 ✓ Compiled /auth/register in 315ms (1307 modules)
 GET /_next/static/chunks/app/auth/register/bundle-mjs.mjs.map 404 in 33ms
 ✓ Compiled /api/auth/register in 331ms (719 modules)
 POST /api/auth/register 200 in 841ms
 ○ Compiling /dashboard ...
 ✓ Compiled /dashboard in 739ms (1325 modules)
 GET /_next/static/chunks/app/dashboard/bundle-mjs.mjs.map 404 in 55ms
 ✓ Compiled /api/venues in 178ms (729 modules)
 GET /api/venues 500 in 231ms
 GET /api/venues 500 in 18ms
 ○ Compiling /dashboard/venues/new ...
 ✓ Compiled /dashboard/venues/new in 1033ms (1455 modules)
 GET /_next/static/chunks/app/dashboard/venues/new/bundle-mjs.mjs.map 404 in 42ms
 POST /api/venues 500 in 47ms
 GET / 200 in 69ms
 GET / 200 in 38ms
 GET / 200 in 30ms
 GET /_next/static/chunks/handle-smooth-scroll.js.map 404 in 17ms
 GET /api/auth/me 200 in 22ms
 GET /_next/static/chunks/app/bundle-mjs.mjs.map 404 in 20ms
 GET /_next/static/chunks/static-generation-async-storage-instance.js.map 404 in 14ms
 GET /api/auth/me 200 in 20ms
 GET /_next/static/chunks/app/bundle-mjs.mjs.map 404 in 18ms
[?25h
