  ▲ Next.js 14.2.28
  - Local:        http://localhost:3000
  - Environments: .env
  - Experiments (use with caution):
    · outputFileTracingRoot

 ✓ Starting...
 ✓ Ready in 2.6s
 ○ Compiling / ...
 ✓ Compiled / in 3.2s (1184 modules)
 GET / 200 in 3877ms
 ✓ Compiled in 624ms (597 modules)
 ✓ Compiled /api/auth/me in 380ms (619 modules)
 ✓ Compiled (708 modules)
🔵 [AUTH-BACKEND] Auth check request received
🔵 [AUTH-BACKEND] Request headers: {
  accept: '*/*',
  'accept-encoding': 'gzip, deflate, br, zstd',
  'accept-language': 'en-US,en;q=0.9',
  connection: 'keep-alive',
  'content-type': 'application/json',
  host: 'localhost:3000',
  referer: 'http://localhost:3000/',
  'sec-ch-ua': '"Google Chrome";v="135", "Not-A.Brand";v="8", "Chromium";v="135"',
  'sec-ch-ua-mobile': '?0',
  'sec-ch-ua-platform': '"Linux"',
  'sec-fetch-dest': 'empty',
  'sec-fetch-mode': 'cors',
  'sec-fetch-site': 'same-origin',
  'user-agent': 'Mozilla/5.0 (X11; Linux x86_64) AppleWebKit/537.36 (KHTML, like Gecko) HeadlessChrome/135.0.0.0 Safari/537.36',
  'x-forwarded-for': '::ffff:127.0.0.1',
  'x-forwarded-host': 'localhost:3000',
  'x-forwarded-port': '3000',
  'x-forwarded-proto': 'http'
}
🔵 [AUTH-LIB] Getting session
🔵 [AUTH-LIB] Token from cookies: No token found
🔵 [AUTH-LIB] No auth token found in cookies
🔵 [AUTH-BACKEND] Auth check request received
🔵 [AUTH-BACKEND] Request headers: {
  accept: '*/*',
  'accept-encoding': 'gzip, deflate, br, zstd',
  'accept-language': 'en-US,en;q=0.9',
  connection: 'keep-alive',
  'content-type': 'application/json',
  host: 'localhost:3000',
  referer: 'http://localhost:3000/',
  'sec-ch-ua': '"Google Chrome";v="135", "Not-A.Brand";v="8", "Chromium";v="135"',
  'sec-ch-ua-mobile': '?0',
  'sec-ch-ua-platform': '"Linux"',
  'sec-fetch-dest': 'empty',
  'sec-fetch-mode': 'cors',
  'sec-fetch-site': 'same-origin',
  'user-agent': 'Mozilla/5.0 (X11; Linux x86_64) AppleWebKit/537.36 (KHTML, like Gecko) HeadlessChrome/135.0.0.0 Safari/537.36',
  'x-forwarded-for': '::ffff:127.0.0.1',
  'x-forwarded-host': 'localhost:3000',
  'x-forwarded-port': '3000',
  'x-forwarded-proto': 'http'
}
🔵 [AUTH-LIB] Getting session
🔵 [AUTH-LIB] Token from cookies: No token found
🔵 [AUTH-LIB] No auth token found in cookies
🔵 [AUTH-BACKEND] Session check result: No user session
🟢 [AUTH-BACKEND] Auth check completed successfully
🔵 [AUTH-BACKEND] Session check result: No user session
🟢 [AUTH-BACKEND] Auth check completed successfully
 GET /api/auth/me 200 in 888ms
 GET /api/auth/me 200 in 886ms
 GET /api/venues/featured 200 in 1032ms
 GET /api/venues/featured 200 in 46ms
 GET / 200 in 196ms
 ○ Compiling /book/[venueId] ...
 ✓ Compiled /book/[venueId] in 1983ms (1510 modules)
🔵 [AUTH-BACKEND] Auth check request received
🔵 [AUTH-BACKEND] Request headers: {
  accept: '*/*',
  'accept-encoding': 'gzip, deflate, br, zstd',
  'accept-language': 'en-US,en;q=0.9',
  connection: 'keep-alive',
  'content-type': 'application/json',
  host: 'localhost:3000',
  referer: 'http://localhost:3000/',
  'sec-ch-ua': '"Google Chrome";v="135", "Not-A.Brand";v="8", "Chromium";v="135"',
  'sec-ch-ua-mobile': '?0',
  'sec-ch-ua-platform': '"Linux"',
  'sec-fetch-dest': 'empty',
  'sec-fetch-mode': 'cors',
  'sec-fetch-site': 'same-origin',
  'user-agent': 'Mozilla/5.0 (X11; Linux x86_64) AppleWebKit/537.36 (KHTML, like Gecko) HeadlessChrome/135.0.0.0 Safari/537.36',
  'x-forwarded-for': '::ffff:127.0.0.1',
  'x-forwarded-host': 'localhost:3000',
  'x-forwarded-port': '3000',
  'x-forwarded-proto': 'http'
}
🔵 [AUTH-LIB] Getting session
🔵 [AUTH-LIB] Token from cookies: No token found
🔵 [AUTH-LIB] No auth token found in cookies
🔵 [AUTH-BACKEND] Auth check request received
🔵 [AUTH-BACKEND] Request headers: {
  accept: '*/*',
  'accept-encoding': 'gzip, deflate, br, zstd',
  'accept-language': 'en-US,en;q=0.9',
  connection: 'keep-alive',
  'content-type': 'application/json',
  host: 'localhost:3000',
  referer: 'http://localhost:3000/',
  'sec-ch-ua': '"Google Chrome";v="135", "Not-A.Brand";v="8", "Chromium";v="135"',
  'sec-ch-ua-mobile': '?0',
  'sec-ch-ua-platform': '"Linux"',
  'sec-fetch-dest': 'empty',
  'sec-fetch-mode': 'cors',
  'sec-fetch-site': 'same-origin',
  'user-agent': 'Mozilla/5.0 (X11; Linux x86_64) AppleWebKit/537.36 (KHTML, like Gecko) HeadlessChrome/135.0.0.0 Safari/537.36',
  'x-forwarded-for': '::ffff:127.0.0.1',
  'x-forwarded-host': 'localhost:3000',
  'x-forwarded-port': '3000',
  'x-forwarded-proto': 'http'
}
🔵 [AUTH-LIB] Getting session
🔵 [AUTH-LIB] Token from cookies: No token found
🔵 [AUTH-LIB] No auth token found in cookies
🔵 [AUTH-BACKEND] Session check result: No user session
🟢 [AUTH-BACKEND] Auth check completed successfully
🔵 [AUTH-BACKEND] Session check result: No user session
🟢 [AUTH-BACKEND] Auth check completed successfully
 GET /api/auth/me 200 in 1403ms
 GET /api/auth/me 200 in 1403ms
 GET /api/venues/featured 200 in 1606ms
 GET /venues 200 in 2471ms
 GET /auth/register 200 in 2471ms
 GET /auth/login 200 in 2478ms
 GET /my-bookings 200 in 2466ms
 GET /api/venues/featured 200 in 174ms
🔵 [AUTH-BACKEND] Auth check request received
🔵 [AUTH-BACKEND] Request headers: {
  accept: '*/*',
  'accept-encoding': 'gzip, deflate, br, zstd',
  'accept-language': 'en-US,en;q=0.9',
  connection: 'keep-alive',
  'content-type': 'application/json',
  host: 'localhost:3000',
  referer: 'http://localhost:3000/auth/register',
  'sec-ch-ua': '"Google Chrome";v="135", "Not-A.Brand";v="8", "Chromium";v="135"',
  'sec-ch-ua-mobile': '?0',
  'sec-ch-ua-platform': '"Linux"',
  'sec-fetch-dest': 'empty',
  'sec-fetch-mode': 'cors',
  'sec-fetch-site': 'same-origin',
  'user-agent': 'Mozilla/5.0 (X11; Linux x86_64) AppleWebKit/537.36 (KHTML, like Gecko) HeadlessChrome/135.0.0.0 Safari/537.36',
  'x-forwarded-for': '::ffff:127.0.0.1',
  'x-forwarded-host': 'localhost:3000',
  'x-forwarded-port': '3000',
  'x-forwarded-proto': 'http'
}
🔵 [AUTH-LIB] Getting session
🔵 [AUTH-LIB] Token from cookies: No token found
🔵 [AUTH-LIB] No auth token found in cookies
🔵 [AUTH-BACKEND] Auth check request received
🔵 [AUTH-BACKEND] Request headers: {
  accept: '*/*',
  'accept-encoding': 'gzip, deflate, br, zstd',
  'accept-language': 'en-US,en;q=0.9',
  connection: 'keep-alive',
  'content-type': 'application/json',
  host: 'localhost:3000',
  referer: 'http://localhost:3000/auth/register',
  'sec-ch-ua': '"Google Chrome";v="135", "Not-A.Brand";v="8", "Chromium";v="135"',
  'sec-ch-ua-mobile': '?0',
  'sec-ch-ua-platform': '"Linux"',
  'sec-fetch-dest': 'empty',
  'sec-fetch-mode': 'cors',
  'sec-fetch-site': 'same-origin',
  'user-agent': 'Mozilla/5.0 (X11; Linux x86_64) AppleWebKit/537.36 (KHTML, like Gecko) HeadlessChrome/135.0.0.0 Safari/537.36',
  'x-forwarded-for': '::ffff:127.0.0.1',
  'x-forwarded-host': 'localhost:3000',
  'x-forwarded-port': '3000',
  'x-forwarded-proto': 'http'
}
🔵 [AUTH-LIB] Getting session
🔵 [AUTH-LIB] Token from cookies: No token found
🔵 [AUTH-LIB] No auth token found in cookies
🔵 [AUTH-BACKEND] Session check result: No user session
🟢 [AUTH-BACKEND] Auth check completed successfully
🔵 [AUTH-BACKEND] Session check result: No user session
🟢 [AUTH-BACKEND] Auth check completed successfully
 GET /api/auth/me 200 in 266ms
 GET /api/auth/me 200 in 260ms
 GET /book/cmbz3igfd0005qn018j1uu311 200 in 3082ms
 ✓ Compiled /api/public/venues in 332ms (823 modules)
🔵 [AUTH-BACKEND] Auth check request received
🔵 [AUTH-BACKEND] Request headers: {
  accept: '*/*',
  'accept-encoding': 'gzip, deflate, br, zstd',
  'accept-language': 'en-US,en;q=0.9',
  connection: 'keep-alive',
  'content-type': 'application/json',
  host: 'localhost:3000',
  referer: 'http://localhost:3000/auth/login',
  'sec-ch-ua': '"Google Chrome";v="135", "Not-A.Brand";v="8", "Chromium";v="135"',
  'sec-ch-ua-mobile': '?0',
  'sec-ch-ua-platform': '"Linux"',
  'sec-fetch-dest': 'empty',
  'sec-fetch-mode': 'cors',
  'sec-fetch-site': 'same-origin',
  'user-agent': 'Mozilla/5.0 (X11; Linux x86_64) AppleWebKit/537.36 (KHTML, like Gecko) HeadlessChrome/135.0.0.0 Safari/537.36',
  'x-forwarded-for': '::ffff:127.0.0.1',
  'x-forwarded-host': 'localhost:3000',
  'x-forwarded-port': '3000',
  'x-forwarded-proto': 'http'
}
🔵 [AUTH-LIB] Getting session
🔵 [AUTH-LIB] Token from cookies: No token found
🔵 [AUTH-LIB] No auth token found in cookies
🔵 [AUTH-BACKEND] Auth check request received
🔵 [AUTH-BACKEND] Request headers: {
  accept: '*/*',
  'accept-encoding': 'gzip, deflate, br, zstd',
  'accept-language': 'en-US,en;q=0.9',
  connection: 'keep-alive',
  'content-type': 'application/json',
  host: 'localhost:3000',
  referer: 'http://localhost:3000/venues',
  'sec-ch-ua': '"Google Chrome";v="135", "Not-A.Brand";v="8", "Chromium";v="135"',
  'sec-ch-ua-mobile': '?0',
  'sec-ch-ua-platform': '"Linux"',
  'sec-fetch-dest': 'empty',
  'sec-fetch-mode': 'cors',
  'sec-fetch-site': 'same-origin',
  'user-agent': 'Mozilla/5.0 (X11; Linux x86_64) AppleWebKit/537.36 (KHTML, like Gecko) HeadlessChrome/135.0.0.0 Safari/537.36',
  'x-forwarded-for': '::ffff:127.0.0.1',
  'x-forwarded-host': 'localhost:3000',
  'x-forwarded-port': '3000',
  'x-forwarded-proto': 'http'
}
🔵 [AUTH-LIB] Getting session
🔵 [AUTH-LIB] Token from cookies: No token found
🔵 [AUTH-LIB] No auth token found in cookies
🔵 [AUTH-BACKEND] Auth check request received
🔵 [AUTH-BACKEND] Request headers: {
  accept: '*/*',
  'accept-encoding': 'gzip, deflate, br, zstd',
  'accept-language': 'en-US,en;q=0.9',
  connection: 'keep-alive',
  'content-type': 'application/json',
  host: 'localhost:3000',
  referer: 'http://localhost:3000/venues',
  'sec-ch-ua': '"Google Chrome";v="135", "Not-A.Brand";v="8", "Chromium";v="135"',
  'sec-ch-ua-mobile': '?0',
  'sec-ch-ua-platform': '"Linux"',
  'sec-fetch-dest': 'empty',
  'sec-fetch-mode': 'cors',
  'sec-fetch-site': 'same-origin',
  'user-agent': 'Mozilla/5.0 (X11; Linux x86_64) AppleWebKit/537.36 (KHTML, like Gecko) HeadlessChrome/135.0.0.0 Safari/537.36',
  'x-forwarded-for': '::ffff:127.0.0.1',
  'x-forwarded-host': 'localhost:3000',
  'x-forwarded-port': '3000',
  'x-forwarded-proto': 'http'
}
🔵 [AUTH-LIB] Getting session
🔵 [AUTH-LIB] Token from cookies: No token found
🔵 [AUTH-LIB] No auth token found in cookies
🔵 [AUTH-BACKEND] Auth check request received
🔵 [AUTH-BACKEND] Request headers: {
  accept: '*/*',
  'accept-encoding': 'gzip, deflate, br, zstd',
  'accept-language': 'en-US,en;q=0.9',
  connection: 'keep-alive',
  'content-type': 'application/json',
  host: 'localhost:3000',
  referer: 'http://localhost:3000/my-bookings',
  'sec-ch-ua': '"Google Chrome";v="135", "Not-A.Brand";v="8", "Chromium";v="135"',
  'sec-ch-ua-mobile': '?0',
  'sec-ch-ua-platform': '"Linux"',
  'sec-fetch-dest': 'empty',
  'sec-fetch-mode': 'cors',
  'sec-fetch-site': 'same-origin',
  'user-agent': 'Mozilla/5.0 (X11; Linux x86_64) AppleWebKit/537.36 (KHTML, like Gecko) HeadlessChrome/135.0.0.0 Safari/537.36',
  'x-forwarded-for': '::ffff:127.0.0.1',
  'x-forwarded-host': 'localhost:3000',
  'x-forwarded-port': '3000',
  'x-forwarded-proto': 'http'
}
🔵 [AUTH-LIB] Getting session
🔵 [AUTH-LIB] Token from cookies: No token found
🔵 [AUTH-LIB] No auth token found in cookies
🔵 [AUTH-BACKEND] Auth check request received
🔵 [AUTH-BACKEND] Request headers: {
  accept: '*/*',
  'accept-encoding': 'gzip, deflate, br, zstd',
  'accept-language': 'en-US,en;q=0.9',
  connection: 'keep-alive',
  'content-type': 'application/json',
  host: 'localhost:3000',
  referer: 'http://localhost:3000/my-bookings',
  'sec-ch-ua': '"Google Chrome";v="135", "Not-A.Brand";v="8", "Chromium";v="135"',
  'sec-ch-ua-mobile': '?0',
  'sec-ch-ua-platform': '"Linux"',
  'sec-fetch-dest': 'empty',
  'sec-fetch-mode': 'cors',
  'sec-fetch-site': 'same-origin',
  'user-agent': 'Mozilla/5.0 (X11; Linux x86_64) AppleWebKit/537.36 (KHTML, like Gecko) HeadlessChrome/135.0.0.0 Safari/537.36',
  'x-forwarded-for': '::ffff:127.0.0.1',
  'x-forwarded-host': 'localhost:3000',
  'x-forwarded-port': '3000',
  'x-forwarded-proto': 'http'
}
🔵 [AUTH-LIB] Getting session
🔵 [AUTH-LIB] Token from cookies: No token found
🔵 [AUTH-LIB] No auth token found in cookies
🔵 [AUTH-BACKEND] Auth check request received
🔵 [AUTH-BACKEND] Request headers: {
  accept: '*/*',
  'accept-encoding': 'gzip, deflate, br, zstd',
  'accept-language': 'en-US,en;q=0.9',
  connection: 'keep-alive',
  'content-type': 'application/json',
  host: 'localhost:3000',
  referer: 'http://localhost:3000/auth/login',
  'sec-ch-ua': '"Google Chrome";v="135", "Not-A.Brand";v="8", "Chromium";v="135"',
  'sec-ch-ua-mobile': '?0',
  'sec-ch-ua-platform': '"Linux"',
  'sec-fetch-dest': 'empty',
  'sec-fetch-mode': 'cors',
  'sec-fetch-site': 'same-origin',
  'user-agent': 'Mozilla/5.0 (X11; Linux x86_64) AppleWebKit/537.36 (KHTML, like Gecko) HeadlessChrome/135.0.0.0 Safari/537.36',
  'x-forwarded-for': '::ffff:127.0.0.1',
  'x-forwarded-host': 'localhost:3000',
  'x-forwarded-port': '3000',
  'x-forwarded-proto': 'http'
}
🔵 [AUTH-LIB] Getting session
🔵 [AUTH-LIB] Token from cookies: No token found
🔵 [AUTH-LIB] No auth token found in cookies
🔵 [AUTH-BACKEND] Session check result: No user session
🟢 [AUTH-BACKEND] Auth check completed successfully
🔵 [AUTH-BACKEND] Session check result: No user session
🟢 [AUTH-BACKEND] Auth check completed successfully
🔵 [AUTH-BACKEND] Session check result: No user session
🟢 [AUTH-BACKEND] Auth check completed successfully
🔵 [AUTH-BACKEND] Session check result: No user session
🟢 [AUTH-BACKEND] Auth check completed successfully
🔵 [AUTH-BACKEND] Session check result: No user session
🟢 [AUTH-BACKEND] Auth check completed successfully
🔵 [AUTH-BACKEND] Session check result: No user session
🟢 [AUTH-BACKEND] Auth check completed successfully
 GET /api/auth/me 200 in 846ms
 GET /api/auth/me 200 in 757ms
 GET /api/auth/me 200 in 748ms
 GET /api/auth/me 200 in 744ms
 GET /api/auth/me 200 in 744ms
 GET /api/auth/me 200 in 847ms
🔵 [AUTH-BACKEND] Auth check request received
🔵 [AUTH-BACKEND] Request headers: {
  accept: '*/*',
  'accept-encoding': 'gzip, deflate, br, zstd',
  'accept-language': 'en-US,en;q=0.9',
  connection: 'keep-alive',
  'content-type': 'application/json',
  host: 'localhost:3000',
  referer: 'http://localhost:3000/book/cmbz3igfd0005qn018j1uu311',
  'sec-ch-ua': '"Google Chrome";v="135", "Not-A.Brand";v="8", "Chromium";v="135"',
  'sec-ch-ua-mobile': '?0',
  'sec-ch-ua-platform': '"Linux"',
  'sec-fetch-dest': 'empty',
  'sec-fetch-mode': 'cors',
  'sec-fetch-site': 'same-origin',
  'user-agent': 'Mozilla/5.0 (X11; Linux x86_64) AppleWebKit/537.36 (KHTML, like Gecko) HeadlessChrome/135.0.0.0 Safari/537.36',
  'x-forwarded-for': '::ffff:127.0.0.1',
  'x-forwarded-host': 'localhost:3000',
  'x-forwarded-port': '3000',
  'x-forwarded-proto': 'http'
}
🔵 [AUTH-LIB] Getting session
🔵 [AUTH-LIB] Token from cookies: No token found
🔵 [AUTH-LIB] No auth token found in cookies
🔵 [AUTH-BACKEND] Session check result: No user session
🟢 [AUTH-BACKEND] Auth check completed successfully
 GET /api/auth/me 200 in 178ms
 GET /api/public/venues 200 in 812ms
 ✓ Compiled /api/public/venues/[id] in 246ms (825 modules)
🔵 [AUTH-BACKEND] Auth check request received
🔵 [AUTH-BACKEND] Request headers: {
  accept: '*/*',
  'accept-encoding': 'gzip, deflate, br, zstd',
  'accept-language': 'en-US,en;q=0.9',
  connection: 'keep-alive',
  'content-type': 'application/json',
  host: 'localhost:3000',
  referer: 'http://localhost:3000/book/cmbz3igfd0005qn018j1uu311',
  'sec-ch-ua': '"Google Chrome";v="135", "Not-A.Brand";v="8", "Chromium";v="135"',
  'sec-ch-ua-mobile': '?0',
  'sec-ch-ua-platform': '"Linux"',
  'sec-fetch-dest': 'empty',
  'sec-fetch-mode': 'cors',
  'sec-fetch-site': 'same-origin',
  'user-agent': 'Mozilla/5.0 (X11; Linux x86_64) AppleWebKit/537.36 (KHTML, like Gecko) HeadlessChrome/135.0.0.0 Safari/537.36',
  'x-forwarded-for': '::ffff:127.0.0.1',
  'x-forwarded-host': 'localhost:3000',
  'x-forwarded-port': '3000',
  'x-forwarded-proto': 'http'
}
🔵 [AUTH-LIB] Getting session
🔵 [AUTH-LIB] Token from cookies: No token found
🔵 [AUTH-LIB] No auth token found in cookies
🔵 [AUTH-BACKEND] Session check result: No user session
🟢 [AUTH-BACKEND] Auth check completed successfully
 GET /api/auth/me 200 in 681ms
 GET /api/public/venues 200 in 537ms
 GET /api/public/venues/cmbz3igfd0005qn018j1uu311 200 in 1174ms
 GET /api/public/venues/cmbz3igfd0005qn018j1uu311 200 in 62ms
 ○ Compiling /widget/[venueId] ...
 ✓ Compiled /widget/[venueId] in 1152ms (1530 modules)
 GET /book 200 in 1308ms
🔵 [AUTH-BACKEND] Auth check request received
🔵 [AUTH-BACKEND] Request headers: {
  accept: '*/*',
  'accept-encoding': 'gzip, deflate, br, zstd',
  'accept-language': 'en-US,en;q=0.9',
  connection: 'keep-alive',
  'content-type': 'application/json',
  host: 'localhost:3000',
  referer: 'http://localhost:3000/book',
  'sec-ch-ua': '"Google Chrome";v="135", "Not-A.Brand";v="8", "Chromium";v="135"',
  'sec-ch-ua-mobile': '?0',
  'sec-ch-ua-platform': '"Linux"',
  'sec-fetch-dest': 'empty',
  'sec-fetch-mode': 'cors',
  'sec-fetch-site': 'same-origin',
  'user-agent': 'Mozilla/5.0 (X11; Linux x86_64) AppleWebKit/537.36 (KHTML, like Gecko) HeadlessChrome/135.0.0.0 Safari/537.36',
  'x-forwarded-for': '::ffff:127.0.0.1',
  'x-forwarded-host': 'localhost:3000',
  'x-forwarded-port': '3000',
  'x-forwarded-proto': 'http'
}
🔵 [AUTH-LIB] Getting session
🔵 [AUTH-LIB] Token from cookies: No token found
🔵 [AUTH-LIB] No auth token found in cookies
🔵 [AUTH-BACKEND] Auth check request received
🔵 [AUTH-BACKEND] Request headers: {
  accept: '*/*',
  'accept-encoding': 'gzip, deflate, br, zstd',
  'accept-language': 'en-US,en;q=0.9',
  connection: 'keep-alive',
  'content-type': 'application/json',
  host: 'localhost:3000',
  referer: 'http://localhost:3000/book',
  'sec-ch-ua': '"Google Chrome";v="135", "Not-A.Brand";v="8", "Chromium";v="135"',
  'sec-ch-ua-mobile': '?0',
  'sec-ch-ua-platform': '"Linux"',
  'sec-fetch-dest': 'empty',
  'sec-fetch-mode': 'cors',
  'sec-fetch-site': 'same-origin',
  'user-agent': 'Mozilla/5.0 (X11; Linux x86_64) AppleWebKit/537.36 (KHTML, like Gecko) HeadlessChrome/135.0.0.0 Safari/537.36',
  'x-forwarded-for': '::ffff:127.0.0.1',
  'x-forwarded-host': 'localhost:3000',
  'x-forwarded-port': '3000',
  'x-forwarded-proto': 'http'
}
🔵 [AUTH-LIB] Getting session
🔵 [AUTH-LIB] Token from cookies: No token found
🔵 [AUTH-LIB] No auth token found in cookies
🔵 [AUTH-BACKEND] Session check result: No user session
🟢 [AUTH-BACKEND] Auth check completed successfully
🔵 [AUTH-BACKEND] Session check result: No user session
🟢 [AUTH-BACKEND] Auth check completed successfully
 GET /api/auth/me 200 in 82ms
 GET /api/auth/me 200 in 78ms
 GET /api/public/venues?page=1&limit=12 200 in 88ms
 GET /api/public/venues?page=1&limit=12 200 in 46ms
 GET /widget/cmc0n0g320008rq5xzzg8wxrj 200 in 1785ms
🔵 [AUTH-BACKEND] Auth check request received
🔵 [AUTH-BACKEND] Request headers: {
  accept: '*/*',
  'accept-encoding': 'gzip, deflate, br, zstd',
  'accept-language': 'en-US,en;q=0.9',
  connection: 'keep-alive',
  'content-type': 'application/json',
  host: 'localhost:3000',
  referer: 'http://localhost:3000/widget/cmc0n0g320008rq5xzzg8wxrj',
  'sec-ch-ua': '"Google Chrome";v="135", "Not-A.Brand";v="8", "Chromium";v="135"',
  'sec-ch-ua-mobile': '?0',
  'sec-ch-ua-platform': '"Linux"',
  'sec-fetch-dest': 'empty',
  'sec-fetch-mode': 'cors',
  'sec-fetch-site': 'same-origin',
  'user-agent': 'Mozilla/5.0 (X11; Linux x86_64) AppleWebKit/537.36 (KHTML, like Gecko) HeadlessChrome/135.0.0.0 Safari/537.36',
  'x-forwarded-for': '::ffff:127.0.0.1',
  'x-forwarded-host': 'localhost:3000',
  'x-forwarded-port': '3000',
  'x-forwarded-proto': 'http'
}
🔵 [AUTH-LIB] Getting session
🔵 [AUTH-LIB] Token from cookies: No token found
🔵 [AUTH-LIB] No auth token found in cookies
🔵 [AUTH-BACKEND] Auth check request received
🔵 [AUTH-BACKEND] Request headers: {
  accept: '*/*',
  'accept-encoding': 'gzip, deflate, br, zstd',
  'accept-language': 'en-US,en;q=0.9',
  connection: 'keep-alive',
  'content-type': 'application/json',
  host: 'localhost:3000',
  referer: 'http://localhost:3000/widget/cmc0n0g320008rq5xzzg8wxrj',
  'sec-ch-ua': '"Google Chrome";v="135", "Not-A.Brand";v="8", "Chromium";v="135"',
  'sec-ch-ua-mobile': '?0',
  'sec-ch-ua-platform': '"Linux"',
  'sec-fetch-dest': 'empty',
  'sec-fetch-mode': 'cors',
  'sec-fetch-site': 'same-origin',
  'user-agent': 'Mozilla/5.0 (X11; Linux x86_64) AppleWebKit/537.36 (KHTML, like Gecko) HeadlessChrome/135.0.0.0 Safari/537.36',
  'x-forwarded-for': '::ffff:127.0.0.1',
  'x-forwarded-host': 'localhost:3000',
  'x-forwarded-port': '3000',
  'x-forwarded-proto': 'http'
}
🔵 [AUTH-LIB] Getting session
🔵 [AUTH-LIB] Token from cookies: No token found
🔵 [AUTH-LIB] No auth token found in cookies
🔵 [AUTH-BACKEND] Session check result: No user session
🟢 [AUTH-BACKEND] Auth check completed successfully
🔵 [AUTH-BACKEND] Session check result: No user session
🟢 [AUTH-BACKEND] Auth check completed successfully
 GET /api/auth/me 200 in 74ms
 GET /api/auth/me 200 in 73ms
 GET /api/public/venues/cmc0n0g320008rq5xzzg8wxrj 200 in 101ms
 GET /api/public/venues/cmc0n0g320008rq5xzzg8wxrj 200 in 50ms
 GET /venues 200 in 214ms
 GET /my-bookings 200 in 269ms
 GET /book 200 in 268ms
 GET /auth/register 200 in 269ms
 GET / 200 in 277ms
 GET /widget/cmc0n0g320008rq5xzzg8wxrj 200 in 277ms
 GET /book/cmbz3igfd0005qn018j1uu311 200 in 280ms
 GET /auth/login 200 in 285ms
 GET / 200 in 72ms
 GET / 200 in 56ms
🔵 [AUTH-BACKEND] Auth check request received
🔵 [AUTH-BACKEND] Request headers: {
  accept: '*/*',
  'accept-encoding': 'gzip, br',
  'accept-language': 'en-US,en;q=0.9,en-GB;q=0.8',
  'cdn-loop': 'cloudflare; loops=1',
  'cf-connecting-ip': '78.145.125.210',
  'cf-ipcountry': 'GB',
  'cf-ray': '95141fa2cb4ad834-MAN',
  'cf-visitor': '{"scheme":"https"}',
  'content-type': 'application/json',
  host: 'chatllm-computer-601b330f-vnc.default.svc.cluster.local:3000',
  priority: 'u=1, i',
  referer: 'https://601b330f.preview.abacusai.app/',
  'sec-ch-ua': '"Microsoft Edge";v="137", "Chromium";v="137", "Not/A)Brand";v="24"',
  'sec-ch-ua-mobile': '?0',
  'sec-ch-ua-platform': '"Windows"',
  'sec-fetch-dest': 'empty',
  'sec-fetch-mode': 'cors',
  'sec-fetch-site': 'same-origin',
  'sec-fetch-storage-access': 'active',
  'user-agent': 'Mozilla/5.0 (Windows NT 10.0; Win64; x64) AppleWebKit/537.36 (KHTML, like Gecko) Chrome/137.0.0.0 Safari/537.36 Edg/137.0.0.0',
  'x-abacus-service': 'chatllm-computer-601b330f-vnc.default.svc.cluster.local:3000',
  'x-envoy-expected-rq-timeout-ms': '3620000',
  'x-forwarded-for': '78.145.125.210',
  'x-forwarded-host': '601b330f.preview.abacusai.app',
  'x-forwarded-port': '3000',
  'x-forwarded-proto': 'https',
  'x-request-id': 'e25aa9f5-15f7-4ff5-9417-3e1b10ea6f85'
}
🔵 [AUTH-LIB] Getting session
🔵 [AUTH-LIB] Token from cookies: No token found
🔵 [AUTH-LIB] No auth token found in cookies
🔵 [AUTH-BACKEND] Auth check request received
🔵 [AUTH-BACKEND] Request headers: {
  accept: '*/*',
  'accept-encoding': 'gzip, br',
  'accept-language': 'en-US,en;q=0.9,en-GB;q=0.8',
  'cdn-loop': 'cloudflare; loops=1',
  'cf-connecting-ip': '78.145.125.210',
  'cf-ipcountry': 'GB',
  'cf-ray': '95141fa2cb65d834-MAN',
  'cf-visitor': '{"scheme":"https"}',
  'content-type': 'application/json',
  host: 'chatllm-computer-601b330f-vnc.default.svc.cluster.local:3000',
  priority: 'u=1, i',
  referer: 'https://601b330f.preview.abacusai.app/',
  'sec-ch-ua': '"Microsoft Edge";v="137", "Chromium";v="137", "Not/A)Brand";v="24"',
  'sec-ch-ua-mobile': '?0',
  'sec-ch-ua-platform': '"Windows"',
  'sec-fetch-dest': 'empty',
  'sec-fetch-mode': 'cors',
  'sec-fetch-site': 'same-origin',
  'sec-fetch-storage-access': 'active',
  'user-agent': 'Mozilla/5.0 (Windows NT 10.0; Win64; x64) AppleWebKit/537.36 (KHTML, like Gecko) Chrome/137.0.0.0 Safari/537.36 Edg/137.0.0.0',
  'x-abacus-service': 'chatllm-computer-601b330f-vnc.default.svc.cluster.local:3000',
  'x-envoy-expected-rq-timeout-ms': '3620000',
  'x-forwarded-for': '78.145.125.210',
  'x-forwarded-host': '601b330f.preview.abacusai.app',
  'x-forwarded-port': '3000',
  'x-forwarded-proto': 'https',
  'x-request-id': 'b7c61435-168a-4fc0-aff8-7c244b9ae516'
}
🔵 [AUTH-LIB] Getting session
🔵 [AUTH-LIB] Token from cookies: No token found
🔵 [AUTH-LIB] No auth token found in cookies
🔵 [AUTH-BACKEND] Session check result: No user session
🟢 [AUTH-BACKEND] Auth check completed successfully
🔵 [AUTH-BACKEND] Session check result: No user session
🟢 [AUTH-BACKEND] Auth check completed successfully
 GET /api/auth/me 200 in 88ms
 GET /api/auth/me 200 in 76ms
 GET /api/venues/featured 200 in 112ms
 GET / 200 in 54ms
 GET /api/venues/featured 200 in 58ms
🔵 [AUTH-BACKEND] Auth check request received
🔵 [AUTH-BACKEND] Request headers: {
  accept: '*/*',
  'accept-encoding': 'gzip, br',
  'accept-language': 'en-US,en;q=0.9,en-GB;q=0.8',
  'cdn-loop': 'cloudflare; loops=1',
  'cf-connecting-ip': '78.145.125.210',
  'cf-ipcountry': 'GB',
  'cf-ray': '95141fa90931d834-MAN',
  'cf-visitor': '{"scheme":"https"}',
  'content-type': 'application/json',
  host: 'chatllm-computer-601b330f-vnc.default.svc.cluster.local:3000',
  priority: 'u=1, i',
  referer: 'https://601b330f.preview.abacusai.app/',
  'sec-ch-ua': '"Microsoft Edge";v="137", "Chromium";v="137", "Not/A)Brand";v="24"',
  'sec-ch-ua-mobile': '?0',
  'sec-ch-ua-platform': '"Windows"',
  'sec-fetch-dest': 'empty',
  'sec-fetch-mode': 'cors',
  'sec-fetch-site': 'same-origin',
  'sec-fetch-storage-access': 'active',
  'user-agent': 'Mozilla/5.0 (Windows NT 10.0; Win64; x64) AppleWebKit/537.36 (KHTML, like Gecko) Chrome/137.0.0.0 Safari/537.36 Edg/137.0.0.0',
  'x-abacus-service': 'chatllm-computer-601b330f-vnc.default.svc.cluster.local:3000',
  'x-envoy-expected-rq-timeout-ms': '3620000',
  'x-forwarded-for': '78.145.125.210',
  'x-forwarded-host': '601b330f.preview.abacusai.app',
  'x-forwarded-port': '3000',
  'x-forwarded-proto': 'https',
  'x-request-id': '57e38923-babb-475b-ada0-76d13a6003dd'
}
🔵 [AUTH-LIB] Getting session
🔵 [AUTH-LIB] Token from cookies: No token found
🔵 [AUTH-LIB] No auth token found in cookies
🔵 [AUTH-BACKEND] Auth check request received
🔵 [AUTH-BACKEND] Request headers: {
  accept: '*/*',
  'accept-encoding': 'gzip, br',
  'accept-language': 'en-US,en;q=0.9,en-GB;q=0.8',
  'cdn-loop': 'cloudflare; loops=1',
  'cf-connecting-ip': '78.145.125.210',
  'cf-ipcountry': 'GB',
  'cf-ray': '95141fa9093bd834-MAN',
  'cf-visitor': '{"scheme":"https"}',
  'content-type': 'application/json',
  host: 'chatllm-computer-601b330f-vnc.default.svc.cluster.local:3000',
  priority: 'u=1, i',
  referer: 'https://601b330f.preview.abacusai.app/',
  'sec-ch-ua': '"Microsoft Edge";v="137", "Chromium";v="137", "Not/A)Brand";v="24"',
  'sec-ch-ua-mobile': '?0',
  'sec-ch-ua-platform': '"Windows"',
  'sec-fetch-dest': 'empty',
  'sec-fetch-mode': 'cors',
  'sec-fetch-site': 'same-origin',
  'sec-fetch-storage-access': 'active',
  'user-agent': 'Mozilla/5.0 (Windows NT 10.0; Win64; x64) AppleWebKit/537.36 (KHTML, like Gecko) Chrome/137.0.0.0 Safari/537.36 Edg/137.0.0.0',
  'x-abacus-service': 'chatllm-computer-601b330f-vnc.default.svc.cluster.local:3000',
  'x-envoy-expected-rq-timeout-ms': '3620000',
  'x-forwarded-for': '78.145.125.210',
  'x-forwarded-host': '601b330f.preview.abacusai.app',
  'x-forwarded-port': '3000',
  'x-forwarded-proto': 'https',
  'x-request-id': '0d2e9c9d-e7b1-45f3-b55b-6b769b510a95'
}
🔵 [AUTH-LIB] Getting session
🔵 [AUTH-LIB] Token from cookies: No token found
🔵 [AUTH-LIB] No auth token found in cookies
🔵 [AUTH-BACKEND] Session check result: No user session
🟢 [AUTH-BACKEND] Auth check completed successfully
🔵 [AUTH-BACKEND] Session check result: No user session
🟢 [AUTH-BACKEND] Auth check completed successfully
 GET /api/auth/me 200 in 66ms
 GET /api/auth/me 200 in 65ms
 GET /api/venues/featured 200 in 42ms
 GET /api/public/venues 200 in 61ms
 GET /api/public/venues 200 in 45ms
 GET /api/venues/featured 200 in 53ms
 GET /api/venues/featured 200 in 38ms
 GET / 200 in 54ms
 GET / 200 in 52ms
 GET / 200 in 60ms
🔵 [AUTH-BACKEND] Auth check request received
🔵 [AUTH-BACKEND] Request headers: {
  accept: '*/*',
  'accept-encoding': 'gzip, br',
  'accept-language': 'en-US,en;q=0.9,en-GB;q=0.8',
  'cdn-loop': 'cloudflare; loops=1',
  'cf-connecting-ip': '78.145.125.210',
  'cf-ipcountry': 'GB',
  'cf-ray': '951428bdd8db2207-MAN',
  'cf-visitor': '{"scheme":"https"}',
  'content-type': 'application/json',
  host: 'chatllm-computer-601b330f-vnc.default.svc.cluster.local:3000',
  priority: 'u=1, i',
  referer: 'https://601b330f.preview.abacusai.app/',
  'sec-ch-ua': '"Microsoft Edge";v="137", "Chromium";v="137", "Not/A)Brand";v="24"',
  'sec-ch-ua-mobile': '?0',
  'sec-ch-ua-platform': '"Windows"',
  'sec-fetch-dest': 'empty',
  'sec-fetch-mode': 'cors',
  'sec-fetch-site': 'same-origin',
  'sec-fetch-storage-access': 'active',
  'user-agent': 'Mozilla/5.0 (Windows NT 10.0; Win64; x64) AppleWebKit/537.36 (KHTML, like Gecko) Chrome/137.0.0.0 Safari/537.36 Edg/137.0.0.0',
  'x-abacus-service': 'chatllm-computer-601b330f-vnc.default.svc.cluster.local:3000',
  'x-envoy-expected-rq-timeout-ms': '3620000',
  'x-forwarded-for': '78.145.125.210',
  'x-forwarded-host': '601b330f.preview.abacusai.app',
  'x-forwarded-port': '3000',
  'x-forwarded-proto': 'https',
  'x-request-id': 'a6cfdf84-e427-42e7-bb5e-3c0ca26ad086'
}
🔵 [AUTH-LIB] Getting session
🔵 [AUTH-LIB] Token from cookies: No token found
🔵 [AUTH-LIB] No auth token found in cookies
🔵 [AUTH-BACKEND] Session check result: No user session
🟢 [AUTH-BACKEND] Auth check completed successfully
 GET /api/auth/me 200 in 46ms
🔵 [AUTH-BACKEND] Auth check request received
🔵 [AUTH-BACKEND] Request headers: {
  accept: '*/*',
  'accept-encoding': 'gzip, br',
  'accept-language': 'en-US,en;q=0.9,en-GB;q=0.8',
  'cdn-loop': 'cloudflare; loops=1',
  'cf-connecting-ip': '78.145.125.210',
  'cf-ipcountry': 'GB',
  'cf-ray': '951428bdd8d42207-MAN',
  'cf-visitor': '{"scheme":"https"}',
  'content-type': 'application/json',
  host: 'chatllm-computer-601b330f-vnc.default.svc.cluster.local:3000',
  priority: 'u=1, i',
  referer: 'https://601b330f.preview.abacusai.app/',
  'sec-ch-ua': '"Microsoft Edge";v="137", "Chromium";v="137", "Not/A)Brand";v="24"',
  'sec-ch-ua-mobile': '?0',
  'sec-ch-ua-platform': '"Windows"',
  'sec-fetch-dest': 'empty',
  'sec-fetch-mode': 'cors',
  'sec-fetch-site': 'same-origin',
  'sec-fetch-storage-access': 'active',
  'user-agent': 'Mozilla/5.0 (Windows NT 10.0; Win64; x64) AppleWebKit/537.36 (KHTML, like Gecko) Chrome/137.0.0.0 Safari/537.36 Edg/137.0.0.0',
  'x-abacus-service': 'chatllm-computer-601b330f-vnc.default.svc.cluster.local:3000',
  'x-envoy-expected-rq-timeout-ms': '3620000',
  'x-forwarded-for': '78.145.125.210',
  'x-forwarded-host': '601b330f.preview.abacusai.app',
  'x-forwarded-port': '3000',
  'x-forwarded-proto': 'https',
  'x-request-id': 'b5b7ab50-c9a1-4a2e-b71d-e7bd290d740c'
}
🔵 [AUTH-LIB] Getting session
🔵 [AUTH-LIB] Token from cookies: No token found
🔵 [AUTH-LIB] No auth token found in cookies
🔵 [AUTH-BACKEND] Session check result: No user session
🟢 [AUTH-BACKEND] Auth check completed successfully
 GET /api/auth/me 200 in 71ms
 GET /api/venues/featured 200 in 76ms
 GET /api/venues/featured 200 in 45ms
 GET / 200 in 66ms
🔵 [AUTH-BACKEND] Auth check request received
🔵 [AUTH-BACKEND] Request headers: {
  accept: '*/*',
  'accept-encoding': 'gzip, br',
  'accept-language': 'en-US,en;q=0.9,en-GB;q=0.8',
  'cdn-loop': 'cloudflare; loops=1',
  'cf-connecting-ip': '78.145.125.210',
  'cf-ipcountry': 'GB',
  'cf-ray': '95144bafbe8d4f47-MAN',
  'cf-visitor': '{"scheme":"https"}',
  'content-type': 'application/json',
  host: 'chatllm-computer-601b330f-vnc.default.svc.cluster.local:3000',
  priority: 'u=1, i',
  referer: 'https://601b330f.preview.abacusai.app/',
  'sec-ch-ua': '"Microsoft Edge";v="137", "Chromium";v="137", "Not/A)Brand";v="24"',
  'sec-ch-ua-mobile': '?0',
  'sec-ch-ua-platform': '"Windows"',
  'sec-fetch-dest': 'empty',
  'sec-fetch-mode': 'cors',
  'sec-fetch-site': 'same-origin',
  'sec-fetch-storage-access': 'active',
  'user-agent': 'Mozilla/5.0 (Windows NT 10.0; Win64; x64) AppleWebKit/537.36 (KHTML, like Gecko) Chrome/137.0.0.0 Safari/537.36 Edg/137.0.0.0',
  'x-abacus-service': 'chatllm-computer-601b330f-vnc.default.svc.cluster.local:3000',
  'x-envoy-expected-rq-timeout-ms': '3620000',
  'x-forwarded-for': '78.145.125.210',
  'x-forwarded-host': '601b330f.preview.abacusai.app',
  'x-forwarded-port': '3000',
  'x-forwarded-proto': 'https',
  'x-request-id': '285b6973-5bec-4f90-b0bb-13f7db809c70'
}
🔵 [AUTH-LIB] Getting session
🔵 [AUTH-LIB] Token from cookies: No token found
🔵 [AUTH-LIB] No auth token found in cookies
🔵 [AUTH-BACKEND] Auth check request received
🔵 [AUTH-BACKEND] Request headers: {
  accept: '*/*',
  'accept-encoding': 'gzip, br',
  'accept-language': 'en-US,en;q=0.9,en-GB;q=0.8',
  'cdn-loop': 'cloudflare; loops=1',
  'cf-connecting-ip': '78.145.125.210',
  'cf-ipcountry': 'GB',
  'cf-ray': '95144bafbea14f47-MAN',
  'cf-visitor': '{"scheme":"https"}',
  'content-type': 'application/json',
  host: 'chatllm-computer-601b330f-vnc.default.svc.cluster.local:3000',
  priority: 'u=1, i',
  referer: 'https://601b330f.preview.abacusai.app/',
  'sec-ch-ua': '"Microsoft Edge";v="137", "Chromium";v="137", "Not/A)Brand";v="24"',
  'sec-ch-ua-mobile': '?0',
  'sec-ch-ua-platform': '"Windows"',
  'sec-fetch-dest': 'empty',
  'sec-fetch-mode': 'cors',
  'sec-fetch-site': 'same-origin',
  'sec-fetch-storage-access': 'active',
  'user-agent': 'Mozilla/5.0 (Windows NT 10.0; Win64; x64) AppleWebKit/537.36 (KHTML, like Gecko) Chrome/137.0.0.0 Safari/537.36 Edg/137.0.0.0',
  'x-abacus-service': 'chatllm-computer-601b330f-vnc.default.svc.cluster.local:3000',
  'x-envoy-expected-rq-timeout-ms': '3620000',
  'x-forwarded-for': '78.145.125.210',
  'x-forwarded-host': '601b330f.preview.abacusai.app',
  'x-forwarded-port': '3000',
  'x-forwarded-proto': 'https',
  'x-request-id': '96f938dc-d21f-4f23-a791-90c6e943346b'
}
🔵 [AUTH-LIB] Getting session
🔵 [AUTH-LIB] Token from cookies: No token found
🔵 [AUTH-LIB] No auth token found in cookies
🔵 [AUTH-BACKEND] Session check result: No user session
🟢 [AUTH-BACKEND] Auth check completed successfully
🔵 [AUTH-BACKEND] Session check result: No user session
🟢 [AUTH-BACKEND] Auth check completed successfully
 GET /api/auth/me 200 in 63ms
 GET /api/auth/me 200 in 63ms
 GET /api/venues/featured 200 in 75ms
 GET /api/venues/featured 200 in 43ms
