  ▲ Next.js 14.2.28
  - Local:        http://localhost:3000
  - Environments: .env
  - Experiments (use with caution):
    · outputFileTracingRoot

 ✓ Starting...
 ✓ Ready in 1752ms
 ○ Compiling / ...
 ✓ Compiled / in 2.6s (1173 modules)
 GET / 200 in 2685ms
 GET / 200 in 3170ms
 ✓ Compiled in 534ms (592 modules)
 GET / 200 in 44ms
 ✓ Compiled /api/auth/me in 473ms (700 modules)
🔵 [AUTH-BACKEND] Auth check request received
🔵 [AUTH-BACKEND] Request headers: {
  accept: '*/*',
  'accept-encoding': 'gzip, br',
  'accept-language': 'en-US,en;q=0.9,en-GB;q=0.8',
  'cdn-loop': 'cloudflare; loops=1',
  'cf-connecting-ip': '78.145.125.210',
  'cf-ipcountry': 'GB',
  'cf-ray': '950c4f8adc0f1118-MAN',
  'cf-visitor': '{"scheme":"https"}',
  'content-type': 'application/json',
  host: 'chatllm-computer-601b330f-vnc.default.svc.cluster.local:3000',
  priority: 'u=1, i',
  referer: 'https://601b330f.preview.abacusai.app/',
  'sec-ch-ua': '"Microsoft Edge";v="137", "Chromium";v="137", "Not/A)Brand";v="24"',
  'sec-ch-ua-mobile': '?0',
  'sec-ch-ua-platform': '"Windows"',
  'sec-fetch-dest': 'empty',
  'sec-fetch-mode': 'cors',
  'sec-fetch-site': 'same-origin',
  'sec-fetch-storage-access': 'active',
  'user-agent': 'Mozilla/5.0 (Windows NT 10.0; Win64; x64) AppleWebKit/537.36 (KHTML, like Gecko) Chrome/137.0.0.0 Safari/537.36 Edg/137.0.0.0',
  'x-abacus-service': 'chatllm-computer-601b330f-vnc.default.svc.cluster.local:3000',
  'x-envoy-expected-rq-timeout-ms': '3620000',
  'x-forwarded-for': '78.145.125.210',
  'x-forwarded-host': '601b330f.preview.abacusai.app',
  'x-forwarded-port': '3000',
  'x-forwarded-proto': 'https',
  'x-request-id': 'cdad1842-587e-43e9-8314-3597cd067632'
}
🔵 [AUTH-LIB] Getting session
🔵 [AUTH-LIB] Token from cookies: No token found
🔵 [AUTH-LIB] No auth token found in cookies
🔵 [AUTH-BACKEND] Auth check request received
🔵 [AUTH-BACKEND] Request headers: {
  accept: '*/*',
  'accept-encoding': 'gzip, br',
  'accept-language': 'en-US,en;q=0.9,en-GB;q=0.8',
  'cdn-loop': 'cloudflare; loops=1',
  'cf-connecting-ip': '78.145.125.210',
  'cf-ipcountry': 'GB',
  'cf-ray': '950c4f8adc051118-MAN',
  'cf-visitor': '{"scheme":"https"}',
  'content-type': 'application/json',
  host: 'chatllm-computer-601b330f-vnc.default.svc.cluster.local:3000',
  priority: 'u=1, i',
  referer: 'https://601b330f.preview.abacusai.app/',
  'sec-ch-ua': '"Microsoft Edge";v="137", "Chromium";v="137", "Not/A)Brand";v="24"',
  'sec-ch-ua-mobile': '?0',
  'sec-ch-ua-platform': '"Windows"',
  'sec-fetch-dest': 'empty',
  'sec-fetch-mode': 'cors',
  'sec-fetch-site': 'same-origin',
  'sec-fetch-storage-access': 'active',
  'user-agent': 'Mozilla/5.0 (Windows NT 10.0; Win64; x64) AppleWebKit/537.36 (KHTML, like Gecko) Chrome/137.0.0.0 Safari/537.36 Edg/137.0.0.0',
  'x-abacus-service': 'chatllm-computer-601b330f-vnc.default.svc.cluster.local:3000',
  'x-envoy-expected-rq-timeout-ms': '3620000',
  'x-forwarded-for': '78.145.125.210',
  'x-forwarded-host': '601b330f.preview.abacusai.app',
  'x-forwarded-port': '3000',
  'x-forwarded-proto': 'https',
  'x-request-id': '728ce25c-9507-4723-91ef-641c2050bbcd'
}
🔵 [AUTH-LIB] Getting session
🔵 [AUTH-LIB] Token from cookies: No token found
🔵 [AUTH-LIB] No auth token found in cookies
🔵 [AUTH-BACKEND] Session check result: No user session
🟢 [AUTH-BACKEND] Auth check completed successfully
🔵 [AUTH-BACKEND] Session check result: No user session
🟢 [AUTH-BACKEND] Auth check completed successfully
 GET /api/auth/me 200 in 677ms
 GET /api/auth/me 200 in 683ms
 ✓ Compiled in 465ms (592 modules)
 ✓ Compiled in 303ms (592 modules)
 ✓ Compiled in 368ms (592 modules)
 ✓ Compiled in 338ms (592 modules)
 ✓ Compiled in 352ms (592 modules)
 ✓ Compiled in 307ms (592 modules)
[?25h
