Billing portal error: SyntaxError: Unexpected end of JSON input
    at JSON.parse (<anonymous>)
    at parseJSONFromBytes (node:internal/deps/undici/undici:5738:19)
    at successSteps (node:internal/deps/undici/undici:5719:27)
    at fullyReadBody (node:internal/deps/undici/undici:4609:9)
    at process.processTicksAndRejections (node:internal/process/task_queues:105:5)
    at async consumeBody (node:internal/deps/undici/undici:5728:7)
    at async POST (/home/ubuntu/sully-booking-system/app/.next/server/app/api/subscriptions/billing-portal/route.js:235:31)
    at async /home/ubuntu/sully-booking-system/app/node_modules/next/dist/compiled/next-server/app-route.runtime.dev.js:6:57228
    at async eT.execute (/home/ubuntu/sully-booking-system/app/node_modules/next/dist/compiled/next-server/app-route.runtime.dev.js:6:46851)
    at async eT.handle (/home/ubuntu/sully-booking-system/app/node_modules/next/dist/compiled/next-server/app-route.runtime.dev.js:6:58760)
    at async doRender (/home/ubuntu/sully-booking-system/app/node_modules/next/dist/server/base-server.js:1366:42)
    at async cacheEntry.responseCache.get.routeKind (/home/ubuntu/sully-booking-system/app/node_modules/next/dist/server/base-server.js:1588:28)
    at async DevServer.renderToResponseWithComponentsImpl (/home/ubuntu/sully-booking-system/app/node_modules/next/dist/server/base-server.js:1496:28)
    at async DevServer.renderPageComponent (/home/ubuntu/sully-booking-system/app/node_modules/next/dist/server/base-server.js:1924:24)
    at async DevServer.renderToResponseImpl (/home/ubuntu/sully-booking-system/app/node_modules/next/dist/server/base-server.js:1962:32)
    at async DevServer.pipeImpl (/home/ubuntu/sully-booking-system/app/node_modules/next/dist/server/base-server.js:922:25)
    at async NextNodeServer.handleCatchallRenderRequest (/home/ubuntu/sully-booking-system/app/node_modules/next/dist/server/next-server.js:272:17)
    at async DevServer.handleRequestImpl (/home/ubuntu/sully-booking-system/app/node_modules/next/dist/server/base-server.js:818:17)
    at async /home/ubuntu/sully-booking-system/app/node_modules/next/dist/server/dev/next-dev-server.js:339:20
    at async Span.traceAsyncFn (/home/ubuntu/sully-booking-system/app/node_modules/next/dist/trace/trace.js:154:20)
    at async DevServer.handleRequest (/home/ubuntu/sully-booking-system/app/node_modules/next/dist/server/dev/next-dev-server.js:336:24)
    at async invokeRender (/home/ubuntu/sully-booking-system/app/node_modules/next/dist/server/lib/router-server.js:178:21)
    at async handleRequest (/home/ubuntu/sully-booking-system/app/node_modules/next/dist/server/lib/router-server.js:355:24)
    at async requestHandlerImpl (/home/ubuntu/sully-booking-system/app/node_modules/next/dist/server/lib/router-server.js:379:13)
    at async Server.requestListener (/home/ubuntu/sully-booking-system/app/node_modules/next/dist/server/lib/start-server.js:141:13)
