  ▲ Next.js 14.2.28
  - Local:        http://localhost:3000
  - Environments: .env
  - Experiments (use with caution):
    · outputFileTracingRoot

 ✓ Starting...
 ✓ Ready in 2s
 ○ Compiling / ...
 ✓ Compiled / in 3.9s (1180 modules)
 GET / 200 in 4249ms
 GET / 200 in 4407ms
 ✓ Compiled in 546ms (592 modules)
 GET / 200 in 65ms
 ✓ Compiled /_not-found in 357ms (1164 modules)
 GET /_next/static/chunks/handle-smooth-scroll.js.map 404 in 411ms
 GET /_next/static/chunks/static-generation-async-storage-instance.js.map 404 in 19ms
 GET /_next/static/chunks/app/bundle-mjs.mjs.map 404 in 17ms
 GET /_next/static/chunks/app/bundle-mjs.mjs.map 404 in 16ms
 ✓ Compiled /api/auth/me in 465ms (701 modules)
 GET /api/auth/me 401 in 620ms
 GET /api/auth/me 401 in 22ms
 GET / 200 in 119ms
 GET / 200 in 29ms
 GET /_next/static/chunks/handle-smooth-scroll.js.map 404 in 20ms
 GET / 200 in 28ms
 GET /_next/static/chunks/handle-smooth-scroll.js.map 404 in 16ms
 GET /_next/static/chunks/static-generation-async-storage-instance.js.map 404 in 15ms
 GET /_next/static/chunks/app/bundle-mjs.mjs.map 404 in 15ms
 GET /_next/static/chunks/handle-smooth-scroll.js.map 404 in 14ms
 GET /_next/static/chunks/app/bundle-mjs.mjs.map 404 in 17ms
 GET /api/auth/me 401 in 23ms
 GET /api/auth/me 401 in 18ms
 GET /demo 404 in 16ms
 GET /_next/static/chunks/handle-smooth-scroll.js.map 404 in 14ms
 GET /_next/static/chunks/app/bundle-mjs.mjs.map 404 in 14ms
 GET /_next/static/chunks/static-generation-async-storage-instance.js.map 404 in 14ms
 GET /api/auth/me 401 in 19ms
 GET /api/auth/me 401 in 18ms
 GET / 200 in 32ms
 GET /_next/static/chunks/handle-smooth-scroll.js.map 404 in 14ms
 GET /_next/static/chunks/app/bundle-mjs.mjs.map 404 in 14ms
 GET /_next/static/chunks/static-generation-async-storage-instance.js.map 404 in 15ms
 GET /_next/static/chunks/app/bundle-mjs.mjs.map 404 in 14ms
 GET /api/auth/me 401 in 18ms
 GET /api/auth/me 401 in 17ms
 GET / 200 in 29ms
 GET / 200 in 29ms
 GET /_next/static/chunks/handle-smooth-scroll.js.map 404 in 12ms
 GET /_next/static/chunks/app/bundle-mjs.mjs.map 404 in 15ms
 GET / 200 in 27ms
 GET /_next/static/chunks/handle-smooth-scroll.js.map 404 in 16ms
 GET /_next/static/chunks/app/bundle-mjs.mjs.map 404 in 14ms
 GET /_next/static/chunks/app/bundle-mjs.mjs.map 404 in 13ms
 GET /_next/static/chunks/static-generation-async-storage-instance.js.map 404 in 19ms
 GET /_next/static/chunks/app/bundle-mjs.mjs.map 404 in 11ms
 GET /_next/static/chunks/app/bundle-mjs.mjs.map 404 in 14ms
 GET /api/auth/me 401 in 18ms
 GET /api/auth/me 401 in 18ms
[?25h
