🔴 [LOGIN-API] Failed to parse request body: SyntaxError: Unexpected token 'i', "invalid json" is not valid JSON
    at JSON.parse (<anonymous>)
    at parseJSONFromBytes (node:internal/deps/undici/undici:5738:19)
    at successSteps (node:internal/deps/undici/undici:5719:27)
    at fullyReadBody (node:internal/deps/undici/undici:4609:9)
    at process.processTicksAndRejections (node:internal/process/task_queues:105:5)
    at async consumeBody (node:internal/deps/undici/undici:5728:7)
    at async POST (/home/ubuntu/sully-booking-system/app/.next/server/app/api/auth/login/route.js:191:20)
    at async /opt/hostedapp/node/root/app/node_modules/next/dist/compiled/next-server/app-route.runtime.dev.js:6:57228
    at async eT.execute (/opt/hostedapp/node/root/app/node_modules/next/dist/compiled/next-server/app-route.runtime.dev.js:6:46851)
    at async eT.handle (/opt/hostedapp/node/root/app/node_modules/next/dist/compiled/next-server/app-route.runtime.dev.js:6:58760)
    at async doRender (/opt/hostedapp/node/root/app/node_modules/next/dist/server/base-server.js:1366:42)
    at async cacheEntry.responseCache.get.routeKind (/opt/hostedapp/node/root/app/node_modules/next/dist/server/base-server.js:1588:28)
    at async DevServer.renderToResponseWithComponentsImpl (/opt/hostedapp/node/root/app/node_modules/next/dist/server/base-server.js:1496:28)
    at async DevServer.renderPageComponent (/opt/hostedapp/node/root/app/node_modules/next/dist/server/base-server.js:1924:24)
    at async DevServer.renderToResponseImpl (/opt/hostedapp/node/root/app/node_modules/next/dist/server/base-server.js:1962:32)
    at async DevServer.pipeImpl (/opt/hostedapp/node/root/app/node_modules/next/dist/server/base-server.js:922:25)
    at async NextNodeServer.handleCatchallRenderRequest (/opt/hostedapp/node/root/app/node_modules/next/dist/server/next-server.js:272:17)
    at async DevServer.handleRequestImpl (/opt/hostedapp/node/root/app/node_modules/next/dist/server/base-server.js:818:17)
    at async /opt/hostedapp/node/root/app/node_modules/next/dist/server/dev/next-dev-server.js:339:20
    at async Span.traceAsyncFn (/opt/hostedapp/node/root/app/node_modules/next/dist/trace/trace.js:154:20)
    at async DevServer.handleRequest (/opt/hostedapp/node/root/app/node_modules/next/dist/server/dev/next-dev-server.js:336:24)
    at async invokeRender (/opt/hostedapp/node/root/app/node_modules/next/dist/server/lib/router-server.js:178:21)
    at async handleRequest (/opt/hostedapp/node/root/app/node_modules/next/dist/server/lib/router-server.js:355:24)
    at async requestHandlerImpl (/opt/hostedapp/node/root/app/node_modules/next/dist/server/lib/router-server.js:379:13)
    at async Server.requestListener (/opt/hostedapp/node/root/app/node_modules/next/dist/server/lib/start-server.js:141:13)
🔴 [LOGIN-API] Input validation failed: ZodError: [
  {
    "code": "invalid_type",
    "expected": "string",
    "received": "undefined",
    "path": [
      "password"
    ],
    "message": "Required"
  }
]
    at get error (/home/ubuntu/sully-booking-system/app/.next/server/vendor-chunks/zod.js:710:31)
    at ZodObject.parse (/home/ubuntu/sully-booking-system/app/.next/server/vendor-chunks/zod.js:815:22)
    at POST (/home/ubuntu/sully-booking-system/app/.next/server/app/api/auth/login/route.js:204:87)
    at process.processTicksAndRejections (node:internal/process/task_queues:105:5)
    at async /opt/hostedapp/node/root/app/node_modules/next/dist/compiled/next-server/app-route.runtime.dev.js:6:57228
    at async eT.execute (/opt/hostedapp/node/root/app/node_modules/next/dist/compiled/next-server/app-route.runtime.dev.js:6:46851)
    at async eT.handle (/opt/hostedapp/node/root/app/node_modules/next/dist/compiled/next-server/app-route.runtime.dev.js:6:58760)
    at async doRender (/opt/hostedapp/node/root/app/node_modules/next/dist/server/base-server.js:1366:42)
    at async cacheEntry.responseCache.get.routeKind (/opt/hostedapp/node/root/app/node_modules/next/dist/server/base-server.js:1588:28)
    at async DevServer.renderToResponseWithComponentsImpl (/opt/hostedapp/node/root/app/node_modules/next/dist/server/base-server.js:1496:28)
    at async DevServer.renderPageComponent (/opt/hostedapp/node/root/app/node_modules/next/dist/server/base-server.js:1924:24)
    at async DevServer.renderToResponseImpl (/opt/hostedapp/node/root/app/node_modules/next/dist/server/base-server.js:1962:32)
    at async DevServer.pipeImpl (/opt/hostedapp/node/root/app/node_modules/next/dist/server/base-server.js:922:25)
    at async NextNodeServer.handleCatchallRenderRequest (/opt/hostedapp/node/root/app/node_modules/next/dist/server/next-server.js:272:17)
    at async DevServer.handleRequestImpl (/opt/hostedapp/node/root/app/node_modules/next/dist/server/base-server.js:818:17)
    at async /opt/hostedapp/node/root/app/node_modules/next/dist/server/dev/next-dev-server.js:339:20
    at async Span.traceAsyncFn (/opt/hostedapp/node/root/app/node_modules/next/dist/trace/trace.js:154:20)
    at async DevServer.handleRequest (/opt/hostedapp/node/root/app/node_modules/next/dist/server/dev/next-dev-server.js:336:24)
    at async invokeRender (/opt/hostedapp/node/root/app/node_modules/next/dist/server/lib/router-server.js:178:21)
    at async handleRequest (/opt/hostedapp/node/root/app/node_modules/next/dist/server/lib/router-server.js:355:24)
    at async requestHandlerImpl (/opt/hostedapp/node/root/app/node_modules/next/dist/server/lib/router-server.js:379:13)
    at async Server.requestListener (/opt/hostedapp/node/root/app/node_modules/next/dist/server/lib/start-server.js:141:13) {
  issues: [
    {
      code: 'invalid_type',
      expected: 'string',
      received: 'undefined',
      path: [Array],
      message: 'Required'
    }
  ],
  addIssue: [Function (anonymous)],
  addIssues: [Function (anonymous)],
  errors: [
    {
      code: 'invalid_type',
      expected: 'string',
      received: 'undefined',
      path: [Array],
      message: 'Required'
    }
  ]
}
Get notifications error: Error: Authentication required
    at requireAuth (/home/ubuntu/sully-booking-system/app/.next/server/app/api/notifications/route.js:320:15)
    at async GET (/home/ubuntu/sully-booking-system/app/.next/server/app/api/notifications/route.js:185:22)
    at async /opt/hostedapp/node/root/app/node_modules/next/dist/compiled/next-server/app-route.runtime.dev.js:6:57228
    at async eT.execute (/opt/hostedapp/node/root/app/node_modules/next/dist/compiled/next-server/app-route.runtime.dev.js:6:46851)
    at async eT.handle (/opt/hostedapp/node/root/app/node_modules/next/dist/compiled/next-server/app-route.runtime.dev.js:6:58760)
    at async doRender (/opt/hostedapp/node/root/app/node_modules/next/dist/server/base-server.js:1366:42)
    at async cacheEntry.responseCache.get.routeKind (/opt/hostedapp/node/root/app/node_modules/next/dist/server/base-server.js:1588:28)
Get venues error: Error: Authentication required
    at requireAuth (/home/ubuntu/sully-booking-system/app/.next/server/app/api/notifications/route.js:320:15)
    at async GET (/home/ubuntu/sully-booking-system/app/.next/server/app/api/venues/route.js:191:22)
    at async /opt/hostedapp/node/root/app/node_modules/next/dist/compiled/next-server/app-route.runtime.dev.js:6:57228
    at async eT.execute (/opt/hostedapp/node/root/app/node_modules/next/dist/compiled/next-server/app-route.runtime.dev.js:6:46851)
    at async eT.handle (/opt/hostedapp/node/root/app/node_modules/next/dist/compiled/next-server/app-route.runtime.dev.js:6:58760)
    at async doRender (/opt/hostedapp/node/root/app/node_modules/next/dist/server/base-server.js:1366:42)
    at async cacheEntry.responseCache.get.routeKind (/opt/hostedapp/node/root/app/node_modules/next/dist/server/base-server.js:1588:28)
Get venues error: Error: Authentication required
    at requireAuth (/home/ubuntu/sully-booking-system/app/.next/server/app/api/notifications/route.js:320:15)
    at async GET (/home/ubuntu/sully-booking-system/app/.next/server/app/api/venues/route.js:191:22)
    at async /opt/hostedapp/node/root/app/node_modules/next/dist/compiled/next-server/app-route.runtime.dev.js:6:57228
    at async eT.execute (/opt/hostedapp/node/root/app/node_modules/next/dist/compiled/next-server/app-route.runtime.dev.js:6:46851)
    at async eT.handle (/opt/hostedapp/node/root/app/node_modules/next/dist/compiled/next-server/app-route.runtime.dev.js:6:58760)
    at async doRender (/opt/hostedapp/node/root/app/node_modules/next/dist/server/base-server.js:1366:42)
    at async cacheEntry.responseCache.get.routeKind (/opt/hostedapp/node/root/app/node_modules/next/dist/server/base-server.js:1588:28)
Get notifications error: Error: Authentication required
    at requireAuth (/home/ubuntu/sully-booking-system/app/.next/server/app/api/notifications/route.js:320:15)
    at async GET (/home/ubuntu/sully-booking-system/app/.next/server/app/api/notifications/route.js:185:22)
    at async /opt/hostedapp/node/root/app/node_modules/next/dist/compiled/next-server/app-route.runtime.dev.js:6:57228
    at async eT.execute (/opt/hostedapp/node/root/app/node_modules/next/dist/compiled/next-server/app-route.runtime.dev.js:6:46851)
    at async eT.handle (/opt/hostedapp/node/root/app/node_modules/next/dist/compiled/next-server/app-route.runtime.dev.js:6:58760)
    at async doRender (/opt/hostedapp/node/root/app/node_modules/next/dist/server/base-server.js:1366:42)
    at async cacheEntry.responseCache.get.routeKind (/opt/hostedapp/node/root/app/node_modules/next/dist/server/base-server.js:1588:28)
